2018-11-14 08:27:51,175 INFO  execution-log - 	Initializing control map with map # Master
----------------
2018-11-14 08:27:51,176 INFO  execution-log - Initializing Test Automation
----------------
2018-11-14 08:27:51,178 INFO  execution-log - 	target browser: Chrome
----------------
2018-11-14 08:27:51,179 INFO  execution-log - TC # : 2, Downloading test case from DB
----------------
2018-11-14 08:27:51,185 INFO  execution-log - TC # : 2, Getting control map :Master from DB
----------------
2018-11-14 08:27:51,185 INFO  execution-log - TC # : 2, Getting test data from DB
----------------
2018-11-14 08:27:51,188 INFO  execution-log - TC # : 2, Control map retrieval completed
----------------
2018-11-14 08:27:51,194 INFO  execution-log - TC # : 2, Test data retrieval completed
----------------
2018-11-14 08:27:51,195 INFO  execution-log - TC # : 2, Parsing commands
----------------
2018-11-14 08:27:51,196 INFO  execution-log - Loading captured values from persistence.
----------------
2018-11-14 08:27:51,197 INFO  execution-log - TC # : 2, Started executing test case in the HISCOX environment (http://hiscpvt.cloud.hiscox.com/oneshield/index.jsp#gateway)
----------------
2018-11-14 08:27:51,241 INFO  execution-log -  Beginning StartIterationCommand ( Iterations : 1 )
----------------
2018-11-14 08:27:51,242 INFO  execution-log - TC # : 2, Starting iteration #1
----------------
2018-11-14 08:27:51,244 INFO  execution-log - 	 Command completed.
----------------
2018-11-14 08:27:51,245 INFO  execution-log -  Beginning InvokeApplicationCommand ( Target :  )
----------------
2018-11-14 08:27:51,622 INFO  execution-log - 	 Command completed.
----------------
2018-11-14 08:27:51,629 INFO  execution-log -  Beginning PageCommand ( CurrentPage : Login, FlowIdentifier : 1, DiIndicator : DI )
----------------
2018-11-14 08:27:51,631 INFO  execution-log - 	 Command completed.
----------------
2018-11-14 08:27:51,632 INFO  execution-log -  Beginning LoadTestDataItemCommand ( CurrentPage : Login, FlowIdentifier : 1, DiIndicator : DI )
----------------
2018-11-14 08:27:51,661 INFO  execution-log - [Sequence No - 1] Beginning TestDataCommand ( LogicalFieldName : Partner Number, LogicalFieldValue : 0 )
----------------
2018-11-14 08:27:53,295 INFO  execution-log - [Sequence No - 1]	 Command completed.
----------------
2018-11-14 08:27:53,300 INFO  execution-log - [Sequence No - 2] Beginning TestDataCommand ( LogicalFieldName : Username, LogicalFieldValue : karthicuw )
----------------
2018-11-14 08:27:53,441 INFO  execution-log - [Sequence No - 2]	 Command completed.
----------------
2018-11-14 08:27:53,445 INFO  execution-log - [Sequence No - 3] Beginning TestDataCommand ( LogicalFieldName : Password, LogicalFieldValue : Monday!23 )
----------------
2018-11-14 08:27:53,585 INFO  execution-log - [Sequence No - 3]	 Command completed.
----------------
2018-11-14 08:27:53,589 INFO  execution-log - [Sequence No - 4] Beginning TestDataCommand ( LogicalFieldName : Partner Number, LogicalFieldValue : 0 )
----------------
2018-11-14 08:27:53,670 INFO  execution-log - [Sequence No - 4]	 Command completed.
----------------
2018-11-14 08:27:53,675 INFO  execution-log - [Sequence No - 5] Beginning ActionCommand ( LogicalFieldName : Login Page, LogicalFieldValue : Click )
----------------
2018-11-14 08:27:53,806 INFO  execution-log - [Sequence No - 5]	 Command completed.
----------------
2018-11-14 08:27:53,810 INFO  execution-log - [Sequence No - 6] Beginning ActionCommand ( LogicalFieldName : Login Button, LogicalFieldValue : Click )
----------------
2018-11-14 08:27:53,952 INFO  execution-log - [Sequence No - 6]	 Command completed.
----------------
2018-11-14 08:27:53,957 INFO  execution-log - [Sequence No - 7] Beginning TestDataCommand ( LogicalFieldName : Partner Number, LogicalFieldValue : 0 )
----------------
2018-11-14 08:27:54,063 INFO  execution-log - [Sequence No - 7]	 Command completed.
----------------
2018-11-14 08:27:54,065 INFO  execution-log - 	 Command completed.
----------------
2018-11-14 08:27:54,066 INFO  execution-log -  Beginning PageCommand ( CurrentPage : Quotes, FlowIdentifier : 1, DiIndicator : DI )
----------------
2018-11-14 08:27:54,067 INFO  execution-log - 	 Command completed.
----------------
2018-11-14 08:27:54,068 INFO  execution-log -  Beginning LoadTestDataItemCommand ( CurrentPage : Quotes, FlowIdentifier : 1, DiIndicator : DI )
----------------
2018-11-14 08:27:54,074 INFO  execution-log - [Sequence No - 8] Beginning WaitForControlCommand ( LogicalFieldName : Quotes_Link, LogicalFieldValue : True )
----------------
2018-11-14 08:27:54,917 INFO  execution-log - [Sequence No - 8]	 Command completed.
----------------
2018-11-14 08:27:54,924 INFO  execution-log - [Sequence No - 9] Beginning ActionCommand ( LogicalFieldName : Quotes_Link, LogicalFieldValue : Click )
----------------
2018-11-14 08:27:55,191 INFO  execution-log - [Sequence No - 9]	 Command completed.
----------------
2018-11-14 08:27:55,196 INFO  execution-log - [Sequence No - 10] Beginning WaitForControlCommand ( LogicalFieldName : New quote, LogicalFieldValue : True )
----------------
2018-11-14 08:27:57,026 INFO  execution-log - [Sequence No - 10]	 Command completed.
----------------
2018-11-14 08:27:57,033 INFO  execution-log - [Sequence No - 11] Beginning ActionCommand ( LogicalFieldName : New quote, LogicalFieldValue : Click )
----------------
2018-11-14 08:27:57,221 INFO  execution-log - [Sequence No - 11]	 Command completed.
----------------
2018-11-14 08:27:57,231 INFO  execution-log - [Sequence No - 12] Beginning ActionCommand ( LogicalFieldName : Select Producing Agency, LogicalFieldValue : Click-Wait(500) )
----------------
2018-11-14 08:27:58,566 INFO  execution-log - [Sequence No - 12]	 Command completed.
----------------
2018-11-14 08:27:58,570 INFO  execution-log - [Sequence No - 13] Beginning ActionCommand ( LogicalFieldName : Select Agency, LogicalFieldValue : Click )
----------------
2018-11-14 08:27:58,735 INFO  execution-log - [Sequence No - 13]	 Command completed.
----------------
2018-11-14 08:27:58,740 INFO  execution-log - [Sequence No - 14] Beginning WaitForControlCommand ( LogicalFieldName : Producer, LogicalFieldValue : True )
----------------
2018-11-14 08:28:00,681 INFO  execution-log - [Sequence No - 14]	 Command completed.
----------------
2018-11-14 08:28:00,686 INFO  execution-log - [Sequence No - 15] Beginning ActionCommand ( LogicalFieldName : Producer, LogicalFieldValue : Click-Wait(500) )
----------------
2018-11-14 08:28:01,850 INFO  execution-log - [Sequence No - 15]	 Command completed.
----------------
2018-11-14 08:28:01,854 INFO  execution-log - [Sequence No - 16] Beginning TestDataCommand ( LogicalFieldName : Producer, LogicalFieldValue : Agency  Producer )
----------------
2018-11-14 08:28:02,370 INFO  execution-log - [Sequence No - 16]	 Command completed.
----------------
2018-11-14 08:28:02,376 INFO  execution-log - [Sequence No - 17] Beginning TestDataCommand ( LogicalFieldName : First Name, LogicalFieldValue : HISCOX )
----------------
2018-11-14 08:28:02,570 INFO  execution-log - [Sequence No - 17]	 Command completed.
----------------
2018-11-14 08:28:02,574 INFO  execution-log - [Sequence No - 18] Beginning TestDataCommand ( LogicalFieldName : Last Name, LogicalFieldValue : Demo )
----------------
2018-11-14 08:28:02,737 INFO  execution-log - [Sequence No - 18]	 Command completed.
----------------
2018-11-14 08:28:02,743 INFO  execution-log - [Sequence No - 19] Beginning TestDataCommand ( LogicalFieldName : City, LogicalFieldValue : Atlanta )
----------------
2018-11-14 08:28:02,959 INFO  execution-log - [Sequence No - 19]	 Command completed.
----------------
2018-11-14 08:28:02,966 INFO  execution-log - [Sequence No - 20] Beginning TestDataCommand ( LogicalFieldName : State, LogicalFieldValue : Georgia )
----------------
2018-11-14 08:28:03,294 INFO  execution-log - [Sequence No - 20]	 Command completed.
----------------
2018-11-14 08:28:03,299 INFO  execution-log - [Sequence No - 21] Beginning TestDataCommand ( LogicalFieldName : Zip, LogicalFieldValue : 30338 )
----------------
2018-11-14 08:28:03,480 INFO  execution-log - [Sequence No - 21]	 Command completed.
----------------
2018-11-14 08:28:03,484 INFO  execution-log - [Sequence No - 22] Beginning TestDataCommand ( LogicalFieldName : Address Line 1, LogicalFieldValue : 1 Main st )
----------------
2018-11-14 08:28:03,841 INFO  execution-log - [Sequence No - 22]	 Command completed.
----------------
2018-11-14 08:28:03,845 INFO  execution-log - [Sequence No - 23] Beginning TestDataCommand ( LogicalFieldName : Address Line 2, LogicalFieldValue : 1 )
----------------
2018-11-14 08:28:03,979 INFO  execution-log - [Sequence No - 23]	 Command completed.
----------------
2018-11-14 08:28:03,984 INFO  execution-log - [Sequence No - 24] Beginning ActionCommand ( LogicalFieldName : Product line (errors and omissions), LogicalFieldValue : Click )
----------------
2018-11-14 08:28:04,207 INFO  execution-log - [Sequence No - 24]	 Command completed.
----------------
2018-11-14 08:28:04,212 INFO  execution-log - [Sequence No - 25] Beginning ActionCommand ( LogicalFieldName : Customer search, LogicalFieldValue : Click )
----------------
2018-11-14 08:28:04,449 INFO  execution-log - [Sequence No - 25]	 Command completed.
----------------
2018-11-14 08:28:04,450 INFO  execution-log - 	 Command completed.
----------------
2018-11-14 08:28:04,451 INFO  execution-log -  Beginning PageCommand ( CurrentPage : QuoteDetails, FlowIdentifier : 1, DiIndicator : DI )
----------------
2018-11-14 08:28:04,452 INFO  execution-log - 	 Command completed.
----------------
2018-11-14 08:28:04,453 INFO  execution-log -  Beginning LoadTestDataItemCommand ( CurrentPage : QuoteDetails, FlowIdentifier : 1, DiIndicator : DI )
----------------
2018-11-14 08:28:04,476 INFO  execution-log - [Sequence No - 26] Beginning WaitForControlCommand ( LogicalFieldName : Retro-active Date, LogicalFieldValue : True )
----------------
2018-11-14 08:28:11,080 INFO  execution-log - [Sequence No - 26]	 Command completed.
----------------
2018-11-14 08:28:11,093 INFO  execution-log - [Sequence No - 27] Beginning TestDataCommand ( LogicalFieldName : Rating Company, LogicalFieldValue : FDLI Protection Insurance Company )
----------------
2018-11-14 08:28:11,534 INFO  execution-log - [Sequence No - 27]	 Command completed.
----------------
2018-11-14 08:28:11,538 INFO  execution-log - [Sequence No - 28] Beginning TestDataCommand ( LogicalFieldName : Retro-active Date, LogicalFieldValue : 09/11/2018 )
----------------
2018-11-14 08:28:11,686 INFO  execution-log - [Sequence No - 28]	 Command completed.
----------------
2018-11-14 08:28:11,690 INFO  execution-log - [Sequence No - 29] Beginning TestDataCommand ( LogicalFieldName : Professional Liability Gross Sales, LogicalFieldValue : 100000 )
----------------
2018-11-14 08:28:11,826 INFO  execution-log - [Sequence No - 29]	 Command completed.
----------------
2018-11-14 08:28:11,831 INFO  execution-log - [Sequence No - 30] Beginning ActionCommand ( LogicalFieldName : QuoteDetails Page, LogicalFieldValue : Click )
----------------
2018-11-14 08:28:11,996 INFO  execution-log - [Sequence No - 30]	 Command completed.
----------------
2018-11-14 08:28:12,000 INFO  execution-log - [Sequence No - 31] Beginning ActionCommand ( LogicalFieldName : Save Changes, LogicalFieldValue : Click )
----------------
2018-11-14 08:28:12,140 INFO  execution-log - [Sequence No - 31]	 Command completed.
----------------
2018-11-14 08:28:12,150 INFO  execution-log - [Sequence No - 32] Beginning WaitForControlCommand ( LogicalFieldName : Rate Quote, LogicalFieldValue : True )
----------------
2018-11-14 08:28:13,040 INFO  execution-log - [Sequence No - 32]	 Command completed.
----------------
2018-11-14 08:28:13,045 INFO  execution-log - [Sequence No - 33] Beginning ActionCommand ( LogicalFieldName : Rate Quote, LogicalFieldValue : Click-Wait(1000) )
----------------
2018-11-14 08:28:15,173 INFO  execution-log - [Sequence No - 33]	 Command completed.
----------------
2018-11-14 08:28:15,178 INFO  execution-log - [Sequence No - 34] Beginning WaitForControlCommand ( LogicalFieldName : Request Issue, LogicalFieldValue : True )
----------------
2018-11-14 08:28:21,671 INFO  execution-log - [Sequence No - 34]	 Command completed.
----------------
2018-11-14 08:28:21,676 INFO  execution-log - [Sequence No - 35] Beginning ActionCommand ( LogicalFieldName : Request Issue, LogicalFieldValue : Click-Wait(1000) )
----------------
2018-11-14 08:28:23,894 INFO  execution-log - [Sequence No - 35]	 Command completed.
----------------
2018-11-14 08:28:23,901 INFO  execution-log - [Sequence No - 36] Beginning WaitForControlCommand ( LogicalFieldName : Next, LogicalFieldValue : True )
----------------
2018-11-14 08:28:24,571 INFO  execution-log - [Sequence No - 36]	 Command completed.
----------------
2018-11-14 08:28:24,579 INFO  execution-log - [Sequence No - 37] Beginning ActionCommand ( LogicalFieldName : Next, LogicalFieldValue : Click )
----------------
2018-11-14 08:28:24,711 INFO  execution-log - [Sequence No - 37]	 Command completed.
----------------
2018-11-14 08:28:24,712 INFO  execution-log - 	 Command completed.
----------------
2018-11-14 08:28:24,715 INFO  execution-log -  Beginning PageCommand ( CurrentPage : Payment Profile, FlowIdentifier : 1, DiIndicator : DI )
----------------
2018-11-14 08:28:24,717 INFO  execution-log - 	 Command completed.
----------------
2018-11-14 08:28:24,718 INFO  execution-log -  Beginning LoadTestDataItemCommand ( CurrentPage : Payment Profile, FlowIdentifier : 1, DiIndicator : DI )
----------------
2018-11-14 08:28:24,725 INFO  execution-log - [Sequence No - 38] Beginning WaitForControlCommand ( LogicalFieldName : Check Payment, LogicalFieldValue : True )
----------------
2018-11-14 08:28:26,040 INFO  execution-log - [Sequence No - 38]	 Command completed.
----------------
2018-11-14 08:28:26,048 INFO  execution-log - [Sequence No - 39] Beginning ActionCommand ( LogicalFieldName : Check Payment, LogicalFieldValue : Click )
----------------
2018-11-14 08:28:26,214 INFO  execution-log - [Sequence No - 39]	 Command completed.
----------------
2018-11-14 08:28:26,218 INFO  execution-log - [Sequence No - 40] Beginning ActionCommand ( LogicalFieldName : Next, LogicalFieldValue : Click-Wait(1000) )
----------------
2018-11-14 08:28:28,449 INFO  execution-log - [Sequence No - 40]	 Command completed.
----------------
2018-11-14 08:28:28,450 INFO  execution-log - 	 Command completed.
----------------
2018-11-14 08:28:28,451 INFO  execution-log -  Beginning PageCommand ( CurrentPage : Billing Choices, FlowIdentifier : 1, DiIndicator : DI )
----------------
2018-11-14 08:28:28,453 INFO  execution-log - 	 Command completed.
----------------
2018-11-14 08:28:28,454 INFO  execution-log -  Beginning LoadTestDataItemCommand ( CurrentPage : Billing Choices, FlowIdentifier : 1, DiIndicator : DI )
----------------
2018-11-14 08:28:28,460 INFO  execution-log - [Sequence No - 41] Beginning WaitForControlCommand ( LogicalFieldName : Email Address, LogicalFieldValue : True )
----------------
2018-11-14 08:28:28,506 INFO  execution-log - [Sequence No - 41]	 Command completed.
----------------
2018-11-14 08:28:28,511 INFO  execution-log - [Sequence No - 42] Beginning ActionCommand ( LogicalFieldName : Email Address, LogicalFieldValue : Click-Wait(2000) )
----------------
2018-11-14 08:28:32,643 INFO  execution-log - [Sequence No - 42]	 Command completed.
----------------
2018-11-14 08:28:32,648 INFO  execution-log - [Sequence No - 43] Beginning TestDataCommand ( LogicalFieldName : Email Address, LogicalFieldValue : EMAILID )
----------------
2018-11-14 08:28:32,952 INFO  execution-log - [Sequence No - 43]	 Command completed.
----------------
2018-11-14 08:28:32,957 INFO  execution-log - [Sequence No - 44] Beginning ActionCommand ( LogicalFieldName : Billing Choices Page, LogicalFieldValue : Click )
----------------
2018-11-14 08:28:33,081 INFO  execution-log - [Sequence No - 44]	 Command completed.
----------------
2018-11-14 08:28:33,086 INFO  execution-log - [Sequence No - 45] Beginning ActionCommand ( LogicalFieldName : Next, LogicalFieldValue : Click-Wait(2000) )
----------------
2018-11-14 08:28:37,264 INFO  execution-log - [Sequence No - 45]	 Command completed.
----------------
2018-11-14 08:28:37,265 INFO  execution-log - 	 Command completed.
----------------
2018-11-14 08:28:37,266 INFO  execution-log -  Beginning PageCommand ( CurrentPage : Quote Bind, FlowIdentifier : 1, DiIndicator : DI )
----------------
2018-11-14 08:28:37,267 INFO  execution-log - 	 Command completed.
----------------
2018-11-14 08:28:37,268 INFO  execution-log -  Beginning LoadTestDataItemCommand ( CurrentPage : Quote Bind, FlowIdentifier : 1, DiIndicator : DI )
----------------
2018-11-14 08:28:37,272 INFO  execution-log - [Sequence No - 46] Beginning WaitForControlCommand ( LogicalFieldName : Bind, LogicalFieldValue : True )
----------------
2018-11-14 08:28:37,316 INFO  execution-log - [Sequence No - 46]	 Command completed.
----------------
2018-11-14 08:28:37,321 INFO  execution-log - [Sequence No - 47] Beginning ActionCommand ( LogicalFieldName : Bind, LogicalFieldValue : Click-Wait(2000) )
----------------
2018-11-14 08:28:41,442 INFO  execution-log - [Sequence No - 47]	 Command completed.
----------------
2018-11-14 08:28:41,443 INFO  execution-log - 	 Command completed.
----------------
2018-11-14 08:28:41,444 INFO  execution-log -  Beginning PageCommand ( CurrentPage : Summary, FlowIdentifier : 1, DiIndicator : DI )
----------------
2018-11-14 08:28:41,446 INFO  execution-log - 	 Command completed.
----------------
2018-11-14 08:28:41,448 INFO  execution-log -  Beginning LoadTestDataItemCommand ( CurrentPage : Summary, FlowIdentifier : 1, DiIndicator : DI )
----------------
2018-11-14 08:28:41,453 INFO  execution-log - [Sequence No - 48] Beginning WaitForControlCommand ( LogicalFieldName : Exit Policy, LogicalFieldValue : True )
----------------
2018-11-14 08:28:46,222 INFO  execution-log - [Sequence No - 48]	 Command completed.
----------------
2018-11-14 08:28:46,229 INFO  execution-log - [Sequence No - 49] Beginning GetControlValueCommand ( LogicalFieldName : Policy#, LogicalFieldValue : True )
----------------
2018-11-14 08:28:48,752 ERROR execution-log - TC # : 2, Tried Switch to IFrame, but the Policy# control never appeared.
----------------
2018-11-14 08:28:56,774 ERROR execution-log - TC # : 2, Tried Switch to IFrame, but the Policy# control never appeared.
----------------
2018-11-14 08:28:56,776 ERROR execution-log - TC # : 2, No more iterations to run. Test execution will abort.
----------------
2018-11-14 08:28:56,778 ERROR execution-log - TC # : 2, Framework failed to run the test due to a test configuration error.
	VM.Platform.TestAutomationFramework.Core.Exceptions.WorkflowFailedException: Tried Switch to IFrame, but the Policy# control never appeared. ---> System.Collections.Generic.KeyNotFoundException: The given key was not present in the dictionary.
   at System.Collections.Generic.Dictionary`2.get_Item(TKey key)
   at VM.Platform.TestAutomationFramework.UIAutomation.FrameHandler.TrySwitchToIFrame(TestRunContext context) in C:\Users\DasariW\Desktop\VM Framework\v4Dev_Updated\v4Dev_Updated\VMTestAutomation\Src\Framework.UIAutomation\FrameHandler.cs:line 74
   at VM.Platform.TestAutomationFramework.UIAutomation.FrameHandler..ctor(IUiAdapter uiAdapter, TestRunContext context, String logicalFieldName) in C:\Users\DasariW\Desktop\VM Framework\v4Dev_Updated\v4Dev_Updated\VMTestAutomation\Src\Framework.UIAutomation\FrameHandler.cs:line 26
   --- End of inner exception stack trace ---
   at VM.Platform.TestAutomationFramework.UIAutomation.FrameHandler..ctor(IUiAdapter uiAdapter, TestRunContext context, String logicalFieldName) in C:\Users\DasariW\Desktop\VM Framework\v4Dev_Updated\v4Dev_Updated\VMTestAutomation\Src\Framework.UIAutomation\FrameHandler.cs:line 31
   at VM.Platform.TestAutomationFramework.UIAutomation.Commands.Interactions.GetControlValueCommand.Execute(TestRunContext context) in C:\Users\DasariW\Desktop\VM Framework\v4Dev_Updated\v4Dev_Updated\VMTestAutomation\Src\Framework.UIAutomation\Commands\Interactions\GetControlValueCommand.cs:line 23
   at VM.Platform.TestAutomationFramework.Core.Decorators.CommandDecorator.Execute(TestRunContext context) in C:\Users\DasariW\Desktop\VM Framework\v4Dev_Updated\v4Dev_Updated\VMTestAutomation\Src\Framework.Core\Decorators\CommandDecorator.cs:line 22
   at VM.Platform.TestAutomationFramework.Core.Decorators.CommandLogger.Execute(TestRunContext context) in C:\Users\DasariW\Desktop\VM Framework\v4Dev_Updated\v4Dev_Updated\VMTestAutomation\Src\Framework.Core\Decorators\CommandLogger.cs:line 93
   at VM.Platform.TestAutomationFramework.Core.Decorators.CommandDecorator.Execute(TestRunContext context) in C:\Users\DasariW\Desktop\VM Framework\v4Dev_Updated\v4Dev_Updated\VMTestAutomation\Src\Framework.Core\Decorators\CommandDecorator.cs:line 22
   at VM.Platform.TestAutomationFramework.Core.Decorators.CommandErrorHandler.Execute(TestRunContext context) in C:\Users\DasariW\Desktop\VM Framework\v4Dev_Updated\v4Dev_Updated\VMTestAutomation\Src\Framework.Core\Decorators\CommandErrorHandler.cs:line 65
   at VM.Platform.TestAutomationFramework.Core.Decorators.CommandDecorator.Execute(TestRunContext context) in C:\Users\DasariW\Desktop\VM Framework\v4Dev_Updated\v4Dev_Updated\VMTestAutomation\Src\Framework.Core\Decorators\CommandDecorator.cs:line 22
   at VM.Platform.TestAutomationFramework.Core.Decorators.CommandTimer.Execute(TestRunContext context) in C:\Users\DasariW\Desktop\VM Framework\v4Dev_Updated\v4Dev_Updated\VMTestAutomation\Src\Framework.Core\Decorators\CommandTimer.cs:line 26
   at VM.Platform.TestAutomationFramework.Core.Decorators.CommandDecorator.Execute(TestRunContext context) in C:\Users\DasariW\Desktop\VM Framework\v4Dev_Updated\v4Dev_Updated\VMTestAutomation\Src\Framework.Core\Decorators\CommandDecorator.cs:line 22
   at VM.Platform.TestAutomationFramework.Core.Decorators.IgnorePagesDecorator.Execute(TestRunContext context) in C:\Users\DasariW\Desktop\VM Framework\v4Dev_Updated\v4Dev_Updated\VMTestAutomation\Src\Framework.Core\Decorators\IgnorePagesDecorator.cs:line 24
   at VM.Platform.TestAutomationFramework.UIAutomation.Commands.Workflow.LoadTestDataItemCommand.Execute(TestRunContext context) in C:\Users\DasariW\Desktop\VM Framework\v4Dev_Updated\v4Dev_Updated\VMTestAutomation\Src\Framework.UIAutomation\Commands\Workflow\LoadTestDataItemCommand.cs:line 96
   at VM.Platform.TestAutomationFramework.Core.Decorators.CommandDecorator.Execute(TestRunContext context) in C:\Users\DasariW\Desktop\VM Framework\v4Dev_Updated\v4Dev_Updated\VMTestAutomation\Src\Framework.Core\Decorators\CommandDecorator.cs:line 22
   at VM.Platform.TestAutomationFramework.Core.Decorators.CommandLogger.Execute(TestRunContext context) in C:\Users\DasariW\Desktop\VM Framework\v4Dev_Updated\v4Dev_Updated\VMTestAutomation\Src\Framework.Core\Decorators\CommandLogger.cs:line 93
   at VM.Platform.TestAutomationFramework.Core.Decorators.CommandDecorator.Execute(TestRunContext context) in C:\Users\DasariW\Desktop\VM Framework\v4Dev_Updated\v4Dev_Updated\VMTestAutomation\Src\Framework.Core\Decorators\CommandDecorator.cs:line 22
   at VM.Platform.TestAutomationFramework.Core.Decorators.CommandErrorHandler.Execute(TestRunContext context) in C:\Users\DasariW\Desktop\VM Framework\v4Dev_Updated\v4Dev_Updated\VMTestAutomation\Src\Framework.Core\Decorators\CommandErrorHandler.cs:line 65
   at VM.Platform.TestAutomationFramework.Core.Decorators.CommandDecorator.Execute(TestRunContext context) in C:\Users\DasariW\Desktop\VM Framework\v4Dev_Updated\v4Dev_Updated\VMTestAutomation\Src\Framework.Core\Decorators\CommandDecorator.cs:line 22
   at VM.Platform.TestAutomationFramework.Core.Decorators.CommandTimer.Execute(TestRunContext context) in C:\Users\DasariW\Desktop\VM Framework\v4Dev_Updated\v4Dev_Updated\VMTestAutomation\Src\Framework.Core\Decorators\CommandTimer.cs:line 26
   at VM.Platform.TestAutomationFramework.Core.Decorators.CommandDecorator.Execute(TestRunContext context) in C:\Users\DasariW\Desktop\VM Framework\v4Dev_Updated\v4Dev_Updated\VMTestAutomation\Src\Framework.Core\Decorators\CommandDecorator.cs:line 22
   at VM.Platform.TestAutomationFramework.Core.Decorators.IgnorePagesDecorator.Execute(TestRunContext context) in C:\Users\DasariW\Desktop\VM Framework\v4Dev_Updated\v4Dev_Updated\VMTestAutomation\Src\Framework.Core\Decorators\IgnorePagesDecorator.cs:line 24
   at VM.Platform.TestAutomationFramework.Core.TestCommandRunner.Execute(TestRunContext testRunContext) in C:\Users\DasariW\Desktop\VM Framework\v4Dev_Updated\v4Dev_Updated\VMTestAutomation\Src\Framework.Core\TestCommandRunner.cs:line 75
   at VM.Platform.TestAutomationFramework.Core.SingleTestCaseRunner.ExecuteSingleTestCase(Int32 testCaseId, String targetEnvironment, String repositiory, Int32 Retry) in C:\Users\DasariW\Desktop\VM Framework\v4Dev_Updated\v4Dev_Updated\VMTestAutomation\Src\Framework.Core\SingleTestCaseRunner.cs:line 167
----------------
2018-11-14 08:28:56,797 INFO  execution-log - Saving captured values to file.
----------------
2018-11-14 08:28:56,799 ERROR execution-log - TC # : 2,  has failed
----------------
