2018-11-14 11:58:09,260 INFO  execution-log - 	Initializing control map with map # Master
----------------
2018-11-14 11:58:09,261 INFO  execution-log - Initializing Test Automation
----------------
2018-11-14 11:58:09,262 INFO  execution-log - 	target browser: Chrome
----------------
2018-11-14 11:58:09,263 INFO  execution-log - TC # : 2, Downloading test case from DB
----------------
2018-11-14 11:58:09,296 INFO  execution-log - TC # : 2, Getting control map :Master from DB
----------------
2018-11-14 11:58:09,296 INFO  execution-log - TC # : 2, Getting test data from DB
----------------
2018-11-14 11:58:09,304 INFO  execution-log - TC # : 2, Test data retrieval completed
----------------
2018-11-14 11:58:09,299 INFO  execution-log - TC # : 2, Control map retrieval completed
----------------
2018-11-14 11:58:09,309 INFO  execution-log - TC # : 2, Parsing commands
----------------
2018-11-14 11:58:09,325 INFO  execution-log - Loading captured values from persistence.
----------------
2018-11-14 11:58:09,326 INFO  execution-log - TC # : 2, Started executing test case in the HISCOX environment (http://hiscpvt.cloud.hiscox.com/oneshield/index.jsp#gateway)
----------------
2018-11-14 11:58:09,427 INFO  execution-log -  Beginning StartIterationCommand ( Iterations : 1 )
----------------
2018-11-14 11:58:09,429 INFO  execution-log - TC # : 2, Starting iteration #1
----------------
2018-11-14 11:58:09,430 INFO  execution-log - 	 Command completed.
----------------
2018-11-14 11:58:09,431 INFO  execution-log -  Beginning InvokeApplicationCommand ( Target :  )
----------------
2018-11-14 11:58:10,118 INFO  execution-log - 	 Command completed.
----------------
2018-11-14 11:58:10,119 INFO  execution-log -  Beginning PageCommand ( CurrentPage : Login, FlowIdentifier : 1, DiIndicator : DI )
----------------
2018-11-14 11:58:10,120 INFO  execution-log - 	 Command completed.
----------------
2018-11-14 11:58:10,122 INFO  execution-log -  Beginning LoadTestDataItemCommand ( CurrentPage : Login, FlowIdentifier : 1, DiIndicator : DI )
----------------
2018-11-14 11:58:10,139 INFO  execution-log - [Sequence No - 1] Beginning TestDataCommand ( LogicalFieldName : Partner Number, LogicalFieldValue : 0 )
----------------
2018-11-14 11:58:11,999 INFO  execution-log - [Sequence No - 1]	 Command completed.
----------------
2018-11-14 11:58:12,006 INFO  execution-log - [Sequence No - 2] Beginning TestDataCommand ( LogicalFieldName : Username, LogicalFieldValue : karthicuw )
----------------
2018-11-14 11:58:13,274 INFO  execution-log - [Sequence No - 2]	 Command completed.
----------------
2018-11-14 11:58:13,283 INFO  execution-log - [Sequence No - 3] Beginning TestDataCommand ( LogicalFieldName : Password, LogicalFieldValue : Monday!23 )
----------------
2018-11-14 11:58:13,488 INFO  execution-log - [Sequence No - 3]	 Command completed.
----------------
2018-11-14 11:58:13,493 INFO  execution-log - [Sequence No - 4] Beginning TestDataCommand ( LogicalFieldName : Partner Number, LogicalFieldValue : 0 )
----------------
2018-11-14 11:58:13,592 INFO  execution-log - [Sequence No - 4]	 Command completed.
----------------
2018-11-14 11:58:13,596 INFO  execution-log - [Sequence No - 5] Beginning ActionCommand ( LogicalFieldName : Login Page, LogicalFieldValue : Click )
----------------
2018-11-14 11:58:13,734 INFO  execution-log - [Sequence No - 5]	 Command completed.
----------------
2018-11-14 11:58:13,738 INFO  execution-log - [Sequence No - 6] Beginning ActionCommand ( LogicalFieldName : Login Button, LogicalFieldValue : Click )
----------------
2018-11-14 11:58:13,913 INFO  execution-log - [Sequence No - 6]	 Command completed.
----------------
2018-11-14 11:58:13,918 INFO  execution-log - [Sequence No - 7] Beginning TestDataCommand ( LogicalFieldName : Partner Number, LogicalFieldValue : 0 )
----------------
2018-11-14 11:58:14,127 INFO  execution-log - [Sequence No - 7]	 Command completed.
----------------
2018-11-14 11:58:14,128 INFO  execution-log - 	 Command completed.
----------------
2018-11-14 11:58:14,129 INFO  execution-log -  Beginning PageCommand ( CurrentPage : Quotes, FlowIdentifier : 1, DiIndicator : DI )
----------------
2018-11-14 11:58:14,130 INFO  execution-log - 	 Command completed.
----------------
2018-11-14 11:58:14,130 INFO  execution-log -  Beginning LoadTestDataItemCommand ( CurrentPage : Quotes, FlowIdentifier : 1, DiIndicator : DI )
----------------
2018-11-14 11:58:14,138 INFO  execution-log - [Sequence No - 8] Beginning WaitForControlCommand ( LogicalFieldName : Quotes_Link, LogicalFieldValue : True )
----------------
2018-11-14 11:58:14,844 INFO  execution-log - [Sequence No - 8]	 Command completed.
----------------
2018-11-14 11:58:14,848 INFO  execution-log - [Sequence No - 9] Beginning ActionCommand ( LogicalFieldName : Quotes_Link, LogicalFieldValue : Click )
----------------
2018-11-14 11:58:15,019 INFO  execution-log - [Sequence No - 9]	 Command completed.
----------------
2018-11-14 11:58:15,025 INFO  execution-log - [Sequence No - 10] Beginning WaitForControlCommand ( LogicalFieldName : New quote, LogicalFieldValue : True )
----------------
2018-11-14 11:58:16,951 INFO  execution-log - [Sequence No - 10]	 Command completed.
----------------
2018-11-14 11:58:16,955 INFO  execution-log - [Sequence No - 11] Beginning ActionCommand ( LogicalFieldName : New quote, LogicalFieldValue : Click )
----------------
2018-11-14 11:58:17,145 INFO  execution-log - [Sequence No - 11]	 Command completed.
----------------
2018-11-14 11:58:17,149 INFO  execution-log - [Sequence No - 12] Beginning ActionCommand ( LogicalFieldName : Select Producing Agency, LogicalFieldValue : Click-Wait(500) )
----------------
2018-11-14 11:58:18,692 INFO  execution-log - [Sequence No - 12]	 Command completed.
----------------
2018-11-14 11:58:18,696 INFO  execution-log - [Sequence No - 13] Beginning ActionCommand ( LogicalFieldName : Select Agency, LogicalFieldValue : Click )
----------------
2018-11-14 11:58:18,853 INFO  execution-log - [Sequence No - 13]	 Command completed.
----------------
2018-11-14 11:58:18,858 INFO  execution-log - [Sequence No - 14] Beginning WaitForControlCommand ( LogicalFieldName : Producer, LogicalFieldValue : True )
----------------
2018-11-14 11:58:20,486 INFO  execution-log - [Sequence No - 14]	 Command completed.
----------------
2018-11-14 11:58:20,491 INFO  execution-log - [Sequence No - 15] Beginning ActionCommand ( LogicalFieldName : Producer, LogicalFieldValue : Click-Wait(500) )
----------------
2018-11-14 11:58:21,626 INFO  execution-log - [Sequence No - 15]	 Command completed.
----------------
2018-11-14 11:58:21,631 INFO  execution-log - [Sequence No - 16] Beginning TestDataCommand ( LogicalFieldName : Producer, LogicalFieldValue : Agency  Producer )
----------------
2018-11-14 11:58:22,161 INFO  execution-log - [Sequence No - 16]	 Command completed.
----------------
2018-11-14 11:58:22,165 INFO  execution-log - [Sequence No - 17] Beginning TestDataCommand ( LogicalFieldName : First Name, LogicalFieldValue : HISCOX )
----------------
2018-11-14 11:58:22,360 INFO  execution-log - [Sequence No - 17]	 Command completed.
----------------
2018-11-14 11:58:22,366 INFO  execution-log - [Sequence No - 18] Beginning TestDataCommand ( LogicalFieldName : Last Name, LogicalFieldValue : Demo )
----------------
2018-11-14 11:58:22,517 INFO  execution-log - [Sequence No - 18]	 Command completed.
----------------
2018-11-14 11:58:22,522 INFO  execution-log - [Sequence No - 19] Beginning TestDataCommand ( LogicalFieldName : City, LogicalFieldValue : Atlanta )
----------------
2018-11-14 11:58:22,697 INFO  execution-log - [Sequence No - 19]	 Command completed.
----------------
2018-11-14 11:58:22,701 INFO  execution-log - [Sequence No - 20] Beginning TestDataCommand ( LogicalFieldName : State, LogicalFieldValue : Georgia )
----------------
2018-11-14 11:58:23,029 INFO  execution-log - [Sequence No - 20]	 Command completed.
----------------
2018-11-14 11:58:23,034 INFO  execution-log - [Sequence No - 21] Beginning TestDataCommand ( LogicalFieldName : Zip, LogicalFieldValue : 30338 )
----------------
2018-11-14 11:58:23,211 INFO  execution-log - [Sequence No - 21]	 Command completed.
----------------
2018-11-14 11:58:23,216 INFO  execution-log - [Sequence No - 22] Beginning TestDataCommand ( LogicalFieldName : Address Line 1, LogicalFieldValue : 1 Main st )
----------------
2018-11-14 11:58:23,466 INFO  execution-log - [Sequence No - 22]	 Command completed.
----------------
2018-11-14 11:58:23,470 INFO  execution-log - [Sequence No - 23] Beginning TestDataCommand ( LogicalFieldName : Address Line 2, LogicalFieldValue : 1 )
----------------
2018-11-14 11:58:23,583 INFO  execution-log - [Sequence No - 23]	 Command completed.
----------------
2018-11-14 11:58:23,588 INFO  execution-log - [Sequence No - 24] Beginning ActionCommand ( LogicalFieldName : Product line (errors and omissions), LogicalFieldValue : Click )
----------------
2018-11-14 11:58:23,763 INFO  execution-log - [Sequence No - 24]	 Command completed.
----------------
2018-11-14 11:58:23,768 INFO  execution-log - [Sequence No - 25] Beginning ActionCommand ( LogicalFieldName : Customer search, LogicalFieldValue : Click )
----------------
2018-11-14 11:58:24,111 INFO  execution-log - [Sequence No - 25]	 Command completed.
----------------
2018-11-14 11:58:24,112 INFO  execution-log - 	 Command completed.
----------------
2018-11-14 11:58:24,113 INFO  execution-log -  Beginning PageCommand ( CurrentPage : QuoteDetails, FlowIdentifier : 1, DiIndicator : DI )
----------------
2018-11-14 11:58:24,114 INFO  execution-log - 	 Command completed.
----------------
2018-11-14 11:58:24,114 INFO  execution-log -  Beginning LoadTestDataItemCommand ( CurrentPage : QuoteDetails, FlowIdentifier : 1, DiIndicator : DI )
----------------
2018-11-14 11:58:24,121 INFO  execution-log - [Sequence No - 26] Beginning WaitForControlCommand ( LogicalFieldName : Retro-active Date, LogicalFieldValue : True )
----------------
2018-11-14 11:58:30,696 INFO  execution-log - [Sequence No - 26]	 Command completed.
----------------
2018-11-14 11:58:30,700 INFO  execution-log - [Sequence No - 27] Beginning TestDataCommand ( LogicalFieldName : Rating Company, LogicalFieldValue : FDLI Protection Insurance Company )
----------------
2018-11-14 11:58:31,301 INFO  execution-log - [Sequence No - 27]	 Command completed.
----------------
2018-11-14 11:58:31,305 INFO  execution-log - [Sequence No - 28] Beginning TestDataCommand ( LogicalFieldName : Retro-active Date, LogicalFieldValue : 09/11/2018 )
----------------
2018-11-14 11:58:31,477 INFO  execution-log - [Sequence No - 28]	 Command completed.
----------------
2018-11-14 11:58:31,482 INFO  execution-log - [Sequence No - 29] Beginning TestDataCommand ( LogicalFieldName : Professional Liability Gross Sales, LogicalFieldValue : 100000 )
----------------
2018-11-14 11:58:31,608 INFO  execution-log - [Sequence No - 29]	 Command completed.
----------------
2018-11-14 11:58:31,614 INFO  execution-log - [Sequence No - 30] Beginning ActionCommand ( LogicalFieldName : QuoteDetails Page, LogicalFieldValue : Click )
----------------
2018-11-14 11:58:31,795 INFO  execution-log - [Sequence No - 30]	 Command completed.
----------------
2018-11-14 11:58:31,799 INFO  execution-log - [Sequence No - 31] Beginning ActionCommand ( LogicalFieldName : Save Changes, LogicalFieldValue : Click )
----------------
2018-11-14 11:58:31,961 INFO  execution-log - [Sequence No - 31]	 Command completed.
----------------
2018-11-14 11:58:31,966 INFO  execution-log - [Sequence No - 32] Beginning WaitForControlCommand ( LogicalFieldName : Rate Quote, LogicalFieldValue : True )
----------------
2018-11-14 11:58:32,820 INFO  execution-log - [Sequence No - 32]	 Command completed.
----------------
2018-11-14 11:58:32,824 INFO  execution-log - [Sequence No - 33] Beginning ActionCommand ( LogicalFieldName : Rate Quote, LogicalFieldValue : Click-Wait(1000) )
----------------
2018-11-14 11:58:34,970 INFO  execution-log - [Sequence No - 33]	 Command completed.
----------------
2018-11-14 11:58:34,975 INFO  execution-log - [Sequence No - 34] Beginning WaitForControlCommand ( LogicalFieldName : Request Issue, LogicalFieldValue : True )
----------------
2018-11-14 11:58:41,421 INFO  execution-log - [Sequence No - 34]	 Command completed.
----------------
2018-11-14 11:58:41,425 INFO  execution-log - [Sequence No - 35] Beginning ActionCommand ( LogicalFieldName : Request Issue, LogicalFieldValue : Click-Wait(1000) )
----------------
2018-11-14 11:58:43,578 INFO  execution-log - [Sequence No - 35]	 Command completed.
----------------
2018-11-14 11:58:43,582 INFO  execution-log - [Sequence No - 36] Beginning WaitForControlCommand ( LogicalFieldName : Next, LogicalFieldValue : True )
----------------
2018-11-14 11:58:44,187 INFO  execution-log - [Sequence No - 36]	 Command completed.
----------------
2018-11-14 11:58:44,191 INFO  execution-log - [Sequence No - 37] Beginning ActionCommand ( LogicalFieldName : Next, LogicalFieldValue : Click )
----------------
2018-11-14 11:58:44,351 INFO  execution-log - [Sequence No - 37]	 Command completed.
----------------
2018-11-14 11:58:44,352 INFO  execution-log - 	 Command completed.
----------------
2018-11-14 11:58:44,353 INFO  execution-log -  Beginning PageCommand ( CurrentPage : Payment Profile, FlowIdentifier : 1, DiIndicator : DI )
----------------
2018-11-14 11:58:44,354 INFO  execution-log - 	 Command completed.
----------------
2018-11-14 11:58:44,355 INFO  execution-log -  Beginning LoadTestDataItemCommand ( CurrentPage : Payment Profile, FlowIdentifier : 1, DiIndicator : DI )
----------------
2018-11-14 11:58:44,364 INFO  execution-log - [Sequence No - 38] Beginning WaitForControlCommand ( LogicalFieldName : Check Payment, LogicalFieldValue : True )
----------------
2018-11-14 11:58:45,711 INFO  execution-log - [Sequence No - 38]	 Command completed.
----------------
2018-11-14 11:58:45,716 INFO  execution-log - [Sequence No - 39] Beginning ActionCommand ( LogicalFieldName : Check Payment, LogicalFieldValue : Click )
----------------
2018-11-14 11:58:45,829 INFO  execution-log - [Sequence No - 39]	 Command completed.
----------------
2018-11-14 11:58:45,833 INFO  execution-log - [Sequence No - 40] Beginning ActionCommand ( LogicalFieldName : Next, LogicalFieldValue : Click-Wait(1000) )
----------------
2018-11-14 11:58:48,128 INFO  execution-log - [Sequence No - 40]	 Command completed.
----------------
2018-11-14 11:58:48,129 INFO  execution-log - 	 Command completed.
----------------
2018-11-14 11:58:48,130 INFO  execution-log -  Beginning PageCommand ( CurrentPage : Billing Choices, FlowIdentifier : 1, DiIndicator : DI )
----------------
2018-11-14 11:58:48,131 INFO  execution-log - 	 Command completed.
----------------
2018-11-14 11:58:48,132 INFO  execution-log -  Beginning LoadTestDataItemCommand ( CurrentPage : Billing Choices, FlowIdentifier : 1, DiIndicator : DI )
----------------
2018-11-14 11:58:48,136 INFO  execution-log - [Sequence No - 41] Beginning WaitForControlCommand ( LogicalFieldName : Email Address, LogicalFieldValue : True )
----------------
2018-11-14 11:58:48,179 INFO  execution-log - [Sequence No - 41]	 Command completed.
----------------
2018-11-14 11:58:48,183 INFO  execution-log - [Sequence No - 42] Beginning ActionCommand ( LogicalFieldName : Email Address, LogicalFieldValue : Click-Wait(2000) )
----------------
2018-11-14 11:58:52,334 INFO  execution-log - [Sequence No - 42]	 Command completed.
----------------
2018-11-14 11:58:52,338 INFO  execution-log - [Sequence No - 43] Beginning TestDataCommand ( LogicalFieldName : Email Address, LogicalFieldValue : EMAILID )
----------------
2018-11-14 11:58:52,617 INFO  execution-log - [Sequence No - 43]	 Command completed.
----------------
2018-11-14 11:58:52,621 INFO  execution-log - [Sequence No - 44] Beginning ActionCommand ( LogicalFieldName : Billing Choices Page, LogicalFieldValue : Click )
----------------
2018-11-14 11:58:52,744 INFO  execution-log - [Sequence No - 44]	 Command completed.
----------------
2018-11-14 11:58:52,748 INFO  execution-log - [Sequence No - 45] Beginning ActionCommand ( LogicalFieldName : Next, LogicalFieldValue : Click-Wait(2000) )
----------------
2018-11-14 11:58:56,900 INFO  execution-log - [Sequence No - 45]	 Command completed.
----------------
2018-11-14 11:58:56,901 INFO  execution-log - 	 Command completed.
----------------
2018-11-14 11:58:56,902 INFO  execution-log -  Beginning PageCommand ( CurrentPage : Quote Bind, FlowIdentifier : 1, DiIndicator : DI )
----------------
2018-11-14 11:58:56,903 INFO  execution-log - 	 Command completed.
----------------
2018-11-14 11:58:56,903 INFO  execution-log -  Beginning LoadTestDataItemCommand ( CurrentPage : Quote Bind, FlowIdentifier : 1, DiIndicator : DI )
----------------
2018-11-14 11:58:56,910 INFO  execution-log - [Sequence No - 46] Beginning WaitForControlCommand ( LogicalFieldName : Bind, LogicalFieldValue : True )
----------------
2018-11-14 11:58:56,952 INFO  execution-log - [Sequence No - 46]	 Command completed.
----------------
2018-11-14 11:58:56,957 INFO  execution-log - [Sequence No - 47] Beginning ActionCommand ( LogicalFieldName : Bind, LogicalFieldValue : Click-Wait(2000) )
----------------
2018-11-14 11:59:01,085 INFO  execution-log - [Sequence No - 47]	 Command completed.
----------------
2018-11-14 11:59:01,087 INFO  execution-log - 	 Command completed.
----------------
2018-11-14 11:59:01,089 INFO  execution-log -  Beginning PageCommand ( CurrentPage : Summary, FlowIdentifier : 1, DiIndicator : DI )
----------------
2018-11-14 11:59:01,090 INFO  execution-log - 	 Command completed.
----------------
2018-11-14 11:59:01,091 INFO  execution-log -  Beginning LoadTestDataItemCommand ( CurrentPage : Summary, FlowIdentifier : 1, DiIndicator : DI )
----------------
2018-11-14 11:59:01,096 INFO  execution-log - [Sequence No - 48] Beginning WaitForControlCommand ( LogicalFieldName : Exit Policy, LogicalFieldValue : True )
----------------
2018-11-14 11:59:05,657 INFO  execution-log - [Sequence No - 48]	 Command completed.
----------------
2018-11-14 11:59:05,661 INFO  execution-log - [Sequence No - 49] Beginning GetControlValueCommand ( LogicalFieldName : Policy#, LogicalFieldValue : {PolicyNumber} )
----------------
2018-11-14 11:59:08,239 ERROR execution-log - TC # : 2, Tried Switch to IFrame, but the Policy# control never appeared.
----------------
2018-11-14 11:59:16,259 ERROR execution-log - TC # : 2, Tried Switch to IFrame, but the Policy# control never appeared.
----------------
2018-11-14 11:59:16,261 ERROR execution-log - TC # : 2, No more iterations to run. Test execution will abort.
----------------
2018-11-14 11:59:16,262 ERROR execution-log - TC # : 2, Framework failed to run the test due to a test configuration error.
	VM.Platform.TestAutomationFramework.Core.Exceptions.WorkflowFailedException: Tried Switch to IFrame, but the Policy# control never appeared. ---> System.Collections.Generic.KeyNotFoundException: The given key was not present in the dictionary.
   at System.Collections.Generic.Dictionary`2.get_Item(TKey key)
   at VM.Platform.TestAutomationFramework.UIAutomation.FrameHandler.TrySwitchToIFrame(TestRunContext context) in C:\Users\DasariW\Desktop\VM Framework\v4Dev_Updated\v4Dev_Updated\VMTestAutomation\Src\Framework.UIAutomation\FrameHandler.cs:line 74
   at VM.Platform.TestAutomationFramework.UIAutomation.FrameHandler..ctor(IUiAdapter uiAdapter, TestRunContext context, String logicalFieldName) in C:\Users\DasariW\Desktop\VM Framework\v4Dev_Updated\v4Dev_Updated\VMTestAutomation\Src\Framework.UIAutomation\FrameHandler.cs:line 26
   --- End of inner exception stack trace ---
   at VM.Platform.TestAutomationFramework.UIAutomation.FrameHandler..ctor(IUiAdapter uiAdapter, TestRunContext context, String logicalFieldName) in C:\Users\DasariW\Desktop\VM Framework\v4Dev_Updated\v4Dev_Updated\VMTestAutomation\Src\Framework.UIAutomation\FrameHandler.cs:line 31
   at VM.Platform.TestAutomationFramework.UIAutomation.Commands.Interactions.GetControlValueCommand.Execute(TestRunContext context) in C:\Users\DasariW\Desktop\VM Framework\v4Dev_Updated\v4Dev_Updated\VMTestAutomation\Src\Framework.UIAutomation\Commands\Interactions\GetControlValueCommand.cs:line 23
   at VM.Platform.TestAutomationFramework.Core.Decorators.CommandDecorator.Execute(TestRunContext context) in C:\Users\DasariW\Desktop\VM Framework\v4Dev_Updated\v4Dev_Updated\VMTestAutomation\Src\Framework.Core\Decorators\CommandDecorator.cs:line 22
   at VM.Platform.TestAutomationFramework.Core.Decorators.CommandLogger.Execute(TestRunContext context) in C:\Users\DasariW\Desktop\VM Framework\v4Dev_Updated\v4Dev_Updated\VMTestAutomation\Src\Framework.Core\Decorators\CommandLogger.cs:line 93
   at VM.Platform.TestAutomationFramework.Core.Decorators.CommandDecorator.Execute(TestRunContext context) in C:\Users\DasariW\Desktop\VM Framework\v4Dev_Updated\v4Dev_Updated\VMTestAutomation\Src\Framework.Core\Decorators\CommandDecorator.cs:line 22
   at VM.Platform.TestAutomationFramework.Core.Decorators.CommandErrorHandler.Execute(TestRunContext context) in C:\Users\DasariW\Desktop\VM Framework\v4Dev_Updated\v4Dev_Updated\VMTestAutomation\Src\Framework.Core\Decorators\CommandErrorHandler.cs:line 65
   at VM.Platform.TestAutomationFramework.Core.Decorators.CommandDecorator.Execute(TestRunContext context) in C:\Users\DasariW\Desktop\VM Framework\v4Dev_Updated\v4Dev_Updated\VMTestAutomation\Src\Framework.Core\Decorators\CommandDecorator.cs:line 22
   at VM.Platform.TestAutomationFramework.Core.Decorators.CommandTimer.Execute(TestRunContext context) in C:\Users\DasariW\Desktop\VM Framework\v4Dev_Updated\v4Dev_Updated\VMTestAutomation\Src\Framework.Core\Decorators\CommandTimer.cs:line 26
   at VM.Platform.TestAutomationFramework.Core.Decorators.CommandDecorator.Execute(TestRunContext context) in C:\Users\DasariW\Desktop\VM Framework\v4Dev_Updated\v4Dev_Updated\VMTestAutomation\Src\Framework.Core\Decorators\CommandDecorator.cs:line 22
   at VM.Platform.TestAutomationFramework.Core.Decorators.IgnorePagesDecorator.Execute(TestRunContext context) in C:\Users\DasariW\Desktop\VM Framework\v4Dev_Updated\v4Dev_Updated\VMTestAutomation\Src\Framework.Core\Decorators\IgnorePagesDecorator.cs:line 24
   at VM.Platform.TestAutomationFramework.UIAutomation.Commands.Workflow.LoadTestDataItemCommand.Execute(TestRunContext context) in C:\Users\DasariW\Desktop\VM Framework\v4Dev_Updated\v4Dev_Updated\VMTestAutomation\Src\Framework.UIAutomation\Commands\Workflow\LoadTestDataItemCommand.cs:line 96
   at VM.Platform.TestAutomationFramework.Core.Decorators.CommandDecorator.Execute(TestRunContext context) in C:\Users\DasariW\Desktop\VM Framework\v4Dev_Updated\v4Dev_Updated\VMTestAutomation\Src\Framework.Core\Decorators\CommandDecorator.cs:line 22
   at VM.Platform.TestAutomationFramework.Core.Decorators.CommandLogger.Execute(TestRunContext context) in C:\Users\DasariW\Desktop\VM Framework\v4Dev_Updated\v4Dev_Updated\VMTestAutomation\Src\Framework.Core\Decorators\CommandLogger.cs:line 93
   at VM.Platform.TestAutomationFramework.Core.Decorators.CommandDecorator.Execute(TestRunContext context) in C:\Users\DasariW\Desktop\VM Framework\v4Dev_Updated\v4Dev_Updated\VMTestAutomation\Src\Framework.Core\Decorators\CommandDecorator.cs:line 22
   at VM.Platform.TestAutomationFramework.Core.Decorators.CommandErrorHandler.Execute(TestRunContext context) in C:\Users\DasariW\Desktop\VM Framework\v4Dev_Updated\v4Dev_Updated\VMTestAutomation\Src\Framework.Core\Decorators\CommandErrorHandler.cs:line 65
   at VM.Platform.TestAutomationFramework.Core.Decorators.CommandDecorator.Execute(TestRunContext context) in C:\Users\DasariW\Desktop\VM Framework\v4Dev_Updated\v4Dev_Updated\VMTestAutomation\Src\Framework.Core\Decorators\CommandDecorator.cs:line 22
   at VM.Platform.TestAutomationFramework.Core.Decorators.CommandTimer.Execute(TestRunContext context) in C:\Users\DasariW\Desktop\VM Framework\v4Dev_Updated\v4Dev_Updated\VMTestAutomation\Src\Framework.Core\Decorators\CommandTimer.cs:line 26
   at VM.Platform.TestAutomationFramework.Core.Decorators.CommandDecorator.Execute(TestRunContext context) in C:\Users\DasariW\Desktop\VM Framework\v4Dev_Updated\v4Dev_Updated\VMTestAutomation\Src\Framework.Core\Decorators\CommandDecorator.cs:line 22
   at VM.Platform.TestAutomationFramework.Core.Decorators.IgnorePagesDecorator.Execute(TestRunContext context) in C:\Users\DasariW\Desktop\VM Framework\v4Dev_Updated\v4Dev_Updated\VMTestAutomation\Src\Framework.Core\Decorators\IgnorePagesDecorator.cs:line 24
   at VM.Platform.TestAutomationFramework.Core.TestCommandRunner.Execute(TestRunContext testRunContext) in C:\Users\DasariW\Desktop\VM Framework\v4Dev_Updated\v4Dev_Updated\VMTestAutomation\Src\Framework.Core\TestCommandRunner.cs:line 75
   at VM.Platform.TestAutomationFramework.Core.SingleTestCaseRunner.ExecuteSingleTestCase(Int32 testCaseId, String targetEnvironment, String repositiory, Int32 Retry) in C:\Users\DasariW\Desktop\VM Framework\v4Dev_Updated\v4Dev_Updated\VMTestAutomation\Src\Framework.Core\SingleTestCaseRunner.cs:line 167
----------------
2018-11-14 11:59:16,273 INFO  execution-log - Saving captured values to file.
----------------
2018-11-14 11:59:16,274 ERROR execution-log - TC # : 2,  has failed
----------------
