2019-01-29 02:22:29,809 INFO  execution-log - 	Initializing control map with map # MASTER
----------------
2019-01-29 02:22:29,809 INFO  execution-log - Initializing Test Automation
----------------
2019-01-29 02:22:29,809 INFO  execution-log - 	target browser: Chrome
----------------
2019-01-29 02:22:29,824 INFO  execution-log - TC # : 2, Downloading test case from DB
----------------
2019-01-29 02:22:29,824 INFO  execution-log - TC # : 2, Getting control map :MASTER from DB
----------------
2019-01-29 02:22:29,824 INFO  execution-log - TC # : 2, Getting test data from DB
----------------
2019-01-29 02:22:29,824 INFO  execution-log - TC # : 2, Control map retrieval completed
----------------
2019-01-29 02:22:29,840 INFO  execution-log - TC # : 2, Test data retrieval completed
----------------
2019-01-29 02:22:29,840 INFO  execution-log - TC # : 2, Parsing commands
----------------
2019-01-29 02:22:29,856 INFO  execution-log - Loading captured values from persistence.
----------------
2019-01-29 02:22:29,856 INFO  execution-log - TC # : 2, Started executing test case in the VMTESTAPP1 environment (http://vam-qa.cloudapp.net:6363/pages/login.html)
----------------
2019-01-29 02:22:29,871 INFO  execution-log -  Beginning StartIterationCommand ( Iterations : 1 )
----------------
2019-01-29 02:22:29,871 INFO  execution-log - TC # : 2, Starting iteration #1
----------------
2019-01-29 02:22:29,887 INFO  execution-log - 	 Command completed.
----------------
2019-01-29 02:22:29,887 INFO  execution-log -  Beginning InvokeApplicationCommand ( Target :  )
----------------
2019-01-29 02:22:30,882 INFO  execution-log - 	 Command completed.
----------------
2019-01-29 02:22:30,890 INFO  execution-log -  Beginning PageCommand ( CurrentPage : Login, FlowIdentifier : 1, DiIndicator : DI )
----------------
2019-01-29 02:22:30,899 INFO  execution-log - 	 Command completed.
----------------
2019-01-29 02:22:30,917 INFO  execution-log -  Beginning LoadTestDataItemCommand ( CurrentPage : Login, FlowIdentifier : 1, DiIndicator : DI )
----------------
2019-01-29 02:22:30,926 INFO  execution-log - [Sequence No - 1] Beginning ValidateExistStatusCommand ( LogicalFieldName : User Name, LogicalFieldValue : True )
----------------
2019-01-29 02:22:30,952 INFO  execution-log - [Sequence No - 1]	 Command completed.
----------------
2019-01-29 02:22:30,960 INFO  execution-log - [Sequence No - 2] Beginning ActionCommand ( LogicalFieldName : User Name, LogicalFieldValue : Click )
----------------
2019-01-29 02:22:31,122 INFO  execution-log - [Sequence No - 2]	 Command completed.
----------------
2019-01-29 02:22:31,134 INFO  execution-log - [Sequence No - 3] Beginning TestDataCommand ( LogicalFieldName : User Name, LogicalFieldValue : Jack )
----------------
2019-01-29 02:22:31,238 INFO  execution-log - [Sequence No - 3]	 Command completed.
----------------
2019-01-29 02:22:31,249 INFO  execution-log - [Sequence No - 4] Beginning ValidateExistStatusCommand ( LogicalFieldName : Password, LogicalFieldValue : True )
----------------
2019-01-29 02:22:31,271 INFO  execution-log - [Sequence No - 4]	 Command completed.
----------------
2019-01-29 02:22:31,281 INFO  execution-log - [Sequence No - 5] Beginning TestDataCommand ( LogicalFieldName : Password, LogicalFieldValue : Smit@123 )
----------------
2019-01-29 02:22:31,406 INFO  execution-log - [Sequence No - 5]	 Command completed.
----------------
2019-01-29 02:22:31,420 INFO  execution-log - [Sequence No - 6] Beginning ValidateEnableStatusCommand ( LogicalFieldName : Login_Button, LogicalFieldValue : True )
----------------
2019-01-29 02:22:31,471 INFO  execution-log - [Sequence No - 6]	 Command completed.
----------------
2019-01-29 02:22:31,477 INFO  execution-log - [Sequence No - 7] Beginning ActionCommand ( LogicalFieldName : Login_Button, LogicalFieldValue : Click )
----------------
2019-01-29 02:22:31,601 INFO  execution-log - [Sequence No - 7]	 Command completed.
----------------
2019-01-29 02:22:31,607 INFO  execution-log - 	 Command completed.
----------------
2019-01-29 02:22:31,613 INFO  execution-log -  Beginning LoadTestDataItemCommand ( CurrentPage : Home, FlowIdentifier : 1, DiIndicator : DI )
----------------
2019-01-29 02:22:31,626 INFO  execution-log - [Sequence No - 1] Beginning ValidateExistStatusCommand ( LogicalFieldName : New Quote, LogicalFieldValue : True )
----------------
2019-01-29 02:22:33,816 ERROR execution-log - TC # : 2, Tried Switch to IFrame, but the New Quote control never appeared.
----------------
2019-01-29 02:22:42,004 ERROR execution-log - TC # : 2, Tried Switch to IFrame, but the New Quote control never appeared.
----------------
2019-01-29 02:22:42,019 ERROR execution-log - TC # : 2, No more iterations to run. Test execution will abort.
----------------
2019-01-29 02:22:42,035 ERROR execution-log - TC # : 2, Framework failed to run the test due to a test configuration error.
	VM.Platform.TestAutomationFramework.Core.Exceptions.WorkflowFailedException: Tried Switch to IFrame, but the New Quote control never appeared. ---> System.Collections.Generic.KeyNotFoundException: The given key was not present in the dictionary.
   at System.Collections.Generic.Dictionary`2.get_Item(TKey key)
   at VM.Platform.TestAutomationFramework.UIAutomation.FrameHandler.TrySwitchToIFrame(TestRunContext context) in C:\Users\VMQApractice\Desktop\v4Dev_Updated\v4Dev_Updated\VMTestAutomation\Src\Framework.UIAutomation\FrameHandler.cs:line 74
   at VM.Platform.TestAutomationFramework.UIAutomation.FrameHandler..ctor(IUiAdapter uiAdapter, TestRunContext context, String logicalFieldName) in C:\Users\VMQApractice\Desktop\v4Dev_Updated\v4Dev_Updated\VMTestAutomation\Src\Framework.UIAutomation\FrameHandler.cs:line 26
   --- End of inner exception stack trace ---
   at VM.Platform.TestAutomationFramework.UIAutomation.FrameHandler..ctor(IUiAdapter uiAdapter, TestRunContext context, String logicalFieldName) in C:\Users\VMQApractice\Desktop\v4Dev_Updated\v4Dev_Updated\VMTestAutomation\Src\Framework.UIAutomation\FrameHandler.cs:line 31
   at VM.Platform.TestAutomationFramework.UIAutomation.Commands.Interactions.ValidateExistStatusCommand.Execute(TestRunContext context) in C:\Users\VMQApractice\Desktop\v4Dev_Updated\v4Dev_Updated\VMTestAutomation\Src\Framework.UIAutomation\Commands\Interactions\ValidateExistStatusCommand.cs:line 21
   at VM.Platform.TestAutomationFramework.Core.Decorators.CommandDecorator.Execute(TestRunContext context) in C:\Users\VMQApractice\Desktop\v4Dev_Updated\v4Dev_Updated\VMTestAutomation\Src\Framework.Core\Decorators\CommandDecorator.cs:line 22
   at VM.Platform.TestAutomationFramework.Core.Decorators.CommandLogger.Execute(TestRunContext context) in C:\Users\VMQApractice\Desktop\v4Dev_Updated\v4Dev_Updated\VMTestAutomation\Src\Framework.Core\Decorators\CommandLogger.cs:line 93
   at VM.Platform.TestAutomationFramework.Core.Decorators.CommandDecorator.Execute(TestRunContext context) in C:\Users\VMQApractice\Desktop\v4Dev_Updated\v4Dev_Updated\VMTestAutomation\Src\Framework.Core\Decorators\CommandDecorator.cs:line 22
   at VM.Platform.TestAutomationFramework.Core.Decorators.CommandErrorHandler.Execute(TestRunContext context) in C:\Users\VMQApractice\Desktop\v4Dev_Updated\v4Dev_Updated\VMTestAutomation\Src\Framework.Core\Decorators\CommandErrorHandler.cs:line 65
   at VM.Platform.TestAutomationFramework.Core.Decorators.CommandDecorator.Execute(TestRunContext context) in C:\Users\VMQApractice\Desktop\v4Dev_Updated\v4Dev_Updated\VMTestAutomation\Src\Framework.Core\Decorators\CommandDecorator.cs:line 22
   at VM.Platform.TestAutomationFramework.Core.Decorators.CommandTimer.Execute(TestRunContext context) in C:\Users\VMQApractice\Desktop\v4Dev_Updated\v4Dev_Updated\VMTestAutomation\Src\Framework.Core\Decorators\CommandTimer.cs:line 26
   at VM.Platform.TestAutomationFramework.Core.Decorators.CommandDecorator.Execute(TestRunContext context) in C:\Users\VMQApractice\Desktop\v4Dev_Updated\v4Dev_Updated\VMTestAutomation\Src\Framework.Core\Decorators\CommandDecorator.cs:line 22
   at VM.Platform.TestAutomationFramework.Core.Decorators.IgnorePagesDecorator.Execute(TestRunContext context) in C:\Users\VMQApractice\Desktop\v4Dev_Updated\v4Dev_Updated\VMTestAutomation\Src\Framework.Core\Decorators\IgnorePagesDecorator.cs:line 24
   at VM.Platform.TestAutomationFramework.UIAutomation.Commands.Workflow.LoadTestDataItemCommand.Execute(TestRunContext context) in C:\Users\VMQApractice\Desktop\v4Dev_Updated\v4Dev_Updated\VMTestAutomation\Src\Framework.UIAutomation\Commands\Workflow\LoadTestDataItemCommand.cs:line 96
   at VM.Platform.TestAutomationFramework.Core.Decorators.CommandDecorator.Execute(TestRunContext context) in C:\Users\VMQApractice\Desktop\v4Dev_Updated\v4Dev_Updated\VMTestAutomation\Src\Framework.Core\Decorators\CommandDecorator.cs:line 22
   at VM.Platform.TestAutomationFramework.Core.Decorators.CommandLogger.Execute(TestRunContext context) in C:\Users\VMQApractice\Desktop\v4Dev_Updated\v4Dev_Updated\VMTestAutomation\Src\Framework.Core\Decorators\CommandLogger.cs:line 93
   at VM.Platform.TestAutomationFramework.Core.Decorators.CommandDecorator.Execute(TestRunContext context) in C:\Users\VMQApractice\Desktop\v4Dev_Updated\v4Dev_Updated\VMTestAutomation\Src\Framework.Core\Decorators\CommandDecorator.cs:line 22
   at VM.Platform.TestAutomationFramework.Core.Decorators.CommandErrorHandler.Execute(TestRunContext context) in C:\Users\VMQApractice\Desktop\v4Dev_Updated\v4Dev_Updated\VMTestAutomation\Src\Framework.Core\Decorators\CommandErrorHandler.cs:line 65
   at VM.Platform.TestAutomationFramework.Core.Decorators.CommandDecorator.Execute(TestRunContext context) in C:\Users\VMQApractice\Desktop\v4Dev_Updated\v4Dev_Updated\VMTestAutomation\Src\Framework.Core\Decorators\CommandDecorator.cs:line 22
   at VM.Platform.TestAutomationFramework.Core.Decorators.CommandTimer.Execute(TestRunContext context) in C:\Users\VMQApractice\Desktop\v4Dev_Updated\v4Dev_Updated\VMTestAutomation\Src\Framework.Core\Decorators\CommandTimer.cs:line 26
   at VM.Platform.TestAutomationFramework.Core.Decorators.CommandDecorator.Execute(TestRunContext context) in C:\Users\VMQApractice\Desktop\v4Dev_Updated\v4Dev_Updated\VMTestAutomation\Src\Framework.Core\Decorators\CommandDecorator.cs:line 22
   at VM.Platform.TestAutomationFramework.Core.Decorators.IgnorePagesDecorator.Execute(TestRunContext context) in C:\Users\VMQApractice\Desktop\v4Dev_Updated\v4Dev_Updated\VMTestAutomation\Src\Framework.Core\Decorators\IgnorePagesDecorator.cs:line 24
   at VM.Platform.TestAutomationFramework.Core.TestCommandRunner.Execute(TestRunContext testRunContext) in C:\Users\VMQApractice\Desktop\v4Dev_Updated\v4Dev_Updated\VMTestAutomation\Src\Framework.Core\TestCommandRunner.cs:line 75
   at VM.Platform.TestAutomationFramework.Core.SingleTestCaseRunner.ExecuteSingleTestCase(Int32 testCaseId, String targetEnvironment, String repositiory, Int32 Retry) in C:\Users\VMQApractice\Desktop\v4Dev_Updated\v4Dev_Updated\VMTestAutomation\Src\Framework.Core\SingleTestCaseRunner.cs:line 167
----------------
2019-01-29 02:22:43,082 INFO  execution-log - Saving captured values to file.
----------------
2019-01-29 02:22:43,082 ERROR execution-log - TC # : 2,  has failed
----------------
