2018-11-14 11:17:02,480 INFO  execution-log - 	Initializing control map with map # Master
----------------
2018-11-14 11:17:02,481 INFO  execution-log - Initializing Test Automation
----------------
2018-11-14 11:17:02,482 INFO  execution-log - 	target browser: Chrome
----------------
2018-11-14 11:17:02,483 INFO  execution-log - TC # : 2, Downloading test case from DB
----------------
2018-11-14 11:17:02,497 INFO  execution-log - TC # : 2, Getting control map :Master from DB
----------------
2018-11-14 11:17:02,498 INFO  execution-log - TC # : 2, Getting test data from DB
----------------
2018-11-14 11:17:02,505 INFO  execution-log - TC # : 2, Control map retrieval completed
----------------
2018-11-14 11:17:02,518 INFO  execution-log - TC # : 2, Test data retrieval completed
----------------
2018-11-14 11:17:02,523 INFO  execution-log - TC # : 2, Parsing commands
----------------
2018-11-14 11:17:02,524 INFO  execution-log - Loading captured values from persistence.
----------------
2018-11-14 11:17:02,525 INFO  execution-log - TC # : 2, Started executing test case in the HISCOX environment (http://hiscpvt.cloud.hiscox.com/oneshield/index.jsp#gateway)
----------------
2018-11-14 11:17:02,572 INFO  execution-log -  Beginning StartIterationCommand ( Iterations : 1 )
----------------
2018-11-14 11:17:02,573 INFO  execution-log - TC # : 2, Starting iteration #1
----------------
2018-11-14 11:17:02,574 INFO  execution-log - 	 Command completed.
----------------
2018-11-14 11:17:02,575 INFO  execution-log -  Beginning InvokeApplicationCommand ( Target :  )
----------------
2018-11-14 11:17:02,972 INFO  execution-log - 	 Command completed.
----------------
2018-11-14 11:17:02,985 INFO  execution-log -  Beginning PageCommand ( CurrentPage : Login, FlowIdentifier : 1, DiIndicator : DI )
----------------
2018-11-14 11:17:02,986 INFO  execution-log - 	 Command completed.
----------------
2018-11-14 11:17:02,989 INFO  execution-log -  Beginning LoadTestDataItemCommand ( CurrentPage : Login, FlowIdentifier : 1, DiIndicator : DI )
----------------
2018-11-14 11:17:03,051 INFO  execution-log - [Sequence No - 1] Beginning TestDataCommand ( LogicalFieldName : Partner Number, LogicalFieldValue : 0 )
----------------
2018-11-14 11:17:04,797 INFO  execution-log - [Sequence No - 1]	 Command completed.
----------------
2018-11-14 11:17:04,802 INFO  execution-log - [Sequence No - 2] Beginning TestDataCommand ( LogicalFieldName : Username, LogicalFieldValue : karthicuw )
----------------
2018-11-14 11:17:04,959 INFO  execution-log - [Sequence No - 2]	 Command completed.
----------------
2018-11-14 11:17:04,964 INFO  execution-log - [Sequence No - 3] Beginning TestDataCommand ( LogicalFieldName : Password, LogicalFieldValue : Monday!23 )
----------------
2018-11-14 11:17:05,108 INFO  execution-log - [Sequence No - 3]	 Command completed.
----------------
2018-11-14 11:17:05,115 INFO  execution-log - [Sequence No - 4] Beginning TestDataCommand ( LogicalFieldName : Partner Number, LogicalFieldValue : 0 )
----------------
2018-11-14 11:17:05,212 INFO  execution-log - [Sequence No - 4]	 Command completed.
----------------
2018-11-14 11:17:05,217 INFO  execution-log - [Sequence No - 5] Beginning ActionCommand ( LogicalFieldName : Login Page, LogicalFieldValue : Click )
----------------
2018-11-14 11:17:05,368 INFO  execution-log - [Sequence No - 5]	 Command completed.
----------------
2018-11-14 11:17:05,372 INFO  execution-log - [Sequence No - 6] Beginning ActionCommand ( LogicalFieldName : Login Button, LogicalFieldValue : Click )
----------------
2018-11-14 11:17:05,512 INFO  execution-log - [Sequence No - 6]	 Command completed.
----------------
2018-11-14 11:17:05,516 INFO  execution-log - [Sequence No - 7] Beginning TestDataCommand ( LogicalFieldName : Partner Number, LogicalFieldValue : 0 )
----------------
2018-11-14 11:17:05,678 INFO  execution-log - [Sequence No - 7]	 Command completed.
----------------
2018-11-14 11:17:05,679 INFO  execution-log - 	 Command completed.
----------------
2018-11-14 11:17:05,680 INFO  execution-log -  Beginning PageCommand ( CurrentPage : Quotes, FlowIdentifier : 1, DiIndicator : DI )
----------------
2018-11-14 11:17:05,681 INFO  execution-log - 	 Command completed.
----------------
2018-11-14 11:17:05,682 INFO  execution-log -  Beginning LoadTestDataItemCommand ( CurrentPage : Quotes, FlowIdentifier : 1, DiIndicator : DI )
----------------
2018-11-14 11:17:05,692 INFO  execution-log - [Sequence No - 8] Beginning WaitForControlCommand ( LogicalFieldName : Quotes_Link, LogicalFieldValue : True )
----------------
2018-11-14 11:17:06,366 INFO  execution-log - [Sequence No - 8]	 Command completed.
----------------
2018-11-14 11:17:06,370 INFO  execution-log - [Sequence No - 9] Beginning ActionCommand ( LogicalFieldName : Quotes_Link, LogicalFieldValue : Click )
----------------
2018-11-14 11:17:06,533 INFO  execution-log - [Sequence No - 9]	 Command completed.
----------------
2018-11-14 11:17:06,538 INFO  execution-log - [Sequence No - 10] Beginning WaitForControlCommand ( LogicalFieldName : New quote, LogicalFieldValue : True )
----------------
2018-11-14 11:17:08,248 INFO  execution-log - [Sequence No - 10]	 Command completed.
----------------
2018-11-14 11:17:08,252 INFO  execution-log - [Sequence No - 11] Beginning ActionCommand ( LogicalFieldName : New quote, LogicalFieldValue : Click )
----------------
2018-11-14 11:17:08,482 INFO  execution-log - [Sequence No - 11]	 Command completed.
----------------
2018-11-14 11:17:08,487 INFO  execution-log - [Sequence No - 12] Beginning ActionCommand ( LogicalFieldName : Select Producing Agency, LogicalFieldValue : Click-Wait(500) )
----------------
2018-11-14 11:17:09,923 INFO  execution-log - [Sequence No - 12]	 Command completed.
----------------
2018-11-14 11:17:09,926 INFO  execution-log - [Sequence No - 13] Beginning ActionCommand ( LogicalFieldName : Select Agency, LogicalFieldValue : Click )
----------------
2018-11-14 11:17:10,087 INFO  execution-log - [Sequence No - 13]	 Command completed.
----------------
2018-11-14 11:17:10,092 INFO  execution-log - [Sequence No - 14] Beginning WaitForControlCommand ( LogicalFieldName : Producer, LogicalFieldValue : True )
----------------
2018-11-14 11:17:11,835 INFO  execution-log - [Sequence No - 14]	 Command completed.
----------------
2018-11-14 11:17:11,839 INFO  execution-log - [Sequence No - 15] Beginning ActionCommand ( LogicalFieldName : Producer, LogicalFieldValue : Click-Wait(500) )
----------------
2018-11-14 11:17:12,979 INFO  execution-log - [Sequence No - 15]	 Command completed.
----------------
2018-11-14 11:17:12,983 INFO  execution-log - [Sequence No - 16] Beginning TestDataCommand ( LogicalFieldName : Producer, LogicalFieldValue : Agency  Producer )
----------------
2018-11-14 11:17:13,544 INFO  execution-log - [Sequence No - 16]	 Command completed.
----------------
2018-11-14 11:17:13,549 INFO  execution-log - [Sequence No - 17] Beginning TestDataCommand ( LogicalFieldName : First Name, LogicalFieldValue : HISCOX )
----------------
2018-11-14 11:17:13,790 INFO  execution-log - [Sequence No - 17]	 Command completed.
----------------
2018-11-14 11:17:13,794 INFO  execution-log - [Sequence No - 18] Beginning TestDataCommand ( LogicalFieldName : Last Name, LogicalFieldValue : Demo )
----------------
2018-11-14 11:17:13,979 INFO  execution-log - [Sequence No - 18]	 Command completed.
----------------
2018-11-14 11:17:13,984 INFO  execution-log - [Sequence No - 19] Beginning TestDataCommand ( LogicalFieldName : City, LogicalFieldValue : Atlanta )
----------------
2018-11-14 11:17:14,210 INFO  execution-log - [Sequence No - 19]	 Command completed.
----------------
2018-11-14 11:17:14,214 INFO  execution-log - [Sequence No - 20] Beginning TestDataCommand ( LogicalFieldName : State, LogicalFieldValue : Georgia )
----------------
2018-11-14 11:17:14,589 INFO  execution-log - [Sequence No - 20]	 Command completed.
----------------
2018-11-14 11:17:14,593 INFO  execution-log - [Sequence No - 21] Beginning TestDataCommand ( LogicalFieldName : Zip, LogicalFieldValue : 30338 )
----------------
2018-11-14 11:17:14,774 INFO  execution-log - [Sequence No - 21]	 Command completed.
----------------
2018-11-14 11:17:14,779 INFO  execution-log - [Sequence No - 22] Beginning TestDataCommand ( LogicalFieldName : Address Line 1, LogicalFieldValue : 1 Main st )
----------------
2018-11-14 11:17:15,064 INFO  execution-log - [Sequence No - 22]	 Command completed.
----------------
2018-11-14 11:17:15,068 INFO  execution-log - [Sequence No - 23] Beginning TestDataCommand ( LogicalFieldName : Address Line 2, LogicalFieldValue : 1 )
----------------
2018-11-14 11:17:15,203 INFO  execution-log - [Sequence No - 23]	 Command completed.
----------------
2018-11-14 11:17:15,208 INFO  execution-log - [Sequence No - 24] Beginning ActionCommand ( LogicalFieldName : Product line (errors and omissions), LogicalFieldValue : Click )
----------------
2018-11-14 11:17:15,468 INFO  execution-log - [Sequence No - 24]	 Command completed.
----------------
2018-11-14 11:17:15,473 INFO  execution-log - [Sequence No - 25] Beginning ActionCommand ( LogicalFieldName : Customer search, LogicalFieldValue : Click )
----------------
2018-11-14 11:17:15,764 INFO  execution-log - [Sequence No - 25]	 Command completed.
----------------
2018-11-14 11:17:15,766 INFO  execution-log - 	 Command completed.
----------------
2018-11-14 11:17:15,766 INFO  execution-log -  Beginning PageCommand ( CurrentPage : QuoteDetails, FlowIdentifier : 1, DiIndicator : DI )
----------------
2018-11-14 11:17:15,767 INFO  execution-log - 	 Command completed.
----------------
2018-11-14 11:17:15,768 INFO  execution-log -  Beginning LoadTestDataItemCommand ( CurrentPage : QuoteDetails, FlowIdentifier : 1, DiIndicator : DI )
----------------
2018-11-14 11:17:15,798 INFO  execution-log - [Sequence No - 26] Beginning WaitForControlCommand ( LogicalFieldName : Retro-active Date, LogicalFieldValue : True )
----------------
2018-11-14 11:17:22,543 INFO  execution-log - [Sequence No - 26]	 Command completed.
----------------
2018-11-14 11:17:22,547 INFO  execution-log - [Sequence No - 27] Beginning TestDataCommand ( LogicalFieldName : Rating Company, LogicalFieldValue : FDLI Protection Insurance Company )
----------------
2018-11-14 11:17:24,213 INFO  execution-log - [Sequence No - 27]	 Command completed.
----------------
2018-11-14 11:17:24,218 INFO  execution-log - [Sequence No - 28] Beginning TestDataCommand ( LogicalFieldName : Retro-active Date, LogicalFieldValue : 09/11/2018 )
----------------
2018-11-14 11:17:24,371 INFO  execution-log - [Sequence No - 28]	 Command completed.
----------------
2018-11-14 11:17:24,376 INFO  execution-log - [Sequence No - 29] Beginning TestDataCommand ( LogicalFieldName : Professional Liability Gross Sales, LogicalFieldValue : 100000 )
----------------
2018-11-14 11:17:24,494 INFO  execution-log - [Sequence No - 29]	 Command completed.
----------------
2018-11-14 11:17:24,498 INFO  execution-log - [Sequence No - 30] Beginning ActionCommand ( LogicalFieldName : QuoteDetails Page, LogicalFieldValue : Click )
----------------
2018-11-14 11:17:24,659 INFO  execution-log - [Sequence No - 30]	 Command completed.
----------------
2018-11-14 11:17:24,664 INFO  execution-log - [Sequence No - 31] Beginning ActionCommand ( LogicalFieldName : Save Changes, LogicalFieldValue : Click )
----------------
2018-11-14 11:17:24,804 INFO  execution-log - [Sequence No - 31]	 Command completed.
----------------
2018-11-14 11:17:24,809 INFO  execution-log - [Sequence No - 32] Beginning WaitForControlCommand ( LogicalFieldName : Rate Quote, LogicalFieldValue : True )
----------------
2018-11-14 11:17:25,587 INFO  execution-log - [Sequence No - 32]	 Command completed.
----------------
2018-11-14 11:17:25,593 INFO  execution-log - [Sequence No - 33] Beginning ActionCommand ( LogicalFieldName : Rate Quote, LogicalFieldValue : Click-Wait(1000) )
----------------
2018-11-14 11:17:27,742 INFO  execution-log - [Sequence No - 33]	 Command completed.
----------------
2018-11-14 11:17:27,746 INFO  execution-log - [Sequence No - 34] Beginning WaitForControlCommand ( LogicalFieldName : Request Issue, LogicalFieldValue : True )
----------------
2018-11-14 11:17:34,422 INFO  execution-log - [Sequence No - 34]	 Command completed.
----------------
2018-11-14 11:17:34,430 INFO  execution-log - [Sequence No - 35] Beginning ActionCommand ( LogicalFieldName : Request Issue, LogicalFieldValue : Click-Wait(1000) )
----------------
2018-11-14 11:17:36,657 INFO  execution-log - [Sequence No - 35]	 Command completed.
----------------
2018-11-14 11:17:36,661 INFO  execution-log - [Sequence No - 36] Beginning WaitForControlCommand ( LogicalFieldName : Next, LogicalFieldValue : True )
----------------
2018-11-14 11:17:37,447 INFO  execution-log - [Sequence No - 36]	 Command completed.
----------------
2018-11-14 11:17:37,451 INFO  execution-log - [Sequence No - 37] Beginning ActionCommand ( LogicalFieldName : Next, LogicalFieldValue : Click )
----------------
2018-11-14 11:17:37,551 INFO  execution-log - [Sequence No - 37]	 Command completed.
----------------
2018-11-14 11:17:37,552 INFO  execution-log - 	 Command completed.
----------------
2018-11-14 11:17:37,553 INFO  execution-log -  Beginning PageCommand ( CurrentPage : Payment Profile, FlowIdentifier : 1, DiIndicator : DI )
----------------
2018-11-14 11:17:37,554 INFO  execution-log - 	 Command completed.
----------------
2018-11-14 11:17:37,555 INFO  execution-log -  Beginning LoadTestDataItemCommand ( CurrentPage : Payment Profile, FlowIdentifier : 1, DiIndicator : DI )
----------------
2018-11-14 11:17:37,563 INFO  execution-log - [Sequence No - 38] Beginning WaitForControlCommand ( LogicalFieldName : Check Payment, LogicalFieldValue : True )
----------------
2018-11-14 11:17:38,874 INFO  execution-log - [Sequence No - 38]	 Command completed.
----------------
2018-11-14 11:17:38,880 INFO  execution-log - [Sequence No - 39] Beginning ActionCommand ( LogicalFieldName : Check Payment, LogicalFieldValue : Click )
----------------
2018-11-14 11:17:38,995 INFO  execution-log - [Sequence No - 39]	 Command completed.
----------------
2018-11-14 11:17:38,999 INFO  execution-log - [Sequence No - 40] Beginning ActionCommand ( LogicalFieldName : Next, LogicalFieldValue : Click-Wait(1000) )
----------------
2018-11-14 11:17:41,301 INFO  execution-log - [Sequence No - 40]	 Command completed.
----------------
2018-11-14 11:17:41,302 INFO  execution-log - 	 Command completed.
----------------
2018-11-14 11:17:41,303 INFO  execution-log -  Beginning PageCommand ( CurrentPage : Billing Choices, FlowIdentifier : 1, DiIndicator : DI )
----------------
2018-11-14 11:17:41,304 INFO  execution-log - 	 Command completed.
----------------
2018-11-14 11:17:41,305 INFO  execution-log -  Beginning LoadTestDataItemCommand ( CurrentPage : Billing Choices, FlowIdentifier : 1, DiIndicator : DI )
----------------
2018-11-14 11:17:41,317 INFO  execution-log - [Sequence No - 41] Beginning WaitForControlCommand ( LogicalFieldName : Email Address, LogicalFieldValue : True )
----------------
2018-11-14 11:17:41,930 INFO  execution-log - [Sequence No - 41]	 Command completed.
----------------
2018-11-14 11:17:41,937 INFO  execution-log - [Sequence No - 42] Beginning ActionCommand ( LogicalFieldName : Email Address, LogicalFieldValue : Click-Wait(2000) )
----------------
2018-11-14 11:17:46,062 INFO  execution-log - [Sequence No - 42]	 Command completed.
----------------
2018-11-14 11:17:46,066 INFO  execution-log - [Sequence No - 43] Beginning TestDataCommand ( LogicalFieldName : Email Address, LogicalFieldValue : EMAILID )
----------------
2018-11-14 11:17:46,352 INFO  execution-log - [Sequence No - 43]	 Command completed.
----------------
2018-11-14 11:17:46,357 INFO  execution-log - [Sequence No - 44] Beginning ActionCommand ( LogicalFieldName : Billing Choices Page, LogicalFieldValue : Click )
----------------
2018-11-14 11:17:46,497 INFO  execution-log - [Sequence No - 44]	 Command completed.
----------------
2018-11-14 11:17:46,502 INFO  execution-log - [Sequence No - 45] Beginning ActionCommand ( LogicalFieldName : Next, LogicalFieldValue : Click-Wait(2000) )
----------------
2018-11-14 11:17:50,659 INFO  execution-log - [Sequence No - 45]	 Command completed.
----------------
2018-11-14 11:17:50,660 INFO  execution-log - 	 Command completed.
----------------
2018-11-14 11:17:50,661 INFO  execution-log -  Beginning PageCommand ( CurrentPage : Quote Bind, FlowIdentifier : 1, DiIndicator : DI )
----------------
2018-11-14 11:17:50,661 INFO  execution-log - 	 Command completed.
----------------
2018-11-14 11:17:50,662 INFO  execution-log -  Beginning LoadTestDataItemCommand ( CurrentPage : Quote Bind, FlowIdentifier : 1, DiIndicator : DI )
----------------
2018-11-14 11:17:50,676 INFO  execution-log - [Sequence No - 46] Beginning WaitForControlCommand ( LogicalFieldName : Bind, LogicalFieldValue : True )
----------------
2018-11-14 11:17:50,727 INFO  execution-log - [Sequence No - 46]	 Command completed.
----------------
2018-11-14 11:17:50,732 INFO  execution-log - [Sequence No - 47] Beginning ActionCommand ( LogicalFieldName : Bind, LogicalFieldValue : Click-Wait(2000) )
----------------
2018-11-14 11:17:54,871 INFO  execution-log - [Sequence No - 47]	 Command completed.
----------------
2018-11-14 11:17:54,872 INFO  execution-log - 	 Command completed.
----------------
2018-11-14 11:17:54,873 INFO  execution-log -  Beginning PageCommand ( CurrentPage : Summary, FlowIdentifier : 1, DiIndicator : DI )
----------------
2018-11-14 11:17:54,874 INFO  execution-log - 	 Command completed.
----------------
2018-11-14 11:17:54,875 INFO  execution-log -  Beginning LoadTestDataItemCommand ( CurrentPage : Summary, FlowIdentifier : 1, DiIndicator : DI )
----------------
2018-11-14 11:17:54,886 INFO  execution-log - [Sequence No - 48] Beginning WaitForControlCommand ( LogicalFieldName : Exit Policy, LogicalFieldValue : True )
----------------
2018-11-14 11:18:00,007 INFO  execution-log - [Sequence No - 48]	 Command completed.
----------------
2018-11-14 11:18:00,012 INFO  execution-log - [Sequence No - 49] Beginning GetControlValueCommand ( LogicalFieldName : Policy#, LogicalFieldValue : {PolicyNumber} )
----------------
2018-11-14 11:18:02,526 ERROR execution-log - TC # : 2, Tried Switch to IFrame, but the Policy# control never appeared.
----------------
2018-11-14 11:18:10,541 ERROR execution-log - TC # : 2, Tried Switch to IFrame, but the Policy# control never appeared.
----------------
2018-11-14 11:18:10,543 ERROR execution-log - TC # : 2, No more iterations to run. Test execution will abort.
----------------
2018-11-14 11:18:10,544 ERROR execution-log - TC # : 2, Framework failed to run the test due to a test configuration error.
	VM.Platform.TestAutomationFramework.Core.Exceptions.WorkflowFailedException: Tried Switch to IFrame, but the Policy# control never appeared. ---> System.Collections.Generic.KeyNotFoundException: The given key was not present in the dictionary.
   at System.Collections.Generic.Dictionary`2.get_Item(TKey key)
   at VM.Platform.TestAutomationFramework.UIAutomation.FrameHandler.TrySwitchToIFrame(TestRunContext context) in C:\Users\DasariW\Desktop\VM Framework\v4Dev_Updated\v4Dev_Updated\VMTestAutomation\Src\Framework.UIAutomation\FrameHandler.cs:line 74
   at VM.Platform.TestAutomationFramework.UIAutomation.FrameHandler..ctor(IUiAdapter uiAdapter, TestRunContext context, String logicalFieldName) in C:\Users\DasariW\Desktop\VM Framework\v4Dev_Updated\v4Dev_Updated\VMTestAutomation\Src\Framework.UIAutomation\FrameHandler.cs:line 26
   --- End of inner exception stack trace ---
   at VM.Platform.TestAutomationFramework.UIAutomation.FrameHandler..ctor(IUiAdapter uiAdapter, TestRunContext context, String logicalFieldName) in C:\Users\DasariW\Desktop\VM Framework\v4Dev_Updated\v4Dev_Updated\VMTestAutomation\Src\Framework.UIAutomation\FrameHandler.cs:line 31
   at VM.Platform.TestAutomationFramework.UIAutomation.Commands.Interactions.GetControlValueCommand.Execute(TestRunContext context) in C:\Users\DasariW\Desktop\VM Framework\v4Dev_Updated\v4Dev_Updated\VMTestAutomation\Src\Framework.UIAutomation\Commands\Interactions\GetControlValueCommand.cs:line 23
   at VM.Platform.TestAutomationFramework.Core.Decorators.CommandDecorator.Execute(TestRunContext context) in C:\Users\DasariW\Desktop\VM Framework\v4Dev_Updated\v4Dev_Updated\VMTestAutomation\Src\Framework.Core\Decorators\CommandDecorator.cs:line 22
   at VM.Platform.TestAutomationFramework.Core.Decorators.CommandLogger.Execute(TestRunContext context) in C:\Users\DasariW\Desktop\VM Framework\v4Dev_Updated\v4Dev_Updated\VMTestAutomation\Src\Framework.Core\Decorators\CommandLogger.cs:line 93
   at VM.Platform.TestAutomationFramework.Core.Decorators.CommandDecorator.Execute(TestRunContext context) in C:\Users\DasariW\Desktop\VM Framework\v4Dev_Updated\v4Dev_Updated\VMTestAutomation\Src\Framework.Core\Decorators\CommandDecorator.cs:line 22
   at VM.Platform.TestAutomationFramework.Core.Decorators.CommandErrorHandler.Execute(TestRunContext context) in C:\Users\DasariW\Desktop\VM Framework\v4Dev_Updated\v4Dev_Updated\VMTestAutomation\Src\Framework.Core\Decorators\CommandErrorHandler.cs:line 65
   at VM.Platform.TestAutomationFramework.Core.Decorators.CommandDecorator.Execute(TestRunContext context) in C:\Users\DasariW\Desktop\VM Framework\v4Dev_Updated\v4Dev_Updated\VMTestAutomation\Src\Framework.Core\Decorators\CommandDecorator.cs:line 22
   at VM.Platform.TestAutomationFramework.Core.Decorators.CommandTimer.Execute(TestRunContext context) in C:\Users\DasariW\Desktop\VM Framework\v4Dev_Updated\v4Dev_Updated\VMTestAutomation\Src\Framework.Core\Decorators\CommandTimer.cs:line 26
   at VM.Platform.TestAutomationFramework.Core.Decorators.CommandDecorator.Execute(TestRunContext context) in C:\Users\DasariW\Desktop\VM Framework\v4Dev_Updated\v4Dev_Updated\VMTestAutomation\Src\Framework.Core\Decorators\CommandDecorator.cs:line 22
   at VM.Platform.TestAutomationFramework.Core.Decorators.IgnorePagesDecorator.Execute(TestRunContext context) in C:\Users\DasariW\Desktop\VM Framework\v4Dev_Updated\v4Dev_Updated\VMTestAutomation\Src\Framework.Core\Decorators\IgnorePagesDecorator.cs:line 24
   at VM.Platform.TestAutomationFramework.UIAutomation.Commands.Workflow.LoadTestDataItemCommand.Execute(TestRunContext context) in C:\Users\DasariW\Desktop\VM Framework\v4Dev_Updated\v4Dev_Updated\VMTestAutomation\Src\Framework.UIAutomation\Commands\Workflow\LoadTestDataItemCommand.cs:line 96
   at VM.Platform.TestAutomationFramework.Core.Decorators.CommandDecorator.Execute(TestRunContext context) in C:\Users\DasariW\Desktop\VM Framework\v4Dev_Updated\v4Dev_Updated\VMTestAutomation\Src\Framework.Core\Decorators\CommandDecorator.cs:line 22
   at VM.Platform.TestAutomationFramework.Core.Decorators.CommandLogger.Execute(TestRunContext context) in C:\Users\DasariW\Desktop\VM Framework\v4Dev_Updated\v4Dev_Updated\VMTestAutomation\Src\Framework.Core\Decorators\CommandLogger.cs:line 93
   at VM.Platform.TestAutomationFramework.Core.Decorators.CommandDecorator.Execute(TestRunContext context) in C:\Users\DasariW\Desktop\VM Framework\v4Dev_Updated\v4Dev_Updated\VMTestAutomation\Src\Framework.Core\Decorators\CommandDecorator.cs:line 22
   at VM.Platform.TestAutomationFramework.Core.Decorators.CommandErrorHandler.Execute(TestRunContext context) in C:\Users\DasariW\Desktop\VM Framework\v4Dev_Updated\v4Dev_Updated\VMTestAutomation\Src\Framework.Core\Decorators\CommandErrorHandler.cs:line 65
   at VM.Platform.TestAutomationFramework.Core.Decorators.CommandDecorator.Execute(TestRunContext context) in C:\Users\DasariW\Desktop\VM Framework\v4Dev_Updated\v4Dev_Updated\VMTestAutomation\Src\Framework.Core\Decorators\CommandDecorator.cs:line 22
   at VM.Platform.TestAutomationFramework.Core.Decorators.CommandTimer.Execute(TestRunContext context) in C:\Users\DasariW\Desktop\VM Framework\v4Dev_Updated\v4Dev_Updated\VMTestAutomation\Src\Framework.Core\Decorators\CommandTimer.cs:line 26
   at VM.Platform.TestAutomationFramework.Core.Decorators.CommandDecorator.Execute(TestRunContext context) in C:\Users\DasariW\Desktop\VM Framework\v4Dev_Updated\v4Dev_Updated\VMTestAutomation\Src\Framework.Core\Decorators\CommandDecorator.cs:line 22
   at VM.Platform.TestAutomationFramework.Core.Decorators.IgnorePagesDecorator.Execute(TestRunContext context) in C:\Users\DasariW\Desktop\VM Framework\v4Dev_Updated\v4Dev_Updated\VMTestAutomation\Src\Framework.Core\Decorators\IgnorePagesDecorator.cs:line 24
   at VM.Platform.TestAutomationFramework.Core.TestCommandRunner.Execute(TestRunContext testRunContext) in C:\Users\DasariW\Desktop\VM Framework\v4Dev_Updated\v4Dev_Updated\VMTestAutomation\Src\Framework.Core\TestCommandRunner.cs:line 75
   at VM.Platform.TestAutomationFramework.Core.SingleTestCaseRunner.ExecuteSingleTestCase(Int32 testCaseId, String targetEnvironment, String repositiory, Int32 Retry) in C:\Users\DasariW\Desktop\VM Framework\v4Dev_Updated\v4Dev_Updated\VMTestAutomation\Src\Framework.Core\SingleTestCaseRunner.cs:line 167
----------------
2018-11-14 11:18:10,554 INFO  execution-log - Saving captured values to file.
----------------
2018-11-14 11:18:10,555 ERROR execution-log - TC # : 2,  has failed
----------------
