2018-11-13 18:46:51,058 INFO  execution-log - 	Initializing control map with map # Master
----------------
2018-11-13 18:46:51,059 INFO  execution-log - Initializing Test Automation
----------------
2018-11-13 18:46:51,060 INFO  execution-log - 	target browser: Chrome
----------------
2018-11-13 18:46:51,061 INFO  execution-log - TC # : 2, Downloading test case from DB
----------------
2018-11-13 18:46:51,063 INFO  execution-log - TC # : 2, Getting control map :Master from DB
----------------
2018-11-13 18:46:51,063 INFO  execution-log - TC # : 2, Getting test data from DB
----------------
2018-11-13 18:46:51,066 INFO  execution-log - TC # : 2, Control map retrieval completed
----------------
2018-11-13 18:46:51,071 INFO  execution-log - TC # : 2, Test data retrieval completed
----------------
2018-11-13 18:46:51,073 INFO  execution-log - TC # : 2, Parsing commands
----------------
2018-11-13 18:46:51,074 INFO  execution-log - Loading captured values from persistence.
----------------
2018-11-13 18:46:51,075 INFO  execution-log - TC # : 2, Started executing test case in the HISCOX environment (http://hiscpvt.cloud.hiscox.com/oneshield/index.jsp#gateway)
----------------
2018-11-13 18:46:51,116 INFO  execution-log -  Beginning StartIterationCommand ( Iterations : 1 )
----------------
2018-11-13 18:46:51,118 INFO  execution-log - TC # : 2, Starting iteration #1
----------------
2018-11-13 18:46:51,119 INFO  execution-log - 	 Command completed.
----------------
2018-11-13 18:46:51,120 INFO  execution-log -  Beginning InvokeApplicationCommand ( Target :  )
----------------
2018-11-13 18:46:51,527 INFO  execution-log - 	 Command completed.
----------------
2018-11-13 18:46:51,528 INFO  execution-log -  Beginning PageCommand ( CurrentPage : Login, FlowIdentifier : 1, DiIndicator : DI )
----------------
2018-11-13 18:46:51,547 INFO  execution-log - 	 Command completed.
----------------
2018-11-13 18:46:51,549 INFO  execution-log -  Beginning LoadTestDataItemCommand ( CurrentPage : Login, FlowIdentifier : 1, DiIndicator : DI )
----------------
2018-11-13 18:46:51,563 INFO  execution-log - [Sequence No - 1] Beginning TestDataCommand ( LogicalFieldName : Partner Number, LogicalFieldValue : 0 )
----------------
2018-11-13 18:46:53,230 INFO  execution-log - [Sequence No - 1]	 Command completed.
----------------
2018-11-13 18:46:53,236 INFO  execution-log - [Sequence No - 2] Beginning TestDataCommand ( LogicalFieldName : Username, LogicalFieldValue : karthicuw )
----------------
2018-11-13 18:46:53,402 INFO  execution-log - [Sequence No - 2]	 Command completed.
----------------
2018-11-13 18:46:53,406 INFO  execution-log - [Sequence No - 3] Beginning TestDataCommand ( LogicalFieldName : Password, LogicalFieldValue : Monday!23 )
----------------
2018-11-13 18:46:53,540 INFO  execution-log - [Sequence No - 3]	 Command completed.
----------------
2018-11-13 18:46:53,545 INFO  execution-log - [Sequence No - 4] Beginning TestDataCommand ( LogicalFieldName : Partner Number, LogicalFieldValue : 0 )
----------------
2018-11-13 18:46:53,627 INFO  execution-log - [Sequence No - 4]	 Command completed.
----------------
2018-11-13 18:46:53,631 INFO  execution-log - [Sequence No - 5] Beginning ActionCommand ( LogicalFieldName : Login Page, LogicalFieldValue : Click )
----------------
2018-11-13 18:46:53,767 INFO  execution-log - [Sequence No - 5]	 Command completed.
----------------
2018-11-13 18:46:53,772 INFO  execution-log - [Sequence No - 6] Beginning ActionCommand ( LogicalFieldName : Login Button, LogicalFieldValue : Click )
----------------
2018-11-13 18:46:53,903 INFO  execution-log - [Sequence No - 6]	 Command completed.
----------------
2018-11-13 18:46:53,908 INFO  execution-log - [Sequence No - 7] Beginning TestDataCommand ( LogicalFieldName : Partner Number, LogicalFieldValue : 0 )
----------------
2018-11-13 18:46:53,986 INFO  execution-log - [Sequence No - 7]	 Command completed.
----------------
2018-11-13 18:46:53,988 INFO  execution-log - 	 Command completed.
----------------
2018-11-13 18:46:53,989 INFO  execution-log -  Beginning PageCommand ( CurrentPage : Quotes, FlowIdentifier : 1, DiIndicator : DI )
----------------
2018-11-13 18:46:53,989 INFO  execution-log - 	 Command completed.
----------------
2018-11-13 18:46:53,990 INFO  execution-log -  Beginning LoadTestDataItemCommand ( CurrentPage : Quotes, FlowIdentifier : 1, DiIndicator : DI )
----------------
2018-11-13 18:46:53,999 INFO  execution-log - [Sequence No - 8] Beginning WaitForControlCommand ( LogicalFieldName : Quotes_Link, LogicalFieldValue : True )
----------------
2018-11-13 18:46:54,636 INFO  execution-log - [Sequence No - 8]	 Command completed.
----------------
2018-11-13 18:46:54,641 INFO  execution-log - [Sequence No - 9] Beginning ActionCommand ( LogicalFieldName : Quotes_Link, LogicalFieldValue : Click )
----------------
2018-11-13 18:46:54,821 INFO  execution-log - [Sequence No - 9]	 Command completed.
----------------
2018-11-13 18:46:54,826 INFO  execution-log - [Sequence No - 10] Beginning WaitForControlCommand ( LogicalFieldName : New quote, LogicalFieldValue : True )
----------------
2018-11-13 18:46:56,544 INFO  execution-log - [Sequence No - 10]	 Command completed.
----------------
2018-11-13 18:46:56,549 INFO  execution-log - [Sequence No - 11] Beginning ActionCommand ( LogicalFieldName : New quote, LogicalFieldValue : Click )
----------------
2018-11-13 18:46:56,698 INFO  execution-log - [Sequence No - 11]	 Command completed.
----------------
2018-11-13 18:46:56,703 INFO  execution-log - [Sequence No - 12] Beginning ActionCommand ( LogicalFieldName : Select Producing Agency, LogicalFieldValue : Click-Wait(500) )
----------------
2018-11-13 18:46:57,997 INFO  execution-log - [Sequence No - 12]	 Command completed.
----------------
2018-11-13 18:46:58,001 INFO  execution-log - [Sequence No - 13] Beginning ActionCommand ( LogicalFieldName : Select Agency, LogicalFieldValue : Click )
----------------
2018-11-13 18:46:58,148 INFO  execution-log - [Sequence No - 13]	 Command completed.
----------------
2018-11-13 18:46:58,152 INFO  execution-log - [Sequence No - 14] Beginning WaitForControlCommand ( LogicalFieldName : Producer, LogicalFieldValue : True )
----------------
2018-11-13 18:46:59,694 INFO  execution-log - [Sequence No - 14]	 Command completed.
----------------
2018-11-13 18:46:59,698 INFO  execution-log - [Sequence No - 15] Beginning ActionCommand ( LogicalFieldName : Producer, LogicalFieldValue : Click-Wait(500) )
----------------
2018-11-13 18:47:00,833 INFO  execution-log - [Sequence No - 15]	 Command completed.
----------------
2018-11-13 18:47:00,841 INFO  execution-log - [Sequence No - 16] Beginning TestDataCommand ( LogicalFieldName : Producer, LogicalFieldValue : Agency  Producer )
----------------
2018-11-13 18:47:01,292 INFO  execution-log - [Sequence No - 16]	 Command completed.
----------------
2018-11-13 18:47:01,297 INFO  execution-log - [Sequence No - 17] Beginning TestDataCommand ( LogicalFieldName : First Name, LogicalFieldValue : HISCOX )
----------------
2018-11-13 18:47:01,499 INFO  execution-log - [Sequence No - 17]	 Command completed.
----------------
2018-11-13 18:47:01,503 INFO  execution-log - [Sequence No - 18] Beginning TestDataCommand ( LogicalFieldName : Last Name, LogicalFieldValue : Demo )
----------------
2018-11-13 18:47:01,675 INFO  execution-log - [Sequence No - 18]	 Command completed.
----------------
2018-11-13 18:47:01,679 INFO  execution-log - [Sequence No - 19] Beginning TestDataCommand ( LogicalFieldName : City, LogicalFieldValue : Atlanta )
----------------
2018-11-13 18:47:01,913 INFO  execution-log - [Sequence No - 19]	 Command completed.
----------------
2018-11-13 18:47:01,918 INFO  execution-log - [Sequence No - 20] Beginning TestDataCommand ( LogicalFieldName : State, LogicalFieldValue : Georgia )
----------------
2018-11-13 18:47:02,284 INFO  execution-log - [Sequence No - 20]	 Command completed.
----------------
2018-11-13 18:47:02,297 INFO  execution-log - [Sequence No - 21] Beginning TestDataCommand ( LogicalFieldName : Zip, LogicalFieldValue : 30338 )
----------------
2018-11-13 18:47:02,477 INFO  execution-log - [Sequence No - 21]	 Command completed.
----------------
2018-11-13 18:47:02,481 INFO  execution-log - [Sequence No - 22] Beginning TestDataCommand ( LogicalFieldName : Address Line 1, LogicalFieldValue : 1 Main st )
----------------
2018-11-13 18:47:02,720 INFO  execution-log - [Sequence No - 22]	 Command completed.
----------------
2018-11-13 18:47:02,725 INFO  execution-log - [Sequence No - 23] Beginning TestDataCommand ( LogicalFieldName : Address Line 2, LogicalFieldValue : 1 )
----------------
2018-11-13 18:47:02,844 INFO  execution-log - [Sequence No - 23]	 Command completed.
----------------
2018-11-13 18:47:02,848 INFO  execution-log - [Sequence No - 24] Beginning ActionCommand ( LogicalFieldName : Product line (errors and omissions), LogicalFieldValue : Click )
----------------
2018-11-13 18:47:03,011 INFO  execution-log - [Sequence No - 24]	 Command completed.
----------------
2018-11-13 18:47:03,016 INFO  execution-log - [Sequence No - 25] Beginning ActionCommand ( LogicalFieldName : Customer search, LogicalFieldValue : Click )
----------------
2018-11-13 18:47:03,266 INFO  execution-log - [Sequence No - 25]	 Command completed.
----------------
2018-11-13 18:47:03,267 INFO  execution-log - 	 Command completed.
----------------
2018-11-13 18:47:03,268 INFO  execution-log -  Beginning PageCommand ( CurrentPage : QuoteDetails, FlowIdentifier : 1, DiIndicator : DI )
----------------
2018-11-13 18:47:03,269 INFO  execution-log - 	 Command completed.
----------------
2018-11-13 18:47:03,270 INFO  execution-log -  Beginning LoadTestDataItemCommand ( CurrentPage : QuoteDetails, FlowIdentifier : 1, DiIndicator : DI )
----------------
2018-11-13 18:47:03,281 INFO  execution-log - [Sequence No - 26] Beginning WaitForControlCommand ( LogicalFieldName : Retro-active Date, LogicalFieldValue : True )
----------------
2018-11-13 18:47:09,789 INFO  execution-log - [Sequence No - 26]	 Command completed.
----------------
2018-11-13 18:47:09,794 INFO  execution-log - [Sequence No - 27] Beginning TestDataCommand ( LogicalFieldName : Rating Company, LogicalFieldValue : FDLI Protection Insurance Company )
----------------
2018-11-13 18:47:11,332 INFO  execution-log - [Sequence No - 27]	 Command completed.
----------------
2018-11-13 18:47:11,337 INFO  execution-log - [Sequence No - 28] Beginning TestDataCommand ( LogicalFieldName : Retro-active Date, LogicalFieldValue : 09/11/2018 )
----------------
2018-11-13 18:47:11,468 INFO  execution-log - [Sequence No - 28]	 Command completed.
----------------
2018-11-13 18:47:11,472 INFO  execution-log - [Sequence No - 29] Beginning TestDataCommand ( LogicalFieldName : Professional Liability Gross Sales, LogicalFieldValue : 100000 )
----------------
2018-11-13 18:47:11,585 INFO  execution-log - [Sequence No - 29]	 Command completed.
----------------
2018-11-13 18:47:11,591 INFO  execution-log - [Sequence No - 30] Beginning ActionCommand ( LogicalFieldName : QuoteDetails Page, LogicalFieldValue : Click )
----------------
2018-11-13 18:47:11,693 INFO  execution-log - [Sequence No - 30]	 Command completed.
----------------
2018-11-13 18:47:11,699 INFO  execution-log - [Sequence No - 31] Beginning ActionCommand ( LogicalFieldName : Save Changes, LogicalFieldValue : Click )
----------------
2018-11-13 18:47:11,849 INFO  execution-log - [Sequence No - 31]	 Command completed.
----------------
2018-11-13 18:47:11,857 INFO  execution-log - [Sequence No - 32] Beginning WaitForControlCommand ( LogicalFieldName : Rate Quote, LogicalFieldValue : True )
----------------
2018-11-13 18:47:12,660 INFO  execution-log - [Sequence No - 32]	 Command completed.
----------------
2018-11-13 18:47:12,666 INFO  execution-log - [Sequence No - 33] Beginning ActionCommand ( LogicalFieldName : Rate Quote, LogicalFieldValue : Click-Wait(1000) )
----------------
2018-11-13 18:47:14,799 INFO  execution-log - [Sequence No - 33]	 Command completed.
----------------
2018-11-13 18:47:14,805 INFO  execution-log - [Sequence No - 34] Beginning WaitForControlCommand ( LogicalFieldName : Request Issue, LogicalFieldValue : True )
----------------
2018-11-13 18:47:20,726 INFO  execution-log - [Sequence No - 34]	 Command completed.
----------------
2018-11-13 18:47:20,732 INFO  execution-log - [Sequence No - 35] Beginning ActionCommand ( LogicalFieldName : Request Issue, LogicalFieldValue : Click-Wait(1000) )
----------------
2018-11-13 18:47:22,874 INFO  execution-log - [Sequence No - 35]	 Command completed.
----------------
2018-11-13 18:47:22,879 INFO  execution-log - [Sequence No - 36] Beginning WaitForControlCommand ( LogicalFieldName : Next, LogicalFieldValue : True )
----------------
2018-11-13 18:47:23,583 INFO  execution-log - [Sequence No - 36]	 Command completed.
----------------
2018-11-13 18:47:23,587 INFO  execution-log - [Sequence No - 37] Beginning ActionCommand ( LogicalFieldName : Next, LogicalFieldValue : Click )
----------------
2018-11-13 18:47:23,705 INFO  execution-log - [Sequence No - 37]	 Command completed.
----------------
2018-11-13 18:47:23,707 INFO  execution-log - 	 Command completed.
----------------
2018-11-13 18:47:23,708 INFO  execution-log -  Beginning PageCommand ( CurrentPage : Payment Profile, FlowIdentifier : 1, DiIndicator : DI )
----------------
2018-11-13 18:47:23,709 INFO  execution-log - 	 Command completed.
----------------
2018-11-13 18:47:23,710 INFO  execution-log -  Beginning LoadTestDataItemCommand ( CurrentPage : Payment Profile, FlowIdentifier : 1, DiIndicator : DI )
----------------
2018-11-13 18:47:23,718 INFO  execution-log - [Sequence No - 38] Beginning WaitForControlCommand ( LogicalFieldName : Check Payment, LogicalFieldValue : True )
----------------
2018-11-13 18:47:25,519 INFO  execution-log - [Sequence No - 38]	 Command completed.
----------------
2018-11-13 18:47:25,527 INFO  execution-log - [Sequence No - 39] Beginning ActionCommand ( LogicalFieldName : Check Payment, LogicalFieldValue : Click )
----------------
2018-11-13 18:47:25,634 INFO  execution-log - [Sequence No - 39]	 Command completed.
----------------
2018-11-13 18:47:25,638 INFO  execution-log - [Sequence No - 40] Beginning ActionCommand ( LogicalFieldName : Next, LogicalFieldValue : Click-Wait(1000) )
----------------
2018-11-13 18:47:27,919 INFO  execution-log - [Sequence No - 40]	 Command completed.
----------------
2018-11-13 18:47:27,920 INFO  execution-log - 	 Command completed.
----------------
2018-11-13 18:47:27,922 INFO  execution-log -  Beginning PageCommand ( CurrentPage : Billing Choices, FlowIdentifier : 1, DiIndicator : DI )
----------------
2018-11-13 18:47:27,924 INFO  execution-log - 	 Command completed.
----------------
2018-11-13 18:47:27,925 INFO  execution-log -  Beginning LoadTestDataItemCommand ( CurrentPage : Billing Choices, FlowIdentifier : 1, DiIndicator : DI )
----------------
2018-11-13 18:47:27,930 INFO  execution-log - [Sequence No - 41] Beginning WaitForControlCommand ( LogicalFieldName : Email Address, LogicalFieldValue : True )
----------------
2018-11-13 18:47:27,971 INFO  execution-log - [Sequence No - 41]	 Command completed.
----------------
2018-11-13 18:47:27,976 INFO  execution-log - [Sequence No - 42] Beginning ActionCommand ( LogicalFieldName : Email Address, LogicalFieldValue : Click-Wait(2000) )
----------------
2018-11-13 18:47:32,104 INFO  execution-log - [Sequence No - 42]	 Command completed.
----------------
2018-11-13 18:47:32,109 INFO  execution-log - [Sequence No - 43] Beginning TestDataCommand ( LogicalFieldName : Email Address, LogicalFieldValue : EMAILID )
----------------
2018-11-13 18:47:32,393 INFO  execution-log - [Sequence No - 43]	 Command completed.
----------------
2018-11-13 18:47:32,397 INFO  execution-log - [Sequence No - 44] Beginning ActionCommand ( LogicalFieldName : Billing Choices Page, LogicalFieldValue : Click )
----------------
2018-11-13 18:47:32,484 INFO  execution-log - [Sequence No - 44]	 Command completed.
----------------
2018-11-13 18:47:32,489 INFO  execution-log - [Sequence No - 45] Beginning ActionCommand ( LogicalFieldName : Next, LogicalFieldValue : Click-Wait(2000) )
----------------
2018-11-13 18:47:36,660 INFO  execution-log - [Sequence No - 45]	 Command completed.
----------------
2018-11-13 18:47:36,661 INFO  execution-log - 	 Command completed.
----------------
2018-11-13 18:47:36,662 INFO  execution-log -  Beginning PageCommand ( CurrentPage : Quote Bind, FlowIdentifier : 1, DiIndicator : DI )
----------------
2018-11-13 18:47:36,663 INFO  execution-log - 	 Command completed.
----------------
2018-11-13 18:47:36,664 INFO  execution-log -  Beginning LoadTestDataItemCommand ( CurrentPage : Quote Bind, FlowIdentifier : 1, DiIndicator : DI )
----------------
2018-11-13 18:47:36,669 INFO  execution-log - [Sequence No - 46] Beginning WaitForControlCommand ( LogicalFieldName : Bind, LogicalFieldValue : True )
----------------
2018-11-13 18:47:36,707 INFO  execution-log - [Sequence No - 46]	 Command completed.
----------------
2018-11-13 18:47:36,711 INFO  execution-log - [Sequence No - 47] Beginning ActionCommand ( LogicalFieldName : Bind, LogicalFieldValue : Click-Wait(2000) )
----------------
2018-11-13 18:47:40,836 INFO  execution-log - [Sequence No - 47]	 Command completed.
----------------
2018-11-13 18:47:40,839 INFO  execution-log - 	 Command completed.
----------------
2018-11-13 18:47:40,840 INFO  execution-log -  Beginning PageCommand ( CurrentPage : Summary, FlowIdentifier : 1, DiIndicator : DI )
----------------
2018-11-13 18:47:40,841 INFO  execution-log - 	 Command completed.
----------------
2018-11-13 18:47:40,842 INFO  execution-log -  Beginning LoadTestDataItemCommand ( CurrentPage : Summary, FlowIdentifier : 1, DiIndicator : DI )
----------------
2018-11-13 18:47:40,847 INFO  execution-log - [Sequence No - 48] Beginning WaitForControlCommand ( LogicalFieldName : Exit Policy, LogicalFieldValue : True )
----------------
2018-11-13 18:47:48,733 INFO  execution-log - [Sequence No - 48]	 Command completed.
----------------
2018-11-13 18:47:48,737 INFO  execution-log - [Sequence No - 49] Beginning GetControlValueCommand ( LogicalFieldName : Policy#, LogicalFieldValue : True )
----------------
2018-11-13 18:47:50,970 ERROR execution-log - TC # : 2, Tried Switch to IFrame, but the Policy# control never appeared.
----------------
2018-11-13 18:47:58,995 ERROR execution-log - TC # : 2, Tried Switch to IFrame, but the Policy# control never appeared.
----------------
2018-11-13 18:47:58,997 ERROR execution-log - TC # : 2, No more iterations to run. Test execution will abort.
----------------
2018-11-13 18:47:58,998 ERROR execution-log - TC # : 2, Framework failed to run the test due to a test configuration error.
	VM.Platform.TestAutomationFramework.Core.Exceptions.WorkflowFailedException: Tried Switch to IFrame, but the Policy# control never appeared. ---> System.Collections.Generic.KeyNotFoundException: The given key was not present in the dictionary.
   at System.Collections.Generic.Dictionary`2.get_Item(TKey key)
   at VM.Platform.TestAutomationFramework.UIAutomation.FrameHandler.TrySwitchToIFrame(TestRunContext context) in C:\Users\DasariW\Desktop\VM Framework\v4Dev_Updated\v4Dev_Updated\VMTestAutomation\Src\Framework.UIAutomation\FrameHandler.cs:line 74
   at VM.Platform.TestAutomationFramework.UIAutomation.FrameHandler..ctor(IUiAdapter uiAdapter, TestRunContext context, String logicalFieldName) in C:\Users\DasariW\Desktop\VM Framework\v4Dev_Updated\v4Dev_Updated\VMTestAutomation\Src\Framework.UIAutomation\FrameHandler.cs:line 26
   --- End of inner exception stack trace ---
   at VM.Platform.TestAutomationFramework.UIAutomation.FrameHandler..ctor(IUiAdapter uiAdapter, TestRunContext context, String logicalFieldName) in C:\Users\DasariW\Desktop\VM Framework\v4Dev_Updated\v4Dev_Updated\VMTestAutomation\Src\Framework.UIAutomation\FrameHandler.cs:line 31
   at VM.Platform.TestAutomationFramework.UIAutomation.Commands.Interactions.GetControlValueCommand.Execute(TestRunContext context) in C:\Users\DasariW\Desktop\VM Framework\v4Dev_Updated\v4Dev_Updated\VMTestAutomation\Src\Framework.UIAutomation\Commands\Interactions\GetControlValueCommand.cs:line 23
   at VM.Platform.TestAutomationFramework.Core.Decorators.CommandDecorator.Execute(TestRunContext context) in C:\Users\DasariW\Desktop\VM Framework\v4Dev_Updated\v4Dev_Updated\VMTestAutomation\Src\Framework.Core\Decorators\CommandDecorator.cs:line 22
   at VM.Platform.TestAutomationFramework.Core.Decorators.CommandLogger.Execute(TestRunContext context) in C:\Users\DasariW\Desktop\VM Framework\v4Dev_Updated\v4Dev_Updated\VMTestAutomation\Src\Framework.Core\Decorators\CommandLogger.cs:line 93
   at VM.Platform.TestAutomationFramework.Core.Decorators.CommandDecorator.Execute(TestRunContext context) in C:\Users\DasariW\Desktop\VM Framework\v4Dev_Updated\v4Dev_Updated\VMTestAutomation\Src\Framework.Core\Decorators\CommandDecorator.cs:line 22
   at VM.Platform.TestAutomationFramework.Core.Decorators.CommandErrorHandler.Execute(TestRunContext context) in C:\Users\DasariW\Desktop\VM Framework\v4Dev_Updated\v4Dev_Updated\VMTestAutomation\Src\Framework.Core\Decorators\CommandErrorHandler.cs:line 65
   at VM.Platform.TestAutomationFramework.Core.Decorators.CommandDecorator.Execute(TestRunContext context) in C:\Users\DasariW\Desktop\VM Framework\v4Dev_Updated\v4Dev_Updated\VMTestAutomation\Src\Framework.Core\Decorators\CommandDecorator.cs:line 22
   at VM.Platform.TestAutomationFramework.Core.Decorators.CommandTimer.Execute(TestRunContext context) in C:\Users\DasariW\Desktop\VM Framework\v4Dev_Updated\v4Dev_Updated\VMTestAutomation\Src\Framework.Core\Decorators\CommandTimer.cs:line 26
   at VM.Platform.TestAutomationFramework.Core.Decorators.CommandDecorator.Execute(TestRunContext context) in C:\Users\DasariW\Desktop\VM Framework\v4Dev_Updated\v4Dev_Updated\VMTestAutomation\Src\Framework.Core\Decorators\CommandDecorator.cs:line 22
   at VM.Platform.TestAutomationFramework.Core.Decorators.IgnorePagesDecorator.Execute(TestRunContext context) in C:\Users\DasariW\Desktop\VM Framework\v4Dev_Updated\v4Dev_Updated\VMTestAutomation\Src\Framework.Core\Decorators\IgnorePagesDecorator.cs:line 24
   at VM.Platform.TestAutomationFramework.UIAutomation.Commands.Workflow.LoadTestDataItemCommand.Execute(TestRunContext context) in C:\Users\DasariW\Desktop\VM Framework\v4Dev_Updated\v4Dev_Updated\VMTestAutomation\Src\Framework.UIAutomation\Commands\Workflow\LoadTestDataItemCommand.cs:line 96
   at VM.Platform.TestAutomationFramework.Core.Decorators.CommandDecorator.Execute(TestRunContext context) in C:\Users\DasariW\Desktop\VM Framework\v4Dev_Updated\v4Dev_Updated\VMTestAutomation\Src\Framework.Core\Decorators\CommandDecorator.cs:line 22
   at VM.Platform.TestAutomationFramework.Core.Decorators.CommandLogger.Execute(TestRunContext context) in C:\Users\DasariW\Desktop\VM Framework\v4Dev_Updated\v4Dev_Updated\VMTestAutomation\Src\Framework.Core\Decorators\CommandLogger.cs:line 93
   at VM.Platform.TestAutomationFramework.Core.Decorators.CommandDecorator.Execute(TestRunContext context) in C:\Users\DasariW\Desktop\VM Framework\v4Dev_Updated\v4Dev_Updated\VMTestAutomation\Src\Framework.Core\Decorators\CommandDecorator.cs:line 22
   at VM.Platform.TestAutomationFramework.Core.Decorators.CommandErrorHandler.Execute(TestRunContext context) in C:\Users\DasariW\Desktop\VM Framework\v4Dev_Updated\v4Dev_Updated\VMTestAutomation\Src\Framework.Core\Decorators\CommandErrorHandler.cs:line 65
   at VM.Platform.TestAutomationFramework.Core.Decorators.CommandDecorator.Execute(TestRunContext context) in C:\Users\DasariW\Desktop\VM Framework\v4Dev_Updated\v4Dev_Updated\VMTestAutomation\Src\Framework.Core\Decorators\CommandDecorator.cs:line 22
   at VM.Platform.TestAutomationFramework.Core.Decorators.CommandTimer.Execute(TestRunContext context) in C:\Users\DasariW\Desktop\VM Framework\v4Dev_Updated\v4Dev_Updated\VMTestAutomation\Src\Framework.Core\Decorators\CommandTimer.cs:line 26
   at VM.Platform.TestAutomationFramework.Core.Decorators.CommandDecorator.Execute(TestRunContext context) in C:\Users\DasariW\Desktop\VM Framework\v4Dev_Updated\v4Dev_Updated\VMTestAutomation\Src\Framework.Core\Decorators\CommandDecorator.cs:line 22
   at VM.Platform.TestAutomationFramework.Core.Decorators.IgnorePagesDecorator.Execute(TestRunContext context) in C:\Users\DasariW\Desktop\VM Framework\v4Dev_Updated\v4Dev_Updated\VMTestAutomation\Src\Framework.Core\Decorators\IgnorePagesDecorator.cs:line 24
   at VM.Platform.TestAutomationFramework.Core.TestCommandRunner.Execute(TestRunContext testRunContext) in C:\Users\DasariW\Desktop\VM Framework\v4Dev_Updated\v4Dev_Updated\VMTestAutomation\Src\Framework.Core\TestCommandRunner.cs:line 75
   at VM.Platform.TestAutomationFramework.Core.SingleTestCaseRunner.ExecuteSingleTestCase(Int32 testCaseId, String targetEnvironment, String repositiory, Int32 Retry) in C:\Users\DasariW\Desktop\VM Framework\v4Dev_Updated\v4Dev_Updated\VMTestAutomation\Src\Framework.Core\SingleTestCaseRunner.cs:line 167
----------------
2018-11-13 18:47:59,007 INFO  execution-log - Saving captured values to file.
----------------
2018-11-13 18:47:59,008 ERROR execution-log - TC # : 2,  has failed
----------------
