2018-11-14 15:13:56,666 INFO  execution-log - 	Initializing control map with map # Master
----------------
2018-11-14 15:13:56,666 INFO  execution-log - Initializing Test Automation
----------------
2018-11-14 15:13:56,666 INFO  execution-log - 	target browser: Chrome
----------------
2018-11-14 15:13:56,666 INFO  execution-log - TC # : 2, Downloading test case from DB
----------------
2018-11-14 15:13:56,666 INFO  execution-log - TC # : 2, Getting control map :Master from DB
----------------
2018-11-14 15:13:56,666 INFO  execution-log - TC # : 2, Getting test data from DB
----------------
2018-11-14 15:13:56,666 INFO  execution-log - TC # : 2, Control map retrieval completed
----------------
2018-11-14 15:13:56,666 INFO  execution-log - TC # : 2, Test data retrieval completed
----------------
2018-11-14 15:13:56,666 INFO  execution-log - TC # : 2, Parsing commands
----------------
2018-11-14 15:13:56,666 INFO  execution-log - Loading captured values from persistence.
----------------
2018-11-14 15:13:56,666 INFO  execution-log - TC # : 2, Started executing test case in the HISCOX environment (http://hiscpvt.cloud.hiscox.com/oneshield/index.jsp#gateway)
----------------
2018-11-14 15:13:56,728 INFO  execution-log -  Beginning StartIterationCommand ( Iterations : 1 )
----------------
2018-11-14 15:13:56,728 INFO  execution-log - TC # : 2, Starting iteration #1
----------------
2018-11-14 15:13:56,728 INFO  execution-log - 	 Command completed.
----------------
2018-11-14 15:13:56,728 INFO  execution-log -  Beginning InvokeApplicationCommand ( Target :  )
----------------
2018-11-14 15:13:57,028 INFO  execution-log - 	 Command completed.
----------------
2018-11-14 15:13:57,032 INFO  execution-log -  Beginning PageCommand ( CurrentPage : Login, FlowIdentifier : 1, DiIndicator : DI )
----------------
2018-11-14 15:13:57,033 INFO  execution-log - 	 Command completed.
----------------
2018-11-14 15:13:57,034 INFO  execution-log -  Beginning LoadTestDataItemCommand ( CurrentPage : Login, FlowIdentifier : 1, DiIndicator : DI )
----------------
2018-11-14 15:13:57,046 INFO  execution-log - [Sequence No - 1] Beginning TestDataCommand ( LogicalFieldName : Partner Number, LogicalFieldValue : 0 )
----------------
2018-11-14 15:13:58,542 INFO  execution-log - [Sequence No - 1]	 Command completed.
----------------
2018-11-14 15:13:58,546 INFO  execution-log - [Sequence No - 2] Beginning TestDataCommand ( LogicalFieldName : Username, LogicalFieldValue : karthicuw )
----------------
2018-11-14 15:13:58,710 INFO  execution-log - [Sequence No - 2]	 Command completed.
----------------
2018-11-14 15:13:58,715 INFO  execution-log - [Sequence No - 3] Beginning TestDataCommand ( LogicalFieldName : Password, LogicalFieldValue : Monday!23 )
----------------
2018-11-14 15:13:58,857 INFO  execution-log - [Sequence No - 3]	 Command completed.
----------------
2018-11-14 15:13:58,863 INFO  execution-log - [Sequence No - 4] Beginning TestDataCommand ( LogicalFieldName : Partner Number, LogicalFieldValue : 0 )
----------------
2018-11-14 15:13:58,949 INFO  execution-log - [Sequence No - 4]	 Command completed.
----------------
2018-11-14 15:13:58,953 INFO  execution-log - [Sequence No - 5] Beginning ActionCommand ( LogicalFieldName : Login Page, LogicalFieldValue : Click )
----------------
2018-11-14 15:13:59,077 INFO  execution-log - [Sequence No - 5]	 Command completed.
----------------
2018-11-14 15:13:59,081 INFO  execution-log - [Sequence No - 6] Beginning ActionCommand ( LogicalFieldName : Login Button, LogicalFieldValue : Click )
----------------
2018-11-14 15:13:59,246 INFO  execution-log - [Sequence No - 6]	 Command completed.
----------------
2018-11-14 15:13:59,252 INFO  execution-log - [Sequence No - 7] Beginning TestDataCommand ( LogicalFieldName : Partner Number, LogicalFieldValue : 0 )
----------------
2018-11-14 15:13:59,348 INFO  execution-log - [Sequence No - 7]	 Command completed.
----------------
2018-11-14 15:13:59,350 INFO  execution-log - 	 Command completed.
----------------
2018-11-14 15:13:59,350 INFO  execution-log -  Beginning PageCommand ( CurrentPage : Quotes, FlowIdentifier : 1, DiIndicator : DI )
----------------
2018-11-14 15:13:59,351 INFO  execution-log - 	 Command completed.
----------------
2018-11-14 15:13:59,352 INFO  execution-log -  Beginning LoadTestDataItemCommand ( CurrentPage : Quotes, FlowIdentifier : 1, DiIndicator : DI )
----------------
2018-11-14 15:13:59,359 INFO  execution-log - [Sequence No - 8] Beginning WaitForControlCommand ( LogicalFieldName : Quotes_Link, LogicalFieldValue : True )
----------------
2018-11-14 15:13:59,995 INFO  execution-log - [Sequence No - 8]	 Command completed.
----------------
2018-11-14 15:13:59,999 INFO  execution-log - [Sequence No - 9] Beginning ActionCommand ( LogicalFieldName : Quotes_Link, LogicalFieldValue : Click )
----------------
2018-11-14 15:14:00,261 INFO  execution-log - [Sequence No - 9]	 Command completed.
----------------
2018-11-14 15:14:00,265 INFO  execution-log - [Sequence No - 10] Beginning WaitForControlCommand ( LogicalFieldName : New quote, LogicalFieldValue : True )
----------------
2018-11-14 15:14:01,938 INFO  execution-log - [Sequence No - 10]	 Command completed.
----------------
2018-11-14 15:14:01,940 INFO  execution-log - [Sequence No - 11] Beginning ActionCommand ( LogicalFieldName : New quote, LogicalFieldValue : Click )
----------------
2018-11-14 15:14:02,136 INFO  execution-log - [Sequence No - 11]	 Command completed.
----------------
2018-11-14 15:14:02,140 INFO  execution-log - [Sequence No - 12] Beginning ActionCommand ( LogicalFieldName : Select Producing Agency, LogicalFieldValue : Click-Wait(500) )
----------------
2018-11-14 15:14:03,407 INFO  execution-log - [Sequence No - 12]	 Command completed.
----------------
2018-11-14 15:14:03,413 INFO  execution-log - [Sequence No - 13] Beginning ActionCommand ( LogicalFieldName : Select Agency, LogicalFieldValue : Click )
----------------
2018-11-14 15:14:03,575 INFO  execution-log - [Sequence No - 13]	 Command completed.
----------------
2018-11-14 15:14:03,580 INFO  execution-log - [Sequence No - 14] Beginning WaitForControlCommand ( LogicalFieldName : Producer, LogicalFieldValue : True )
----------------
2018-11-14 15:14:05,097 INFO  execution-log - [Sequence No - 14]	 Command completed.
----------------
2018-11-14 15:14:05,101 INFO  execution-log - [Sequence No - 15] Beginning ActionCommand ( LogicalFieldName : Producer, LogicalFieldValue : Click-Wait(500) )
----------------
2018-11-14 15:14:06,253 INFO  execution-log - [Sequence No - 15]	 Command completed.
----------------
2018-11-14 15:14:06,257 INFO  execution-log - [Sequence No - 16] Beginning TestDataCommand ( LogicalFieldName : Producer, LogicalFieldValue : Agency  Producer )
----------------
2018-11-14 15:14:06,630 INFO  execution-log - [Sequence No - 16]	 Command completed.
----------------
2018-11-14 15:14:06,635 INFO  execution-log - [Sequence No - 17] Beginning TestDataCommand ( LogicalFieldName : First Name, LogicalFieldValue : HISCOX )
----------------
2018-11-14 15:14:06,827 INFO  execution-log - [Sequence No - 17]	 Command completed.
----------------
2018-11-14 15:14:06,833 INFO  execution-log - [Sequence No - 18] Beginning TestDataCommand ( LogicalFieldName : Last Name, LogicalFieldValue : Demo )
----------------
2018-11-14 15:14:06,983 INFO  execution-log - [Sequence No - 18]	 Command completed.
----------------
2018-11-14 15:14:06,988 INFO  execution-log - [Sequence No - 19] Beginning TestDataCommand ( LogicalFieldName : City, LogicalFieldValue : Atlanta )
----------------
2018-11-14 15:14:07,194 INFO  execution-log - [Sequence No - 19]	 Command completed.
----------------
2018-11-14 15:14:07,198 INFO  execution-log - [Sequence No - 20] Beginning TestDataCommand ( LogicalFieldName : State, LogicalFieldValue : Georgia )
----------------
2018-11-14 15:14:07,477 INFO  execution-log - [Sequence No - 20]	 Command completed.
----------------
2018-11-14 15:14:07,481 INFO  execution-log - [Sequence No - 21] Beginning TestDataCommand ( LogicalFieldName : Zip, LogicalFieldValue : 30338 )
----------------
2018-11-14 15:14:07,622 INFO  execution-log - [Sequence No - 21]	 Command completed.
----------------
2018-11-14 15:14:07,626 INFO  execution-log - [Sequence No - 22] Beginning TestDataCommand ( LogicalFieldName : Address Line 1, LogicalFieldValue : 1 Main st )
----------------
2018-11-14 15:14:07,845 INFO  execution-log - [Sequence No - 22]	 Command completed.
----------------
2018-11-14 15:14:07,849 INFO  execution-log - [Sequence No - 23] Beginning TestDataCommand ( LogicalFieldName : Address Line 2, LogicalFieldValue : 1 )
----------------
2018-11-14 15:14:07,956 INFO  execution-log - [Sequence No - 23]	 Command completed.
----------------
2018-11-14 15:14:07,960 INFO  execution-log - [Sequence No - 24] Beginning ActionCommand ( LogicalFieldName : Product line (errors and omissions), LogicalFieldValue : Click )
----------------
2018-11-14 15:14:08,125 INFO  execution-log - [Sequence No - 24]	 Command completed.
----------------
2018-11-14 15:14:08,129 INFO  execution-log - [Sequence No - 25] Beginning ActionCommand ( LogicalFieldName : Customer search, LogicalFieldValue : Click )
----------------
2018-11-14 15:14:08,355 INFO  execution-log - [Sequence No - 25]	 Command completed.
----------------
2018-11-14 15:14:08,357 INFO  execution-log - 	 Command completed.
----------------
2018-11-14 15:14:08,358 INFO  execution-log -  Beginning PageCommand ( CurrentPage : QuoteDetails, FlowIdentifier : 1, DiIndicator : DI )
----------------
2018-11-14 15:14:08,358 INFO  execution-log - 	 Command completed.
----------------
2018-11-14 15:14:08,359 INFO  execution-log -  Beginning LoadTestDataItemCommand ( CurrentPage : QuoteDetails, FlowIdentifier : 1, DiIndicator : DI )
----------------
2018-11-14 15:14:08,377 INFO  execution-log - [Sequence No - 26] Beginning WaitForControlCommand ( LogicalFieldName : Retro-active Date, LogicalFieldValue : True )
----------------
2018-11-14 15:14:14,886 INFO  execution-log - [Sequence No - 26]	 Command completed.
----------------
2018-11-14 15:14:14,890 INFO  execution-log - [Sequence No - 27] Beginning TestDataCommand ( LogicalFieldName : Rating Company, LogicalFieldValue : FDLI Protection Insurance Company )
----------------
2018-11-14 15:14:16,487 INFO  execution-log - [Sequence No - 27]	 Command completed.
----------------
2018-11-14 15:14:16,492 INFO  execution-log - [Sequence No - 28] Beginning TestDataCommand ( LogicalFieldName : Retro-active Date, LogicalFieldValue : 09/11/2018 )
----------------
2018-11-14 15:14:16,640 INFO  execution-log - [Sequence No - 28]	 Command completed.
----------------
2018-11-14 15:14:16,646 INFO  execution-log - [Sequence No - 29] Beginning TestDataCommand ( LogicalFieldName : Professional Liability Gross Sales, LogicalFieldValue : 100000 )
----------------
2018-11-14 15:14:16,761 INFO  execution-log - [Sequence No - 29]	 Command completed.
----------------
2018-11-14 15:14:16,766 INFO  execution-log - [Sequence No - 30] Beginning ActionCommand ( LogicalFieldName : QuoteDetails Page, LogicalFieldValue : Click )
----------------
2018-11-14 15:14:16,875 INFO  execution-log - [Sequence No - 30]	 Command completed.
----------------
2018-11-14 15:14:16,880 INFO  execution-log - [Sequence No - 31] Beginning ActionCommand ( LogicalFieldName : Save Changes, LogicalFieldValue : Click )
----------------
2018-11-14 15:14:16,992 INFO  execution-log - [Sequence No - 31]	 Command completed.
----------------
2018-11-14 15:14:16,996 INFO  execution-log - [Sequence No - 32] Beginning WaitForControlCommand ( LogicalFieldName : Rate Quote, LogicalFieldValue : True )
----------------
2018-11-14 15:14:17,726 INFO  execution-log - [Sequence No - 32]	 Command completed.
----------------
2018-11-14 15:14:17,731 INFO  execution-log - [Sequence No - 33] Beginning ActionCommand ( LogicalFieldName : Rate Quote, LogicalFieldValue : Click-Wait(1000) )
----------------
2018-11-14 15:14:19,926 INFO  execution-log - [Sequence No - 33]	 Command completed.
----------------
2018-11-14 15:14:19,931 INFO  execution-log - [Sequence No - 34] Beginning WaitForControlCommand ( LogicalFieldName : Request Issue, LogicalFieldValue : True )
----------------
2018-11-14 15:14:25,874 INFO  execution-log - [Sequence No - 34]	 Command completed.
----------------
2018-11-14 15:14:25,874 INFO  execution-log - [Sequence No - 35] Beginning ActionCommand ( LogicalFieldName : Request Issue, LogicalFieldValue : Click-Wait(1000) )
----------------
2018-11-14 15:14:28,046 INFO  execution-log - [Sequence No - 35]	 Command completed.
----------------
2018-11-14 15:14:28,051 INFO  execution-log - [Sequence No - 36] Beginning WaitForControlCommand ( LogicalFieldName : Next, LogicalFieldValue : True )
----------------
2018-11-14 15:14:28,510 INFO  execution-log - [Sequence No - 36]	 Command completed.
----------------
2018-11-14 15:14:28,514 INFO  execution-log - [Sequence No - 37] Beginning ActionCommand ( LogicalFieldName : Next, LogicalFieldValue : Click )
----------------
2018-11-14 15:14:28,611 INFO  execution-log - [Sequence No - 37]	 Command completed.
----------------
2018-11-14 15:14:28,612 INFO  execution-log - 	 Command completed.
----------------
2018-11-14 15:14:28,613 INFO  execution-log -  Beginning PageCommand ( CurrentPage : Payment Profile, FlowIdentifier : 1, DiIndicator : DI )
----------------
2018-11-14 15:14:28,614 INFO  execution-log - 	 Command completed.
----------------
2018-11-14 15:14:28,614 INFO  execution-log -  Beginning LoadTestDataItemCommand ( CurrentPage : Payment Profile, FlowIdentifier : 1, DiIndicator : DI )
----------------
2018-11-14 15:14:28,620 INFO  execution-log - [Sequence No - 38] Beginning WaitForControlCommand ( LogicalFieldName : Check Payment, LogicalFieldValue : True )
----------------
2018-11-14 15:14:29,815 INFO  execution-log - [Sequence No - 38]	 Command completed.
----------------
2018-11-14 15:14:29,819 INFO  execution-log - [Sequence No - 39] Beginning ActionCommand ( LogicalFieldName : Check Payment, LogicalFieldValue : Click )
----------------
2018-11-14 15:14:29,940 INFO  execution-log - [Sequence No - 39]	 Command completed.
----------------
2018-11-14 15:14:29,945 INFO  execution-log - [Sequence No - 40] Beginning ActionCommand ( LogicalFieldName : Next, LogicalFieldValue : Click-Wait(1000) )
----------------
2018-11-14 15:14:32,118 INFO  execution-log - [Sequence No - 40]	 Command completed.
----------------
2018-11-14 15:14:32,119 INFO  execution-log - 	 Command completed.
----------------
2018-11-14 15:14:32,119 INFO  execution-log -  Beginning PageCommand ( CurrentPage : Billing Choices, FlowIdentifier : 1, DiIndicator : DI )
----------------
2018-11-14 15:14:32,121 INFO  execution-log - 	 Command completed.
----------------
2018-11-14 15:14:32,122 INFO  execution-log -  Beginning LoadTestDataItemCommand ( CurrentPage : Billing Choices, FlowIdentifier : 1, DiIndicator : DI )
----------------
2018-11-14 15:14:32,127 INFO  execution-log - [Sequence No - 41] Beginning WaitForControlCommand ( LogicalFieldName : Email Address, LogicalFieldValue : True )
----------------
2018-11-14 15:14:32,169 INFO  execution-log - [Sequence No - 41]	 Command completed.
----------------
2018-11-14 15:14:32,174 INFO  execution-log - [Sequence No - 42] Beginning ActionCommand ( LogicalFieldName : Email Address, LogicalFieldValue : Click-Wait(2000) )
----------------
2018-11-14 15:14:37,337 INFO  execution-log - [Sequence No - 42]	 Command completed.
----------------
2018-11-14 15:14:37,337 INFO  execution-log - [Sequence No - 43] Beginning TestDataCommand ( LogicalFieldName : Email Address, LogicalFieldValue : EMAILID )
----------------
2018-11-14 15:14:37,575 INFO  execution-log - [Sequence No - 43]	 Command completed.
----------------
2018-11-14 15:14:37,580 INFO  execution-log - [Sequence No - 44] Beginning ActionCommand ( LogicalFieldName : Billing Choices Page, LogicalFieldValue : Click )
----------------
2018-11-14 15:14:37,689 INFO  execution-log - [Sequence No - 44]	 Command completed.
----------------
2018-11-14 15:14:37,694 INFO  execution-log - [Sequence No - 45] Beginning ActionCommand ( LogicalFieldName : Next, LogicalFieldValue : Click-Wait(2000) )
----------------
2018-11-14 15:14:41,946 INFO  execution-log - [Sequence No - 45]	 Command completed.
----------------
2018-11-14 15:14:41,946 INFO  execution-log - 	 Command completed.
----------------
2018-11-14 15:14:41,946 INFO  execution-log -  Beginning PageCommand ( CurrentPage : Quote Bind, FlowIdentifier : 1, DiIndicator : DI )
----------------
2018-11-14 15:14:41,946 INFO  execution-log - 	 Command completed.
----------------
2018-11-14 15:14:41,946 INFO  execution-log -  Beginning LoadTestDataItemCommand ( CurrentPage : Quote Bind, FlowIdentifier : 1, DiIndicator : DI )
----------------
2018-11-14 15:14:41,946 INFO  execution-log - [Sequence No - 46] Beginning WaitForControlCommand ( LogicalFieldName : Bind, LogicalFieldValue : True )
----------------
2018-11-14 15:14:41,998 INFO  execution-log - [Sequence No - 46]	 Command completed.
----------------
2018-11-14 15:14:41,998 INFO  execution-log - [Sequence No - 47] Beginning ActionCommand ( LogicalFieldName : Bind, LogicalFieldValue : Click-Wait(2000) )
----------------
2018-11-14 15:14:46,122 INFO  execution-log - [Sequence No - 47]	 Command completed.
----------------
2018-11-14 15:14:46,123 INFO  execution-log - 	 Command completed.
----------------
2018-11-14 15:14:46,124 INFO  execution-log -  Beginning PageCommand ( CurrentPage : Summary, FlowIdentifier : 1, DiIndicator : DI )
----------------
2018-11-14 15:14:46,125 INFO  execution-log - 	 Command completed.
----------------
2018-11-14 15:14:46,126 INFO  execution-log -  Beginning LoadTestDataItemCommand ( CurrentPage : Summary, FlowIdentifier : 1, DiIndicator : DI )
----------------
2018-11-14 15:14:46,134 INFO  execution-log - [Sequence No - 48] Beginning WaitForControlCommand ( LogicalFieldName : Exit Policy, LogicalFieldValue : True )
----------------
2018-11-14 15:14:50,851 INFO  execution-log - [Sequence No - 48]	 Command completed.
----------------
2018-11-14 15:14:50,851 INFO  execution-log - [Sequence No - 49] Beginning GetControlValueCommand ( LogicalFieldName : Policy#, LogicalFieldValue : {PolicyNumber} )
----------------
2018-11-14 15:14:53,496 ERROR execution-log - TC # : 2, Tried Switch to IFrame, but the Policy# control never appeared.
----------------
2018-11-14 15:15:01,681 ERROR execution-log - TC # : 2, Tried Switch to IFrame, but the Policy# control never appeared.
----------------
2018-11-14 15:15:01,681 ERROR execution-log - TC # : 2, No more iterations to run. Test execution will abort.
----------------
2018-11-14 15:15:01,681 ERROR execution-log - TC # : 2, Framework failed to run the test due to a test configuration error.
	VM.Platform.TestAutomationFramework.Core.Exceptions.WorkflowFailedException: Tried Switch to IFrame, but the Policy# control never appeared. ---> System.Collections.Generic.KeyNotFoundException: The given key was not present in the dictionary.
   at System.Collections.Generic.Dictionary`2.get_Item(TKey key)
   at VM.Platform.TestAutomationFramework.UIAutomation.FrameHandler.TrySwitchToIFrame(TestRunContext context) in C:\Users\DasariW\Desktop\VM Framework\v4Dev_Updated\v4Dev_Updated\VMTestAutomation\Src\Framework.UIAutomation\FrameHandler.cs:line 74
   at VM.Platform.TestAutomationFramework.UIAutomation.FrameHandler..ctor(IUiAdapter uiAdapter, TestRunContext context, String logicalFieldName) in C:\Users\DasariW\Desktop\VM Framework\v4Dev_Updated\v4Dev_Updated\VMTestAutomation\Src\Framework.UIAutomation\FrameHandler.cs:line 26
   --- End of inner exception stack trace ---
   at VM.Platform.TestAutomationFramework.UIAutomation.FrameHandler..ctor(IUiAdapter uiAdapter, TestRunContext context, String logicalFieldName) in C:\Users\DasariW\Desktop\VM Framework\v4Dev_Updated\v4Dev_Updated\VMTestAutomation\Src\Framework.UIAutomation\FrameHandler.cs:line 31
   at VM.Platform.TestAutomationFramework.UIAutomation.Commands.Interactions.GetControlValueCommand.Execute(TestRunContext context) in C:\Users\DasariW\Desktop\VM Framework\v4Dev_Updated\v4Dev_Updated\VMTestAutomation\Src\Framework.UIAutomation\Commands\Interactions\GetControlValueCommand.cs:line 23
   at VM.Platform.TestAutomationFramework.Core.Decorators.CommandDecorator.Execute(TestRunContext context) in C:\Users\DasariW\Desktop\VM Framework\v4Dev_Updated\v4Dev_Updated\VMTestAutomation\Src\Framework.Core\Decorators\CommandDecorator.cs:line 22
   at VM.Platform.TestAutomationFramework.Core.Decorators.CommandLogger.Execute(TestRunContext context) in C:\Users\DasariW\Desktop\VM Framework\v4Dev_Updated\v4Dev_Updated\VMTestAutomation\Src\Framework.Core\Decorators\CommandLogger.cs:line 93
   at VM.Platform.TestAutomationFramework.Core.Decorators.CommandDecorator.Execute(TestRunContext context) in C:\Users\DasariW\Desktop\VM Framework\v4Dev_Updated\v4Dev_Updated\VMTestAutomation\Src\Framework.Core\Decorators\CommandDecorator.cs:line 22
   at VM.Platform.TestAutomationFramework.Core.Decorators.CommandErrorHandler.Execute(TestRunContext context) in C:\Users\DasariW\Desktop\VM Framework\v4Dev_Updated\v4Dev_Updated\VMTestAutomation\Src\Framework.Core\Decorators\CommandErrorHandler.cs:line 65
   at VM.Platform.TestAutomationFramework.Core.Decorators.CommandDecorator.Execute(TestRunContext context) in C:\Users\DasariW\Desktop\VM Framework\v4Dev_Updated\v4Dev_Updated\VMTestAutomation\Src\Framework.Core\Decorators\CommandDecorator.cs:line 22
   at VM.Platform.TestAutomationFramework.Core.Decorators.CommandTimer.Execute(TestRunContext context) in C:\Users\DasariW\Desktop\VM Framework\v4Dev_Updated\v4Dev_Updated\VMTestAutomation\Src\Framework.Core\Decorators\CommandTimer.cs:line 26
   at VM.Platform.TestAutomationFramework.Core.Decorators.CommandDecorator.Execute(TestRunContext context) in C:\Users\DasariW\Desktop\VM Framework\v4Dev_Updated\v4Dev_Updated\VMTestAutomation\Src\Framework.Core\Decorators\CommandDecorator.cs:line 22
   at VM.Platform.TestAutomationFramework.Core.Decorators.IgnorePagesDecorator.Execute(TestRunContext context) in C:\Users\DasariW\Desktop\VM Framework\v4Dev_Updated\v4Dev_Updated\VMTestAutomation\Src\Framework.Core\Decorators\IgnorePagesDecorator.cs:line 24
   at VM.Platform.TestAutomationFramework.UIAutomation.Commands.Workflow.LoadTestDataItemCommand.Execute(TestRunContext context) in C:\Users\DasariW\Desktop\VM Framework\v4Dev_Updated\v4Dev_Updated\VMTestAutomation\Src\Framework.UIAutomation\Commands\Workflow\LoadTestDataItemCommand.cs:line 96
   at VM.Platform.TestAutomationFramework.Core.Decorators.CommandDecorator.Execute(TestRunContext context) in C:\Users\DasariW\Desktop\VM Framework\v4Dev_Updated\v4Dev_Updated\VMTestAutomation\Src\Framework.Core\Decorators\CommandDecorator.cs:line 22
   at VM.Platform.TestAutomationFramework.Core.Decorators.CommandLogger.Execute(TestRunContext context) in C:\Users\DasariW\Desktop\VM Framework\v4Dev_Updated\v4Dev_Updated\VMTestAutomation\Src\Framework.Core\Decorators\CommandLogger.cs:line 93
   at VM.Platform.TestAutomationFramework.Core.Decorators.CommandDecorator.Execute(TestRunContext context) in C:\Users\DasariW\Desktop\VM Framework\v4Dev_Updated\v4Dev_Updated\VMTestAutomation\Src\Framework.Core\Decorators\CommandDecorator.cs:line 22
   at VM.Platform.TestAutomationFramework.Core.Decorators.CommandErrorHandler.Execute(TestRunContext context) in C:\Users\DasariW\Desktop\VM Framework\v4Dev_Updated\v4Dev_Updated\VMTestAutomation\Src\Framework.Core\Decorators\CommandErrorHandler.cs:line 65
   at VM.Platform.TestAutomationFramework.Core.Decorators.CommandDecorator.Execute(TestRunContext context) in C:\Users\DasariW\Desktop\VM Framework\v4Dev_Updated\v4Dev_Updated\VMTestAutomation\Src\Framework.Core\Decorators\CommandDecorator.cs:line 22
   at VM.Platform.TestAutomationFramework.Core.Decorators.CommandTimer.Execute(TestRunContext context) in C:\Users\DasariW\Desktop\VM Framework\v4Dev_Updated\v4Dev_Updated\VMTestAutomation\Src\Framework.Core\Decorators\CommandTimer.cs:line 26
   at VM.Platform.TestAutomationFramework.Core.Decorators.CommandDecorator.Execute(TestRunContext context) in C:\Users\DasariW\Desktop\VM Framework\v4Dev_Updated\v4Dev_Updated\VMTestAutomation\Src\Framework.Core\Decorators\CommandDecorator.cs:line 22
   at VM.Platform.TestAutomationFramework.Core.Decorators.IgnorePagesDecorator.Execute(TestRunContext context) in C:\Users\DasariW\Desktop\VM Framework\v4Dev_Updated\v4Dev_Updated\VMTestAutomation\Src\Framework.Core\Decorators\IgnorePagesDecorator.cs:line 24
   at VM.Platform.TestAutomationFramework.Core.TestCommandRunner.Execute(TestRunContext testRunContext) in C:\Users\DasariW\Desktop\VM Framework\v4Dev_Updated\v4Dev_Updated\VMTestAutomation\Src\Framework.Core\TestCommandRunner.cs:line 75
   at VM.Platform.TestAutomationFramework.Core.SingleTestCaseRunner.ExecuteSingleTestCase(Int32 testCaseId, String targetEnvironment, String repositiory, Int32 Retry) in C:\Users\DasariW\Desktop\VM Framework\v4Dev_Updated\v4Dev_Updated\VMTestAutomation\Src\Framework.Core\SingleTestCaseRunner.cs:line 167
----------------
2018-11-14 15:15:01,681 INFO  execution-log - Saving captured values to file.
----------------
2018-11-14 15:15:01,681 ERROR execution-log - TC # : 2,  has failed
----------------
