2019-01-29 10:27:31,709 INFO  execution-log - 	Initializing control map with map # MASTER
----------------
2019-01-29 10:27:31,715 INFO  execution-log - Initializing Test Automation
----------------
2019-01-29 10:27:31,720 INFO  execution-log - 	target browser: Chrome
----------------
2019-01-29 10:27:31,725 INFO  execution-log - TC # : 1, Downloading test case from DB
----------------
2019-01-29 10:27:31,736 INFO  execution-log - TC # : 1, Getting control map :MASTER from DB
----------------
2019-01-29 10:27:31,739 INFO  execution-log - TC # : 1, Getting test data from DB
----------------
2019-01-29 10:27:31,746 INFO  execution-log - TC # : 1, Control map retrieval completed
----------------
2019-01-29 10:27:31,754 INFO  execution-log - TC # : 1, Test data retrieval completed
----------------
2019-01-29 10:27:31,758 INFO  execution-log - TC # : 1, Parsing commands
----------------
2019-01-29 10:27:31,763 INFO  execution-log - Loading captured values from persistence.
----------------
2019-01-29 10:27:31,767 INFO  execution-log - TC # : 1, Started executing test case in the VMTESTAPP1 environment (http://vam-qa.cloudapp.net:6363/pages/login.html)
----------------
2019-01-29 10:27:31,800 INFO  execution-log -  Beginning StartIterationCommand ( Iterations : 1 )
----------------
2019-01-29 10:27:31,805 INFO  execution-log - TC # : 1, Starting iteration #1
----------------
2019-01-29 10:27:31,810 INFO  execution-log - 	 Command completed.
----------------
2019-01-29 10:27:31,815 INFO  execution-log -  Beginning InvokeApplicationCommand ( Target :  )
----------------
2019-01-29 10:27:32,668 INFO  execution-log - 	 Command completed.
----------------
2019-01-29 10:27:32,683 INFO  execution-log -  Beginning PageCommand ( CurrentPage : Login, FlowIdentifier : 1, DiIndicator : DI )
----------------
2019-01-29 10:27:32,689 INFO  execution-log - 	 Command completed.
----------------
2019-01-29 10:27:32,703 INFO  execution-log -  Beginning LoadTestDataItemCommand ( CurrentPage : Login, FlowIdentifier : 1, DiIndicator : DI )
----------------
2019-01-29 10:27:32,726 INFO  execution-log - [Sequence No - 1] Beginning ValidateExistStatusCommand ( LogicalFieldName : User Name, LogicalFieldValue : True )
----------------
2019-01-29 10:27:32,755 INFO  execution-log - [Sequence No - 1]	 Command completed.
----------------
2019-01-29 10:27:32,765 INFO  execution-log - [Sequence No - 2] Beginning ActionCommand ( LogicalFieldName : User Name, LogicalFieldValue : Click )
----------------
2019-01-29 10:27:32,912 INFO  execution-log - [Sequence No - 2]	 Command completed.
----------------
2019-01-29 10:27:32,931 INFO  execution-log - [Sequence No - 3] Beginning TestDataCommand ( LogicalFieldName : User Name, LogicalFieldValue : Jack )
----------------
2019-01-29 10:27:33,042 INFO  execution-log - [Sequence No - 3]	 Command completed.
----------------
2019-01-29 10:27:33,053 INFO  execution-log - [Sequence No - 4] Beginning ValidateExistStatusCommand ( LogicalFieldName : Password, LogicalFieldValue : True )
----------------
2019-01-29 10:27:33,079 INFO  execution-log - [Sequence No - 4]	 Command completed.
----------------
2019-01-29 10:27:33,089 INFO  execution-log - [Sequence No - 5] Beginning TestDataCommand ( LogicalFieldName : Password, LogicalFieldValue : Smit@123 )
----------------
2019-01-29 10:27:33,250 INFO  execution-log - [Sequence No - 5]	 Command completed.
----------------
2019-01-29 10:27:33,260 INFO  execution-log - [Sequence No - 6] Beginning ValidateEnableStatusCommand ( LogicalFieldName : Login_Button, LogicalFieldValue : True )
----------------
2019-01-29 10:27:33,300 INFO  execution-log - [Sequence No - 6]	 Command completed.
----------------
2019-01-29 10:27:33,310 INFO  execution-log - [Sequence No - 7] Beginning ActionCommand ( LogicalFieldName : Login_Button, LogicalFieldValue : Click )
----------------
2019-01-29 10:27:33,413 INFO  execution-log - [Sequence No - 7]	 Command completed.
----------------
2019-01-29 10:27:33,419 INFO  execution-log - 	 Command completed.
----------------
2019-01-29 10:27:33,424 INFO  execution-log -  Beginning PageCommand ( CurrentPage : Home, FlowIdentifier : 2, DiIndicator : DI )
----------------
2019-01-29 10:27:33,430 INFO  execution-log - 	 Command completed.
----------------
2019-01-29 10:27:33,435 INFO  execution-log -  Beginning LoadTestDataItemCommand ( CurrentPage : Home, FlowIdentifier : 2, DiIndicator : DI )
----------------
2019-01-29 10:27:33,448 INFO  execution-log - [Sequence No - 8] Beginning ActionCommand ( LogicalFieldName : New Quote, LogicalFieldValue : Click )
----------------
2019-01-29 10:27:35,481 INFO  execution-log - [Sequence No - 8]	 Command completed.
----------------
2019-01-29 10:27:35,488 INFO  execution-log - 	 Command completed.
----------------
2019-01-29 10:27:35,493 INFO  execution-log -  Beginning PageCommand ( CurrentPage : New Quote, FlowIdentifier : 3, DiIndicator : DI )
----------------
2019-01-29 10:27:35,504 INFO  execution-log - 	 Command completed.
----------------
2019-01-29 10:27:35,510 INFO  execution-log -  Beginning LoadTestDataItemCommand ( CurrentPage : New Quote, FlowIdentifier : 3, DiIndicator : DI )
----------------
2019-01-29 10:27:35,524 INFO  execution-log - [Sequence No - 9] Beginning TestDataCommand ( LogicalFieldName : Account Name, LogicalFieldValue : Acme Insurance )
----------------
2019-01-29 10:27:35,792 INFO  execution-log - [Sequence No - 9]	 Command completed.
----------------
2019-01-29 10:27:35,802 INFO  execution-log - [Sequence No - 10] Beginning TestDataCommand ( LogicalFieldName : First Name, LogicalFieldValue : Jack )
----------------
2019-01-29 10:27:38,876 ERROR execution-log - TC # : 1, Could not set test data for field 'First Name'.
----------------
2019-01-29 10:27:46,930 ERROR execution-log - TC # : 1, Could not set test data for field 'First Name'.
----------------
2019-01-29 10:27:46,948 ERROR execution-log - TC # : 1, No more iterations to run. Test execution will abort.
----------------
2019-01-29 10:27:46,963 ERROR execution-log - TC # : 1, Framework failed to run the test due to a test configuration error.
	VM.Platform.TestAutomationFramework.Core.Exceptions.WorkflowFailedException: Could not set test data for field 'First Name'. ---> VM.Platform.TestAutomationFramework.Core.Exceptions.WorkflowFailedException: unknown error: Element <input type="text" id="txtFirstName" name="firstName" size="20" placeholder="First Name" class="k-input" data-bind="value:accountInfo.FirstName,enabled:isCtrlEnabled" required="" data-required-msg="Please enter First Name"> is not clickable at point (470, 397). Other element would receive the click: <div class="vam-popupleft k-widget k-listview k-selectable" data-role="listview" role="listbox">...</div>
  (Session info: chrome=71.0.3578.98)
  (Driver info: chromedriver=2.45.615291 (ec3682e3c9061c10f26ea9e5cdcf3c53f3f74387),platform=Windows NT 10.0.16299 x86_64)
   at VM.Platform.TestAutomationFramework.UIAutomation.Commands.Interactions.TextBoxElementCommand.Execute() in C:\Users\VMQApractice\Desktop\v4Dev_Updated\v4Dev_Updated\VMTestAutomation\Src\Framework.UIAutomation\Commands\Interactions\TextBoxElementCommand.cs:line 39
   at VM.Platform.TestAutomationFramework.UIAutomation.Commands.Interactions.TestDataCommand.SetTestDataInteraction() in C:\Users\VMQApractice\Desktop\v4Dev_Updated\v4Dev_Updated\VMTestAutomation\Src\Framework.UIAutomation\Commands\Interactions\TestDataCommand.cs:line 126
   at VM.Platform.TestAutomationFramework.UIAutomation.Commands.Interactions.TestDataCommand.Execute(TestRunContext context) in C:\Users\VMQApractice\Desktop\v4Dev_Updated\v4Dev_Updated\VMTestAutomation\Src\Framework.UIAutomation\Commands\Interactions\TestDataCommand.cs:line 35
   --- End of inner exception stack trace ---
   at VM.Platform.TestAutomationFramework.UIAutomation.Commands.Interactions.TestDataCommand.Execute(TestRunContext context) in C:\Users\VMQApractice\Desktop\v4Dev_Updated\v4Dev_Updated\VMTestAutomation\Src\Framework.UIAutomation\Commands\Interactions\TestDataCommand.cs:line 44
   at VM.Platform.TestAutomationFramework.Core.Decorators.CommandDecorator.Execute(TestRunContext context) in C:\Users\VMQApractice\Desktop\v4Dev_Updated\v4Dev_Updated\VMTestAutomation\Src\Framework.Core\Decorators\CommandDecorator.cs:line 22
   at VM.Platform.TestAutomationFramework.Core.Decorators.CommandLogger.Execute(TestRunContext context) in C:\Users\VMQApractice\Desktop\v4Dev_Updated\v4Dev_Updated\VMTestAutomation\Src\Framework.Core\Decorators\CommandLogger.cs:line 93
   at VM.Platform.TestAutomationFramework.Core.Decorators.CommandDecorator.Execute(TestRunContext context) in C:\Users\VMQApractice\Desktop\v4Dev_Updated\v4Dev_Updated\VMTestAutomation\Src\Framework.Core\Decorators\CommandDecorator.cs:line 22
   at VM.Platform.TestAutomationFramework.Core.Decorators.CommandErrorHandler.Execute(TestRunContext context) in C:\Users\VMQApractice\Desktop\v4Dev_Updated\v4Dev_Updated\VMTestAutomation\Src\Framework.Core\Decorators\CommandErrorHandler.cs:line 65
   at VM.Platform.TestAutomationFramework.Core.Decorators.CommandDecorator.Execute(TestRunContext context) in C:\Users\VMQApractice\Desktop\v4Dev_Updated\v4Dev_Updated\VMTestAutomation\Src\Framework.Core\Decorators\CommandDecorator.cs:line 22
   at VM.Platform.TestAutomationFramework.Core.Decorators.CommandTimer.Execute(TestRunContext context) in C:\Users\VMQApractice\Desktop\v4Dev_Updated\v4Dev_Updated\VMTestAutomation\Src\Framework.Core\Decorators\CommandTimer.cs:line 26
   at VM.Platform.TestAutomationFramework.Core.Decorators.CommandDecorator.Execute(TestRunContext context) in C:\Users\VMQApractice\Desktop\v4Dev_Updated\v4Dev_Updated\VMTestAutomation\Src\Framework.Core\Decorators\CommandDecorator.cs:line 22
   at VM.Platform.TestAutomationFramework.Core.Decorators.IgnorePagesDecorator.Execute(TestRunContext context) in C:\Users\VMQApractice\Desktop\v4Dev_Updated\v4Dev_Updated\VMTestAutomation\Src\Framework.Core\Decorators\IgnorePagesDecorator.cs:line 24
   at VM.Platform.TestAutomationFramework.UIAutomation.Commands.Workflow.LoadTestDataItemCommand.Execute(TestRunContext context) in C:\Users\VMQApractice\Desktop\v4Dev_Updated\v4Dev_Updated\VMTestAutomation\Src\Framework.UIAutomation\Commands\Workflow\LoadTestDataItemCommand.cs:line 96
   at VM.Platform.TestAutomationFramework.Core.Decorators.CommandDecorator.Execute(TestRunContext context) in C:\Users\VMQApractice\Desktop\v4Dev_Updated\v4Dev_Updated\VMTestAutomation\Src\Framework.Core\Decorators\CommandDecorator.cs:line 22
   at VM.Platform.TestAutomationFramework.Core.Decorators.CommandLogger.Execute(TestRunContext context) in C:\Users\VMQApractice\Desktop\v4Dev_Updated\v4Dev_Updated\VMTestAutomation\Src\Framework.Core\Decorators\CommandLogger.cs:line 93
   at VM.Platform.TestAutomationFramework.Core.Decorators.CommandDecorator.Execute(TestRunContext context) in C:\Users\VMQApractice\Desktop\v4Dev_Updated\v4Dev_Updated\VMTestAutomation\Src\Framework.Core\Decorators\CommandDecorator.cs:line 22
   at VM.Platform.TestAutomationFramework.Core.Decorators.CommandErrorHandler.Execute(TestRunContext context) in C:\Users\VMQApractice\Desktop\v4Dev_Updated\v4Dev_Updated\VMTestAutomation\Src\Framework.Core\Decorators\CommandErrorHandler.cs:line 65
   at VM.Platform.TestAutomationFramework.Core.Decorators.CommandDecorator.Execute(TestRunContext context) in C:\Users\VMQApractice\Desktop\v4Dev_Updated\v4Dev_Updated\VMTestAutomation\Src\Framework.Core\Decorators\CommandDecorator.cs:line 22
   at VM.Platform.TestAutomationFramework.Core.Decorators.CommandTimer.Execute(TestRunContext context) in C:\Users\VMQApractice\Desktop\v4Dev_Updated\v4Dev_Updated\VMTestAutomation\Src\Framework.Core\Decorators\CommandTimer.cs:line 26
   at VM.Platform.TestAutomationFramework.Core.Decorators.CommandDecorator.Execute(TestRunContext context) in C:\Users\VMQApractice\Desktop\v4Dev_Updated\v4Dev_Updated\VMTestAutomation\Src\Framework.Core\Decorators\CommandDecorator.cs:line 22
   at VM.Platform.TestAutomationFramework.Core.Decorators.IgnorePagesDecorator.Execute(TestRunContext context) in C:\Users\VMQApractice\Desktop\v4Dev_Updated\v4Dev_Updated\VMTestAutomation\Src\Framework.Core\Decorators\IgnorePagesDecorator.cs:line 24
   at VM.Platform.TestAutomationFramework.Core.TestCommandRunner.Execute(TestRunContext testRunContext) in C:\Users\VMQApractice\Desktop\v4Dev_Updated\v4Dev_Updated\VMTestAutomation\Src\Framework.Core\TestCommandRunner.cs:line 75
   at VM.Platform.TestAutomationFramework.Core.SingleTestCaseRunner.ExecuteSingleTestCase(Int32 testCaseId, String targetEnvironment, String repositiory, Int32 Retry) in C:\Users\VMQApractice\Desktop\v4Dev_Updated\v4Dev_Updated\VMTestAutomation\Src\Framework.Core\SingleTestCaseRunner.cs:line 167
----------------
2019-01-29 10:27:48,166 INFO  execution-log - Saving captured values to file.
----------------
2019-01-29 10:27:48,175 ERROR execution-log - TC # : 1,  has failed
----------------
