2018-11-08 22:36:38,647 INFO  execution-log - 	Initializing control map with map # Master
----------------
2018-11-08 22:36:38,649 INFO  execution-log - Initializing Test Automation
----------------
2018-11-08 22:36:38,650 INFO  execution-log - 	target browser: Chrome
----------------
2018-11-08 22:36:38,651 INFO  execution-log - TC # : 2, Downloading test case from DB
----------------
2018-11-08 22:36:38,653 INFO  execution-log - TC # : 2, Getting control map :Master from DB
----------------
2018-11-08 22:36:38,653 INFO  execution-log - TC # : 2, Getting test data from DB
----------------
2018-11-08 22:36:38,659 INFO  execution-log - TC # : 2, Control map retrieval completed
----------------
2018-11-08 22:36:38,674 INFO  execution-log - TC # : 2, Test data retrieval completed
----------------
2018-11-08 22:36:38,675 INFO  execution-log - TC # : 2, Parsing commands
----------------
2018-11-08 22:36:38,676 INFO  execution-log - Loading captured values from persistence.
----------------
2018-11-08 22:36:38,677 INFO  execution-log - TC # : 2, Started executing test case in the HISCOX environment (http://hiscpvt.cloud.hiscox.com/oneshield/index.jsp#gateway)
----------------
2018-11-08 22:36:38,715 INFO  execution-log -  Beginning StartIterationCommand ( Iterations : 1 )
----------------
2018-11-08 22:36:38,717 INFO  execution-log - TC # : 2, Starting iteration #1
----------------
2018-11-08 22:36:38,718 INFO  execution-log - 	 Command completed.
----------------
2018-11-08 22:36:38,719 INFO  execution-log -  Beginning InvokeApplicationCommand ( Target :  )
----------------
2018-11-08 22:36:39,843 INFO  execution-log - 	 Command completed.
----------------
2018-11-08 22:36:39,844 INFO  execution-log -  Beginning PageCommand ( CurrentPage : Login, FlowIdentifier : 1, DiIndicator : DI )
----------------
2018-11-08 22:36:39,845 INFO  execution-log - 	 Command completed.
----------------
2018-11-08 22:36:39,846 INFO  execution-log -  Beginning LoadTestDataItemCommand ( CurrentPage : Login, FlowIdentifier : 1, DiIndicator : DI )
----------------
2018-11-08 22:36:39,853 INFO  execution-log - [Sequence No - 1] Beginning TestDataCommand ( LogicalFieldName : Partner Number, LogicalFieldValue : 0 )
----------------
2018-11-08 22:36:40,982 INFO  execution-log - [Sequence No - 1]	 Command completed.
----------------
2018-11-08 22:36:40,986 INFO  execution-log - [Sequence No - 2] Beginning TestDataCommand ( LogicalFieldName : Username, LogicalFieldValue : karthicuw )
----------------
2018-11-08 22:36:42,273 INFO  execution-log - [Sequence No - 2]	 Command completed.
----------------
2018-11-08 22:36:42,278 INFO  execution-log - [Sequence No - 3] Beginning TestDataCommand ( LogicalFieldName : Password, LogicalFieldValue : Monday!23 )
----------------
2018-11-08 22:36:42,448 INFO  execution-log - [Sequence No - 3]	 Command completed.
----------------
2018-11-08 22:36:42,453 INFO  execution-log - [Sequence No - 4] Beginning TestDataCommand ( LogicalFieldName : Partner Number, LogicalFieldValue : 0 )
----------------
2018-11-08 22:36:42,581 INFO  execution-log - [Sequence No - 4]	 Command completed.
----------------
2018-11-08 22:36:42,586 INFO  execution-log - [Sequence No - 5] Beginning ActionCommand ( LogicalFieldName : Login Page, LogicalFieldValue : Click )
----------------
2018-11-08 22:36:42,727 INFO  execution-log - [Sequence No - 5]	 Command completed.
----------------
2018-11-08 22:36:42,731 INFO  execution-log - [Sequence No - 6] Beginning ActionCommand ( LogicalFieldName : Login Button, LogicalFieldValue : Click )
----------------
2018-11-08 22:36:42,874 INFO  execution-log - [Sequence No - 6]	 Command completed.
----------------
2018-11-08 22:36:42,878 INFO  execution-log - [Sequence No - 7] Beginning TestDataCommand ( LogicalFieldName : Partner Number, LogicalFieldValue : 0 )
----------------
2018-11-08 22:36:43,011 INFO  execution-log - [Sequence No - 7]	 Command completed.
----------------
2018-11-08 22:36:43,012 INFO  execution-log - 	 Command completed.
----------------
2018-11-08 22:36:43,013 INFO  execution-log -  Beginning PageCommand ( CurrentPage : Quotes, FlowIdentifier : 1, DiIndicator : DI )
----------------
2018-11-08 22:36:43,014 INFO  execution-log - 	 Command completed.
----------------
2018-11-08 22:36:43,015 INFO  execution-log -  Beginning LoadTestDataItemCommand ( CurrentPage : Quotes, FlowIdentifier : 1, DiIndicator : DI )
----------------
2018-11-08 22:36:43,023 INFO  execution-log - [Sequence No - 8] Beginning WaitForControlCommand ( LogicalFieldName : Quotes_Link, LogicalFieldValue : True )
----------------
2018-11-08 22:36:43,983 INFO  execution-log - [Sequence No - 8]	 Command completed.
----------------
2018-11-08 22:36:43,988 INFO  execution-log - [Sequence No - 9] Beginning ActionCommand ( LogicalFieldName : Quotes_Link, LogicalFieldValue : Click )
----------------
2018-11-08 22:36:44,307 INFO  execution-log - [Sequence No - 9]	 Command completed.
----------------
2018-11-08 22:36:44,312 INFO  execution-log - [Sequence No - 10] Beginning WaitForControlCommand ( LogicalFieldName : New quote, LogicalFieldValue : True )
----------------
2018-11-08 22:36:46,188 INFO  execution-log - [Sequence No - 10]	 Command completed.
----------------
2018-11-08 22:36:46,193 INFO  execution-log - [Sequence No - 11] Beginning ActionCommand ( LogicalFieldName : New quote, LogicalFieldValue : Click )
----------------
2018-11-08 22:36:46,324 INFO  execution-log - [Sequence No - 11]	 Command completed.
----------------
2018-11-08 22:36:46,328 INFO  execution-log - [Sequence No - 12] Beginning ActionCommand ( LogicalFieldName : Select Producing Agency, LogicalFieldValue : Click-Wait(500) )
----------------
2018-11-08 22:36:47,775 INFO  execution-log - [Sequence No - 12]	 Command completed.
----------------
2018-11-08 22:36:47,779 INFO  execution-log - [Sequence No - 13] Beginning ActionCommand ( LogicalFieldName : Select Agency, LogicalFieldValue : Click )
----------------
2018-11-08 22:36:47,940 INFO  execution-log - [Sequence No - 13]	 Command completed.
----------------
2018-11-08 22:36:47,945 INFO  execution-log - [Sequence No - 14] Beginning WaitForControlCommand ( LogicalFieldName : Producer, LogicalFieldValue : True )
----------------
2018-11-08 22:36:49,810 INFO  execution-log - [Sequence No - 14]	 Command completed.
----------------
2018-11-08 22:36:49,814 INFO  execution-log - [Sequence No - 15] Beginning ActionCommand ( LogicalFieldName : Producer, LogicalFieldValue : Click-Wait(500) )
----------------
2018-11-08 22:36:50,968 INFO  execution-log - [Sequence No - 15]	 Command completed.
----------------
2018-11-08 22:36:50,979 INFO  execution-log - [Sequence No - 16] Beginning TestDataCommand ( LogicalFieldName : Producer, LogicalFieldValue : Agency  Producer )
----------------
2018-11-08 22:36:51,604 INFO  execution-log - [Sequence No - 16]	 Command completed.
----------------
2018-11-08 22:36:51,609 INFO  execution-log - [Sequence No - 17] Beginning TestDataCommand ( LogicalFieldName : First Name, LogicalFieldValue : HISCOX )
----------------
2018-11-08 22:36:51,813 INFO  execution-log - [Sequence No - 17]	 Command completed.
----------------
2018-11-08 22:36:51,820 INFO  execution-log - [Sequence No - 18] Beginning TestDataCommand ( LogicalFieldName : Last Name, LogicalFieldValue : Demo )
----------------
2018-11-08 22:36:52,004 INFO  execution-log - [Sequence No - 18]	 Command completed.
----------------
2018-11-08 22:36:52,009 INFO  execution-log - [Sequence No - 19] Beginning TestDataCommand ( LogicalFieldName : City, LogicalFieldValue : Atlanta )
----------------
2018-11-08 22:36:52,220 INFO  execution-log - [Sequence No - 19]	 Command completed.
----------------
2018-11-08 22:36:52,224 INFO  execution-log - [Sequence No - 20] Beginning TestDataCommand ( LogicalFieldName : State, LogicalFieldValue : Georgia )
----------------
2018-11-08 22:36:52,512 INFO  execution-log - [Sequence No - 20]	 Command completed.
----------------
2018-11-08 22:36:52,516 INFO  execution-log - [Sequence No - 21] Beginning TestDataCommand ( LogicalFieldName : Zip, LogicalFieldValue : 30338 )
----------------
2018-11-08 22:36:52,680 INFO  execution-log - [Sequence No - 21]	 Command completed.
----------------
2018-11-08 22:36:52,684 INFO  execution-log - [Sequence No - 22] Beginning TestDataCommand ( LogicalFieldName : Address Line 1, LogicalFieldValue : 1 Main st )
----------------
2018-11-08 22:36:52,915 INFO  execution-log - [Sequence No - 22]	 Command completed.
----------------
2018-11-08 22:36:52,919 INFO  execution-log - [Sequence No - 23] Beginning TestDataCommand ( LogicalFieldName : Address Line 2, LogicalFieldValue : 1 )
----------------
2018-11-08 22:36:53,074 INFO  execution-log - [Sequence No - 23]	 Command completed.
----------------
2018-11-08 22:36:53,081 INFO  execution-log - [Sequence No - 24] Beginning ActionCommand ( LogicalFieldName : Product line (errors and omissions), LogicalFieldValue : Click )
----------------
2018-11-08 22:36:53,290 INFO  execution-log - [Sequence No - 24]	 Command completed.
----------------
2018-11-08 22:36:53,295 INFO  execution-log - [Sequence No - 25] Beginning ActionCommand ( LogicalFieldName : Customer search, LogicalFieldValue : Click )
----------------
2018-11-08 22:36:53,552 INFO  execution-log - [Sequence No - 25]	 Command completed.
----------------
2018-11-08 22:36:53,553 INFO  execution-log - 	 Command completed.
----------------
2018-11-08 22:36:53,554 INFO  execution-log -  Beginning PageCommand ( CurrentPage : QuoteDetails, FlowIdentifier : 1, DiIndicator : DI )
----------------
2018-11-08 22:36:53,554 INFO  execution-log - 	 Command completed.
----------------
2018-11-08 22:36:53,555 INFO  execution-log -  Beginning LoadTestDataItemCommand ( CurrentPage : QuoteDetails, FlowIdentifier : 1, DiIndicator : DI )
----------------
2018-11-08 22:36:53,573 INFO  execution-log - [Sequence No - 26] Beginning WaitForControlCommand ( LogicalFieldName : Retro-active Date, LogicalFieldValue : True )
----------------
2018-11-08 22:37:00,198 INFO  execution-log - [Sequence No - 26]	 Command completed.
----------------
2018-11-08 22:37:00,202 INFO  execution-log - [Sequence No - 27] Beginning TestDataCommand ( LogicalFieldName : Rating Company, LogicalFieldValue : FDLI Protection Insurance Company )
----------------
2018-11-08 22:37:00,619 INFO  execution-log - [Sequence No - 27]	 Command completed.
----------------
2018-11-08 22:37:00,624 INFO  execution-log - [Sequence No - 28] Beginning TestDataCommand ( LogicalFieldName : Retro-active Date, LogicalFieldValue : 09/11/2018 )
----------------
2018-11-08 22:37:00,787 INFO  execution-log - [Sequence No - 28]	 Command completed.
----------------
2018-11-08 22:37:00,793 INFO  execution-log - [Sequence No - 29] Beginning TestDataCommand ( LogicalFieldName : Professional Liability Gross Sales, LogicalFieldValue : 100000 )
----------------
2018-11-08 22:37:00,965 INFO  execution-log - [Sequence No - 29]	 Command completed.
----------------
2018-11-08 22:37:00,969 INFO  execution-log - [Sequence No - 30] Beginning ActionCommand ( LogicalFieldName : QuoteDetails Page, LogicalFieldValue : Click )
----------------
2018-11-08 22:37:01,128 INFO  execution-log - [Sequence No - 30]	 Command completed.
----------------
2018-11-08 22:37:01,132 INFO  execution-log - [Sequence No - 31] Beginning ActionCommand ( LogicalFieldName : Save Changes, LogicalFieldValue : Click )
----------------
2018-11-08 22:37:01,284 INFO  execution-log - [Sequence No - 31]	 Command completed.
----------------
2018-11-08 22:37:01,289 INFO  execution-log - [Sequence No - 32] Beginning WaitForControlCommand ( LogicalFieldName : Rate Quote, LogicalFieldValue : True )
----------------
2018-11-08 22:37:02,131 INFO  execution-log - [Sequence No - 32]	 Command completed.
----------------
2018-11-08 22:37:02,135 INFO  execution-log - [Sequence No - 33] Beginning ActionCommand ( LogicalFieldName : Rate Quote, LogicalFieldValue : Click-Wait(1000) )
----------------
2018-11-08 22:37:04,370 INFO  execution-log - [Sequence No - 33]	 Command completed.
----------------
2018-11-08 22:37:04,378 INFO  execution-log - [Sequence No - 34] Beginning WaitForControlCommand ( LogicalFieldName : Request Issue, LogicalFieldValue : True )
----------------
2018-11-08 22:37:10,965 INFO  execution-log - [Sequence No - 34]	 Command completed.
----------------
2018-11-08 22:37:10,969 INFO  execution-log - [Sequence No - 35] Beginning ActionCommand ( LogicalFieldName : Request Issue, LogicalFieldValue : Click-Wait(1000) )
----------------
2018-11-08 22:37:13,119 INFO  execution-log - [Sequence No - 35]	 Command completed.
----------------
2018-11-08 22:37:13,123 INFO  execution-log - [Sequence No - 36] Beginning WaitForControlCommand ( LogicalFieldName : Next, LogicalFieldValue : True )
----------------
2018-11-08 22:37:13,900 INFO  execution-log - [Sequence No - 36]	 Command completed.
----------------
2018-11-08 22:37:13,904 INFO  execution-log - [Sequence No - 37] Beginning ActionCommand ( LogicalFieldName : Next, LogicalFieldValue : Click )
----------------
2018-11-08 22:37:14,028 INFO  execution-log - [Sequence No - 37]	 Command completed.
----------------
2018-11-08 22:37:14,029 INFO  execution-log - 	 Command completed.
----------------
2018-11-08 22:37:14,031 INFO  execution-log -  Beginning PageCommand ( CurrentPage : Payment Profile, FlowIdentifier : 1, DiIndicator : DI )
----------------
2018-11-08 22:37:14,032 INFO  execution-log - 	 Command completed.
----------------
2018-11-08 22:37:14,032 INFO  execution-log -  Beginning LoadTestDataItemCommand ( CurrentPage : Payment Profile, FlowIdentifier : 1, DiIndicator : DI )
----------------
2018-11-08 22:37:14,048 INFO  execution-log - [Sequence No - 38] Beginning WaitForControlCommand ( LogicalFieldName : Check Payment, LogicalFieldValue : True )
----------------
2018-11-08 22:37:15,574 INFO  execution-log - [Sequence No - 38]	 Command completed.
----------------
2018-11-08 22:37:15,578 INFO  execution-log - [Sequence No - 39] Beginning ActionCommand ( LogicalFieldName : Check Payment, LogicalFieldValue : Click )
----------------
2018-11-08 22:37:15,738 INFO  execution-log - [Sequence No - 39]	 Command completed.
----------------
2018-11-08 22:37:15,743 INFO  execution-log - [Sequence No - 40] Beginning ActionCommand ( LogicalFieldName : Next, LogicalFieldValue : Click )
----------------
2018-11-08 22:37:15,980 INFO  execution-log - [Sequence No - 40]	 Command completed.
----------------
2018-11-08 22:37:15,981 INFO  execution-log - 	 Command completed.
----------------
2018-11-08 22:37:15,982 INFO  execution-log -  Beginning PageCommand ( CurrentPage : Billing Choices, FlowIdentifier : 1, DiIndicator : DI )
----------------
2018-11-08 22:37:15,982 INFO  execution-log - 	 Command completed.
----------------
2018-11-08 22:37:15,983 INFO  execution-log -  Beginning LoadTestDataItemCommand ( CurrentPage : Billing Choices, FlowIdentifier : 1, DiIndicator : DI )
----------------
2018-11-08 22:37:15,990 INFO  execution-log - [Sequence No - 41] Beginning WaitForControlCommand ( LogicalFieldName : Email Address, LogicalFieldValue : True )
----------------
2018-11-08 22:37:16,048 INFO  execution-log - [Sequence No - 41]	 Command completed.
----------------
2018-11-08 22:37:16,052 INFO  execution-log - [Sequence No - 42] Beginning TestDataCommand ( LogicalFieldName : Email Address, LogicalFieldValue : Abc1@Abc1.com )
----------------
2018-11-08 22:37:19,607 ERROR execution-log - TC # : 2, Could not set test data for field 'Email Address'.
----------------
2018-11-08 22:37:27,703 ERROR execution-log - TC # : 2, Could not set test data for field 'Email Address'.
----------------
2018-11-08 22:37:27,719 ERROR execution-log - TC # : 2, No more iterations to run. Test execution will abort.
----------------
2018-11-08 22:37:27,732 ERROR execution-log - TC # : 2, Framework failed to run the test due to a test configuration error.
	VM.Platform.TestAutomationFramework.Core.Exceptions.WorkflowFailedException: Could not set test data for field 'Email Address'. ---> VM.Platform.TestAutomationFramework.Core.Exceptions.WorkflowFailedException: invalid element state: Element must be user-editable in order to clear it.
  (Session info: chrome=70.0.3538.77)
  (Driver info: chromedriver=2.40.565498 (ea082db3280dd6843ebfb08a625e3eb905c4f5ab),platform=Windows NT 10.0.14393 x86_64)
   at VM.Platform.TestAutomationFramework.UIAutomation.Commands.Interactions.TextBoxElementCommand.Execute() in C:\Users\DasariW\Desktop\VM Framework\v4Dev_Updated\v4Dev_Updated\VMTestAutomation\Src\Framework.UIAutomation\Commands\Interactions\TextBoxElementCommand.cs:line 39
   at VM.Platform.TestAutomationFramework.UIAutomation.Commands.Interactions.TestDataCommand.SetTestDataInteraction() in C:\Users\DasariW\Desktop\VM Framework\v4Dev_Updated\v4Dev_Updated\VMTestAutomation\Src\Framework.UIAutomation\Commands\Interactions\TestDataCommand.cs:line 126
   at VM.Platform.TestAutomationFramework.UIAutomation.Commands.Interactions.TestDataCommand.Execute(TestRunContext context) in C:\Users\DasariW\Desktop\VM Framework\v4Dev_Updated\v4Dev_Updated\VMTestAutomation\Src\Framework.UIAutomation\Commands\Interactions\TestDataCommand.cs:line 35
   --- End of inner exception stack trace ---
   at VM.Platform.TestAutomationFramework.UIAutomation.Commands.Interactions.TestDataCommand.Execute(TestRunContext context) in C:\Users\DasariW\Desktop\VM Framework\v4Dev_Updated\v4Dev_Updated\VMTestAutomation\Src\Framework.UIAutomation\Commands\Interactions\TestDataCommand.cs:line 44
   at VM.Platform.TestAutomationFramework.Core.Decorators.CommandDecorator.Execute(TestRunContext context) in C:\Users\DasariW\Desktop\VM Framework\v4Dev_Updated\v4Dev_Updated\VMTestAutomation\Src\Framework.Core\Decorators\CommandDecorator.cs:line 22
   at VM.Platform.TestAutomationFramework.Core.Decorators.CommandLogger.Execute(TestRunContext context) in C:\Users\DasariW\Desktop\VM Framework\v4Dev_Updated\v4Dev_Updated\VMTestAutomation\Src\Framework.Core\Decorators\CommandLogger.cs:line 93
   at VM.Platform.TestAutomationFramework.Core.Decorators.CommandDecorator.Execute(TestRunContext context) in C:\Users\DasariW\Desktop\VM Framework\v4Dev_Updated\v4Dev_Updated\VMTestAutomation\Src\Framework.Core\Decorators\CommandDecorator.cs:line 22
   at VM.Platform.TestAutomationFramework.Core.Decorators.CommandErrorHandler.Execute(TestRunContext context) in C:\Users\DasariW\Desktop\VM Framework\v4Dev_Updated\v4Dev_Updated\VMTestAutomation\Src\Framework.Core\Decorators\CommandErrorHandler.cs:line 65
   at VM.Platform.TestAutomationFramework.Core.Decorators.CommandDecorator.Execute(TestRunContext context) in C:\Users\DasariW\Desktop\VM Framework\v4Dev_Updated\v4Dev_Updated\VMTestAutomation\Src\Framework.Core\Decorators\CommandDecorator.cs:line 22
   at VM.Platform.TestAutomationFramework.Core.Decorators.CommandTimer.Execute(TestRunContext context) in C:\Users\DasariW\Desktop\VM Framework\v4Dev_Updated\v4Dev_Updated\VMTestAutomation\Src\Framework.Core\Decorators\CommandTimer.cs:line 26
   at VM.Platform.TestAutomationFramework.Core.Decorators.CommandDecorator.Execute(TestRunContext context) in C:\Users\DasariW\Desktop\VM Framework\v4Dev_Updated\v4Dev_Updated\VMTestAutomation\Src\Framework.Core\Decorators\CommandDecorator.cs:line 22
   at VM.Platform.TestAutomationFramework.Core.Decorators.IgnorePagesDecorator.Execute(TestRunContext context) in C:\Users\DasariW\Desktop\VM Framework\v4Dev_Updated\v4Dev_Updated\VMTestAutomation\Src\Framework.Core\Decorators\IgnorePagesDecorator.cs:line 24
   at VM.Platform.TestAutomationFramework.UIAutomation.Commands.Workflow.LoadTestDataItemCommand.Execute(TestRunContext context) in C:\Users\DasariW\Desktop\VM Framework\v4Dev_Updated\v4Dev_Updated\VMTestAutomation\Src\Framework.UIAutomation\Commands\Workflow\LoadTestDataItemCommand.cs:line 96
   at VM.Platform.TestAutomationFramework.Core.Decorators.CommandDecorator.Execute(TestRunContext context) in C:\Users\DasariW\Desktop\VM Framework\v4Dev_Updated\v4Dev_Updated\VMTestAutomation\Src\Framework.Core\Decorators\CommandDecorator.cs:line 22
   at VM.Platform.TestAutomationFramework.Core.Decorators.CommandLogger.Execute(TestRunContext context) in C:\Users\DasariW\Desktop\VM Framework\v4Dev_Updated\v4Dev_Updated\VMTestAutomation\Src\Framework.Core\Decorators\CommandLogger.cs:line 93
   at VM.Platform.TestAutomationFramework.Core.Decorators.CommandDecorator.Execute(TestRunContext context) in C:\Users\DasariW\Desktop\VM Framework\v4Dev_Updated\v4Dev_Updated\VMTestAutomation\Src\Framework.Core\Decorators\CommandDecorator.cs:line 22
   at VM.Platform.TestAutomationFramework.Core.Decorators.CommandErrorHandler.Execute(TestRunContext context) in C:\Users\DasariW\Desktop\VM Framework\v4Dev_Updated\v4Dev_Updated\VMTestAutomation\Src\Framework.Core\Decorators\CommandErrorHandler.cs:line 65
   at VM.Platform.TestAutomationFramework.Core.Decorators.CommandDecorator.Execute(TestRunContext context) in C:\Users\DasariW\Desktop\VM Framework\v4Dev_Updated\v4Dev_Updated\VMTestAutomation\Src\Framework.Core\Decorators\CommandDecorator.cs:line 22
   at VM.Platform.TestAutomationFramework.Core.Decorators.CommandTimer.Execute(TestRunContext context) in C:\Users\DasariW\Desktop\VM Framework\v4Dev_Updated\v4Dev_Updated\VMTestAutomation\Src\Framework.Core\Decorators\CommandTimer.cs:line 26
   at VM.Platform.TestAutomationFramework.Core.Decorators.CommandDecorator.Execute(TestRunContext context) in C:\Users\DasariW\Desktop\VM Framework\v4Dev_Updated\v4Dev_Updated\VMTestAutomation\Src\Framework.Core\Decorators\CommandDecorator.cs:line 22
   at VM.Platform.TestAutomationFramework.Core.Decorators.IgnorePagesDecorator.Execute(TestRunContext context) in C:\Users\DasariW\Desktop\VM Framework\v4Dev_Updated\v4Dev_Updated\VMTestAutomation\Src\Framework.Core\Decorators\IgnorePagesDecorator.cs:line 24
   at VM.Platform.TestAutomationFramework.Core.TestCommandRunner.Execute(TestRunContext testRunContext) in C:\Users\DasariW\Desktop\VM Framework\v4Dev_Updated\v4Dev_Updated\VMTestAutomation\Src\Framework.Core\TestCommandRunner.cs:line 75
   at VM.Platform.TestAutomationFramework.Core.SingleTestCaseRunner.ExecuteSingleTestCase(Int32 testCaseId, String targetEnvironment, String repositiory, Int32 Retry) in C:\Users\DasariW\Desktop\VM Framework\v4Dev_Updated\v4Dev_Updated\VMTestAutomation\Src\Framework.Core\SingleTestCaseRunner.cs:line 167
----------------
2018-11-08 22:37:28,744 INFO  execution-log - Saving captured values to file.
----------------
2018-11-08 22:37:28,745 ERROR execution-log - TC # : 2,  has failed
----------------
