2018-11-14 11:43:52,918 INFO  execution-log - 	Initializing control map with map # Master
----------------
2018-11-14 11:43:52,919 INFO  execution-log - Initializing Test Automation
----------------
2018-11-14 11:43:52,920 INFO  execution-log - 	target browser: Chrome
----------------
2018-11-14 11:43:52,921 INFO  execution-log - TC # : 2, Downloading test case from DB
----------------
2018-11-14 11:43:52,923 INFO  execution-log - TC # : 2, Getting control map :Master from DB
----------------
2018-11-14 11:43:52,923 INFO  execution-log - TC # : 2, Getting test data from DB
----------------
2018-11-14 11:43:52,927 INFO  execution-log - TC # : 2, Control map retrieval completed
----------------
2018-11-14 11:43:52,944 INFO  execution-log - TC # : 2, Test data retrieval completed
----------------
2018-11-14 11:43:52,946 INFO  execution-log - TC # : 2, Parsing commands
----------------
2018-11-14 11:43:52,947 INFO  execution-log - Loading captured values from persistence.
----------------
2018-11-14 11:43:52,948 INFO  execution-log - TC # : 2, Started executing test case in the HISCOX environment (http://hiscpvt.cloud.hiscox.com/oneshield/index.jsp#gateway)
----------------
2018-11-14 11:43:52,990 INFO  execution-log -  Beginning StartIterationCommand ( Iterations : 1 )
----------------
2018-11-14 11:43:52,992 INFO  execution-log - TC # : 2, Starting iteration #1
----------------
2018-11-14 11:43:52,993 INFO  execution-log - 	 Command completed.
----------------
2018-11-14 11:43:52,995 INFO  execution-log -  Beginning InvokeApplicationCommand ( Target :  )
----------------
2018-11-14 11:43:53,424 INFO  execution-log - 	 Command completed.
----------------
2018-11-14 11:43:53,425 INFO  execution-log -  Beginning PageCommand ( CurrentPage : Login, FlowIdentifier : 1, DiIndicator : DI )
----------------
2018-11-14 11:43:53,426 INFO  execution-log - 	 Command completed.
----------------
2018-11-14 11:43:53,438 INFO  execution-log -  Beginning LoadTestDataItemCommand ( CurrentPage : Login, FlowIdentifier : 1, DiIndicator : DI )
----------------
2018-11-14 11:43:53,446 INFO  execution-log - [Sequence No - 1] Beginning TestDataCommand ( LogicalFieldName : Partner Number, LogicalFieldValue : 0 )
----------------
2018-11-14 11:43:55,102 INFO  execution-log - [Sequence No - 1]	 Command completed.
----------------
2018-11-14 11:43:55,106 INFO  execution-log - [Sequence No - 2] Beginning TestDataCommand ( LogicalFieldName : Username, LogicalFieldValue : karthicuw )
----------------
2018-11-14 11:43:55,248 INFO  execution-log - [Sequence No - 2]	 Command completed.
----------------
2018-11-14 11:43:55,254 INFO  execution-log - [Sequence No - 3] Beginning TestDataCommand ( LogicalFieldName : Password, LogicalFieldValue : Monday!23 )
----------------
2018-11-14 11:43:55,398 INFO  execution-log - [Sequence No - 3]	 Command completed.
----------------
2018-11-14 11:43:55,402 INFO  execution-log - [Sequence No - 4] Beginning TestDataCommand ( LogicalFieldName : Partner Number, LogicalFieldValue : 0 )
----------------
2018-11-14 11:43:55,487 INFO  execution-log - [Sequence No - 4]	 Command completed.
----------------
2018-11-14 11:43:55,491 INFO  execution-log - [Sequence No - 5] Beginning ActionCommand ( LogicalFieldName : Login Page, LogicalFieldValue : Click )
----------------
2018-11-14 11:43:55,624 INFO  execution-log - [Sequence No - 5]	 Command completed.
----------------
2018-11-14 11:43:55,629 INFO  execution-log - [Sequence No - 6] Beginning ActionCommand ( LogicalFieldName : Login Button, LogicalFieldValue : Click )
----------------
2018-11-14 11:43:55,768 INFO  execution-log - [Sequence No - 6]	 Command completed.
----------------
2018-11-14 11:43:55,773 INFO  execution-log - [Sequence No - 7] Beginning TestDataCommand ( LogicalFieldName : Partner Number, LogicalFieldValue : 0 )
----------------
2018-11-14 11:43:55,872 INFO  execution-log - [Sequence No - 7]	 Command completed.
----------------
2018-11-14 11:43:55,874 INFO  execution-log - 	 Command completed.
----------------
2018-11-14 11:43:55,875 INFO  execution-log -  Beginning PageCommand ( CurrentPage : Quotes, FlowIdentifier : 1, DiIndicator : DI )
----------------
2018-11-14 11:43:55,876 INFO  execution-log - 	 Command completed.
----------------
2018-11-14 11:43:55,877 INFO  execution-log -  Beginning LoadTestDataItemCommand ( CurrentPage : Quotes, FlowIdentifier : 1, DiIndicator : DI )
----------------
2018-11-14 11:43:55,887 INFO  execution-log - [Sequence No - 8] Beginning WaitForControlCommand ( LogicalFieldName : Quotes_Link, LogicalFieldValue : True )
----------------
2018-11-14 11:43:56,677 INFO  execution-log - [Sequence No - 8]	 Command completed.
----------------
2018-11-14 11:43:56,684 INFO  execution-log - [Sequence No - 9] Beginning ActionCommand ( LogicalFieldName : Quotes_Link, LogicalFieldValue : Click )
----------------
2018-11-14 11:43:56,842 INFO  execution-log - [Sequence No - 9]	 Command completed.
----------------
2018-11-14 11:43:56,847 INFO  execution-log - [Sequence No - 10] Beginning WaitForControlCommand ( LogicalFieldName : New quote, LogicalFieldValue : True )
----------------
2018-11-14 11:43:58,724 INFO  execution-log - [Sequence No - 10]	 Command completed.
----------------
2018-11-14 11:43:58,761 INFO  execution-log - [Sequence No - 11] Beginning ActionCommand ( LogicalFieldName : New quote, LogicalFieldValue : Click )
----------------
2018-11-14 11:43:58,915 INFO  execution-log - [Sequence No - 11]	 Command completed.
----------------
2018-11-14 11:43:58,919 INFO  execution-log - [Sequence No - 12] Beginning ActionCommand ( LogicalFieldName : Select Producing Agency, LogicalFieldValue : Click-Wait(500) )
----------------
2018-11-14 11:44:00,264 INFO  execution-log - [Sequence No - 12]	 Command completed.
----------------
2018-11-14 11:44:00,270 INFO  execution-log - [Sequence No - 13] Beginning ActionCommand ( LogicalFieldName : Select Agency, LogicalFieldValue : Click )
----------------
2018-11-14 11:44:00,439 INFO  execution-log - [Sequence No - 13]	 Command completed.
----------------
2018-11-14 11:44:00,444 INFO  execution-log - [Sequence No - 14] Beginning WaitForControlCommand ( LogicalFieldName : Producer, LogicalFieldValue : True )
----------------
2018-11-14 11:44:02,124 INFO  execution-log - [Sequence No - 14]	 Command completed.
----------------
2018-11-14 11:44:02,129 INFO  execution-log - [Sequence No - 15] Beginning ActionCommand ( LogicalFieldName : Producer, LogicalFieldValue : Click-Wait(500) )
----------------
2018-11-14 11:44:03,274 INFO  execution-log - [Sequence No - 15]	 Command completed.
----------------
2018-11-14 11:44:03,286 INFO  execution-log - [Sequence No - 16] Beginning TestDataCommand ( LogicalFieldName : Producer, LogicalFieldValue : Agency  Producer )
----------------
2018-11-14 11:44:03,874 INFO  execution-log - [Sequence No - 16]	 Command completed.
----------------
2018-11-14 11:44:03,879 INFO  execution-log - [Sequence No - 17] Beginning TestDataCommand ( LogicalFieldName : First Name, LogicalFieldValue : HISCOX )
----------------
2018-11-14 11:44:04,097 INFO  execution-log - [Sequence No - 17]	 Command completed.
----------------
2018-11-14 11:44:04,102 INFO  execution-log - [Sequence No - 18] Beginning TestDataCommand ( LogicalFieldName : Last Name, LogicalFieldValue : Demo )
----------------
2018-11-14 11:44:04,255 INFO  execution-log - [Sequence No - 18]	 Command completed.
----------------
2018-11-14 11:44:04,260 INFO  execution-log - [Sequence No - 19] Beginning TestDataCommand ( LogicalFieldName : City, LogicalFieldValue : Atlanta )
----------------
2018-11-14 11:44:04,484 INFO  execution-log - [Sequence No - 19]	 Command completed.
----------------
2018-11-14 11:44:04,488 INFO  execution-log - [Sequence No - 20] Beginning TestDataCommand ( LogicalFieldName : State, LogicalFieldValue : Georgia )
----------------
2018-11-14 11:44:04,849 INFO  execution-log - [Sequence No - 20]	 Command completed.
----------------
2018-11-14 11:44:04,854 INFO  execution-log - [Sequence No - 21] Beginning TestDataCommand ( LogicalFieldName : Zip, LogicalFieldValue : 30338 )
----------------
2018-11-14 11:44:05,035 INFO  execution-log - [Sequence No - 21]	 Command completed.
----------------
2018-11-14 11:44:05,039 INFO  execution-log - [Sequence No - 22] Beginning TestDataCommand ( LogicalFieldName : Address Line 1, LogicalFieldValue : 1 Main st )
----------------
2018-11-14 11:44:05,305 INFO  execution-log - [Sequence No - 22]	 Command completed.
----------------
2018-11-14 11:44:05,310 INFO  execution-log - [Sequence No - 23] Beginning TestDataCommand ( LogicalFieldName : Address Line 2, LogicalFieldValue : 1 )
----------------
2018-11-14 11:44:05,462 INFO  execution-log - [Sequence No - 23]	 Command completed.
----------------
2018-11-14 11:44:05,467 INFO  execution-log - [Sequence No - 24] Beginning ActionCommand ( LogicalFieldName : Product line (errors and omissions), LogicalFieldValue : Click )
----------------
2018-11-14 11:44:06,007 INFO  execution-log - [Sequence No - 24]	 Command completed.
----------------
2018-11-14 11:44:06,011 INFO  execution-log - [Sequence No - 25] Beginning ActionCommand ( LogicalFieldName : Customer search, LogicalFieldValue : Click )
----------------
2018-11-14 11:44:06,190 INFO  execution-log - [Sequence No - 25]	 Command completed.
----------------
2018-11-14 11:44:06,191 INFO  execution-log - 	 Command completed.
----------------
2018-11-14 11:44:06,192 INFO  execution-log -  Beginning PageCommand ( CurrentPage : QuoteDetails, FlowIdentifier : 1, DiIndicator : DI )
----------------
2018-11-14 11:44:06,193 INFO  execution-log - 	 Command completed.
----------------
2018-11-14 11:44:06,201 INFO  execution-log -  Beginning LoadTestDataItemCommand ( CurrentPage : QuoteDetails, FlowIdentifier : 1, DiIndicator : DI )
----------------
2018-11-14 11:44:06,223 INFO  execution-log - [Sequence No - 26] Beginning WaitForControlCommand ( LogicalFieldName : Retro-active Date, LogicalFieldValue : True )
----------------
2018-11-14 11:44:12,732 INFO  execution-log - [Sequence No - 26]	 Command completed.
----------------
2018-11-14 11:44:12,736 INFO  execution-log - [Sequence No - 27] Beginning TestDataCommand ( LogicalFieldName : Rating Company, LogicalFieldValue : FDLI Protection Insurance Company )
----------------
2018-11-14 11:44:14,389 INFO  execution-log - [Sequence No - 27]	 Command completed.
----------------
2018-11-14 11:44:14,394 INFO  execution-log - [Sequence No - 28] Beginning TestDataCommand ( LogicalFieldName : Retro-active Date, LogicalFieldValue : 09/11/2018 )
----------------
2018-11-14 11:44:14,545 INFO  execution-log - [Sequence No - 28]	 Command completed.
----------------
2018-11-14 11:44:14,549 INFO  execution-log - [Sequence No - 29] Beginning TestDataCommand ( LogicalFieldName : Professional Liability Gross Sales, LogicalFieldValue : 100000 )
----------------
2018-11-14 11:44:14,698 INFO  execution-log - [Sequence No - 29]	 Command completed.
----------------
2018-11-14 11:44:14,702 INFO  execution-log - [Sequence No - 30] Beginning ActionCommand ( LogicalFieldName : QuoteDetails Page, LogicalFieldValue : Click )
----------------
2018-11-14 11:44:14,867 INFO  execution-log - [Sequence No - 30]	 Command completed.
----------------
2018-11-14 11:44:14,873 INFO  execution-log - [Sequence No - 31] Beginning ActionCommand ( LogicalFieldName : Save Changes, LogicalFieldValue : Click )
----------------
2018-11-14 11:44:15,022 INFO  execution-log - [Sequence No - 31]	 Command completed.
----------------
2018-11-14 11:44:15,027 INFO  execution-log - [Sequence No - 32] Beginning WaitForControlCommand ( LogicalFieldName : Rate Quote, LogicalFieldValue : True )
----------------
2018-11-14 11:44:15,822 INFO  execution-log - [Sequence No - 32]	 Command completed.
----------------
2018-11-14 11:44:15,827 INFO  execution-log - [Sequence No - 33] Beginning ActionCommand ( LogicalFieldName : Rate Quote, LogicalFieldValue : Click-Wait(1000) )
----------------
2018-11-14 11:44:18,027 INFO  execution-log - [Sequence No - 33]	 Command completed.
----------------
2018-11-14 11:44:18,032 INFO  execution-log - [Sequence No - 34] Beginning WaitForControlCommand ( LogicalFieldName : Request Issue, LogicalFieldValue : True )
----------------
2018-11-14 11:44:24,433 INFO  execution-log - [Sequence No - 34]	 Command completed.
----------------
2018-11-14 11:44:24,438 INFO  execution-log - [Sequence No - 35] Beginning ActionCommand ( LogicalFieldName : Request Issue, LogicalFieldValue : Click-Wait(1000) )
----------------
2018-11-14 11:44:26,647 INFO  execution-log - [Sequence No - 35]	 Command completed.
----------------
2018-11-14 11:44:26,652 INFO  execution-log - [Sequence No - 36] Beginning WaitForControlCommand ( LogicalFieldName : Next, LogicalFieldValue : True )
----------------
2018-11-14 11:44:27,239 INFO  execution-log - [Sequence No - 36]	 Command completed.
----------------
2018-11-14 11:44:27,302 INFO  execution-log - [Sequence No - 37] Beginning ActionCommand ( LogicalFieldName : Next, LogicalFieldValue : Click )
----------------
2018-11-14 11:44:27,425 INFO  execution-log - [Sequence No - 37]	 Command completed.
----------------
2018-11-14 11:44:27,426 INFO  execution-log - 	 Command completed.
----------------
2018-11-14 11:44:27,427 INFO  execution-log -  Beginning PageCommand ( CurrentPage : Payment Profile, FlowIdentifier : 1, DiIndicator : DI )
----------------
2018-11-14 11:44:27,428 INFO  execution-log - 	 Command completed.
----------------
2018-11-14 11:44:27,429 INFO  execution-log -  Beginning LoadTestDataItemCommand ( CurrentPage : Payment Profile, FlowIdentifier : 1, DiIndicator : DI )
----------------
2018-11-14 11:44:27,438 INFO  execution-log - [Sequence No - 38] Beginning WaitForControlCommand ( LogicalFieldName : Check Payment, LogicalFieldValue : True )
----------------
2018-11-14 11:44:28,717 INFO  execution-log - [Sequence No - 38]	 Command completed.
----------------
2018-11-14 11:44:28,721 INFO  execution-log - [Sequence No - 39] Beginning ActionCommand ( LogicalFieldName : Check Payment, LogicalFieldValue : Click )
----------------
2018-11-14 11:44:28,834 INFO  execution-log - [Sequence No - 39]	 Command completed.
----------------
2018-11-14 11:44:28,838 INFO  execution-log - [Sequence No - 40] Beginning ActionCommand ( LogicalFieldName : Next, LogicalFieldValue : Click-Wait(1000) )
----------------
2018-11-14 11:44:31,181 INFO  execution-log - [Sequence No - 40]	 Command completed.
----------------
2018-11-14 11:44:31,182 INFO  execution-log - 	 Command completed.
----------------
2018-11-14 11:44:31,183 INFO  execution-log -  Beginning PageCommand ( CurrentPage : Billing Choices, FlowIdentifier : 1, DiIndicator : DI )
----------------
2018-11-14 11:44:31,184 INFO  execution-log - 	 Command completed.
----------------
2018-11-14 11:44:31,185 INFO  execution-log -  Beginning LoadTestDataItemCommand ( CurrentPage : Billing Choices, FlowIdentifier : 1, DiIndicator : DI )
----------------
2018-11-14 11:44:31,190 INFO  execution-log - [Sequence No - 41] Beginning WaitForControlCommand ( LogicalFieldName : Email Address, LogicalFieldValue : True )
----------------
2018-11-14 11:44:32,343 INFO  execution-log - [Sequence No - 41]	 Command completed.
----------------
2018-11-14 11:44:32,348 INFO  execution-log - [Sequence No - 42] Beginning ActionCommand ( LogicalFieldName : Email Address, LogicalFieldValue : Click-Wait(2000) )
----------------
2018-11-14 11:44:36,455 INFO  execution-log - [Sequence No - 42]	 Command completed.
----------------
2018-11-14 11:44:36,459 INFO  execution-log - [Sequence No - 43] Beginning TestDataCommand ( LogicalFieldName : Email Address, LogicalFieldValue : EMAILID )
----------------
2018-11-14 11:44:36,733 INFO  execution-log - [Sequence No - 43]	 Command completed.
----------------
2018-11-14 11:44:36,737 INFO  execution-log - [Sequence No - 44] Beginning ActionCommand ( LogicalFieldName : Billing Choices Page, LogicalFieldValue : Click )
----------------
2018-11-14 11:44:36,875 INFO  execution-log - [Sequence No - 44]	 Command completed.
----------------
2018-11-14 11:44:36,880 INFO  execution-log - [Sequence No - 45] Beginning ActionCommand ( LogicalFieldName : Next, LogicalFieldValue : Click-Wait(2000) )
----------------
2018-11-14 11:44:41,030 INFO  execution-log - [Sequence No - 45]	 Command completed.
----------------
2018-11-14 11:44:41,031 INFO  execution-log - 	 Command completed.
----------------
2018-11-14 11:44:41,032 INFO  execution-log -  Beginning PageCommand ( CurrentPage : Quote Bind, FlowIdentifier : 1, DiIndicator : DI )
----------------
2018-11-14 11:44:41,033 INFO  execution-log - 	 Command completed.
----------------
2018-11-14 11:44:41,034 INFO  execution-log -  Beginning LoadTestDataItemCommand ( CurrentPage : Quote Bind, FlowIdentifier : 1, DiIndicator : DI )
----------------
2018-11-14 11:44:41,039 INFO  execution-log - [Sequence No - 46] Beginning WaitForControlCommand ( LogicalFieldName : Bind, LogicalFieldValue : True )
----------------
2018-11-14 11:44:41,079 INFO  execution-log - [Sequence No - 46]	 Command completed.
----------------
2018-11-14 11:44:41,083 INFO  execution-log - [Sequence No - 47] Beginning ActionCommand ( LogicalFieldName : Bind, LogicalFieldValue : Click-Wait(2000) )
----------------
2018-11-14 11:44:45,208 INFO  execution-log - [Sequence No - 47]	 Command completed.
----------------
2018-11-14 11:44:45,209 INFO  execution-log - 	 Command completed.
----------------
2018-11-14 11:44:45,212 INFO  execution-log -  Beginning PageCommand ( CurrentPage : Summary, FlowIdentifier : 1, DiIndicator : DI )
----------------
2018-11-14 11:44:45,214 INFO  execution-log - 	 Command completed.
----------------
2018-11-14 11:44:45,215 INFO  execution-log -  Beginning LoadTestDataItemCommand ( CurrentPage : Summary, FlowIdentifier : 1, DiIndicator : DI )
----------------
2018-11-14 11:44:45,220 INFO  execution-log - [Sequence No - 48] Beginning WaitForControlCommand ( LogicalFieldName : Exit Policy, LogicalFieldValue : True )
----------------
2018-11-14 11:44:49,792 INFO  execution-log - [Sequence No - 48]	 Command completed.
----------------
2018-11-14 11:44:49,796 INFO  execution-log - [Sequence No - 49] Beginning GetControlValueCommand ( LogicalFieldName : Policy#, LogicalFieldValue : {PolicyNumber} )
----------------
2018-11-14 11:44:52,402 ERROR execution-log - TC # : 2, Tried Switch to IFrame, but the Policy# control never appeared.
----------------
2018-11-14 11:45:00,419 ERROR execution-log - TC # : 2, Tried Switch to IFrame, but the Policy# control never appeared.
----------------
2018-11-14 11:45:00,421 ERROR execution-log - TC # : 2, No more iterations to run. Test execution will abort.
----------------
2018-11-14 11:45:00,423 ERROR execution-log - TC # : 2, Framework failed to run the test due to a test configuration error.
	VM.Platform.TestAutomationFramework.Core.Exceptions.WorkflowFailedException: Tried Switch to IFrame, but the Policy# control never appeared. ---> System.Collections.Generic.KeyNotFoundException: The given key was not present in the dictionary.
   at System.Collections.Generic.Dictionary`2.get_Item(TKey key)
   at VM.Platform.TestAutomationFramework.UIAutomation.FrameHandler.TrySwitchToIFrame(TestRunContext context) in C:\Users\DasariW\Desktop\VM Framework\v4Dev_Updated\v4Dev_Updated\VMTestAutomation\Src\Framework.UIAutomation\FrameHandler.cs:line 74
   at VM.Platform.TestAutomationFramework.UIAutomation.FrameHandler..ctor(IUiAdapter uiAdapter, TestRunContext context, String logicalFieldName) in C:\Users\DasariW\Desktop\VM Framework\v4Dev_Updated\v4Dev_Updated\VMTestAutomation\Src\Framework.UIAutomation\FrameHandler.cs:line 26
   --- End of inner exception stack trace ---
   at VM.Platform.TestAutomationFramework.UIAutomation.FrameHandler..ctor(IUiAdapter uiAdapter, TestRunContext context, String logicalFieldName) in C:\Users\DasariW\Desktop\VM Framework\v4Dev_Updated\v4Dev_Updated\VMTestAutomation\Src\Framework.UIAutomation\FrameHandler.cs:line 31
   at VM.Platform.TestAutomationFramework.UIAutomation.Commands.Interactions.GetControlValueCommand.Execute(TestRunContext context) in C:\Users\DasariW\Desktop\VM Framework\v4Dev_Updated\v4Dev_Updated\VMTestAutomation\Src\Framework.UIAutomation\Commands\Interactions\GetControlValueCommand.cs:line 23
   at VM.Platform.TestAutomationFramework.Core.Decorators.CommandDecorator.Execute(TestRunContext context) in C:\Users\DasariW\Desktop\VM Framework\v4Dev_Updated\v4Dev_Updated\VMTestAutomation\Src\Framework.Core\Decorators\CommandDecorator.cs:line 22
   at VM.Platform.TestAutomationFramework.Core.Decorators.CommandLogger.Execute(TestRunContext context) in C:\Users\DasariW\Desktop\VM Framework\v4Dev_Updated\v4Dev_Updated\VMTestAutomation\Src\Framework.Core\Decorators\CommandLogger.cs:line 93
   at VM.Platform.TestAutomationFramework.Core.Decorators.CommandDecorator.Execute(TestRunContext context) in C:\Users\DasariW\Desktop\VM Framework\v4Dev_Updated\v4Dev_Updated\VMTestAutomation\Src\Framework.Core\Decorators\CommandDecorator.cs:line 22
   at VM.Platform.TestAutomationFramework.Core.Decorators.CommandErrorHandler.Execute(TestRunContext context) in C:\Users\DasariW\Desktop\VM Framework\v4Dev_Updated\v4Dev_Updated\VMTestAutomation\Src\Framework.Core\Decorators\CommandErrorHandler.cs:line 65
   at VM.Platform.TestAutomationFramework.Core.Decorators.CommandDecorator.Execute(TestRunContext context) in C:\Users\DasariW\Desktop\VM Framework\v4Dev_Updated\v4Dev_Updated\VMTestAutomation\Src\Framework.Core\Decorators\CommandDecorator.cs:line 22
   at VM.Platform.TestAutomationFramework.Core.Decorators.CommandTimer.Execute(TestRunContext context) in C:\Users\DasariW\Desktop\VM Framework\v4Dev_Updated\v4Dev_Updated\VMTestAutomation\Src\Framework.Core\Decorators\CommandTimer.cs:line 26
   at VM.Platform.TestAutomationFramework.Core.Decorators.CommandDecorator.Execute(TestRunContext context) in C:\Users\DasariW\Desktop\VM Framework\v4Dev_Updated\v4Dev_Updated\VMTestAutomation\Src\Framework.Core\Decorators\CommandDecorator.cs:line 22
   at VM.Platform.TestAutomationFramework.Core.Decorators.IgnorePagesDecorator.Execute(TestRunContext context) in C:\Users\DasariW\Desktop\VM Framework\v4Dev_Updated\v4Dev_Updated\VMTestAutomation\Src\Framework.Core\Decorators\IgnorePagesDecorator.cs:line 24
   at VM.Platform.TestAutomationFramework.UIAutomation.Commands.Workflow.LoadTestDataItemCommand.Execute(TestRunContext context) in C:\Users\DasariW\Desktop\VM Framework\v4Dev_Updated\v4Dev_Updated\VMTestAutomation\Src\Framework.UIAutomation\Commands\Workflow\LoadTestDataItemCommand.cs:line 96
   at VM.Platform.TestAutomationFramework.Core.Decorators.CommandDecorator.Execute(TestRunContext context) in C:\Users\DasariW\Desktop\VM Framework\v4Dev_Updated\v4Dev_Updated\VMTestAutomation\Src\Framework.Core\Decorators\CommandDecorator.cs:line 22
   at VM.Platform.TestAutomationFramework.Core.Decorators.CommandLogger.Execute(TestRunContext context) in C:\Users\DasariW\Desktop\VM Framework\v4Dev_Updated\v4Dev_Updated\VMTestAutomation\Src\Framework.Core\Decorators\CommandLogger.cs:line 93
   at VM.Platform.TestAutomationFramework.Core.Decorators.CommandDecorator.Execute(TestRunContext context) in C:\Users\DasariW\Desktop\VM Framework\v4Dev_Updated\v4Dev_Updated\VMTestAutomation\Src\Framework.Core\Decorators\CommandDecorator.cs:line 22
   at VM.Platform.TestAutomationFramework.Core.Decorators.CommandErrorHandler.Execute(TestRunContext context) in C:\Users\DasariW\Desktop\VM Framework\v4Dev_Updated\v4Dev_Updated\VMTestAutomation\Src\Framework.Core\Decorators\CommandErrorHandler.cs:line 65
   at VM.Platform.TestAutomationFramework.Core.Decorators.CommandDecorator.Execute(TestRunContext context) in C:\Users\DasariW\Desktop\VM Framework\v4Dev_Updated\v4Dev_Updated\VMTestAutomation\Src\Framework.Core\Decorators\CommandDecorator.cs:line 22
   at VM.Platform.TestAutomationFramework.Core.Decorators.CommandTimer.Execute(TestRunContext context) in C:\Users\DasariW\Desktop\VM Framework\v4Dev_Updated\v4Dev_Updated\VMTestAutomation\Src\Framework.Core\Decorators\CommandTimer.cs:line 26
   at VM.Platform.TestAutomationFramework.Core.Decorators.CommandDecorator.Execute(TestRunContext context) in C:\Users\DasariW\Desktop\VM Framework\v4Dev_Updated\v4Dev_Updated\VMTestAutomation\Src\Framework.Core\Decorators\CommandDecorator.cs:line 22
   at VM.Platform.TestAutomationFramework.Core.Decorators.IgnorePagesDecorator.Execute(TestRunContext context) in C:\Users\DasariW\Desktop\VM Framework\v4Dev_Updated\v4Dev_Updated\VMTestAutomation\Src\Framework.Core\Decorators\IgnorePagesDecorator.cs:line 24
   at VM.Platform.TestAutomationFramework.Core.TestCommandRunner.Execute(TestRunContext testRunContext) in C:\Users\DasariW\Desktop\VM Framework\v4Dev_Updated\v4Dev_Updated\VMTestAutomation\Src\Framework.Core\TestCommandRunner.cs:line 75
   at VM.Platform.TestAutomationFramework.Core.SingleTestCaseRunner.ExecuteSingleTestCase(Int32 testCaseId, String targetEnvironment, String repositiory, Int32 Retry) in C:\Users\DasariW\Desktop\VM Framework\v4Dev_Updated\v4Dev_Updated\VMTestAutomation\Src\Framework.Core\SingleTestCaseRunner.cs:line 167
----------------
2018-11-14 11:45:00,433 INFO  execution-log - Saving captured values to file.
----------------
2018-11-14 11:45:00,434 ERROR execution-log - TC # : 2,  has failed
----------------
