2019-01-29 10:37:18,354 INFO  execution-log - 	Initializing control map with map # MASTER
----------------
2019-01-29 10:37:18,359 INFO  execution-log - Initializing Test Automation
----------------
2019-01-29 10:37:18,364 INFO  execution-log - 	target browser: Chrome
----------------
2019-01-29 10:37:18,369 INFO  execution-log - TC # : 1, Downloading test case from DB
----------------
2019-01-29 10:37:18,379 INFO  execution-log - TC # : 1, Getting control map :MASTER from DB
----------------
2019-01-29 10:37:18,379 INFO  execution-log - TC # : 1, Getting test data from DB
----------------
2019-01-29 10:37:18,388 INFO  execution-log - TC # : 1, Control map retrieval completed
----------------
2019-01-29 10:37:18,396 INFO  execution-log - TC # : 1, Test data retrieval completed
----------------
2019-01-29 10:37:18,401 INFO  execution-log - TC # : 1, Parsing commands
----------------
2019-01-29 10:37:18,405 INFO  execution-log - Loading captured values from persistence.
----------------
2019-01-29 10:37:18,409 INFO  execution-log - TC # : 1, Started executing test case in the VMTESTAPP1 environment (http://vam-qa.cloudapp.net:6363/pages/login.html)
----------------
2019-01-29 10:37:18,439 INFO  execution-log -  Beginning StartIterationCommand ( Iterations : 1 )
----------------
2019-01-29 10:37:18,447 INFO  execution-log - TC # : 1, Starting iteration #1
----------------
2019-01-29 10:37:18,454 INFO  execution-log - 	 Command completed.
----------------
2019-01-29 10:37:18,460 INFO  execution-log -  Beginning InvokeApplicationCommand ( Target :  )
----------------
2019-01-29 10:37:19,337 INFO  execution-log - 	 Command completed.
----------------
2019-01-29 10:37:19,346 INFO  execution-log -  Beginning PageCommand ( CurrentPage : Login, FlowIdentifier : 1, DiIndicator : DI )
----------------
2019-01-29 10:37:19,368 INFO  execution-log - 	 Command completed.
----------------
2019-01-29 10:37:19,375 INFO  execution-log -  Beginning LoadTestDataItemCommand ( CurrentPage : Login, FlowIdentifier : 1, DiIndicator : DI )
----------------
2019-01-29 10:37:19,388 INFO  execution-log - [Sequence No - 1] Beginning ValidateExistStatusCommand ( LogicalFieldName : User Name, LogicalFieldValue : True )
----------------
2019-01-29 10:37:19,410 INFO  execution-log - [Sequence No - 1]	 Command completed.
----------------
2019-01-29 10:37:19,418 INFO  execution-log - [Sequence No - 2] Beginning ActionCommand ( LogicalFieldName : User Name, LogicalFieldValue : Click )
----------------
2019-01-29 10:37:19,544 INFO  execution-log - [Sequence No - 2]	 Command completed.
----------------
2019-01-29 10:37:19,556 INFO  execution-log - [Sequence No - 3] Beginning TestDataCommand ( LogicalFieldName : User Name, LogicalFieldValue : Jack )
----------------
2019-01-29 10:37:19,651 INFO  execution-log - [Sequence No - 3]	 Command completed.
----------------
2019-01-29 10:37:19,661 INFO  execution-log - [Sequence No - 4] Beginning ValidateExistStatusCommand ( LogicalFieldName : Password, LogicalFieldValue : True )
----------------
2019-01-29 10:37:19,682 INFO  execution-log - [Sequence No - 4]	 Command completed.
----------------
2019-01-29 10:37:19,691 INFO  execution-log - [Sequence No - 5] Beginning TestDataCommand ( LogicalFieldName : Password, LogicalFieldValue : Smit@123 )
----------------
2019-01-29 10:37:19,823 INFO  execution-log - [Sequence No - 5]	 Command completed.
----------------
2019-01-29 10:37:19,834 INFO  execution-log - [Sequence No - 6] Beginning ValidateEnableStatusCommand ( LogicalFieldName : Login_Button, LogicalFieldValue : True )
----------------
2019-01-29 10:37:19,865 INFO  execution-log - [Sequence No - 6]	 Command completed.
----------------
2019-01-29 10:37:19,875 INFO  execution-log - [Sequence No - 7] Beginning ActionCommand ( LogicalFieldName : Login_Button, LogicalFieldValue : Click )
----------------
2019-01-29 10:37:20,004 INFO  execution-log - [Sequence No - 7]	 Command completed.
----------------
2019-01-29 10:37:20,011 INFO  execution-log - 	 Command completed.
----------------
2019-01-29 10:37:20,017 INFO  execution-log -  Beginning PageCommand ( CurrentPage : Home, FlowIdentifier : 2, DiIndicator : DI )
----------------
2019-01-29 10:37:20,023 INFO  execution-log - 	 Command completed.
----------------
2019-01-29 10:37:20,030 INFO  execution-log -  Beginning LoadTestDataItemCommand ( CurrentPage : Home, FlowIdentifier : 2, DiIndicator : DI )
----------------
2019-01-29 10:37:20,043 INFO  execution-log - [Sequence No - 8] Beginning ActionCommand ( LogicalFieldName : New Quote, LogicalFieldValue : Click )
----------------
2019-01-29 10:37:21,745 INFO  execution-log - [Sequence No - 8]	 Command completed.
----------------
2019-01-29 10:37:21,757 INFO  execution-log - 	 Command completed.
----------------
2019-01-29 10:37:21,783 INFO  execution-log -  Beginning PageCommand ( CurrentPage : New Quote, FlowIdentifier : 3, DiIndicator : DI )
----------------
2019-01-29 10:37:21,792 INFO  execution-log - 	 Command completed.
----------------
2019-01-29 10:37:21,804 INFO  execution-log -  Beginning LoadTestDataItemCommand ( CurrentPage : New Quote, FlowIdentifier : 3, DiIndicator : DI )
----------------
2019-01-29 10:37:21,820 INFO  execution-log - [Sequence No - 9] Beginning TestDataCommand ( LogicalFieldName : Account Name, LogicalFieldValue : Cycle Insurance )
----------------
2019-01-29 10:37:22,123 INFO  execution-log - [Sequence No - 9]	 Command completed.
----------------
2019-01-29 10:37:22,133 INFO  execution-log - [Sequence No - 10] Beginning ActionCommand ( LogicalFieldName : Add as a New Custokmer, LogicalFieldValue : Click )
----------------
2019-01-29 10:37:22,826 INFO  execution-log - [Sequence No - 10]	 Command completed.
----------------
2019-01-29 10:37:22,836 INFO  execution-log - [Sequence No - 11] Beginning TestDataCommand ( LogicalFieldName : First Name, LogicalFieldValue : Jack )
----------------
2019-01-29 10:37:23,053 INFO  execution-log - [Sequence No - 11]	 Command completed.
----------------
2019-01-29 10:37:23,064 INFO  execution-log - [Sequence No - 12] Beginning TestDataCommand ( LogicalFieldName : Last Name, LogicalFieldValue : Smith )
----------------
2019-01-29 10:37:23,422 INFO  execution-log - [Sequence No - 12]	 Command completed.
----------------
2019-01-29 10:37:23,431 INFO  execution-log - [Sequence No - 13] Beginning TestDataCommand ( LogicalFieldName : ContactNumber1, LogicalFieldValue : 654 )
----------------
2019-01-29 10:37:23,587 INFO  execution-log - [Sequence No - 13]	 Command completed.
----------------
2019-01-29 10:37:23,597 INFO  execution-log - [Sequence No - 14] Beginning TestDataCommand ( LogicalFieldName : ContactNumber2, LogicalFieldValue : 321 )
----------------
2019-01-29 10:37:23,726 INFO  execution-log - [Sequence No - 14]	 Command completed.
----------------
2019-01-29 10:37:23,740 INFO  execution-log - [Sequence No - 15] Beginning TestDataCommand ( LogicalFieldName : ContactNumber3, LogicalFieldValue : 6541 )
----------------
2019-01-29 10:37:23,893 INFO  execution-log - [Sequence No - 15]	 Command completed.
----------------
2019-01-29 10:37:23,905 INFO  execution-log - [Sequence No - 16] Beginning TestDataCommand ( LogicalFieldName : Primary Email, LogicalFieldValue : jack.smith@gmail.com )
----------------
2019-01-29 10:37:24,206 INFO  execution-log - [Sequence No - 16]	 Command completed.
----------------
2019-01-29 10:37:24,216 INFO  execution-log - [Sequence No - 17] Beginning TestDataCommand ( LogicalFieldName : Business Started Year, LogicalFieldValue : 2012 )
----------------
2019-01-29 10:37:24,362 INFO  execution-log - [Sequence No - 17]	 Command completed.
----------------
2019-01-29 10:37:24,375 INFO  execution-log - [Sequence No - 18] Beginning ActionCommand ( LogicalFieldName : Select Product, LogicalFieldValue : Click )
----------------
2019-01-29 10:37:24,535 INFO  execution-log - [Sequence No - 18]	 Command completed.
----------------
2019-01-29 10:37:24,545 INFO  execution-log - [Sequence No - 19] Beginning ActionCommand ( LogicalFieldName : Select Product1, LogicalFieldValue : Click )
----------------
2019-01-29 10:37:24,702 INFO  execution-log - [Sequence No - 19]	 Command completed.
----------------
2019-01-29 10:37:24,713 INFO  execution-log - [Sequence No - 20] Beginning ActionCommand ( LogicalFieldName : Contact Name, LogicalFieldValue : Click )
----------------
2019-01-29 10:37:24,882 INFO  execution-log - [Sequence No - 20]	 Command completed.
----------------
2019-01-29 10:37:24,893 INFO  execution-log - [Sequence No - 21] Beginning ActionCommand ( LogicalFieldName : Contact Name Initial Select, LogicalFieldValue : Click )
----------------
2019-01-29 10:37:25,550 INFO  execution-log - [Sequence No - 21]	 Command completed.
----------------
2019-01-29 10:37:25,560 INFO  execution-log - [Sequence No - 22] Beginning ActionCommand ( LogicalFieldName : Industry, LogicalFieldValue : Click )
----------------
2019-01-29 10:37:25,791 INFO  execution-log - [Sequence No - 22]	 Command completed.
----------------
2019-01-29 10:37:25,802 INFO  execution-log - [Sequence No - 23] Beginning ActionCommand ( LogicalFieldName : Industry1, LogicalFieldValue : Click )
----------------
2019-01-29 10:37:25,963 INFO  execution-log - [Sequence No - 23]	 Command completed.
----------------
2019-01-29 10:37:25,974 INFO  execution-log - [Sequence No - 24] Beginning TestDataCommand ( LogicalFieldName : Zip Code, LogicalFieldValue : 53704 )
----------------
2019-01-29 10:37:26,168 INFO  execution-log - [Sequence No - 24]	 Command completed.
----------------
2019-01-29 10:37:26,178 INFO  execution-log - [Sequence No - 25] Beginning ActionCommand ( LogicalFieldName : zipcode click, LogicalFieldValue : Click )
----------------
2019-01-29 10:37:26,771 INFO  execution-log - [Sequence No - 25]	 Command completed.
----------------
2019-01-29 10:37:26,782 INFO  execution-log - [Sequence No - 26] Beginning TestDataCommand ( LogicalFieldName : Street Address, LogicalFieldValue : 123 BLUEJAY LN )
----------------
2019-01-29 10:37:27,094 INFO  execution-log - [Sequence No - 26]	 Command completed.
----------------
2019-01-29 10:37:27,106 INFO  execution-log - [Sequence No - 27] Beginning ActionCommand ( LogicalFieldName : Same as Physical Address, LogicalFieldValue : Click )
----------------
2019-01-29 10:37:27,240 INFO  execution-log - [Sequence No - 27]	 Command completed.
----------------
2019-01-29 10:37:27,250 INFO  execution-log - [Sequence No - 28] Beginning ActionCommand ( LogicalFieldName : Proceed, LogicalFieldValue : Click )
----------------
2019-01-29 10:37:27,407 INFO  execution-log - [Sequence No - 28]	 Command completed.
----------------
2019-01-29 10:37:27,420 INFO  execution-log - [Sequence No - 29] Beginning TestDataCommand ( LogicalFieldName : InsuredName, LogicalFieldValue : Smith )
----------------
2019-01-29 10:37:40,157 ERROR execution-log - TC # : 1, Could not set test data for field 'InsuredName'.
----------------
2019-01-29 10:37:48,214 ERROR execution-log - TC # : 1, Could not set test data for field 'InsuredName'.
----------------
2019-01-29 10:37:48,234 ERROR execution-log - TC # : 1, No more iterations to run. Test execution will abort.
----------------
2019-01-29 10:37:48,250 ERROR execution-log - TC # : 1, Framework failed to run the test due to a test configuration error.
	VM.Platform.TestAutomationFramework.Core.Exceptions.WorkflowFailedException: Could not set test data for field 'InsuredName'. ---> VM.Platform.TestAutomationFramework.Core.Exceptions.WorkflowFailedException: no such element: Unable to locate element: {"method":"id","selector":"txtInsuredName"}
  (Session info: chrome=71.0.3578.98)
  (Driver info: chromedriver=2.45.615291 (ec3682e3c9061c10f26ea9e5cdcf3c53f3f74387),platform=Windows NT 10.0.16299 x86_64)
   at VM.Platform.TestAutomationFramework.UIAutomation.Commands.Interactions.TextBoxElementCommand.Execute() in C:\Users\VMQApractice\Desktop\v4Dev_Updated\v4Dev_Updated\VMTestAutomation\Src\Framework.UIAutomation\Commands\Interactions\TextBoxElementCommand.cs:line 39
   at VM.Platform.TestAutomationFramework.UIAutomation.Commands.Interactions.TestDataCommand.SetTestDataInteraction() in C:\Users\VMQApractice\Desktop\v4Dev_Updated\v4Dev_Updated\VMTestAutomation\Src\Framework.UIAutomation\Commands\Interactions\TestDataCommand.cs:line 126
   at VM.Platform.TestAutomationFramework.UIAutomation.Commands.Interactions.TestDataCommand.Execute(TestRunContext context) in C:\Users\VMQApractice\Desktop\v4Dev_Updated\v4Dev_Updated\VMTestAutomation\Src\Framework.UIAutomation\Commands\Interactions\TestDataCommand.cs:line 35
   --- End of inner exception stack trace ---
   at VM.Platform.TestAutomationFramework.UIAutomation.Commands.Interactions.TestDataCommand.Execute(TestRunContext context) in C:\Users\VMQApractice\Desktop\v4Dev_Updated\v4Dev_Updated\VMTestAutomation\Src\Framework.UIAutomation\Commands\Interactions\TestDataCommand.cs:line 44
   at VM.Platform.TestAutomationFramework.Core.Decorators.CommandDecorator.Execute(TestRunContext context) in C:\Users\VMQApractice\Desktop\v4Dev_Updated\v4Dev_Updated\VMTestAutomation\Src\Framework.Core\Decorators\CommandDecorator.cs:line 22
   at VM.Platform.TestAutomationFramework.Core.Decorators.CommandLogger.Execute(TestRunContext context) in C:\Users\VMQApractice\Desktop\v4Dev_Updated\v4Dev_Updated\VMTestAutomation\Src\Framework.Core\Decorators\CommandLogger.cs:line 93
   at VM.Platform.TestAutomationFramework.Core.Decorators.CommandDecorator.Execute(TestRunContext context) in C:\Users\VMQApractice\Desktop\v4Dev_Updated\v4Dev_Updated\VMTestAutomation\Src\Framework.Core\Decorators\CommandDecorator.cs:line 22
   at VM.Platform.TestAutomationFramework.Core.Decorators.CommandErrorHandler.Execute(TestRunContext context) in C:\Users\VMQApractice\Desktop\v4Dev_Updated\v4Dev_Updated\VMTestAutomation\Src\Framework.Core\Decorators\CommandErrorHandler.cs:line 65
   at VM.Platform.TestAutomationFramework.Core.Decorators.CommandDecorator.Execute(TestRunContext context) in C:\Users\VMQApractice\Desktop\v4Dev_Updated\v4Dev_Updated\VMTestAutomation\Src\Framework.Core\Decorators\CommandDecorator.cs:line 22
   at VM.Platform.TestAutomationFramework.Core.Decorators.CommandTimer.Execute(TestRunContext context) in C:\Users\VMQApractice\Desktop\v4Dev_Updated\v4Dev_Updated\VMTestAutomation\Src\Framework.Core\Decorators\CommandTimer.cs:line 26
   at VM.Platform.TestAutomationFramework.Core.Decorators.CommandDecorator.Execute(TestRunContext context) in C:\Users\VMQApractice\Desktop\v4Dev_Updated\v4Dev_Updated\VMTestAutomation\Src\Framework.Core\Decorators\CommandDecorator.cs:line 22
   at VM.Platform.TestAutomationFramework.Core.Decorators.IgnorePagesDecorator.Execute(TestRunContext context) in C:\Users\VMQApractice\Desktop\v4Dev_Updated\v4Dev_Updated\VMTestAutomation\Src\Framework.Core\Decorators\IgnorePagesDecorator.cs:line 24
   at VM.Platform.TestAutomationFramework.UIAutomation.Commands.Workflow.LoadTestDataItemCommand.Execute(TestRunContext context) in C:\Users\VMQApractice\Desktop\v4Dev_Updated\v4Dev_Updated\VMTestAutomation\Src\Framework.UIAutomation\Commands\Workflow\LoadTestDataItemCommand.cs:line 96
   at VM.Platform.TestAutomationFramework.Core.Decorators.CommandDecorator.Execute(TestRunContext context) in C:\Users\VMQApractice\Desktop\v4Dev_Updated\v4Dev_Updated\VMTestAutomation\Src\Framework.Core\Decorators\CommandDecorator.cs:line 22
   at VM.Platform.TestAutomationFramework.Core.Decorators.CommandLogger.Execute(TestRunContext context) in C:\Users\VMQApractice\Desktop\v4Dev_Updated\v4Dev_Updated\VMTestAutomation\Src\Framework.Core\Decorators\CommandLogger.cs:line 93
   at VM.Platform.TestAutomationFramework.Core.Decorators.CommandDecorator.Execute(TestRunContext context) in C:\Users\VMQApractice\Desktop\v4Dev_Updated\v4Dev_Updated\VMTestAutomation\Src\Framework.Core\Decorators\CommandDecorator.cs:line 22
   at VM.Platform.TestAutomationFramework.Core.Decorators.CommandErrorHandler.Execute(TestRunContext context) in C:\Users\VMQApractice\Desktop\v4Dev_Updated\v4Dev_Updated\VMTestAutomation\Src\Framework.Core\Decorators\CommandErrorHandler.cs:line 65
   at VM.Platform.TestAutomationFramework.Core.Decorators.CommandDecorator.Execute(TestRunContext context) in C:\Users\VMQApractice\Desktop\v4Dev_Updated\v4Dev_Updated\VMTestAutomation\Src\Framework.Core\Decorators\CommandDecorator.cs:line 22
   at VM.Platform.TestAutomationFramework.Core.Decorators.CommandTimer.Execute(TestRunContext context) in C:\Users\VMQApractice\Desktop\v4Dev_Updated\v4Dev_Updated\VMTestAutomation\Src\Framework.Core\Decorators\CommandTimer.cs:line 26
   at VM.Platform.TestAutomationFramework.Core.Decorators.CommandDecorator.Execute(TestRunContext context) in C:\Users\VMQApractice\Desktop\v4Dev_Updated\v4Dev_Updated\VMTestAutomation\Src\Framework.Core\Decorators\CommandDecorator.cs:line 22
   at VM.Platform.TestAutomationFramework.Core.Decorators.IgnorePagesDecorator.Execute(TestRunContext context) in C:\Users\VMQApractice\Desktop\v4Dev_Updated\v4Dev_Updated\VMTestAutomation\Src\Framework.Core\Decorators\IgnorePagesDecorator.cs:line 24
   at VM.Platform.TestAutomationFramework.Core.TestCommandRunner.Execute(TestRunContext testRunContext) in C:\Users\VMQApractice\Desktop\v4Dev_Updated\v4Dev_Updated\VMTestAutomation\Src\Framework.Core\TestCommandRunner.cs:line 75
   at VM.Platform.TestAutomationFramework.Core.SingleTestCaseRunner.ExecuteSingleTestCase(Int32 testCaseId, String targetEnvironment, String repositiory, Int32 Retry) in C:\Users\VMQApractice\Desktop\v4Dev_Updated\v4Dev_Updated\VMTestAutomation\Src\Framework.Core\SingleTestCaseRunner.cs:line 167
----------------
2019-01-29 10:37:49,444 INFO  execution-log - Saving captured values to file.
----------------
2019-01-29 10:37:49,453 ERROR execution-log - TC # : 1,  has failed
----------------
