2018-11-14 11:53:53,934 INFO  execution-log - 	Initializing control map with map # Master
----------------
2018-11-14 11:53:53,936 INFO  execution-log - Initializing Test Automation
----------------
2018-11-14 11:53:53,937 INFO  execution-log - 	target browser: Chrome
----------------
2018-11-14 11:53:53,937 INFO  execution-log - TC # : 2, Downloading test case from DB
----------------
2018-11-14 11:53:53,939 INFO  execution-log - TC # : 2, Getting control map :Master from DB
----------------
2018-11-14 11:53:53,939 INFO  execution-log - TC # : 2, Getting test data from DB
----------------
2018-11-14 11:53:53,943 INFO  execution-log - TC # : 2, Control map retrieval completed
----------------
2018-11-14 11:53:53,947 INFO  execution-log - TC # : 2, Test data retrieval completed
----------------
2018-11-14 11:53:53,948 INFO  execution-log - TC # : 2, Parsing commands
----------------
2018-11-14 11:53:53,949 INFO  execution-log - Loading captured values from persistence.
----------------
2018-11-14 11:53:53,950 INFO  execution-log - TC # : 2, Started executing test case in the HISCOX environment (http://hiscpvt.cloud.hiscox.com/oneshield/index.jsp#gateway)
----------------
2018-11-14 11:53:54,000 INFO  execution-log -  Beginning StartIterationCommand ( Iterations : 1 )
----------------
2018-11-14 11:53:54,001 INFO  execution-log - TC # : 2, Starting iteration #1
----------------
2018-11-14 11:53:54,002 INFO  execution-log - 	 Command completed.
----------------
2018-11-14 11:53:54,003 INFO  execution-log -  Beginning InvokeApplicationCommand ( Target :  )
----------------
2018-11-14 11:53:54,304 INFO  execution-log - 	 Command completed.
----------------
2018-11-14 11:53:54,305 INFO  execution-log -  Beginning PageCommand ( CurrentPage : Login, FlowIdentifier : 1, DiIndicator : DI )
----------------
2018-11-14 11:53:54,326 INFO  execution-log - 	 Command completed.
----------------
2018-11-14 11:53:54,349 INFO  execution-log -  Beginning LoadTestDataItemCommand ( CurrentPage : Login, FlowIdentifier : 1, DiIndicator : DI )
----------------
2018-11-14 11:53:54,358 INFO  execution-log - [Sequence No - 1] Beginning TestDataCommand ( LogicalFieldName : Partner Number, LogicalFieldValue : 0 )
----------------
2018-11-14 11:53:55,986 INFO  execution-log - [Sequence No - 1]	 Command completed.
----------------
2018-11-14 11:53:55,991 INFO  execution-log - [Sequence No - 2] Beginning TestDataCommand ( LogicalFieldName : Username, LogicalFieldValue : karthicuw )
----------------
2018-11-14 11:53:56,133 INFO  execution-log - [Sequence No - 2]	 Command completed.
----------------
2018-11-14 11:53:56,137 INFO  execution-log - [Sequence No - 3] Beginning TestDataCommand ( LogicalFieldName : Password, LogicalFieldValue : Monday!23 )
----------------
2018-11-14 11:53:56,271 INFO  execution-log - [Sequence No - 3]	 Command completed.
----------------
2018-11-14 11:53:56,275 INFO  execution-log - [Sequence No - 4] Beginning TestDataCommand ( LogicalFieldName : Partner Number, LogicalFieldValue : 0 )
----------------
2018-11-14 11:53:56,358 INFO  execution-log - [Sequence No - 4]	 Command completed.
----------------
2018-11-14 11:53:56,362 INFO  execution-log - [Sequence No - 5] Beginning ActionCommand ( LogicalFieldName : Login Page, LogicalFieldValue : Click )
----------------
2018-11-14 11:53:56,490 INFO  execution-log - [Sequence No - 5]	 Command completed.
----------------
2018-11-14 11:53:56,494 INFO  execution-log - [Sequence No - 6] Beginning ActionCommand ( LogicalFieldName : Login Button, LogicalFieldValue : Click )
----------------
2018-11-14 11:53:56,636 INFO  execution-log - [Sequence No - 6]	 Command completed.
----------------
2018-11-14 11:53:56,640 INFO  execution-log - [Sequence No - 7] Beginning TestDataCommand ( LogicalFieldName : Partner Number, LogicalFieldValue : 0 )
----------------
2018-11-14 11:53:56,738 INFO  execution-log - [Sequence No - 7]	 Command completed.
----------------
2018-11-14 11:53:56,739 INFO  execution-log - 	 Command completed.
----------------
2018-11-14 11:53:56,742 INFO  execution-log -  Beginning PageCommand ( CurrentPage : Quotes, FlowIdentifier : 1, DiIndicator : DI )
----------------
2018-11-14 11:53:56,743 INFO  execution-log - 	 Command completed.
----------------
2018-11-14 11:53:56,744 INFO  execution-log -  Beginning LoadTestDataItemCommand ( CurrentPage : Quotes, FlowIdentifier : 1, DiIndicator : DI )
----------------
2018-11-14 11:53:56,749 INFO  execution-log - [Sequence No - 8] Beginning WaitForControlCommand ( LogicalFieldName : Quotes_Link, LogicalFieldValue : True )
----------------
2018-11-14 11:53:57,558 INFO  execution-log - [Sequence No - 8]	 Command completed.
----------------
2018-11-14 11:53:57,566 INFO  execution-log - [Sequence No - 9] Beginning ActionCommand ( LogicalFieldName : Quotes_Link, LogicalFieldValue : Click )
----------------
2018-11-14 11:53:57,733 INFO  execution-log - [Sequence No - 9]	 Command completed.
----------------
2018-11-14 11:53:57,738 INFO  execution-log - [Sequence No - 10] Beginning WaitForControlCommand ( LogicalFieldName : New quote, LogicalFieldValue : True )
----------------
2018-11-14 11:53:59,475 INFO  execution-log - [Sequence No - 10]	 Command completed.
----------------
2018-11-14 11:53:59,496 INFO  execution-log - [Sequence No - 11] Beginning ActionCommand ( LogicalFieldName : New quote, LogicalFieldValue : Click )
----------------
2018-11-14 11:53:59,629 INFO  execution-log - [Sequence No - 11]	 Command completed.
----------------
2018-11-14 11:53:59,634 INFO  execution-log - [Sequence No - 12] Beginning ActionCommand ( LogicalFieldName : Select Producing Agency, LogicalFieldValue : Click-Wait(500) )
----------------
2018-11-14 11:54:00,938 INFO  execution-log - [Sequence No - 12]	 Command completed.
----------------
2018-11-14 11:54:00,943 INFO  execution-log - [Sequence No - 13] Beginning ActionCommand ( LogicalFieldName : Select Agency, LogicalFieldValue : Click )
----------------
2018-11-14 11:54:01,078 INFO  execution-log - [Sequence No - 13]	 Command completed.
----------------
2018-11-14 11:54:01,083 INFO  execution-log - [Sequence No - 14] Beginning WaitForControlCommand ( LogicalFieldName : Producer, LogicalFieldValue : True )
----------------
2018-11-14 11:54:02,792 INFO  execution-log - [Sequence No - 14]	 Command completed.
----------------
2018-11-14 11:54:02,797 INFO  execution-log - [Sequence No - 15] Beginning ActionCommand ( LogicalFieldName : Producer, LogicalFieldValue : Click-Wait(500) )
----------------
2018-11-14 11:54:03,925 INFO  execution-log - [Sequence No - 15]	 Command completed.
----------------
2018-11-14 11:54:03,930 INFO  execution-log - [Sequence No - 16] Beginning TestDataCommand ( LogicalFieldName : Producer, LogicalFieldValue : Agency  Producer )
----------------
2018-11-14 11:54:04,476 INFO  execution-log - [Sequence No - 16]	 Command completed.
----------------
2018-11-14 11:54:04,482 INFO  execution-log - [Sequence No - 17] Beginning TestDataCommand ( LogicalFieldName : First Name, LogicalFieldValue : HISCOX )
----------------
2018-11-14 11:54:04,690 INFO  execution-log - [Sequence No - 17]	 Command completed.
----------------
2018-11-14 11:54:04,694 INFO  execution-log - [Sequence No - 18] Beginning TestDataCommand ( LogicalFieldName : Last Name, LogicalFieldValue : Demo )
----------------
2018-11-14 11:54:04,848 INFO  execution-log - [Sequence No - 18]	 Command completed.
----------------
2018-11-14 11:54:04,852 INFO  execution-log - [Sequence No - 19] Beginning TestDataCommand ( LogicalFieldName : City, LogicalFieldValue : Atlanta )
----------------
2018-11-14 11:54:05,087 INFO  execution-log - [Sequence No - 19]	 Command completed.
----------------
2018-11-14 11:54:05,092 INFO  execution-log - [Sequence No - 20] Beginning TestDataCommand ( LogicalFieldName : State, LogicalFieldValue : Georgia )
----------------
2018-11-14 11:54:05,422 INFO  execution-log - [Sequence No - 20]	 Command completed.
----------------
2018-11-14 11:54:05,426 INFO  execution-log - [Sequence No - 21] Beginning TestDataCommand ( LogicalFieldName : Zip, LogicalFieldValue : 30338 )
----------------
2018-11-14 11:54:05,578 INFO  execution-log - [Sequence No - 21]	 Command completed.
----------------
2018-11-14 11:54:05,583 INFO  execution-log - [Sequence No - 22] Beginning TestDataCommand ( LogicalFieldName : Address Line 1, LogicalFieldValue : 1 Main st )
----------------
2018-11-14 11:54:05,765 INFO  execution-log - [Sequence No - 22]	 Command completed.
----------------
2018-11-14 11:54:05,771 INFO  execution-log - [Sequence No - 23] Beginning TestDataCommand ( LogicalFieldName : Address Line 2, LogicalFieldValue : 1 )
----------------
2018-11-14 11:54:05,932 INFO  execution-log - [Sequence No - 23]	 Command completed.
----------------
2018-11-14 11:54:05,937 INFO  execution-log - [Sequence No - 24] Beginning ActionCommand ( LogicalFieldName : Product line (errors and omissions), LogicalFieldValue : Click )
----------------
2018-11-14 11:54:06,134 INFO  execution-log - [Sequence No - 24]	 Command completed.
----------------
2018-11-14 11:54:06,146 INFO  execution-log - [Sequence No - 25] Beginning ActionCommand ( LogicalFieldName : Customer search, LogicalFieldValue : Click )
----------------
2018-11-14 11:54:06,468 INFO  execution-log - [Sequence No - 25]	 Command completed.
----------------
2018-11-14 11:54:06,469 INFO  execution-log - 	 Command completed.
----------------
2018-11-14 11:54:06,470 INFO  execution-log -  Beginning PageCommand ( CurrentPage : QuoteDetails, FlowIdentifier : 1, DiIndicator : DI )
----------------
2018-11-14 11:54:06,471 INFO  execution-log - 	 Command completed.
----------------
2018-11-14 11:54:06,472 INFO  execution-log -  Beginning LoadTestDataItemCommand ( CurrentPage : QuoteDetails, FlowIdentifier : 1, DiIndicator : DI )
----------------
2018-11-14 11:54:06,477 INFO  execution-log - [Sequence No - 26] Beginning WaitForControlCommand ( LogicalFieldName : Retro-active Date, LogicalFieldValue : True )
----------------
2018-11-14 11:54:12,967 INFO  execution-log - [Sequence No - 26]	 Command completed.
----------------
2018-11-14 11:54:12,973 INFO  execution-log - [Sequence No - 27] Beginning TestDataCommand ( LogicalFieldName : Rating Company, LogicalFieldValue : FDLI Protection Insurance Company )
----------------
2018-11-14 11:54:14,555 INFO  execution-log - [Sequence No - 27]	 Command completed.
----------------
2018-11-14 11:54:14,559 INFO  execution-log - [Sequence No - 28] Beginning TestDataCommand ( LogicalFieldName : Retro-active Date, LogicalFieldValue : 09/11/2018 )
----------------
2018-11-14 11:54:14,698 INFO  execution-log - [Sequence No - 28]	 Command completed.
----------------
2018-11-14 11:54:14,704 INFO  execution-log - [Sequence No - 29] Beginning TestDataCommand ( LogicalFieldName : Professional Liability Gross Sales, LogicalFieldValue : 100000 )
----------------
2018-11-14 11:54:14,818 INFO  execution-log - [Sequence No - 29]	 Command completed.
----------------
2018-11-14 11:54:14,823 INFO  execution-log - [Sequence No - 30] Beginning ActionCommand ( LogicalFieldName : QuoteDetails Page, LogicalFieldValue : Click )
----------------
2018-11-14 11:54:14,979 INFO  execution-log - [Sequence No - 30]	 Command completed.
----------------
2018-11-14 11:54:14,983 INFO  execution-log - [Sequence No - 31] Beginning ActionCommand ( LogicalFieldName : Save Changes, LogicalFieldValue : Click )
----------------
2018-11-14 11:54:15,120 INFO  execution-log - [Sequence No - 31]	 Command completed.
----------------
2018-11-14 11:54:15,125 INFO  execution-log - [Sequence No - 32] Beginning WaitForControlCommand ( LogicalFieldName : Rate Quote, LogicalFieldValue : True )
----------------
2018-11-14 11:54:15,896 INFO  execution-log - [Sequence No - 32]	 Command completed.
----------------
2018-11-14 11:54:15,903 INFO  execution-log - [Sequence No - 33] Beginning ActionCommand ( LogicalFieldName : Rate Quote, LogicalFieldValue : Click-Wait(1000) )
----------------
2018-11-14 11:54:18,073 INFO  execution-log - [Sequence No - 33]	 Command completed.
----------------
2018-11-14 11:54:18,078 INFO  execution-log - [Sequence No - 34] Beginning WaitForControlCommand ( LogicalFieldName : Request Issue, LogicalFieldValue : True )
----------------
2018-11-14 11:54:24,641 INFO  execution-log - [Sequence No - 34]	 Command completed.
----------------
2018-11-14 11:54:24,645 INFO  execution-log - [Sequence No - 35] Beginning ActionCommand ( LogicalFieldName : Request Issue, LogicalFieldValue : Click-Wait(1000) )
----------------
2018-11-14 11:54:26,796 INFO  execution-log - [Sequence No - 35]	 Command completed.
----------------
2018-11-14 11:54:26,801 INFO  execution-log - [Sequence No - 36] Beginning WaitForControlCommand ( LogicalFieldName : Next, LogicalFieldValue : True )
----------------
2018-11-14 11:54:27,430 INFO  execution-log - [Sequence No - 36]	 Command completed.
----------------
2018-11-14 11:54:27,444 INFO  execution-log - [Sequence No - 37] Beginning ActionCommand ( LogicalFieldName : Next, LogicalFieldValue : Click )
----------------
2018-11-14 11:54:27,582 INFO  execution-log - [Sequence No - 37]	 Command completed.
----------------
2018-11-14 11:54:27,583 INFO  execution-log - 	 Command completed.
----------------
2018-11-14 11:54:27,584 INFO  execution-log -  Beginning PageCommand ( CurrentPage : Payment Profile, FlowIdentifier : 1, DiIndicator : DI )
----------------
2018-11-14 11:54:27,585 INFO  execution-log - 	 Command completed.
----------------
2018-11-14 11:54:27,586 INFO  execution-log -  Beginning LoadTestDataItemCommand ( CurrentPage : Payment Profile, FlowIdentifier : 1, DiIndicator : DI )
----------------
2018-11-14 11:54:27,596 INFO  execution-log - [Sequence No - 38] Beginning WaitForControlCommand ( LogicalFieldName : Check Payment, LogicalFieldValue : True )
----------------
2018-11-14 11:54:28,941 INFO  execution-log - [Sequence No - 38]	 Command completed.
----------------
2018-11-14 11:54:28,946 INFO  execution-log - [Sequence No - 39] Beginning ActionCommand ( LogicalFieldName : Check Payment, LogicalFieldValue : Click )
----------------
2018-11-14 11:54:29,091 INFO  execution-log - [Sequence No - 39]	 Command completed.
----------------
2018-11-14 11:54:29,097 INFO  execution-log - [Sequence No - 40] Beginning ActionCommand ( LogicalFieldName : Next, LogicalFieldValue : Click-Wait(1000) )
----------------
2018-11-14 11:54:31,359 INFO  execution-log - [Sequence No - 40]	 Command completed.
----------------
2018-11-14 11:54:31,360 INFO  execution-log - 	 Command completed.
----------------
2018-11-14 11:54:31,362 INFO  execution-log -  Beginning PageCommand ( CurrentPage : Billing Choices, FlowIdentifier : 1, DiIndicator : DI )
----------------
2018-11-14 11:54:31,363 INFO  execution-log - 	 Command completed.
----------------
2018-11-14 11:54:31,364 INFO  execution-log -  Beginning LoadTestDataItemCommand ( CurrentPage : Billing Choices, FlowIdentifier : 1, DiIndicator : DI )
----------------
2018-11-14 11:54:31,370 INFO  execution-log - [Sequence No - 41] Beginning WaitForControlCommand ( LogicalFieldName : Email Address, LogicalFieldValue : True )
----------------
2018-11-14 11:54:31,421 INFO  execution-log - [Sequence No - 41]	 Command completed.
----------------
2018-11-14 11:54:31,426 INFO  execution-log - [Sequence No - 42] Beginning ActionCommand ( LogicalFieldName : Email Address, LogicalFieldValue : Click-Wait(2000) )
----------------
2018-11-14 11:54:36,643 INFO  execution-log - [Sequence No - 42]	 Command completed.
----------------
2018-11-14 11:54:36,648 INFO  execution-log - [Sequence No - 43] Beginning TestDataCommand ( LogicalFieldName : Email Address, LogicalFieldValue : EMAILID )
----------------
2018-11-14 11:54:36,974 INFO  execution-log - [Sequence No - 43]	 Command completed.
----------------
2018-11-14 11:54:36,980 INFO  execution-log - [Sequence No - 44] Beginning ActionCommand ( LogicalFieldName : Billing Choices Page, LogicalFieldValue : Click )
----------------
2018-11-14 11:54:37,108 INFO  execution-log - [Sequence No - 44]	 Command completed.
----------------
2018-11-14 11:54:37,112 INFO  execution-log - [Sequence No - 45] Beginning ActionCommand ( LogicalFieldName : Next, LogicalFieldValue : Click-Wait(2000) )
----------------
2018-11-14 11:54:41,263 INFO  execution-log - [Sequence No - 45]	 Command completed.
----------------
2018-11-14 11:54:41,264 INFO  execution-log - 	 Command completed.
----------------
2018-11-14 11:54:41,265 INFO  execution-log -  Beginning PageCommand ( CurrentPage : Quote Bind, FlowIdentifier : 1, DiIndicator : DI )
----------------
2018-11-14 11:54:41,266 INFO  execution-log - 	 Command completed.
----------------
2018-11-14 11:54:41,267 INFO  execution-log -  Beginning LoadTestDataItemCommand ( CurrentPage : Quote Bind, FlowIdentifier : 1, DiIndicator : DI )
----------------
2018-11-14 11:54:41,272 INFO  execution-log - [Sequence No - 46] Beginning WaitForControlCommand ( LogicalFieldName : Bind, LogicalFieldValue : True )
----------------
2018-11-14 11:54:41,316 INFO  execution-log - [Sequence No - 46]	 Command completed.
----------------
2018-11-14 11:54:41,321 INFO  execution-log - [Sequence No - 47] Beginning ActionCommand ( LogicalFieldName : Bind, LogicalFieldValue : Click-Wait(2000) )
----------------
2018-11-14 11:54:45,437 INFO  execution-log - [Sequence No - 47]	 Command completed.
----------------
2018-11-14 11:54:45,438 INFO  execution-log - 	 Command completed.
----------------
2018-11-14 11:54:45,439 INFO  execution-log -  Beginning PageCommand ( CurrentPage : Summary, FlowIdentifier : 1, DiIndicator : DI )
----------------
2018-11-14 11:54:45,440 INFO  execution-log - 	 Command completed.
----------------
2018-11-14 11:54:45,442 INFO  execution-log -  Beginning LoadTestDataItemCommand ( CurrentPage : Summary, FlowIdentifier : 1, DiIndicator : DI )
----------------
2018-11-14 11:54:45,448 INFO  execution-log - [Sequence No - 48] Beginning WaitForControlCommand ( LogicalFieldName : Exit Policy, LogicalFieldValue : True )
----------------
2018-11-14 11:54:49,988 INFO  execution-log - [Sequence No - 48]	 Command completed.
----------------
2018-11-14 11:54:49,992 INFO  execution-log - [Sequence No - 49] Beginning GetControlValueCommand ( LogicalFieldName : Policy#, LogicalFieldValue : {PolicyNumber} )
----------------
2018-11-14 11:54:52,232 ERROR execution-log - TC # : 2, Tried Switch to IFrame, but the Policy# control never appeared.
----------------
2018-11-14 11:55:00,253 ERROR execution-log - TC # : 2, Tried Switch to IFrame, but the Policy# control never appeared.
----------------
2018-11-14 11:55:00,256 ERROR execution-log - TC # : 2, No more iterations to run. Test execution will abort.
----------------
2018-11-14 11:55:00,258 ERROR execution-log - TC # : 2, Framework failed to run the test due to a test configuration error.
	VM.Platform.TestAutomationFramework.Core.Exceptions.WorkflowFailedException: Tried Switch to IFrame, but the Policy# control never appeared. ---> System.Collections.Generic.KeyNotFoundException: The given key was not present in the dictionary.
   at System.Collections.Generic.Dictionary`2.get_Item(TKey key)
   at VM.Platform.TestAutomationFramework.UIAutomation.FrameHandler.TrySwitchToIFrame(TestRunContext context) in C:\Users\DasariW\Desktop\VM Framework\v4Dev_Updated\v4Dev_Updated\VMTestAutomation\Src\Framework.UIAutomation\FrameHandler.cs:line 74
   at VM.Platform.TestAutomationFramework.UIAutomation.FrameHandler..ctor(IUiAdapter uiAdapter, TestRunContext context, String logicalFieldName) in C:\Users\DasariW\Desktop\VM Framework\v4Dev_Updated\v4Dev_Updated\VMTestAutomation\Src\Framework.UIAutomation\FrameHandler.cs:line 26
   --- End of inner exception stack trace ---
   at VM.Platform.TestAutomationFramework.UIAutomation.FrameHandler..ctor(IUiAdapter uiAdapter, TestRunContext context, String logicalFieldName) in C:\Users\DasariW\Desktop\VM Framework\v4Dev_Updated\v4Dev_Updated\VMTestAutomation\Src\Framework.UIAutomation\FrameHandler.cs:line 31
   at VM.Platform.TestAutomationFramework.UIAutomation.Commands.Interactions.GetControlValueCommand.Execute(TestRunContext context) in C:\Users\DasariW\Desktop\VM Framework\v4Dev_Updated\v4Dev_Updated\VMTestAutomation\Src\Framework.UIAutomation\Commands\Interactions\GetControlValueCommand.cs:line 23
   at VM.Platform.TestAutomationFramework.Core.Decorators.CommandDecorator.Execute(TestRunContext context) in C:\Users\DasariW\Desktop\VM Framework\v4Dev_Updated\v4Dev_Updated\VMTestAutomation\Src\Framework.Core\Decorators\CommandDecorator.cs:line 22
   at VM.Platform.TestAutomationFramework.Core.Decorators.CommandLogger.Execute(TestRunContext context) in C:\Users\DasariW\Desktop\VM Framework\v4Dev_Updated\v4Dev_Updated\VMTestAutomation\Src\Framework.Core\Decorators\CommandLogger.cs:line 93
   at VM.Platform.TestAutomationFramework.Core.Decorators.CommandDecorator.Execute(TestRunContext context) in C:\Users\DasariW\Desktop\VM Framework\v4Dev_Updated\v4Dev_Updated\VMTestAutomation\Src\Framework.Core\Decorators\CommandDecorator.cs:line 22
   at VM.Platform.TestAutomationFramework.Core.Decorators.CommandErrorHandler.Execute(TestRunContext context) in C:\Users\DasariW\Desktop\VM Framework\v4Dev_Updated\v4Dev_Updated\VMTestAutomation\Src\Framework.Core\Decorators\CommandErrorHandler.cs:line 65
   at VM.Platform.TestAutomationFramework.Core.Decorators.CommandDecorator.Execute(TestRunContext context) in C:\Users\DasariW\Desktop\VM Framework\v4Dev_Updated\v4Dev_Updated\VMTestAutomation\Src\Framework.Core\Decorators\CommandDecorator.cs:line 22
   at VM.Platform.TestAutomationFramework.Core.Decorators.CommandTimer.Execute(TestRunContext context) in C:\Users\DasariW\Desktop\VM Framework\v4Dev_Updated\v4Dev_Updated\VMTestAutomation\Src\Framework.Core\Decorators\CommandTimer.cs:line 26
   at VM.Platform.TestAutomationFramework.Core.Decorators.CommandDecorator.Execute(TestRunContext context) in C:\Users\DasariW\Desktop\VM Framework\v4Dev_Updated\v4Dev_Updated\VMTestAutomation\Src\Framework.Core\Decorators\CommandDecorator.cs:line 22
   at VM.Platform.TestAutomationFramework.Core.Decorators.IgnorePagesDecorator.Execute(TestRunContext context) in C:\Users\DasariW\Desktop\VM Framework\v4Dev_Updated\v4Dev_Updated\VMTestAutomation\Src\Framework.Core\Decorators\IgnorePagesDecorator.cs:line 24
   at VM.Platform.TestAutomationFramework.UIAutomation.Commands.Workflow.LoadTestDataItemCommand.Execute(TestRunContext context) in C:\Users\DasariW\Desktop\VM Framework\v4Dev_Updated\v4Dev_Updated\VMTestAutomation\Src\Framework.UIAutomation\Commands\Workflow\LoadTestDataItemCommand.cs:line 96
   at VM.Platform.TestAutomationFramework.Core.Decorators.CommandDecorator.Execute(TestRunContext context) in C:\Users\DasariW\Desktop\VM Framework\v4Dev_Updated\v4Dev_Updated\VMTestAutomation\Src\Framework.Core\Decorators\CommandDecorator.cs:line 22
   at VM.Platform.TestAutomationFramework.Core.Decorators.CommandLogger.Execute(TestRunContext context) in C:\Users\DasariW\Desktop\VM Framework\v4Dev_Updated\v4Dev_Updated\VMTestAutomation\Src\Framework.Core\Decorators\CommandLogger.cs:line 93
   at VM.Platform.TestAutomationFramework.Core.Decorators.CommandDecorator.Execute(TestRunContext context) in C:\Users\DasariW\Desktop\VM Framework\v4Dev_Updated\v4Dev_Updated\VMTestAutomation\Src\Framework.Core\Decorators\CommandDecorator.cs:line 22
   at VM.Platform.TestAutomationFramework.Core.Decorators.CommandErrorHandler.Execute(TestRunContext context) in C:\Users\DasariW\Desktop\VM Framework\v4Dev_Updated\v4Dev_Updated\VMTestAutomation\Src\Framework.Core\Decorators\CommandErrorHandler.cs:line 65
   at VM.Platform.TestAutomationFramework.Core.Decorators.CommandDecorator.Execute(TestRunContext context) in C:\Users\DasariW\Desktop\VM Framework\v4Dev_Updated\v4Dev_Updated\VMTestAutomation\Src\Framework.Core\Decorators\CommandDecorator.cs:line 22
   at VM.Platform.TestAutomationFramework.Core.Decorators.CommandTimer.Execute(TestRunContext context) in C:\Users\DasariW\Desktop\VM Framework\v4Dev_Updated\v4Dev_Updated\VMTestAutomation\Src\Framework.Core\Decorators\CommandTimer.cs:line 26
   at VM.Platform.TestAutomationFramework.Core.Decorators.CommandDecorator.Execute(TestRunContext context) in C:\Users\DasariW\Desktop\VM Framework\v4Dev_Updated\v4Dev_Updated\VMTestAutomation\Src\Framework.Core\Decorators\CommandDecorator.cs:line 22
   at VM.Platform.TestAutomationFramework.Core.Decorators.IgnorePagesDecorator.Execute(TestRunContext context) in C:\Users\DasariW\Desktop\VM Framework\v4Dev_Updated\v4Dev_Updated\VMTestAutomation\Src\Framework.Core\Decorators\IgnorePagesDecorator.cs:line 24
   at VM.Platform.TestAutomationFramework.Core.TestCommandRunner.Execute(TestRunContext testRunContext) in C:\Users\DasariW\Desktop\VM Framework\v4Dev_Updated\v4Dev_Updated\VMTestAutomation\Src\Framework.Core\TestCommandRunner.cs:line 75
   at VM.Platform.TestAutomationFramework.Core.SingleTestCaseRunner.ExecuteSingleTestCase(Int32 testCaseId, String targetEnvironment, String repositiory, Int32 Retry) in C:\Users\DasariW\Desktop\VM Framework\v4Dev_Updated\v4Dev_Updated\VMTestAutomation\Src\Framework.Core\SingleTestCaseRunner.cs:line 167
----------------
2018-11-14 11:55:00,278 INFO  execution-log - Saving captured values to file.
----------------
2018-11-14 11:55:00,279 ERROR execution-log - TC # : 2,  has failed
----------------
