2018-11-14 12:05:09,504 INFO  execution-log - 	Initializing control map with map # Master
----------------
2018-11-14 12:05:09,514 INFO  execution-log - Initializing Test Automation
----------------
2018-11-14 12:05:09,515 INFO  execution-log - 	target browser: Chrome
----------------
2018-11-14 12:05:09,519 INFO  execution-log - TC # : 2, Downloading test case from DB
----------------
2018-11-14 12:05:09,542 INFO  execution-log - TC # : 2, Getting control map :Master from DB
----------------
2018-11-14 12:05:09,552 INFO  execution-log - TC # : 2, Control map retrieval completed
----------------
2018-11-14 12:05:09,558 INFO  execution-log - TC # : 2, Getting test data from DB
----------------
2018-11-14 12:05:09,568 INFO  execution-log - TC # : 2, Test data retrieval completed
----------------
2018-11-14 12:05:09,569 INFO  execution-log - TC # : 2, Parsing commands
----------------
2018-11-14 12:05:09,571 INFO  execution-log - Loading captured values from persistence.
----------------
2018-11-14 12:05:09,575 INFO  execution-log - TC # : 2, Started executing test case in the HISCOX environment (http://hiscpvt.cloud.hiscox.com/oneshield/index.jsp#gateway)
----------------
2018-11-14 12:05:09,633 INFO  execution-log -  Beginning StartIterationCommand ( Iterations : 1 )
----------------
2018-11-14 12:05:09,636 INFO  execution-log - TC # : 2, Starting iteration #1
----------------
2018-11-14 12:05:09,637 INFO  execution-log - 	 Command completed.
----------------
2018-11-14 12:05:09,639 INFO  execution-log -  Beginning InvokeApplicationCommand ( Target :  )
----------------
2018-11-14 12:05:10,104 INFO  execution-log - 	 Command completed.
----------------
2018-11-14 12:05:10,106 INFO  execution-log -  Beginning PageCommand ( CurrentPage : Login, FlowIdentifier : 1, DiIndicator : DI )
----------------
2018-11-14 12:05:10,112 INFO  execution-log - 	 Command completed.
----------------
2018-11-14 12:05:10,114 INFO  execution-log -  Beginning LoadTestDataItemCommand ( CurrentPage : Login, FlowIdentifier : 1, DiIndicator : DI )
----------------
2018-11-14 12:05:10,138 INFO  execution-log - [Sequence No - 1] Beginning TestDataCommand ( LogicalFieldName : Partner Number, LogicalFieldValue : 0 )
----------------
2018-11-14 12:05:11,920 INFO  execution-log - [Sequence No - 1]	 Command completed.
----------------
2018-11-14 12:05:11,924 INFO  execution-log - [Sequence No - 2] Beginning TestDataCommand ( LogicalFieldName : Username, LogicalFieldValue : karthicuw )
----------------
2018-11-14 12:05:12,092 INFO  execution-log - [Sequence No - 2]	 Command completed.
----------------
2018-11-14 12:05:12,097 INFO  execution-log - [Sequence No - 3] Beginning TestDataCommand ( LogicalFieldName : Password, LogicalFieldValue : Monday!23 )
----------------
2018-11-14 12:05:12,233 INFO  execution-log - [Sequence No - 3]	 Command completed.
----------------
2018-11-14 12:05:12,243 INFO  execution-log - [Sequence No - 4] Beginning TestDataCommand ( LogicalFieldName : Partner Number, LogicalFieldValue : 0 )
----------------
2018-11-14 12:05:12,359 INFO  execution-log - [Sequence No - 4]	 Command completed.
----------------
2018-11-14 12:05:12,363 INFO  execution-log - [Sequence No - 5] Beginning ActionCommand ( LogicalFieldName : Login Page, LogicalFieldValue : Click )
----------------
2018-11-14 12:05:12,543 INFO  execution-log - [Sequence No - 5]	 Command completed.
----------------
2018-11-14 12:05:12,548 INFO  execution-log - [Sequence No - 6] Beginning ActionCommand ( LogicalFieldName : Login Button, LogicalFieldValue : Click )
----------------
2018-11-14 12:05:12,715 INFO  execution-log - [Sequence No - 6]	 Command completed.
----------------
2018-11-14 12:05:12,719 INFO  execution-log - [Sequence No - 7] Beginning TestDataCommand ( LogicalFieldName : Partner Number, LogicalFieldValue : 0 )
----------------
2018-11-14 12:05:12,823 INFO  execution-log - [Sequence No - 7]	 Command completed.
----------------
2018-11-14 12:05:12,824 INFO  execution-log - 	 Command completed.
----------------
2018-11-14 12:05:12,825 INFO  execution-log -  Beginning PageCommand ( CurrentPage : Quotes, FlowIdentifier : 1, DiIndicator : DI )
----------------
2018-11-14 12:05:12,826 INFO  execution-log - 	 Command completed.
----------------
2018-11-14 12:05:12,827 INFO  execution-log -  Beginning LoadTestDataItemCommand ( CurrentPage : Quotes, FlowIdentifier : 1, DiIndicator : DI )
----------------
2018-11-14 12:05:12,838 INFO  execution-log - [Sequence No - 8] Beginning WaitForControlCommand ( LogicalFieldName : Quotes_Link, LogicalFieldValue : True )
----------------
2018-11-14 12:05:13,622 INFO  execution-log - [Sequence No - 8]	 Command completed.
----------------
2018-11-14 12:05:13,627 INFO  execution-log - [Sequence No - 9] Beginning ActionCommand ( LogicalFieldName : Quotes_Link, LogicalFieldValue : Click )
----------------
2018-11-14 12:05:13,917 INFO  execution-log - [Sequence No - 9]	 Command completed.
----------------
2018-11-14 12:05:13,922 INFO  execution-log - [Sequence No - 10] Beginning WaitForControlCommand ( LogicalFieldName : New quote, LogicalFieldValue : True )
----------------
2018-11-14 12:05:15,689 INFO  execution-log - [Sequence No - 10]	 Command completed.
----------------
2018-11-14 12:05:15,694 INFO  execution-log - [Sequence No - 11] Beginning ActionCommand ( LogicalFieldName : New quote, LogicalFieldValue : Click )
----------------
2018-11-14 12:05:15,825 INFO  execution-log - [Sequence No - 11]	 Command completed.
----------------
2018-11-14 12:05:15,830 INFO  execution-log - [Sequence No - 12] Beginning ActionCommand ( LogicalFieldName : Select Producing Agency, LogicalFieldValue : Click-Wait(500) )
----------------
2018-11-14 12:05:17,176 INFO  execution-log - [Sequence No - 12]	 Command completed.
----------------
2018-11-14 12:05:17,180 INFO  execution-log - [Sequence No - 13] Beginning ActionCommand ( LogicalFieldName : Select Agency, LogicalFieldValue : Click )
----------------
2018-11-14 12:05:17,334 INFO  execution-log - [Sequence No - 13]	 Command completed.
----------------
2018-11-14 12:05:17,339 INFO  execution-log - [Sequence No - 14] Beginning WaitForControlCommand ( LogicalFieldName : Producer, LogicalFieldValue : True )
----------------
2018-11-14 12:05:18,976 INFO  execution-log - [Sequence No - 14]	 Command completed.
----------------
2018-11-14 12:05:18,980 INFO  execution-log - [Sequence No - 15] Beginning ActionCommand ( LogicalFieldName : Producer, LogicalFieldValue : Click-Wait(500) )
----------------
2018-11-14 12:05:20,126 INFO  execution-log - [Sequence No - 15]	 Command completed.
----------------
2018-11-14 12:05:20,130 INFO  execution-log - [Sequence No - 16] Beginning TestDataCommand ( LogicalFieldName : Producer, LogicalFieldValue : Agency  Producer )
----------------
2018-11-14 12:05:20,593 INFO  execution-log - [Sequence No - 16]	 Command completed.
----------------
2018-11-14 12:05:20,598 INFO  execution-log - [Sequence No - 17] Beginning TestDataCommand ( LogicalFieldName : First Name, LogicalFieldValue : HISCOX )
----------------
2018-11-14 12:05:20,818 INFO  execution-log - [Sequence No - 17]	 Command completed.
----------------
2018-11-14 12:05:20,823 INFO  execution-log - [Sequence No - 18] Beginning TestDataCommand ( LogicalFieldName : Last Name, LogicalFieldValue : Demo )
----------------
2018-11-14 12:05:20,998 INFO  execution-log - [Sequence No - 18]	 Command completed.
----------------
2018-11-14 12:05:21,007 INFO  execution-log - [Sequence No - 19] Beginning TestDataCommand ( LogicalFieldName : City, LogicalFieldValue : Atlanta )
----------------
2018-11-14 12:05:21,207 INFO  execution-log - [Sequence No - 19]	 Command completed.
----------------
2018-11-14 12:05:21,211 INFO  execution-log - [Sequence No - 20] Beginning TestDataCommand ( LogicalFieldName : State, LogicalFieldValue : Georgia )
----------------
2018-11-14 12:05:21,519 INFO  execution-log - [Sequence No - 20]	 Command completed.
----------------
2018-11-14 12:05:21,523 INFO  execution-log - [Sequence No - 21] Beginning TestDataCommand ( LogicalFieldName : Zip, LogicalFieldValue : 30338 )
----------------
2018-11-14 12:05:21,696 INFO  execution-log - [Sequence No - 21]	 Command completed.
----------------
2018-11-14 12:05:21,700 INFO  execution-log - [Sequence No - 22] Beginning TestDataCommand ( LogicalFieldName : Address Line 1, LogicalFieldValue : 1 Main st )
----------------
2018-11-14 12:05:21,937 INFO  execution-log - [Sequence No - 22]	 Command completed.
----------------
2018-11-14 12:05:21,941 INFO  execution-log - [Sequence No - 23] Beginning TestDataCommand ( LogicalFieldName : Address Line 2, LogicalFieldValue : 1 )
----------------
2018-11-14 12:05:22,069 INFO  execution-log - [Sequence No - 23]	 Command completed.
----------------
2018-11-14 12:05:22,073 INFO  execution-log - [Sequence No - 24] Beginning ActionCommand ( LogicalFieldName : Product line (errors and omissions), LogicalFieldValue : Click )
----------------
2018-11-14 12:05:22,274 INFO  execution-log - [Sequence No - 24]	 Command completed.
----------------
2018-11-14 12:05:22,278 INFO  execution-log - [Sequence No - 25] Beginning ActionCommand ( LogicalFieldName : Customer search, LogicalFieldValue : Click )
----------------
2018-11-14 12:05:22,601 INFO  execution-log - [Sequence No - 25]	 Command completed.
----------------
2018-11-14 12:05:22,602 INFO  execution-log - 	 Command completed.
----------------
2018-11-14 12:05:22,603 INFO  execution-log -  Beginning PageCommand ( CurrentPage : QuoteDetails, FlowIdentifier : 1, DiIndicator : DI )
----------------
2018-11-14 12:05:22,603 INFO  execution-log - 	 Command completed.
----------------
2018-11-14 12:05:22,605 INFO  execution-log -  Beginning LoadTestDataItemCommand ( CurrentPage : QuoteDetails, FlowIdentifier : 1, DiIndicator : DI )
----------------
2018-11-14 12:05:22,615 INFO  execution-log - [Sequence No - 26] Beginning WaitForControlCommand ( LogicalFieldName : Retro-active Date, LogicalFieldValue : True )
----------------
2018-11-14 12:05:29,463 INFO  execution-log - [Sequence No - 26]	 Command completed.
----------------
2018-11-14 12:05:29,468 INFO  execution-log - [Sequence No - 27] Beginning TestDataCommand ( LogicalFieldName : Rating Company, LogicalFieldValue : FDLI Protection Insurance Company )
----------------
2018-11-14 12:05:31,127 INFO  execution-log - [Sequence No - 27]	 Command completed.
----------------
2018-11-14 12:05:31,132 INFO  execution-log - [Sequence No - 28] Beginning TestDataCommand ( LogicalFieldName : Retro-active Date, LogicalFieldValue : 09/11/2018 )
----------------
2018-11-14 12:05:31,282 INFO  execution-log - [Sequence No - 28]	 Command completed.
----------------
2018-11-14 12:05:31,287 INFO  execution-log - [Sequence No - 29] Beginning TestDataCommand ( LogicalFieldName : Professional Liability Gross Sales, LogicalFieldValue : 100000 )
----------------
2018-11-14 12:05:31,417 INFO  execution-log - [Sequence No - 29]	 Command completed.
----------------
2018-11-14 12:05:31,422 INFO  execution-log - [Sequence No - 30] Beginning ActionCommand ( LogicalFieldName : QuoteDetails Page, LogicalFieldValue : Click )
----------------
2018-11-14 12:05:31,593 INFO  execution-log - [Sequence No - 30]	 Command completed.
----------------
2018-11-14 12:05:31,597 INFO  execution-log - [Sequence No - 31] Beginning ActionCommand ( LogicalFieldName : Save Changes, LogicalFieldValue : Click )
----------------
2018-11-14 12:05:31,743 INFO  execution-log - [Sequence No - 31]	 Command completed.
----------------
2018-11-14 12:05:31,747 INFO  execution-log - [Sequence No - 32] Beginning WaitForControlCommand ( LogicalFieldName : Rate Quote, LogicalFieldValue : True )
----------------
2018-11-14 12:05:32,627 INFO  execution-log - [Sequence No - 32]	 Command completed.
----------------
2018-11-14 12:05:32,631 INFO  execution-log - [Sequence No - 33] Beginning ActionCommand ( LogicalFieldName : Rate Quote, LogicalFieldValue : Click-Wait(1000) )
----------------
2018-11-14 12:05:34,757 INFO  execution-log - [Sequence No - 33]	 Command completed.
----------------
2018-11-14 12:05:34,770 INFO  execution-log - [Sequence No - 34] Beginning WaitForControlCommand ( LogicalFieldName : Request Issue, LogicalFieldValue : True )
----------------
2018-11-14 12:05:41,174 INFO  execution-log - [Sequence No - 34]	 Command completed.
----------------
2018-11-14 12:05:41,178 INFO  execution-log - [Sequence No - 35] Beginning ActionCommand ( LogicalFieldName : Request Issue, LogicalFieldValue : Click-Wait(1000) )
----------------
2018-11-14 12:05:43,320 INFO  execution-log - [Sequence No - 35]	 Command completed.
----------------
2018-11-14 12:05:43,324 INFO  execution-log - [Sequence No - 36] Beginning WaitForControlCommand ( LogicalFieldName : Next, LogicalFieldValue : True )
----------------
2018-11-14 12:05:43,988 INFO  execution-log - [Sequence No - 36]	 Command completed.
----------------
2018-11-14 12:05:43,993 INFO  execution-log - [Sequence No - 37] Beginning ActionCommand ( LogicalFieldName : Next, LogicalFieldValue : Click )
----------------
2018-11-14 12:05:44,134 INFO  execution-log - [Sequence No - 37]	 Command completed.
----------------
2018-11-14 12:05:44,136 INFO  execution-log - 	 Command completed.
----------------
2018-11-14 12:05:44,137 INFO  execution-log -  Beginning PageCommand ( CurrentPage : Payment Profile, FlowIdentifier : 1, DiIndicator : DI )
----------------
2018-11-14 12:05:44,137 INFO  execution-log - 	 Command completed.
----------------
2018-11-14 12:05:44,138 INFO  execution-log -  Beginning LoadTestDataItemCommand ( CurrentPage : Payment Profile, FlowIdentifier : 1, DiIndicator : DI )
----------------
2018-11-14 12:05:44,146 INFO  execution-log - [Sequence No - 38] Beginning WaitForControlCommand ( LogicalFieldName : Check Payment, LogicalFieldValue : True )
----------------
2018-11-14 12:05:45,436 INFO  execution-log - [Sequence No - 38]	 Command completed.
----------------
2018-11-14 12:05:45,441 INFO  execution-log - [Sequence No - 39] Beginning ActionCommand ( LogicalFieldName : Check Payment, LogicalFieldValue : Click )
----------------
2018-11-14 12:05:45,639 INFO  execution-log - [Sequence No - 39]	 Command completed.
----------------
2018-11-14 12:05:45,643 INFO  execution-log - [Sequence No - 40] Beginning ActionCommand ( LogicalFieldName : Next, LogicalFieldValue : Click-Wait(1000) )
----------------
2018-11-14 12:05:47,890 INFO  execution-log - [Sequence No - 40]	 Command completed.
----------------
2018-11-14 12:05:47,891 INFO  execution-log - 	 Command completed.
----------------
2018-11-14 12:05:47,892 INFO  execution-log -  Beginning PageCommand ( CurrentPage : Billing Choices, FlowIdentifier : 1, DiIndicator : DI )
----------------
2018-11-14 12:05:47,893 INFO  execution-log - 	 Command completed.
----------------
2018-11-14 12:05:47,894 INFO  execution-log -  Beginning LoadTestDataItemCommand ( CurrentPage : Billing Choices, FlowIdentifier : 1, DiIndicator : DI )
----------------
2018-11-14 12:05:47,899 INFO  execution-log - [Sequence No - 41] Beginning WaitForControlCommand ( LogicalFieldName : Email Address, LogicalFieldValue : True )
----------------
2018-11-14 12:05:47,941 INFO  execution-log - [Sequence No - 41]	 Command completed.
----------------
2018-11-14 12:05:47,946 INFO  execution-log - [Sequence No - 42] Beginning ActionCommand ( LogicalFieldName : Email Address, LogicalFieldValue : Click-Wait(2000) )
----------------
2018-11-14 12:05:53,155 INFO  execution-log - [Sequence No - 42]	 Command completed.
----------------
2018-11-14 12:05:53,160 INFO  execution-log - [Sequence No - 43] Beginning TestDataCommand ( LogicalFieldName : Email Address, LogicalFieldValue : EMAILID )
----------------
2018-11-14 12:05:53,466 INFO  execution-log - [Sequence No - 43]	 Command completed.
----------------
2018-11-14 12:05:53,471 INFO  execution-log - [Sequence No - 44] Beginning ActionCommand ( LogicalFieldName : Billing Choices Page, LogicalFieldValue : Click )
----------------
2018-11-14 12:05:53,581 INFO  execution-log - [Sequence No - 44]	 Command completed.
----------------
2018-11-14 12:05:53,585 INFO  execution-log - [Sequence No - 45] Beginning ActionCommand ( LogicalFieldName : Next, LogicalFieldValue : Click-Wait(2000) )
----------------
2018-11-14 12:05:57,739 INFO  execution-log - [Sequence No - 45]	 Command completed.
----------------
2018-11-14 12:05:57,741 INFO  execution-log - 	 Command completed.
----------------
2018-11-14 12:05:57,741 INFO  execution-log -  Beginning PageCommand ( CurrentPage : Quote Bind, FlowIdentifier : 1, DiIndicator : DI )
----------------
2018-11-14 12:05:57,742 INFO  execution-log - 	 Command completed.
----------------
2018-11-14 12:05:57,742 INFO  execution-log -  Beginning LoadTestDataItemCommand ( CurrentPage : Quote Bind, FlowIdentifier : 1, DiIndicator : DI )
----------------
2018-11-14 12:05:57,748 INFO  execution-log - [Sequence No - 46] Beginning WaitForControlCommand ( LogicalFieldName : Bind, LogicalFieldValue : True )
----------------
2018-11-14 12:05:57,786 INFO  execution-log - [Sequence No - 46]	 Command completed.
----------------
2018-11-14 12:05:57,791 INFO  execution-log - [Sequence No - 47] Beginning ActionCommand ( LogicalFieldName : Bind, LogicalFieldValue : Click-Wait(2000) )
----------------
2018-11-14 12:06:01,912 INFO  execution-log - [Sequence No - 47]	 Command completed.
----------------
2018-11-14 12:06:01,913 INFO  execution-log - 	 Command completed.
----------------
2018-11-14 12:06:01,914 INFO  execution-log -  Beginning PageCommand ( CurrentPage : Summary, FlowIdentifier : 1, DiIndicator : DI )
----------------
2018-11-14 12:06:01,915 INFO  execution-log - 	 Command completed.
----------------
2018-11-14 12:06:01,916 INFO  execution-log -  Beginning LoadTestDataItemCommand ( CurrentPage : Summary, FlowIdentifier : 1, DiIndicator : DI )
----------------
2018-11-14 12:06:01,921 INFO  execution-log - [Sequence No - 48] Beginning WaitForControlCommand ( LogicalFieldName : Policy#, LogicalFieldValue : True )
----------------
2018-11-14 12:06:04,540 ERROR execution-log - TC # : 2, Tried Switch to IFrame, but the Policy# control never appeared.
----------------
2018-11-14 12:06:12,673 ERROR execution-log - TC # : 2, Tried Switch to IFrame, but the Policy# control never appeared.
----------------
2018-11-14 12:06:12,690 ERROR execution-log - TC # : 2, No more iterations to run. Test execution will abort.
----------------
2018-11-14 12:06:12,705 ERROR execution-log - TC # : 2, Framework failed to run the test due to a test configuration error.
	VM.Platform.TestAutomationFramework.Core.Exceptions.WorkflowFailedException: Tried Switch to IFrame, but the Policy# control never appeared. ---> System.Collections.Generic.KeyNotFoundException: The given key was not present in the dictionary.
   at System.Collections.Generic.Dictionary`2.get_Item(TKey key)
   at VM.Platform.TestAutomationFramework.UIAutomation.FrameHandler.TrySwitchToIFrame(TestRunContext context) in C:\Users\DasariW\Desktop\VM Framework\v4Dev_Updated\v4Dev_Updated\VMTestAutomation\Src\Framework.UIAutomation\FrameHandler.cs:line 74
   at VM.Platform.TestAutomationFramework.UIAutomation.FrameHandler..ctor(IUiAdapter uiAdapter, TestRunContext context, String logicalFieldName) in C:\Users\DasariW\Desktop\VM Framework\v4Dev_Updated\v4Dev_Updated\VMTestAutomation\Src\Framework.UIAutomation\FrameHandler.cs:line 26
   --- End of inner exception stack trace ---
   at VM.Platform.TestAutomationFramework.UIAutomation.FrameHandler..ctor(IUiAdapter uiAdapter, TestRunContext context, String logicalFieldName) in C:\Users\DasariW\Desktop\VM Framework\v4Dev_Updated\v4Dev_Updated\VMTestAutomation\Src\Framework.UIAutomation\FrameHandler.cs:line 31
   at VM.Platform.TestAutomationFramework.UIAutomation.Commands.Interactions.WaitForControlCommand.Execute(TestRunContext context) in C:\Users\DasariW\Desktop\VM Framework\v4Dev_Updated\v4Dev_Updated\VMTestAutomation\Src\Framework.UIAutomation\Commands\Interactions\WaitForControlCommand.cs:line 19
   at VM.Platform.TestAutomationFramework.Core.Decorators.CommandDecorator.Execute(TestRunContext context) in C:\Users\DasariW\Desktop\VM Framework\v4Dev_Updated\v4Dev_Updated\VMTestAutomation\Src\Framework.Core\Decorators\CommandDecorator.cs:line 22
   at VM.Platform.TestAutomationFramework.Core.Decorators.CommandLogger.Execute(TestRunContext context) in C:\Users\DasariW\Desktop\VM Framework\v4Dev_Updated\v4Dev_Updated\VMTestAutomation\Src\Framework.Core\Decorators\CommandLogger.cs:line 93
   at VM.Platform.TestAutomationFramework.Core.Decorators.CommandDecorator.Execute(TestRunContext context) in C:\Users\DasariW\Desktop\VM Framework\v4Dev_Updated\v4Dev_Updated\VMTestAutomation\Src\Framework.Core\Decorators\CommandDecorator.cs:line 22
   at VM.Platform.TestAutomationFramework.Core.Decorators.CommandErrorHandler.Execute(TestRunContext context) in C:\Users\DasariW\Desktop\VM Framework\v4Dev_Updated\v4Dev_Updated\VMTestAutomation\Src\Framework.Core\Decorators\CommandErrorHandler.cs:line 65
   at VM.Platform.TestAutomationFramework.Core.Decorators.CommandDecorator.Execute(TestRunContext context) in C:\Users\DasariW\Desktop\VM Framework\v4Dev_Updated\v4Dev_Updated\VMTestAutomation\Src\Framework.Core\Decorators\CommandDecorator.cs:line 22
   at VM.Platform.TestAutomationFramework.Core.Decorators.CommandTimer.Execute(TestRunContext context) in C:\Users\DasariW\Desktop\VM Framework\v4Dev_Updated\v4Dev_Updated\VMTestAutomation\Src\Framework.Core\Decorators\CommandTimer.cs:line 26
   at VM.Platform.TestAutomationFramework.Core.Decorators.CommandDecorator.Execute(TestRunContext context) in C:\Users\DasariW\Desktop\VM Framework\v4Dev_Updated\v4Dev_Updated\VMTestAutomation\Src\Framework.Core\Decorators\CommandDecorator.cs:line 22
   at VM.Platform.TestAutomationFramework.Core.Decorators.IgnorePagesDecorator.Execute(TestRunContext context) in C:\Users\DasariW\Desktop\VM Framework\v4Dev_Updated\v4Dev_Updated\VMTestAutomation\Src\Framework.Core\Decorators\IgnorePagesDecorator.cs:line 24
   at VM.Platform.TestAutomationFramework.UIAutomation.Commands.Workflow.LoadTestDataItemCommand.Execute(TestRunContext context) in C:\Users\DasariW\Desktop\VM Framework\v4Dev_Updated\v4Dev_Updated\VMTestAutomation\Src\Framework.UIAutomation\Commands\Workflow\LoadTestDataItemCommand.cs:line 96
   at VM.Platform.TestAutomationFramework.Core.Decorators.CommandDecorator.Execute(TestRunContext context) in C:\Users\DasariW\Desktop\VM Framework\v4Dev_Updated\v4Dev_Updated\VMTestAutomation\Src\Framework.Core\Decorators\CommandDecorator.cs:line 22
   at VM.Platform.TestAutomationFramework.Core.Decorators.CommandLogger.Execute(TestRunContext context) in C:\Users\DasariW\Desktop\VM Framework\v4Dev_Updated\v4Dev_Updated\VMTestAutomation\Src\Framework.Core\Decorators\CommandLogger.cs:line 93
   at VM.Platform.TestAutomationFramework.Core.Decorators.CommandDecorator.Execute(TestRunContext context) in C:\Users\DasariW\Desktop\VM Framework\v4Dev_Updated\v4Dev_Updated\VMTestAutomation\Src\Framework.Core\Decorators\CommandDecorator.cs:line 22
   at VM.Platform.TestAutomationFramework.Core.Decorators.CommandErrorHandler.Execute(TestRunContext context) in C:\Users\DasariW\Desktop\VM Framework\v4Dev_Updated\v4Dev_Updated\VMTestAutomation\Src\Framework.Core\Decorators\CommandErrorHandler.cs:line 65
   at VM.Platform.TestAutomationFramework.Core.Decorators.CommandDecorator.Execute(TestRunContext context) in C:\Users\DasariW\Desktop\VM Framework\v4Dev_Updated\v4Dev_Updated\VMTestAutomation\Src\Framework.Core\Decorators\CommandDecorator.cs:line 22
   at VM.Platform.TestAutomationFramework.Core.Decorators.CommandTimer.Execute(TestRunContext context) in C:\Users\DasariW\Desktop\VM Framework\v4Dev_Updated\v4Dev_Updated\VMTestAutomation\Src\Framework.Core\Decorators\CommandTimer.cs:line 26
   at VM.Platform.TestAutomationFramework.Core.Decorators.CommandDecorator.Execute(TestRunContext context) in C:\Users\DasariW\Desktop\VM Framework\v4Dev_Updated\v4Dev_Updated\VMTestAutomation\Src\Framework.Core\Decorators\CommandDecorator.cs:line 22
   at VM.Platform.TestAutomationFramework.Core.Decorators.IgnorePagesDecorator.Execute(TestRunContext context) in C:\Users\DasariW\Desktop\VM Framework\v4Dev_Updated\v4Dev_Updated\VMTestAutomation\Src\Framework.Core\Decorators\IgnorePagesDecorator.cs:line 24
   at VM.Platform.TestAutomationFramework.Core.TestCommandRunner.Execute(TestRunContext testRunContext) in C:\Users\DasariW\Desktop\VM Framework\v4Dev_Updated\v4Dev_Updated\VMTestAutomation\Src\Framework.Core\TestCommandRunner.cs:line 75
   at VM.Platform.TestAutomationFramework.Core.SingleTestCaseRunner.ExecuteSingleTestCase(Int32 testCaseId, String targetEnvironment, String repositiory, Int32 Retry) in C:\Users\DasariW\Desktop\VM Framework\v4Dev_Updated\v4Dev_Updated\VMTestAutomation\Src\Framework.Core\SingleTestCaseRunner.cs:line 167
----------------
2018-11-14 12:06:13,996 INFO  execution-log - Saving captured values to file.
----------------
2018-11-14 12:06:13,997 ERROR execution-log - TC # : 2,  has failed
----------------
