2019-02-05 01:19:03,207 INFO  execution-log - 	Initializing control map with map # MASTER
----------------
2019-02-05 01:19:03,224 INFO  execution-log - Initializing Test Automation
----------------
2019-02-05 01:19:03,229 INFO  execution-log - 	target browser: Chrome
----------------
2019-02-05 01:19:03,240 INFO  execution-log - TC # : 1, Downloading test case from DB
----------------
2019-02-05 01:19:03,260 INFO  execution-log - TC # : 1, Getting test data from DB
----------------
2019-02-05 01:19:03,260 INFO  execution-log - TC # : 1, Getting control map :MASTER from DB
----------------
2019-02-05 01:19:03,282 INFO  execution-log - TC # : 1, Control map retrieval completed
----------------
2019-02-05 01:19:03,283 INFO  execution-log - TC # : 1, Test data retrieval completed
----------------
2019-02-05 01:19:03,297 INFO  execution-log - TC # : 1, Parsing commands
----------------
2019-02-05 01:19:03,303 INFO  execution-log - Loading captured values from persistence.
----------------
2019-02-05 01:19:03,310 INFO  execution-log - TC # : 1, Started executing test case in the VMTESTAPP1 environment (http://vam-qa.cloudapp.net:6363/pages/login.html)
----------------
2019-02-05 01:19:03,369 INFO  execution-log -  Beginning StartIterationCommand ( Iterations : 1 )
----------------
2019-02-05 01:19:03,377 INFO  execution-log - TC # : 1, Starting iteration #1
----------------
2019-02-05 01:19:03,382 INFO  execution-log - 	 Command completed.
----------------
2019-02-05 01:19:03,390 INFO  execution-log -  Beginning InvokeApplicationCommand ( Target :  )
----------------
2019-02-05 01:19:04,255 INFO  execution-log - 	 Command completed.
----------------
2019-02-05 01:19:04,272 INFO  execution-log -  Beginning PageCommand ( CurrentPage : Login, FlowIdentifier : 1, DiIndicator : DI )
----------------
2019-02-05 01:19:04,279 INFO  execution-log - 	 Command completed.
----------------
2019-02-05 01:19:04,290 INFO  execution-log -  Beginning LoadTestDataItemCommand ( CurrentPage : Login, FlowIdentifier : 1, DiIndicator : DI )
----------------
2019-02-05 01:19:04,313 INFO  execution-log - [Sequence No - 1] Beginning ValidateExistStatusCommand ( LogicalFieldName : User Name, LogicalFieldValue : True )
----------------
2019-02-05 01:19:04,350 INFO  execution-log - [Sequence No - 1]	 Command completed.
----------------
2019-02-05 01:19:04,361 INFO  execution-log - [Sequence No - 2] Beginning ActionCommand ( LogicalFieldName : User Name, LogicalFieldValue : Click )
----------------
2019-02-05 01:19:04,499 INFO  execution-log - [Sequence No - 2]	 Command completed.
----------------
2019-02-05 01:19:04,512 INFO  execution-log - [Sequence No - 3] Beginning TestDataCommand ( LogicalFieldName : User Name, LogicalFieldValue : Jack )
----------------
2019-02-05 01:19:04,617 INFO  execution-log - [Sequence No - 3]	 Command completed.
----------------
2019-02-05 01:19:04,627 INFO  execution-log - [Sequence No - 4] Beginning ValidateExistStatusCommand ( LogicalFieldName : Password, LogicalFieldValue : True )
----------------
2019-02-05 01:19:04,651 INFO  execution-log - [Sequence No - 4]	 Command completed.
----------------
2019-02-05 01:19:04,660 INFO  execution-log - [Sequence No - 5] Beginning TestDataCommand ( LogicalFieldName : Password, LogicalFieldValue : Smit@123 )
----------------
2019-02-05 01:19:04,789 INFO  execution-log - [Sequence No - 5]	 Command completed.
----------------
2019-02-05 01:19:04,801 INFO  execution-log - [Sequence No - 6] Beginning ValidateEnableStatusCommand ( LogicalFieldName : Login_Button, LogicalFieldValue : True )
----------------
2019-02-05 01:19:04,841 INFO  execution-log - [Sequence No - 6]	 Command completed.
----------------
2019-02-05 01:19:04,851 INFO  execution-log - [Sequence No - 7] Beginning ActionCommand ( LogicalFieldName : Login_Button, LogicalFieldValue : Click )
----------------
2019-02-05 01:19:04,969 INFO  execution-log - [Sequence No - 7]	 Command completed.
----------------
2019-02-05 01:19:04,976 INFO  execution-log - 	 Command completed.
----------------
2019-02-05 01:19:04,984 INFO  execution-log -  Beginning PageCommand ( CurrentPage : Home, FlowIdentifier : 2, DiIndicator : DI )
----------------
2019-02-05 01:19:04,989 INFO  execution-log - 	 Command completed.
----------------
2019-02-05 01:19:04,995 INFO  execution-log -  Beginning LoadTestDataItemCommand ( CurrentPage : Home, FlowIdentifier : 2, DiIndicator : DI )
----------------
2019-02-05 01:19:05,012 INFO  execution-log - [Sequence No - 8] Beginning ActionCommand ( LogicalFieldName : New Quote, LogicalFieldValue : Click )
----------------
2019-02-05 01:19:06,832 INFO  execution-log - [Sequence No - 8]	 Command completed.
----------------
2019-02-05 01:19:06,850 INFO  execution-log - 	 Command completed.
----------------
2019-02-05 01:19:06,858 INFO  execution-log -  Beginning PageCommand ( CurrentPage : New Quote, FlowIdentifier : 3, DiIndicator : DI )
----------------
2019-02-05 01:19:06,863 INFO  execution-log - 	 Command completed.
----------------
2019-02-05 01:19:06,877 INFO  execution-log -  Beginning LoadTestDataItemCommand ( CurrentPage : New Quote, FlowIdentifier : 3, DiIndicator : DI )
----------------
2019-02-05 01:19:06,891 INFO  execution-log - [Sequence No - 9] Beginning TestDataCommand ( LogicalFieldName : Account Name, LogicalFieldValue : RANDOMIZE(7,2) )
----------------
2019-02-05 01:19:07,151 INFO  execution-log - [Sequence No - 9]	 Command completed.
----------------
2019-02-05 01:19:07,161 INFO  execution-log - [Sequence No - 11] Beginning TestDataCommand ( LogicalFieldName : First Name, LogicalFieldValue : Jack )
----------------
2019-02-05 01:19:07,386 INFO  execution-log - [Sequence No - 11]	 Command completed.
----------------
2019-02-05 01:19:07,397 INFO  execution-log - [Sequence No - 12] Beginning TestDataCommand ( LogicalFieldName : Last Name, LogicalFieldValue : Smith )
----------------
2019-02-05 01:19:07,582 INFO  execution-log - [Sequence No - 12]	 Command completed.
----------------
2019-02-05 01:19:07,593 INFO  execution-log - [Sequence No - 13] Beginning TestDataCommand ( LogicalFieldName : ContactNumber1, LogicalFieldValue : 654 )
----------------
2019-02-05 01:19:07,735 INFO  execution-log - [Sequence No - 13]	 Command completed.
----------------
2019-02-05 01:19:07,745 INFO  execution-log - [Sequence No - 14] Beginning TestDataCommand ( LogicalFieldName : ContactNumber2, LogicalFieldValue : 321 )
----------------
2019-02-05 01:19:07,892 INFO  execution-log - [Sequence No - 14]	 Command completed.
----------------
2019-02-05 01:19:07,902 INFO  execution-log - [Sequence No - 15] Beginning TestDataCommand ( LogicalFieldName : ContactNumber3, LogicalFieldValue : 6541 )
----------------
2019-02-05 01:19:08,021 INFO  execution-log - [Sequence No - 15]	 Command completed.
----------------
2019-02-05 01:19:08,032 INFO  execution-log - [Sequence No - 16] Beginning TestDataCommand ( LogicalFieldName : Primary Email, LogicalFieldValue : jack.smith@gmail.com )
----------------
2019-02-05 01:19:08,491 INFO  execution-log - [Sequence No - 16]	 Command completed.
----------------
2019-02-05 01:19:08,503 INFO  execution-log - [Sequence No - 17] Beginning TestDataCommand ( LogicalFieldName : Business Started Year, LogicalFieldValue : 2012 )
----------------
2019-02-05 01:19:08,635 INFO  execution-log - [Sequence No - 17]	 Command completed.
----------------
2019-02-05 01:19:08,644 INFO  execution-log - [Sequence No - 18] Beginning ActionCommand ( LogicalFieldName : Select Product, LogicalFieldValue : Click )
----------------
2019-02-05 01:19:08,810 INFO  execution-log - [Sequence No - 18]	 Command completed.
----------------
2019-02-05 01:19:08,821 INFO  execution-log - [Sequence No - 19] Beginning ActionCommand ( LogicalFieldName : Select Product1, LogicalFieldValue : Click )
----------------
2019-02-05 01:19:08,998 INFO  execution-log - [Sequence No - 19]	 Command completed.
----------------
2019-02-05 01:19:09,012 INFO  execution-log - [Sequence No - 20] Beginning ActionCommand ( LogicalFieldName : Contact Name, LogicalFieldValue : Click )
----------------
2019-02-05 01:19:09,163 INFO  execution-log - [Sequence No - 20]	 Command completed.
----------------
2019-02-05 01:19:09,177 INFO  execution-log - [Sequence No - 21] Beginning ActionCommand ( LogicalFieldName : Contact Name Initial Select, LogicalFieldValue : Click )
----------------
2019-02-05 01:19:09,829 INFO  execution-log - [Sequence No - 21]	 Command completed.
----------------
2019-02-05 01:19:09,842 INFO  execution-log - [Sequence No - 22] Beginning ActionCommand ( LogicalFieldName : Industry, LogicalFieldValue : Click )
----------------
2019-02-05 01:19:10,032 INFO  execution-log - [Sequence No - 22]	 Command completed.
----------------
2019-02-05 01:19:10,044 INFO  execution-log - [Sequence No - 23] Beginning ActionCommand ( LogicalFieldName : Industry1, LogicalFieldValue : Click )
----------------
2019-02-05 01:19:10,192 INFO  execution-log - [Sequence No - 23]	 Command completed.
----------------
2019-02-05 01:19:10,202 INFO  execution-log - [Sequence No - 24] Beginning TestDataCommand ( LogicalFieldName : Zip Code, LogicalFieldValue : 53704 )
----------------
2019-02-05 01:19:10,404 INFO  execution-log - [Sequence No - 24]	 Command completed.
----------------
2019-02-05 01:19:10,414 INFO  execution-log - [Sequence No - 25] Beginning ActionCommand ( LogicalFieldName : zipcode click, LogicalFieldValue : Click )
----------------
2019-02-05 01:19:10,770 INFO  execution-log - [Sequence No - 25]	 Command completed.
----------------
2019-02-05 01:19:10,782 INFO  execution-log - [Sequence No - 26] Beginning TestDataCommand ( LogicalFieldName : Street Address, LogicalFieldValue : 123 BLUEJAY LN )
----------------
2019-02-05 01:19:11,017 INFO  execution-log - [Sequence No - 26]	 Command completed.
----------------
2019-02-05 01:19:11,027 INFO  execution-log - [Sequence No - 27] Beginning ActionCommand ( LogicalFieldName : Same as Physical Address, LogicalFieldValue : Click )
----------------
2019-02-05 01:19:11,163 INFO  execution-log - [Sequence No - 27]	 Command completed.
----------------
2019-02-05 01:19:11,180 INFO  execution-log - [Sequence No - 28] Beginning ActionCommand ( LogicalFieldName : Proceed, LogicalFieldValue : Click )
----------------
2019-02-05 01:19:11,368 INFO  execution-log - [Sequence No - 28]	 Command completed.
----------------
2019-02-05 01:19:11,375 INFO  execution-log - 	 Command completed.
----------------
2019-02-05 01:19:11,381 INFO  execution-log -  Beginning PageCommand ( CurrentPage : Insured Info, FlowIdentifier : 4, DiIndicator : DI )
----------------
2019-02-05 01:19:11,387 INFO  execution-log - 	 Command completed.
----------------
2019-02-05 01:19:11,392 INFO  execution-log -  Beginning LoadTestDataItemCommand ( CurrentPage : Insured Info, FlowIdentifier : 4, DiIndicator : DI )
----------------
2019-02-05 01:19:11,406 INFO  execution-log - [Sequence No - 29] Beginning TestDataCommand ( LogicalFieldName : InsuredName, LogicalFieldValue : Smith )
----------------
2019-02-05 01:19:24,165 ERROR execution-log - TC # : 1, Could not set test data for field 'InsuredName'.
----------------
2019-02-05 01:19:32,186 ERROR execution-log - TC # : 1, Could not set test data for field 'InsuredName'.
----------------
2019-02-05 01:19:32,196 ERROR execution-log - TC # : 1, No more iterations to run. Test execution will abort.
----------------
2019-02-05 01:19:32,203 ERROR execution-log - TC # : 1, Framework failed to run the test due to a test configuration error.
	VM.Platform.TestAutomationFramework.Core.Exceptions.WorkflowFailedException: Could not set test data for field 'InsuredName'. ---> VM.Platform.TestAutomationFramework.Core.Exceptions.WorkflowFailedException: no such element: Unable to locate element: {"method":"id","selector":"txtInsuredName"}
  (Session info: chrome=71.0.3578.98)
  (Driver info: chromedriver=2.45.615291 (ec3682e3c9061c10f26ea9e5cdcf3c53f3f74387),platform=Windows NT 10.0.16299 x86_64)
   at VM.Platform.TestAutomationFramework.UIAutomation.Commands.Interactions.TextBoxElementCommand.Execute() in C:\Users\VMQApractice\Desktop\v4Dev_Updated\v4Dev_Updated\VMTestAutomation\Src\Framework.UIAutomation\Commands\Interactions\TextBoxElementCommand.cs:line 39
   at VM.Platform.TestAutomationFramework.UIAutomation.Commands.Interactions.TestDataCommand.SetTestDataInteraction() in C:\Users\VMQApractice\Desktop\v4Dev_Updated\v4Dev_Updated\VMTestAutomation\Src\Framework.UIAutomation\Commands\Interactions\TestDataCommand.cs:line 158
   at VM.Platform.TestAutomationFramework.UIAutomation.Commands.Interactions.TestDataCommand.Execute(TestRunContext context) in C:\Users\VMQApractice\Desktop\v4Dev_Updated\v4Dev_Updated\VMTestAutomation\Src\Framework.UIAutomation\Commands\Interactions\TestDataCommand.cs:line 35
   --- End of inner exception stack trace ---
   at VM.Platform.TestAutomationFramework.UIAutomation.Commands.Interactions.TestDataCommand.Execute(TestRunContext context) in C:\Users\VMQApractice\Desktop\v4Dev_Updated\v4Dev_Updated\VMTestAutomation\Src\Framework.UIAutomation\Commands\Interactions\TestDataCommand.cs:line 44
   at VM.Platform.TestAutomationFramework.Core.Decorators.CommandDecorator.Execute(TestRunContext context) in C:\Users\VMQApractice\Desktop\v4Dev_Updated\v4Dev_Updated\VMTestAutomation\Src\Framework.Core\Decorators\CommandDecorator.cs:line 22
   at VM.Platform.TestAutomationFramework.Core.Decorators.CommandLogger.Execute(TestRunContext context) in C:\Users\VMQApractice\Desktop\v4Dev_Updated\v4Dev_Updated\VMTestAutomation\Src\Framework.Core\Decorators\CommandLogger.cs:line 93
   at VM.Platform.TestAutomationFramework.Core.Decorators.CommandDecorator.Execute(TestRunContext context) in C:\Users\VMQApractice\Desktop\v4Dev_Updated\v4Dev_Updated\VMTestAutomation\Src\Framework.Core\Decorators\CommandDecorator.cs:line 22
   at VM.Platform.TestAutomationFramework.Core.Decorators.CommandErrorHandler.Execute(TestRunContext context) in C:\Users\VMQApractice\Desktop\v4Dev_Updated\v4Dev_Updated\VMTestAutomation\Src\Framework.Core\Decorators\CommandErrorHandler.cs:line 65
   at VM.Platform.TestAutomationFramework.Core.Decorators.CommandDecorator.Execute(TestRunContext context) in C:\Users\VMQApractice\Desktop\v4Dev_Updated\v4Dev_Updated\VMTestAutomation\Src\Framework.Core\Decorators\CommandDecorator.cs:line 22
   at VM.Platform.TestAutomationFramework.Core.Decorators.CommandTimer.Execute(TestRunContext context) in C:\Users\VMQApractice\Desktop\v4Dev_Updated\v4Dev_Updated\VMTestAutomation\Src\Framework.Core\Decorators\CommandTimer.cs:line 26
   at VM.Platform.TestAutomationFramework.Core.Decorators.CommandDecorator.Execute(TestRunContext context) in C:\Users\VMQApractice\Desktop\v4Dev_Updated\v4Dev_Updated\VMTestAutomation\Src\Framework.Core\Decorators\CommandDecorator.cs:line 22
   at VM.Platform.TestAutomationFramework.Core.Decorators.IgnorePagesDecorator.Execute(TestRunContext context) in C:\Users\VMQApractice\Desktop\v4Dev_Updated\v4Dev_Updated\VMTestAutomation\Src\Framework.Core\Decorators\IgnorePagesDecorator.cs:line 24
   at VM.Platform.TestAutomationFramework.UIAutomation.Commands.Workflow.LoadTestDataItemCommand.Execute(TestRunContext context) in C:\Users\VMQApractice\Desktop\v4Dev_Updated\v4Dev_Updated\VMTestAutomation\Src\Framework.UIAutomation\Commands\Workflow\LoadTestDataItemCommand.cs:line 96
   at VM.Platform.TestAutomationFramework.Core.Decorators.CommandDecorator.Execute(TestRunContext context) in C:\Users\VMQApractice\Desktop\v4Dev_Updated\v4Dev_Updated\VMTestAutomation\Src\Framework.Core\Decorators\CommandDecorator.cs:line 22
   at VM.Platform.TestAutomationFramework.Core.Decorators.CommandLogger.Execute(TestRunContext context) in C:\Users\VMQApractice\Desktop\v4Dev_Updated\v4Dev_Updated\VMTestAutomation\Src\Framework.Core\Decorators\CommandLogger.cs:line 93
   at VM.Platform.TestAutomationFramework.Core.Decorators.CommandDecorator.Execute(TestRunContext context) in C:\Users\VMQApractice\Desktop\v4Dev_Updated\v4Dev_Updated\VMTestAutomation\Src\Framework.Core\Decorators\CommandDecorator.cs:line 22
   at VM.Platform.TestAutomationFramework.Core.Decorators.CommandErrorHandler.Execute(TestRunContext context) in C:\Users\VMQApractice\Desktop\v4Dev_Updated\v4Dev_Updated\VMTestAutomation\Src\Framework.Core\Decorators\CommandErrorHandler.cs:line 65
   at VM.Platform.TestAutomationFramework.Core.Decorators.CommandDecorator.Execute(TestRunContext context) in C:\Users\VMQApractice\Desktop\v4Dev_Updated\v4Dev_Updated\VMTestAutomation\Src\Framework.Core\Decorators\CommandDecorator.cs:line 22
   at VM.Platform.TestAutomationFramework.Core.Decorators.CommandTimer.Execute(TestRunContext context) in C:\Users\VMQApractice\Desktop\v4Dev_Updated\v4Dev_Updated\VMTestAutomation\Src\Framework.Core\Decorators\CommandTimer.cs:line 26
   at VM.Platform.TestAutomationFramework.Core.Decorators.CommandDecorator.Execute(TestRunContext context) in C:\Users\VMQApractice\Desktop\v4Dev_Updated\v4Dev_Updated\VMTestAutomation\Src\Framework.Core\Decorators\CommandDecorator.cs:line 22
   at VM.Platform.TestAutomationFramework.Core.Decorators.IgnorePagesDecorator.Execute(TestRunContext context) in C:\Users\VMQApractice\Desktop\v4Dev_Updated\v4Dev_Updated\VMTestAutomation\Src\Framework.Core\Decorators\IgnorePagesDecorator.cs:line 24
   at VM.Platform.TestAutomationFramework.Core.TestCommandRunner.Execute(TestRunContext testRunContext) in C:\Users\VMQApractice\Desktop\v4Dev_Updated\v4Dev_Updated\VMTestAutomation\Src\Framework.Core\TestCommandRunner.cs:line 75
   at VM.Platform.TestAutomationFramework.Core.SingleTestCaseRunner.ExecuteSingleTestCase(Int32 testCaseId, String targetEnvironment, String repositiory, Int32 Retry) in C:\Users\VMQApractice\Desktop\v4Dev_Updated\v4Dev_Updated\VMTestAutomation\Src\Framework.Core\SingleTestCaseRunner.cs:line 167
----------------
2019-02-05 01:19:32,242 INFO  execution-log - Saving captured values to file.
----------------
2019-02-05 01:19:32,251 ERROR execution-log - TC # : 1,  has failed
----------------
