2019-02-05 01:38:52,155 INFO  execution-log - 	Initializing control map with map # MASTER
----------------
2019-02-05 01:38:52,161 INFO  execution-log - Initializing Test Automation
----------------
2019-02-05 01:38:52,166 INFO  execution-log - 	target browser: Chrome
----------------
2019-02-05 01:38:52,193 INFO  execution-log - TC # : 1, Downloading test case from DB
----------------
2019-02-05 01:38:52,205 INFO  execution-log - TC # : 1, Getting control map :MASTER from DB
----------------
2019-02-05 01:38:52,206 INFO  execution-log - TC # : 1, Getting test data from DB
----------------
2019-02-05 01:38:52,214 INFO  execution-log - TC # : 1, Control map retrieval completed
----------------
2019-02-05 01:38:52,224 INFO  execution-log - TC # : 1, Test data retrieval completed
----------------
2019-02-05 01:38:52,229 INFO  execution-log - TC # : 1, Parsing commands
----------------
2019-02-05 01:38:52,233 INFO  execution-log - Loading captured values from persistence.
----------------
2019-02-05 01:38:52,238 INFO  execution-log - TC # : 1, Started executing test case in the VMTESTAPP1 environment (http://vam-qa.cloudapp.net:6363/pages/login.html)
----------------
2019-02-05 01:38:52,278 INFO  execution-log -  Beginning StartIterationCommand ( Iterations : 1 )
----------------
2019-02-05 01:38:52,283 INFO  execution-log - TC # : 1, Starting iteration #1
----------------
2019-02-05 01:38:52,289 INFO  execution-log - 	 Command completed.
----------------
2019-02-05 01:38:52,293 INFO  execution-log -  Beginning InvokeApplicationCommand ( Target :  )
----------------
2019-02-05 01:38:53,181 INFO  execution-log - 	 Command completed.
----------------
2019-02-05 01:38:53,193 INFO  execution-log -  Beginning PageCommand ( CurrentPage : Login, FlowIdentifier : 1, DiIndicator : DI )
----------------
2019-02-05 01:38:53,198 INFO  execution-log - 	 Command completed.
----------------
2019-02-05 01:38:53,203 INFO  execution-log -  Beginning LoadTestDataItemCommand ( CurrentPage : Login, FlowIdentifier : 1, DiIndicator : DI )
----------------
2019-02-05 01:38:53,233 INFO  execution-log - [Sequence No - 1] Beginning ValidateExistStatusCommand ( LogicalFieldName : User Name, LogicalFieldValue : True )
----------------
2019-02-05 01:38:53,259 INFO  execution-log - [Sequence No - 1]	 Command completed.
----------------
2019-02-05 01:38:53,268 INFO  execution-log - [Sequence No - 2] Beginning ActionCommand ( LogicalFieldName : User Name, LogicalFieldValue : Click )
----------------
2019-02-05 01:38:53,432 INFO  execution-log - [Sequence No - 2]	 Command completed.
----------------
2019-02-05 01:38:53,448 INFO  execution-log - [Sequence No - 3] Beginning TestDataCommand ( LogicalFieldName : User Name, LogicalFieldValue : Jack )
----------------
2019-02-05 01:38:53,553 INFO  execution-log - [Sequence No - 3]	 Command completed.
----------------
2019-02-05 01:38:53,564 INFO  execution-log - [Sequence No - 4] Beginning ValidateExistStatusCommand ( LogicalFieldName : Password, LogicalFieldValue : True )
----------------
2019-02-05 01:38:53,594 INFO  execution-log - [Sequence No - 4]	 Command completed.
----------------
2019-02-05 01:38:53,604 INFO  execution-log - [Sequence No - 5] Beginning TestDataCommand ( LogicalFieldName : Password, LogicalFieldValue : Smit@123 )
----------------
2019-02-05 01:38:53,729 INFO  execution-log - [Sequence No - 5]	 Command completed.
----------------
2019-02-05 01:38:53,741 INFO  execution-log - [Sequence No - 6] Beginning ValidateEnableStatusCommand ( LogicalFieldName : Login_Button, LogicalFieldValue : True )
----------------
2019-02-05 01:38:53,780 INFO  execution-log - [Sequence No - 6]	 Command completed.
----------------
2019-02-05 01:38:53,789 INFO  execution-log - [Sequence No - 7] Beginning ActionCommand ( LogicalFieldName : Login_Button, LogicalFieldValue : Click )
----------------
2019-02-05 01:38:53,904 INFO  execution-log - [Sequence No - 7]	 Command completed.
----------------
2019-02-05 01:38:53,910 INFO  execution-log - 	 Command completed.
----------------
2019-02-05 01:38:53,916 INFO  execution-log -  Beginning PageCommand ( CurrentPage : Home, FlowIdentifier : 2, DiIndicator : DI )
----------------
2019-02-05 01:38:53,924 INFO  execution-log - 	 Command completed.
----------------
2019-02-05 01:38:53,930 INFO  execution-log -  Beginning LoadTestDataItemCommand ( CurrentPage : Home, FlowIdentifier : 2, DiIndicator : DI )
----------------
2019-02-05 01:38:53,943 INFO  execution-log - [Sequence No - 8] Beginning ActionCommand ( LogicalFieldName : New Quote, LogicalFieldValue : Click )
----------------
2019-02-05 01:38:55,768 INFO  execution-log - [Sequence No - 8]	 Command completed.
----------------
2019-02-05 01:38:55,778 INFO  execution-log - 	 Command completed.
----------------
2019-02-05 01:38:55,790 INFO  execution-log -  Beginning PageCommand ( CurrentPage : New Quote, FlowIdentifier : 3, DiIndicator : DI )
----------------
2019-02-05 01:38:55,796 INFO  execution-log - 	 Command completed.
----------------
2019-02-05 01:38:55,803 INFO  execution-log -  Beginning LoadTestDataItemCommand ( CurrentPage : New Quote, FlowIdentifier : 3, DiIndicator : DI )
----------------
2019-02-05 01:38:55,832 INFO  execution-log - [Sequence No - 9] Beginning TestDataCommand ( LogicalFieldName : Account Name, LogicalFieldValue : RANDOMIZE(7,2) )
----------------
2019-02-05 01:38:56,074 INFO  execution-log - [Sequence No - 9]	 Command completed.
----------------
2019-02-05 01:38:56,084 INFO  execution-log - [Sequence No - 11] Beginning TestDataCommand ( LogicalFieldName : First Name, LogicalFieldValue : Jack )
----------------
2019-02-05 01:38:56,312 INFO  execution-log - [Sequence No - 11]	 Command completed.
----------------
2019-02-05 01:38:56,323 INFO  execution-log - [Sequence No - 12] Beginning TestDataCommand ( LogicalFieldName : Last Name, LogicalFieldValue : Smith )
----------------
2019-02-05 01:38:56,531 INFO  execution-log - [Sequence No - 12]	 Command completed.
----------------
2019-02-05 01:38:56,545 INFO  execution-log - [Sequence No - 13] Beginning TestDataCommand ( LogicalFieldName : ContactNumber1, LogicalFieldValue : 654 )
----------------
2019-02-05 01:38:56,670 INFO  execution-log - [Sequence No - 13]	 Command completed.
----------------
2019-02-05 01:38:56,681 INFO  execution-log - [Sequence No - 14] Beginning TestDataCommand ( LogicalFieldName : ContactNumber2, LogicalFieldValue : 321 )
----------------
2019-02-05 01:38:56,826 INFO  execution-log - [Sequence No - 14]	 Command completed.
----------------
2019-02-05 01:38:56,836 INFO  execution-log - [Sequence No - 15] Beginning TestDataCommand ( LogicalFieldName : ContactNumber3, LogicalFieldValue : 6541 )
----------------
2019-02-05 01:38:56,955 INFO  execution-log - [Sequence No - 15]	 Command completed.
----------------
2019-02-05 01:38:56,975 INFO  execution-log - [Sequence No - 16] Beginning TestDataCommand ( LogicalFieldName : Primary Email, LogicalFieldValue : jack.smith@gmail.com )
----------------
2019-02-05 01:38:57,330 INFO  execution-log - [Sequence No - 16]	 Command completed.
----------------
2019-02-05 01:38:57,343 INFO  execution-log - [Sequence No - 17] Beginning TestDataCommand ( LogicalFieldName : Business Started Year, LogicalFieldValue : 2012 )
----------------
2019-02-05 01:38:57,515 INFO  execution-log - [Sequence No - 17]	 Command completed.
----------------
2019-02-05 01:38:57,528 INFO  execution-log - [Sequence No - 18] Beginning ActionCommand ( LogicalFieldName : Select Product, LogicalFieldValue : Click )
----------------
2019-02-05 01:38:57,696 INFO  execution-log - [Sequence No - 18]	 Command completed.
----------------
2019-02-05 01:38:57,710 INFO  execution-log - [Sequence No - 19] Beginning ActionCommand ( LogicalFieldName : Select Product1, LogicalFieldValue : Click )
----------------
2019-02-05 01:38:57,875 INFO  execution-log - [Sequence No - 19]	 Command completed.
----------------
2019-02-05 01:38:57,885 INFO  execution-log - [Sequence No - 20] Beginning ActionCommand ( LogicalFieldName : Contact Name, LogicalFieldValue : Click )
----------------
2019-02-05 01:38:58,039 INFO  execution-log - [Sequence No - 20]	 Command completed.
----------------
2019-02-05 01:38:58,061 INFO  execution-log - [Sequence No - 21] Beginning ActionCommand ( LogicalFieldName : Contact Name Initial Select, LogicalFieldValue : Click )
----------------
2019-02-05 01:38:58,711 INFO  execution-log - [Sequence No - 21]	 Command completed.
----------------
2019-02-05 01:38:58,722 INFO  execution-log - [Sequence No - 22] Beginning ActionCommand ( LogicalFieldName : Industry, LogicalFieldValue : Click )
----------------
2019-02-05 01:38:58,925 INFO  execution-log - [Sequence No - 22]	 Command completed.
----------------
2019-02-05 01:38:58,936 INFO  execution-log - [Sequence No - 23] Beginning ActionCommand ( LogicalFieldName : Industry1, LogicalFieldValue : Click )
----------------
2019-02-05 01:38:59,125 INFO  execution-log - [Sequence No - 23]	 Command completed.
----------------
2019-02-05 01:38:59,139 INFO  execution-log - [Sequence No - 24] Beginning TestDataCommand ( LogicalFieldName : Zip Code, LogicalFieldValue : 53704 )
----------------
2019-02-05 01:38:59,339 INFO  execution-log - [Sequence No - 24]	 Command completed.
----------------
2019-02-05 01:38:59,350 INFO  execution-log - [Sequence No - 25] Beginning ActionCommand ( LogicalFieldName : zipcode click, LogicalFieldValue : Click )
----------------
2019-02-05 01:38:59,704 INFO  execution-log - [Sequence No - 25]	 Command completed.
----------------
2019-02-05 01:38:59,715 INFO  execution-log - [Sequence No - 26] Beginning TestDataCommand ( LogicalFieldName : Street Address, LogicalFieldValue : 123 BLUEJAY LN )
----------------
2019-02-05 01:38:59,968 INFO  execution-log - [Sequence No - 26]	 Command completed.
----------------
2019-02-05 01:38:59,980 INFO  execution-log - [Sequence No - 27] Beginning ActionCommand ( LogicalFieldName : Same as Physical Address, LogicalFieldValue : Click )
----------------
2019-02-05 01:39:00,116 INFO  execution-log - [Sequence No - 27]	 Command completed.
----------------
2019-02-05 01:39:00,128 INFO  execution-log - [Sequence No - 28] Beginning ActionCommand ( LogicalFieldName : Proceed, LogicalFieldValue : Click )
----------------
2019-02-05 01:39:00,294 INFO  execution-log - [Sequence No - 28]	 Command completed.
----------------
2019-02-05 01:39:00,307 INFO  execution-log - 	 Command completed.
----------------
2019-02-05 01:39:00,319 INFO  execution-log -  Beginning PageCommand ( CurrentPage : Insured Info, FlowIdentifier : 4, DiIndicator : DI )
----------------
2019-02-05 01:39:00,325 INFO  execution-log - 	 Command completed.
----------------
2019-02-05 01:39:00,330 INFO  execution-log -  Beginning LoadTestDataItemCommand ( CurrentPage : Insured Info, FlowIdentifier : 4, DiIndicator : DI )
----------------
2019-02-05 01:39:00,347 INFO  execution-log - [Sequence No - 29] Beginning TestDataCommand ( LogicalFieldName : InsuredName, LogicalFieldValue : Smith )
----------------
2019-02-05 01:39:16,421 ERROR execution-log - TC # : 1, Could not set test data for field 'InsuredName'.
----------------
2019-02-05 01:39:24,439 ERROR execution-log - TC # : 1, Could not set test data for field 'InsuredName'.
----------------
2019-02-05 01:39:24,446 ERROR execution-log - TC # : 1, No more iterations to run. Test execution will abort.
----------------
2019-02-05 01:39:24,453 ERROR execution-log - TC # : 1, Framework failed to run the test due to a test configuration error.
	VM.Platform.TestAutomationFramework.Core.Exceptions.WorkflowFailedException: Could not set test data for field 'InsuredName'. ---> VM.Platform.TestAutomationFramework.Core.Exceptions.WorkflowFailedException: Object reference not set to an instance of an object.
   at VM.Platform.TestAutomationFramework.UIAutomation.Commands.Interactions.TextBoxElementCommand.Execute() in C:\Users\VMQApractice\Desktop\v4Dev_Updated\v4Dev_Updated\VMTestAutomation\Src\Framework.UIAutomation\Commands\Interactions\TextBoxElementCommand.cs:line 39
   at VM.Platform.TestAutomationFramework.UIAutomation.Commands.Interactions.TestDataCommand.SetTestDataInteraction() in C:\Users\VMQApractice\Desktop\v4Dev_Updated\v4Dev_Updated\VMTestAutomation\Src\Framework.UIAutomation\Commands\Interactions\TestDataCommand.cs:line 158
   at VM.Platform.TestAutomationFramework.UIAutomation.Commands.Interactions.TestDataCommand.Execute(TestRunContext context) in C:\Users\VMQApractice\Desktop\v4Dev_Updated\v4Dev_Updated\VMTestAutomation\Src\Framework.UIAutomation\Commands\Interactions\TestDataCommand.cs:line 35
   --- End of inner exception stack trace ---
   at VM.Platform.TestAutomationFramework.UIAutomation.Commands.Interactions.TestDataCommand.Execute(TestRunContext context) in C:\Users\VMQApractice\Desktop\v4Dev_Updated\v4Dev_Updated\VMTestAutomation\Src\Framework.UIAutomation\Commands\Interactions\TestDataCommand.cs:line 44
   at VM.Platform.TestAutomationFramework.Core.Decorators.CommandDecorator.Execute(TestRunContext context) in C:\Users\VMQApractice\Desktop\v4Dev_Updated\v4Dev_Updated\VMTestAutomation\Src\Framework.Core\Decorators\CommandDecorator.cs:line 22
   at VM.Platform.TestAutomationFramework.Core.Decorators.CommandLogger.Execute(TestRunContext context) in C:\Users\VMQApractice\Desktop\v4Dev_Updated\v4Dev_Updated\VMTestAutomation\Src\Framework.Core\Decorators\CommandLogger.cs:line 93
   at VM.Platform.TestAutomationFramework.Core.Decorators.CommandDecorator.Execute(TestRunContext context) in C:\Users\VMQApractice\Desktop\v4Dev_Updated\v4Dev_Updated\VMTestAutomation\Src\Framework.Core\Decorators\CommandDecorator.cs:line 22
   at VM.Platform.TestAutomationFramework.Core.Decorators.CommandErrorHandler.Execute(TestRunContext context) in C:\Users\VMQApractice\Desktop\v4Dev_Updated\v4Dev_Updated\VMTestAutomation\Src\Framework.Core\Decorators\CommandErrorHandler.cs:line 65
   at VM.Platform.TestAutomationFramework.Core.Decorators.CommandDecorator.Execute(TestRunContext context) in C:\Users\VMQApractice\Desktop\v4Dev_Updated\v4Dev_Updated\VMTestAutomation\Src\Framework.Core\Decorators\CommandDecorator.cs:line 22
   at VM.Platform.TestAutomationFramework.Core.Decorators.CommandTimer.Execute(TestRunContext context) in C:\Users\VMQApractice\Desktop\v4Dev_Updated\v4Dev_Updated\VMTestAutomation\Src\Framework.Core\Decorators\CommandTimer.cs:line 26
   at VM.Platform.TestAutomationFramework.Core.Decorators.CommandDecorator.Execute(TestRunContext context) in C:\Users\VMQApractice\Desktop\v4Dev_Updated\v4Dev_Updated\VMTestAutomation\Src\Framework.Core\Decorators\CommandDecorator.cs:line 22
   at VM.Platform.TestAutomationFramework.Core.Decorators.IgnorePagesDecorator.Execute(TestRunContext context) in C:\Users\VMQApractice\Desktop\v4Dev_Updated\v4Dev_Updated\VMTestAutomation\Src\Framework.Core\Decorators\IgnorePagesDecorator.cs:line 24
   at VM.Platform.TestAutomationFramework.UIAutomation.Commands.Workflow.LoadTestDataItemCommand.Execute(TestRunContext context) in C:\Users\VMQApractice\Desktop\v4Dev_Updated\v4Dev_Updated\VMTestAutomation\Src\Framework.UIAutomation\Commands\Workflow\LoadTestDataItemCommand.cs:line 96
   at VM.Platform.TestAutomationFramework.Core.Decorators.CommandDecorator.Execute(TestRunContext context) in C:\Users\VMQApractice\Desktop\v4Dev_Updated\v4Dev_Updated\VMTestAutomation\Src\Framework.Core\Decorators\CommandDecorator.cs:line 22
   at VM.Platform.TestAutomationFramework.Core.Decorators.CommandLogger.Execute(TestRunContext context) in C:\Users\VMQApractice\Desktop\v4Dev_Updated\v4Dev_Updated\VMTestAutomation\Src\Framework.Core\Decorators\CommandLogger.cs:line 93
   at VM.Platform.TestAutomationFramework.Core.Decorators.CommandDecorator.Execute(TestRunContext context) in C:\Users\VMQApractice\Desktop\v4Dev_Updated\v4Dev_Updated\VMTestAutomation\Src\Framework.Core\Decorators\CommandDecorator.cs:line 22
   at VM.Platform.TestAutomationFramework.Core.Decorators.CommandErrorHandler.Execute(TestRunContext context) in C:\Users\VMQApractice\Desktop\v4Dev_Updated\v4Dev_Updated\VMTestAutomation\Src\Framework.Core\Decorators\CommandErrorHandler.cs:line 65
   at VM.Platform.TestAutomationFramework.Core.Decorators.CommandDecorator.Execute(TestRunContext context) in C:\Users\VMQApractice\Desktop\v4Dev_Updated\v4Dev_Updated\VMTestAutomation\Src\Framework.Core\Decorators\CommandDecorator.cs:line 22
   at VM.Platform.TestAutomationFramework.Core.Decorators.CommandTimer.Execute(TestRunContext context) in C:\Users\VMQApractice\Desktop\v4Dev_Updated\v4Dev_Updated\VMTestAutomation\Src\Framework.Core\Decorators\CommandTimer.cs:line 26
   at VM.Platform.TestAutomationFramework.Core.Decorators.CommandDecorator.Execute(TestRunContext context) in C:\Users\VMQApractice\Desktop\v4Dev_Updated\v4Dev_Updated\VMTestAutomation\Src\Framework.Core\Decorators\CommandDecorator.cs:line 22
   at VM.Platform.TestAutomationFramework.Core.Decorators.IgnorePagesDecorator.Execute(TestRunContext context) in C:\Users\VMQApractice\Desktop\v4Dev_Updated\v4Dev_Updated\VMTestAutomation\Src\Framework.Core\Decorators\IgnorePagesDecorator.cs:line 24
   at VM.Platform.TestAutomationFramework.Core.TestCommandRunner.Execute(TestRunContext testRunContext) in C:\Users\VMQApractice\Desktop\v4Dev_Updated\v4Dev_Updated\VMTestAutomation\Src\Framework.Core\TestCommandRunner.cs:line 75
   at VM.Platform.TestAutomationFramework.Core.SingleTestCaseRunner.ExecuteSingleTestCase(Int32 testCaseId, String targetEnvironment, String repositiory, Int32 Retry) in C:\Users\VMQApractice\Desktop\v4Dev_Updated\v4Dev_Updated\VMTestAutomation\Src\Framework.Core\SingleTestCaseRunner.cs:line 167
----------------
2019-02-05 01:39:24,474 INFO  execution-log - Saving captured values to file.
----------------
2019-02-05 01:39:24,484 ERROR execution-log - TC # : 1,  has failed
----------------
