2018-11-14 08:08:44,902 INFO  execution-log - 	Initializing control map with map # Master
----------------
2018-11-14 08:08:44,904 INFO  execution-log - Initializing Test Automation
----------------
2018-11-14 08:08:44,905 INFO  execution-log - 	target browser: Chrome
----------------
2018-11-14 08:08:44,906 INFO  execution-log - TC # : 2, Downloading test case from DB
----------------
2018-11-14 08:08:44,908 INFO  execution-log - TC # : 2, Getting control map :Master from DB
----------------
2018-11-14 08:08:44,908 INFO  execution-log - TC # : 2, Getting test data from DB
----------------
2018-11-14 08:08:44,910 INFO  execution-log - TC # : 2, Control map retrieval completed
----------------
2018-11-14 08:08:44,916 INFO  execution-log - TC # : 2, Test data retrieval completed
----------------
2018-11-14 08:08:44,917 INFO  execution-log - TC # : 2, Parsing commands
----------------
2018-11-14 08:08:44,919 INFO  execution-log - Loading captured values from persistence.
----------------
2018-11-14 08:08:44,920 INFO  execution-log - TC # : 2, Started executing test case in the HISCOX environment (http://hiscpvt.cloud.hiscox.com/oneshield/index.jsp#gateway)
----------------
2018-11-14 08:08:44,966 INFO  execution-log -  Beginning StartIterationCommand ( Iterations : 1 )
----------------
2018-11-14 08:08:44,968 INFO  execution-log - TC # : 2, Starting iteration #1
----------------
2018-11-14 08:08:44,969 INFO  execution-log - 	 Command completed.
----------------
2018-11-14 08:08:44,970 INFO  execution-log -  Beginning InvokeApplicationCommand ( Target :  )
----------------
2018-11-14 08:08:45,524 INFO  execution-log - 	 Command completed.
----------------
2018-11-14 08:08:45,526 INFO  execution-log -  Beginning PageCommand ( CurrentPage : Login, FlowIdentifier : 1, DiIndicator : DI )
----------------
2018-11-14 08:08:45,527 INFO  execution-log - 	 Command completed.
----------------
2018-11-14 08:08:45,530 INFO  execution-log -  Beginning LoadTestDataItemCommand ( CurrentPage : Login, FlowIdentifier : 1, DiIndicator : DI )
----------------
2018-11-14 08:08:45,539 INFO  execution-log - [Sequence No - 1] Beginning TestDataCommand ( LogicalFieldName : Partner Number, LogicalFieldValue : 0 )
----------------
2018-11-14 08:08:47,460 INFO  execution-log - [Sequence No - 1]	 Command completed.
----------------
2018-11-14 08:08:47,464 INFO  execution-log - [Sequence No - 2] Beginning TestDataCommand ( LogicalFieldName : Username, LogicalFieldValue : karthicuw )
----------------
2018-11-14 08:08:47,587 INFO  execution-log - [Sequence No - 2]	 Command completed.
----------------
2018-11-14 08:08:47,592 INFO  execution-log - [Sequence No - 3] Beginning TestDataCommand ( LogicalFieldName : Password, LogicalFieldValue : Monday!23 )
----------------
2018-11-14 08:08:47,739 INFO  execution-log - [Sequence No - 3]	 Command completed.
----------------
2018-11-14 08:08:47,743 INFO  execution-log - [Sequence No - 4] Beginning TestDataCommand ( LogicalFieldName : Partner Number, LogicalFieldValue : 0 )
----------------
2018-11-14 08:08:47,829 INFO  execution-log - [Sequence No - 4]	 Command completed.
----------------
2018-11-14 08:08:47,833 INFO  execution-log - [Sequence No - 5] Beginning ActionCommand ( LogicalFieldName : Login Page, LogicalFieldValue : Click )
----------------
2018-11-14 08:08:47,972 INFO  execution-log - [Sequence No - 5]	 Command completed.
----------------
2018-11-14 08:08:47,976 INFO  execution-log - [Sequence No - 6] Beginning ActionCommand ( LogicalFieldName : Login Button, LogicalFieldValue : Click )
----------------
2018-11-14 08:08:48,123 INFO  execution-log - [Sequence No - 6]	 Command completed.
----------------
2018-11-14 08:08:48,128 INFO  execution-log - [Sequence No - 7] Beginning TestDataCommand ( LogicalFieldName : Partner Number, LogicalFieldValue : 0 )
----------------
2018-11-14 08:08:48,245 INFO  execution-log - [Sequence No - 7]	 Command completed.
----------------
2018-11-14 08:08:48,247 INFO  execution-log - 	 Command completed.
----------------
2018-11-14 08:08:48,247 INFO  execution-log -  Beginning PageCommand ( CurrentPage : Quotes, FlowIdentifier : 1, DiIndicator : DI )
----------------
2018-11-14 08:08:48,248 INFO  execution-log - 	 Command completed.
----------------
2018-11-14 08:08:48,249 INFO  execution-log -  Beginning LoadTestDataItemCommand ( CurrentPage : Quotes, FlowIdentifier : 1, DiIndicator : DI )
----------------
2018-11-14 08:08:48,254 INFO  execution-log - [Sequence No - 8] Beginning WaitForControlCommand ( LogicalFieldName : Quotes_Link, LogicalFieldValue : True )
----------------
2018-11-14 08:08:49,017 INFO  execution-log - [Sequence No - 8]	 Command completed.
----------------
2018-11-14 08:08:49,022 INFO  execution-log - [Sequence No - 9] Beginning ActionCommand ( LogicalFieldName : Quotes_Link, LogicalFieldValue : Click )
----------------
2018-11-14 08:08:49,189 INFO  execution-log - [Sequence No - 9]	 Command completed.
----------------
2018-11-14 08:08:49,193 INFO  execution-log - [Sequence No - 10] Beginning WaitForControlCommand ( LogicalFieldName : New quote, LogicalFieldValue : True )
----------------
2018-11-14 08:08:50,979 INFO  execution-log - [Sequence No - 10]	 Command completed.
----------------
2018-11-14 08:08:50,983 INFO  execution-log - [Sequence No - 11] Beginning ActionCommand ( LogicalFieldName : New quote, LogicalFieldValue : Click )
----------------
2018-11-14 08:08:51,142 INFO  execution-log - [Sequence No - 11]	 Command completed.
----------------
2018-11-14 08:08:51,146 INFO  execution-log - [Sequence No - 12] Beginning ActionCommand ( LogicalFieldName : Select Producing Agency, LogicalFieldValue : Click-Wait(500) )
----------------
2018-11-14 08:08:52,616 INFO  execution-log - [Sequence No - 12]	 Command completed.
----------------
2018-11-14 08:08:52,620 INFO  execution-log - [Sequence No - 13] Beginning ActionCommand ( LogicalFieldName : Select Agency, LogicalFieldValue : Click )
----------------
2018-11-14 08:08:52,783 INFO  execution-log - [Sequence No - 13]	 Command completed.
----------------
2018-11-14 08:08:52,788 INFO  execution-log - [Sequence No - 14] Beginning WaitForControlCommand ( LogicalFieldName : Producer, LogicalFieldValue : True )
----------------
2018-11-14 08:08:54,724 INFO  execution-log - [Sequence No - 14]	 Command completed.
----------------
2018-11-14 08:08:54,729 INFO  execution-log - [Sequence No - 15] Beginning ActionCommand ( LogicalFieldName : Producer, LogicalFieldValue : Click-Wait(500) )
----------------
2018-11-14 08:08:55,900 INFO  execution-log - [Sequence No - 15]	 Command completed.
----------------
2018-11-14 08:08:56,022 INFO  execution-log - [Sequence No - 16] Beginning TestDataCommand ( LogicalFieldName : Producer, LogicalFieldValue : Agency  Producer )
----------------
2018-11-14 08:08:57,064 INFO  execution-log - [Sequence No - 16]	 Command completed.
----------------
2018-11-14 08:08:57,069 INFO  execution-log - [Sequence No - 17] Beginning TestDataCommand ( LogicalFieldName : First Name, LogicalFieldValue : HISCOX )
----------------
2018-11-14 08:08:57,296 INFO  execution-log - [Sequence No - 17]	 Command completed.
----------------
2018-11-14 08:08:57,300 INFO  execution-log - [Sequence No - 18] Beginning TestDataCommand ( LogicalFieldName : Last Name, LogicalFieldValue : Demo )
----------------
2018-11-14 08:08:57,494 INFO  execution-log - [Sequence No - 18]	 Command completed.
----------------
2018-11-14 08:08:57,499 INFO  execution-log - [Sequence No - 19] Beginning TestDataCommand ( LogicalFieldName : City, LogicalFieldValue : Atlanta )
----------------
2018-11-14 08:08:57,772 INFO  execution-log - [Sequence No - 19]	 Command completed.
----------------
2018-11-14 08:08:57,776 INFO  execution-log - [Sequence No - 20] Beginning TestDataCommand ( LogicalFieldName : State, LogicalFieldValue : Georgia )
----------------
2018-11-14 08:08:58,112 INFO  execution-log - [Sequence No - 20]	 Command completed.
----------------
2018-11-14 08:08:58,117 INFO  execution-log - [Sequence No - 21] Beginning TestDataCommand ( LogicalFieldName : Zip, LogicalFieldValue : 30338 )
----------------
2018-11-14 08:08:58,351 INFO  execution-log - [Sequence No - 21]	 Command completed.
----------------
2018-11-14 08:08:58,356 INFO  execution-log - [Sequence No - 22] Beginning TestDataCommand ( LogicalFieldName : Address Line 1, LogicalFieldValue : 1 Main st )
----------------
2018-11-14 08:08:58,612 INFO  execution-log - [Sequence No - 22]	 Command completed.
----------------
2018-11-14 08:08:58,616 INFO  execution-log - [Sequence No - 23] Beginning TestDataCommand ( LogicalFieldName : Address Line 2, LogicalFieldValue : 1 )
----------------
2018-11-14 08:08:58,739 INFO  execution-log - [Sequence No - 23]	 Command completed.
----------------
2018-11-14 08:08:58,744 INFO  execution-log - [Sequence No - 24] Beginning ActionCommand ( LogicalFieldName : Product line (errors and omissions), LogicalFieldValue : Click )
----------------
2018-11-14 08:08:58,917 INFO  execution-log - [Sequence No - 24]	 Command completed.
----------------
2018-11-14 08:08:58,922 INFO  execution-log - [Sequence No - 25] Beginning ActionCommand ( LogicalFieldName : Customer search, LogicalFieldValue : Click )
----------------
2018-11-14 08:08:59,237 INFO  execution-log - [Sequence No - 25]	 Command completed.
----------------
2018-11-14 08:08:59,240 INFO  execution-log - 	 Command completed.
----------------
2018-11-14 08:08:59,241 INFO  execution-log -  Beginning PageCommand ( CurrentPage : QuoteDetails, FlowIdentifier : 1, DiIndicator : DI )
----------------
2018-11-14 08:08:59,242 INFO  execution-log - 	 Command completed.
----------------
2018-11-14 08:08:59,244 INFO  execution-log -  Beginning LoadTestDataItemCommand ( CurrentPage : QuoteDetails, FlowIdentifier : 1, DiIndicator : DI )
----------------
2018-11-14 08:08:59,259 INFO  execution-log - [Sequence No - 26] Beginning WaitForControlCommand ( LogicalFieldName : Retro-active Date, LogicalFieldValue : True )
----------------
2018-11-14 08:09:05,960 INFO  execution-log - [Sequence No - 26]	 Command completed.
----------------
2018-11-14 08:09:05,965 INFO  execution-log - [Sequence No - 27] Beginning TestDataCommand ( LogicalFieldName : Rating Company, LogicalFieldValue : FDLI Protection Insurance Company )
----------------
2018-11-14 08:09:07,547 INFO  execution-log - [Sequence No - 27]	 Command completed.
----------------
2018-11-14 08:09:07,552 INFO  execution-log - [Sequence No - 28] Beginning TestDataCommand ( LogicalFieldName : Retro-active Date, LogicalFieldValue : 09/11/2018 )
----------------
2018-11-14 08:09:07,707 INFO  execution-log - [Sequence No - 28]	 Command completed.
----------------
2018-11-14 08:09:07,712 INFO  execution-log - [Sequence No - 29] Beginning TestDataCommand ( LogicalFieldName : Professional Liability Gross Sales, LogicalFieldValue : 100000 )
----------------
2018-11-14 08:09:07,886 INFO  execution-log - [Sequence No - 29]	 Command completed.
----------------
2018-11-14 08:09:07,890 INFO  execution-log - [Sequence No - 30] Beginning ActionCommand ( LogicalFieldName : QuoteDetails Page, LogicalFieldValue : Click )
----------------
2018-11-14 08:09:08,060 INFO  execution-log - [Sequence No - 30]	 Command completed.
----------------
2018-11-14 08:09:08,065 INFO  execution-log - [Sequence No - 31] Beginning ActionCommand ( LogicalFieldName : Save Changes, LogicalFieldValue : Click )
----------------
2018-11-14 08:09:08,201 INFO  execution-log - [Sequence No - 31]	 Command completed.
----------------
2018-11-14 08:09:08,205 INFO  execution-log - [Sequence No - 32] Beginning WaitForControlCommand ( LogicalFieldName : Rate Quote, LogicalFieldValue : True )
----------------
2018-11-14 08:09:08,998 INFO  execution-log - [Sequence No - 32]	 Command completed.
----------------
2018-11-14 08:09:09,002 INFO  execution-log - [Sequence No - 33] Beginning ActionCommand ( LogicalFieldName : Rate Quote, LogicalFieldValue : Click-Wait(1000) )
----------------
2018-11-14 08:09:11,141 INFO  execution-log - [Sequence No - 33]	 Command completed.
----------------
2018-11-14 08:09:11,145 INFO  execution-log - [Sequence No - 34] Beginning WaitForControlCommand ( LogicalFieldName : Request Issue, LogicalFieldValue : True )
----------------
2018-11-14 08:09:18,250 INFO  execution-log - [Sequence No - 34]	 Command completed.
----------------
2018-11-14 08:09:18,254 INFO  execution-log - [Sequence No - 35] Beginning ActionCommand ( LogicalFieldName : Request Issue, LogicalFieldValue : Click-Wait(1000) )
----------------
2018-11-14 08:09:20,390 INFO  execution-log - [Sequence No - 35]	 Command completed.
----------------
2018-11-14 08:09:20,395 INFO  execution-log - [Sequence No - 36] Beginning WaitForControlCommand ( LogicalFieldName : Next, LogicalFieldValue : True )
----------------
2018-11-14 08:09:21,020 INFO  execution-log - [Sequence No - 36]	 Command completed.
----------------
2018-11-14 08:09:21,024 INFO  execution-log - [Sequence No - 37] Beginning ActionCommand ( LogicalFieldName : Next, LogicalFieldValue : Click )
----------------
2018-11-14 08:09:21,117 INFO  execution-log - [Sequence No - 37]	 Command completed.
----------------
2018-11-14 08:09:21,118 INFO  execution-log - 	 Command completed.
----------------
2018-11-14 08:09:21,119 INFO  execution-log -  Beginning PageCommand ( CurrentPage : Payment Profile, FlowIdentifier : 1, DiIndicator : DI )
----------------
2018-11-14 08:09:21,119 INFO  execution-log - 	 Command completed.
----------------
2018-11-14 08:09:21,120 INFO  execution-log -  Beginning LoadTestDataItemCommand ( CurrentPage : Payment Profile, FlowIdentifier : 1, DiIndicator : DI )
----------------
2018-11-14 08:09:21,126 INFO  execution-log - [Sequence No - 38] Beginning WaitForControlCommand ( LogicalFieldName : Check Payment, LogicalFieldValue : True )
----------------
2018-11-14 08:09:22,449 INFO  execution-log - [Sequence No - 38]	 Command completed.
----------------
2018-11-14 08:09:22,454 INFO  execution-log - [Sequence No - 39] Beginning ActionCommand ( LogicalFieldName : Check Payment, LogicalFieldValue : Click )
----------------
2018-11-14 08:09:22,569 INFO  execution-log - [Sequence No - 39]	 Command completed.
----------------
2018-11-14 08:09:22,574 INFO  execution-log - [Sequence No - 40] Beginning ActionCommand ( LogicalFieldName : Next, LogicalFieldValue : Click-Wait(1000) )
----------------
2018-11-14 08:09:24,834 INFO  execution-log - [Sequence No - 40]	 Command completed.
----------------
2018-11-14 08:09:24,835 INFO  execution-log - 	 Command completed.
----------------
2018-11-14 08:09:24,836 INFO  execution-log -  Beginning PageCommand ( CurrentPage : Billing Choices, FlowIdentifier : 1, DiIndicator : DI )
----------------
2018-11-14 08:09:24,838 INFO  execution-log - 	 Command completed.
----------------
2018-11-14 08:09:24,839 INFO  execution-log -  Beginning LoadTestDataItemCommand ( CurrentPage : Billing Choices, FlowIdentifier : 1, DiIndicator : DI )
----------------
2018-11-14 08:09:24,846 INFO  execution-log - [Sequence No - 41] Beginning WaitForControlCommand ( LogicalFieldName : Email Address, LogicalFieldValue : True )
----------------
2018-11-14 08:09:24,898 INFO  execution-log - [Sequence No - 41]	 Command completed.
----------------
2018-11-14 08:09:24,904 INFO  execution-log - [Sequence No - 42] Beginning ActionCommand ( LogicalFieldName : Email Address, LogicalFieldValue : Click-Wait(2000) )
----------------
2018-11-14 08:09:29,050 INFO  execution-log - [Sequence No - 42]	 Command completed.
----------------
2018-11-14 08:09:29,055 INFO  execution-log - [Sequence No - 43] Beginning TestDataCommand ( LogicalFieldName : Email Address, LogicalFieldValue : EMAILID )
----------------
2018-11-14 08:09:29,304 INFO  execution-log - [Sequence No - 43]	 Command completed.
----------------
2018-11-14 08:09:29,309 INFO  execution-log - [Sequence No - 44] Beginning ActionCommand ( LogicalFieldName : Billing Choices Page, LogicalFieldValue : Click )
----------------
2018-11-14 08:09:29,428 INFO  execution-log - [Sequence No - 44]	 Command completed.
----------------
2018-11-14 08:09:29,432 INFO  execution-log - [Sequence No - 45] Beginning ActionCommand ( LogicalFieldName : Next, LogicalFieldValue : Click-Wait(2000) )
----------------
2018-11-14 08:09:33,589 INFO  execution-log - [Sequence No - 45]	 Command completed.
----------------
2018-11-14 08:09:33,590 INFO  execution-log - 	 Command completed.
----------------
2018-11-14 08:09:33,591 INFO  execution-log -  Beginning PageCommand ( CurrentPage : Quote Bind, FlowIdentifier : 1, DiIndicator : DI )
----------------
2018-11-14 08:09:33,592 INFO  execution-log - 	 Command completed.
----------------
2018-11-14 08:09:33,593 INFO  execution-log -  Beginning LoadTestDataItemCommand ( CurrentPage : Quote Bind, FlowIdentifier : 1, DiIndicator : DI )
----------------
2018-11-14 08:09:33,597 INFO  execution-log - [Sequence No - 46] Beginning WaitForControlCommand ( LogicalFieldName : Bind, LogicalFieldValue : True )
----------------
2018-11-14 08:09:33,635 INFO  execution-log - [Sequence No - 46]	 Command completed.
----------------
2018-11-14 08:09:33,639 INFO  execution-log - [Sequence No - 47] Beginning ActionCommand ( LogicalFieldName : Bind, LogicalFieldValue : Click-Wait(2000) )
----------------
2018-11-14 08:09:37,776 INFO  execution-log - [Sequence No - 47]	 Command completed.
----------------
2018-11-14 08:09:37,777 INFO  execution-log - 	 Command completed.
----------------
2018-11-14 08:09:37,778 INFO  execution-log -  Beginning PageCommand ( CurrentPage : Summary, FlowIdentifier : 1, DiIndicator : DI )
----------------
2018-11-14 08:09:37,779 INFO  execution-log - 	 Command completed.
----------------
2018-11-14 08:09:37,780 INFO  execution-log -  Beginning LoadTestDataItemCommand ( CurrentPage : Summary, FlowIdentifier : 1, DiIndicator : DI )
----------------
2018-11-14 08:09:37,785 INFO  execution-log - [Sequence No - 48] Beginning WaitForControlCommand ( LogicalFieldName : Exit Policy, LogicalFieldValue : True )
----------------
2018-11-14 08:09:43,221 INFO  execution-log - [Sequence No - 48]	 Command completed.
----------------
2018-11-14 08:09:43,225 INFO  execution-log - [Sequence No - 49] Beginning GetControlValueCommand ( LogicalFieldName : Policy#, LogicalFieldValue : True )
----------------
2018-11-14 08:09:45,737 ERROR execution-log - TC # : 2, Tried Switch to IFrame, but the Policy# control never appeared.
----------------
2018-11-14 08:09:53,757 ERROR execution-log - TC # : 2, Tried Switch to IFrame, but the Policy# control never appeared.
----------------
2018-11-14 08:09:53,759 ERROR execution-log - TC # : 2, No more iterations to run. Test execution will abort.
----------------
2018-11-14 08:09:53,760 ERROR execution-log - TC # : 2, Framework failed to run the test due to a test configuration error.
	VM.Platform.TestAutomationFramework.Core.Exceptions.WorkflowFailedException: Tried Switch to IFrame, but the Policy# control never appeared. ---> System.Collections.Generic.KeyNotFoundException: The given key was not present in the dictionary.
   at System.Collections.Generic.Dictionary`2.get_Item(TKey key)
   at VM.Platform.TestAutomationFramework.UIAutomation.FrameHandler.TrySwitchToIFrame(TestRunContext context) in C:\Users\DasariW\Desktop\VM Framework\v4Dev_Updated\v4Dev_Updated\VMTestAutomation\Src\Framework.UIAutomation\FrameHandler.cs:line 74
   at VM.Platform.TestAutomationFramework.UIAutomation.FrameHandler..ctor(IUiAdapter uiAdapter, TestRunContext context, String logicalFieldName) in C:\Users\DasariW\Desktop\VM Framework\v4Dev_Updated\v4Dev_Updated\VMTestAutomation\Src\Framework.UIAutomation\FrameHandler.cs:line 26
   --- End of inner exception stack trace ---
   at VM.Platform.TestAutomationFramework.UIAutomation.FrameHandler..ctor(IUiAdapter uiAdapter, TestRunContext context, String logicalFieldName) in C:\Users\DasariW\Desktop\VM Framework\v4Dev_Updated\v4Dev_Updated\VMTestAutomation\Src\Framework.UIAutomation\FrameHandler.cs:line 31
   at VM.Platform.TestAutomationFramework.UIAutomation.Commands.Interactions.GetControlValueCommand.Execute(TestRunContext context) in C:\Users\DasariW\Desktop\VM Framework\v4Dev_Updated\v4Dev_Updated\VMTestAutomation\Src\Framework.UIAutomation\Commands\Interactions\GetControlValueCommand.cs:line 23
   at VM.Platform.TestAutomationFramework.Core.Decorators.CommandDecorator.Execute(TestRunContext context) in C:\Users\DasariW\Desktop\VM Framework\v4Dev_Updated\v4Dev_Updated\VMTestAutomation\Src\Framework.Core\Decorators\CommandDecorator.cs:line 22
   at VM.Platform.TestAutomationFramework.Core.Decorators.CommandLogger.Execute(TestRunContext context) in C:\Users\DasariW\Desktop\VM Framework\v4Dev_Updated\v4Dev_Updated\VMTestAutomation\Src\Framework.Core\Decorators\CommandLogger.cs:line 93
   at VM.Platform.TestAutomationFramework.Core.Decorators.CommandDecorator.Execute(TestRunContext context) in C:\Users\DasariW\Desktop\VM Framework\v4Dev_Updated\v4Dev_Updated\VMTestAutomation\Src\Framework.Core\Decorators\CommandDecorator.cs:line 22
   at VM.Platform.TestAutomationFramework.Core.Decorators.CommandErrorHandler.Execute(TestRunContext context) in C:\Users\DasariW\Desktop\VM Framework\v4Dev_Updated\v4Dev_Updated\VMTestAutomation\Src\Framework.Core\Decorators\CommandErrorHandler.cs:line 65
   at VM.Platform.TestAutomationFramework.Core.Decorators.CommandDecorator.Execute(TestRunContext context) in C:\Users\DasariW\Desktop\VM Framework\v4Dev_Updated\v4Dev_Updated\VMTestAutomation\Src\Framework.Core\Decorators\CommandDecorator.cs:line 22
   at VM.Platform.TestAutomationFramework.Core.Decorators.CommandTimer.Execute(TestRunContext context) in C:\Users\DasariW\Desktop\VM Framework\v4Dev_Updated\v4Dev_Updated\VMTestAutomation\Src\Framework.Core\Decorators\CommandTimer.cs:line 26
   at VM.Platform.TestAutomationFramework.Core.Decorators.CommandDecorator.Execute(TestRunContext context) in C:\Users\DasariW\Desktop\VM Framework\v4Dev_Updated\v4Dev_Updated\VMTestAutomation\Src\Framework.Core\Decorators\CommandDecorator.cs:line 22
   at VM.Platform.TestAutomationFramework.Core.Decorators.IgnorePagesDecorator.Execute(TestRunContext context) in C:\Users\DasariW\Desktop\VM Framework\v4Dev_Updated\v4Dev_Updated\VMTestAutomation\Src\Framework.Core\Decorators\IgnorePagesDecorator.cs:line 24
   at VM.Platform.TestAutomationFramework.UIAutomation.Commands.Workflow.LoadTestDataItemCommand.Execute(TestRunContext context) in C:\Users\DasariW\Desktop\VM Framework\v4Dev_Updated\v4Dev_Updated\VMTestAutomation\Src\Framework.UIAutomation\Commands\Workflow\LoadTestDataItemCommand.cs:line 96
   at VM.Platform.TestAutomationFramework.Core.Decorators.CommandDecorator.Execute(TestRunContext context) in C:\Users\DasariW\Desktop\VM Framework\v4Dev_Updated\v4Dev_Updated\VMTestAutomation\Src\Framework.Core\Decorators\CommandDecorator.cs:line 22
   at VM.Platform.TestAutomationFramework.Core.Decorators.CommandLogger.Execute(TestRunContext context) in C:\Users\DasariW\Desktop\VM Framework\v4Dev_Updated\v4Dev_Updated\VMTestAutomation\Src\Framework.Core\Decorators\CommandLogger.cs:line 93
   at VM.Platform.TestAutomationFramework.Core.Decorators.CommandDecorator.Execute(TestRunContext context) in C:\Users\DasariW\Desktop\VM Framework\v4Dev_Updated\v4Dev_Updated\VMTestAutomation\Src\Framework.Core\Decorators\CommandDecorator.cs:line 22
   at VM.Platform.TestAutomationFramework.Core.Decorators.CommandErrorHandler.Execute(TestRunContext context) in C:\Users\DasariW\Desktop\VM Framework\v4Dev_Updated\v4Dev_Updated\VMTestAutomation\Src\Framework.Core\Decorators\CommandErrorHandler.cs:line 65
   at VM.Platform.TestAutomationFramework.Core.Decorators.CommandDecorator.Execute(TestRunContext context) in C:\Users\DasariW\Desktop\VM Framework\v4Dev_Updated\v4Dev_Updated\VMTestAutomation\Src\Framework.Core\Decorators\CommandDecorator.cs:line 22
   at VM.Platform.TestAutomationFramework.Core.Decorators.CommandTimer.Execute(TestRunContext context) in C:\Users\DasariW\Desktop\VM Framework\v4Dev_Updated\v4Dev_Updated\VMTestAutomation\Src\Framework.Core\Decorators\CommandTimer.cs:line 26
   at VM.Platform.TestAutomationFramework.Core.Decorators.CommandDecorator.Execute(TestRunContext context) in C:\Users\DasariW\Desktop\VM Framework\v4Dev_Updated\v4Dev_Updated\VMTestAutomation\Src\Framework.Core\Decorators\CommandDecorator.cs:line 22
   at VM.Platform.TestAutomationFramework.Core.Decorators.IgnorePagesDecorator.Execute(TestRunContext context) in C:\Users\DasariW\Desktop\VM Framework\v4Dev_Updated\v4Dev_Updated\VMTestAutomation\Src\Framework.Core\Decorators\IgnorePagesDecorator.cs:line 24
   at VM.Platform.TestAutomationFramework.Core.TestCommandRunner.Execute(TestRunContext testRunContext) in C:\Users\DasariW\Desktop\VM Framework\v4Dev_Updated\v4Dev_Updated\VMTestAutomation\Src\Framework.Core\TestCommandRunner.cs:line 75
   at VM.Platform.TestAutomationFramework.Core.SingleTestCaseRunner.ExecuteSingleTestCase(Int32 testCaseId, String targetEnvironment, String repositiory, Int32 Retry) in C:\Users\DasariW\Desktop\VM Framework\v4Dev_Updated\v4Dev_Updated\VMTestAutomation\Src\Framework.Core\SingleTestCaseRunner.cs:line 167
----------------
2018-11-14 08:09:53,769 INFO  execution-log - Saving captured values to file.
----------------
2018-11-14 08:09:53,770 ERROR execution-log - TC # : 2,  has failed
----------------
