2019-02-05 01:51:47,661 INFO  execution-log - 	Initializing control map with map # MASTER
----------------
2019-02-05 01:52:05,060 INFO  execution-log - Initializing Test Automation
----------------
2019-02-05 01:52:05,076 INFO  execution-log - 	target browser: Chrome
----------------
2019-02-05 01:52:32,149 INFO  execution-log - TC # : 1, Downloading test case from DB
----------------
2019-02-05 01:58:41,226 INFO  execution-log - TC # : 1, Getting test data from DB
----------------
2019-02-05 01:58:44,756 INFO  execution-log - TC # : 1, Getting control map :MASTER from DB
----------------
2019-02-05 01:58:51,701 INFO  execution-log - TC # : 1, Test data retrieval completed
----------------
2019-02-05 02:00:01,498 INFO  execution-log - TC # : 1, Control map retrieval completed
----------------
2019-02-05 02:00:05,694 INFO  execution-log - TC # : 1, Parsing commands
----------------
2019-02-05 02:00:41,559 INFO  execution-log - Loading captured values from persistence.
----------------
2019-02-05 02:01:10,548 INFO  execution-log - TC # : 1, Started executing test case in the VMTESTAPP1 environment (http://vam-qa.cloudapp.net:6363/pages/login.html)
----------------
2019-02-05 02:03:19,044 INFO  execution-log -  Beginning StartIterationCommand ( Iterations : 1 )
----------------
2019-02-05 02:03:19,052 INFO  execution-log - TC # : 1, Starting iteration #1
----------------
2019-02-05 02:03:19,063 INFO  execution-log - 	 Command completed.
----------------
2019-02-05 02:03:35,935 INFO  execution-log -  Beginning InvokeApplicationCommand ( Target :  )
----------------
2019-02-05 02:03:37,230 INFO  execution-log - 	 Command completed.
----------------
2019-02-05 02:03:46,491 INFO  execution-log -  Beginning PageCommand ( CurrentPage : Login, FlowIdentifier : 1, DiIndicator : DI )
----------------
2019-02-05 02:03:46,526 INFO  execution-log - 	 Command completed.
----------------
2019-02-05 02:03:52,439 INFO  execution-log -  Beginning LoadTestDataItemCommand ( CurrentPage : Login, FlowIdentifier : 1, DiIndicator : DI )
----------------
2019-02-05 02:03:52,460 INFO  execution-log - [Sequence No - 1] Beginning ValidateExistStatusCommand ( LogicalFieldName : User Name, LogicalFieldValue : True )
----------------
2019-02-05 02:03:52,492 INFO  execution-log - [Sequence No - 1]	 Command completed.
----------------
2019-02-05 02:03:52,501 INFO  execution-log - [Sequence No - 2] Beginning ActionCommand ( LogicalFieldName : User Name, LogicalFieldValue : Click )
----------------
2019-02-05 02:03:57,644 INFO  execution-log - [Sequence No - 2]	 Command completed.
----------------
2019-02-05 02:04:34,193 INFO  execution-log - [Sequence No - 3] Beginning TestDataCommand ( LogicalFieldName : User Name, LogicalFieldValue : Jack )
----------------
2019-02-05 02:12:46,996 INFO  execution-log - [Sequence No - 3]	 Command completed.
----------------
2019-02-05 02:14:12,695 INFO  execution-log - [Sequence No - 4] Beginning ValidateExistStatusCommand ( LogicalFieldName : Password, LogicalFieldValue : True )
----------------
2019-02-05 02:14:12,730 INFO  execution-log - [Sequence No - 4]	 Command completed.
----------------
2019-02-05 02:15:06,746 INFO  execution-log - [Sequence No - 5] Beginning TestDataCommand ( LogicalFieldName : Password, LogicalFieldValue : Smit@123 )
----------------
2019-02-05 02:19:35,542 INFO  execution-log - [Sequence No - 5]	 Command completed.
----------------
2019-02-05 02:19:52,189 INFO  execution-log - [Sequence No - 6] Beginning ValidateEnableStatusCommand ( LogicalFieldName : Login_Button, LogicalFieldValue : True )
----------------
2019-02-05 02:19:52,500 INFO  execution-log - [Sequence No - 6]	 Command completed.
----------------
2019-02-05 02:19:54,141 INFO  execution-log - [Sequence No - 7] Beginning ActionCommand ( LogicalFieldName : Login_Button, LogicalFieldValue : Click )
----------------
2019-02-05 02:19:59,420 INFO  execution-log - [Sequence No - 7]	 Command completed.
----------------
2019-02-05 02:20:05,320 INFO  execution-log - 	 Command completed.
----------------
2019-02-05 02:20:05,334 INFO  execution-log -  Beginning PageCommand ( CurrentPage : Home, FlowIdentifier : 2, DiIndicator : DI )
----------------
2019-02-05 02:20:05,341 INFO  execution-log - 	 Command completed.
----------------
2019-02-05 02:20:05,347 INFO  execution-log -  Beginning LoadTestDataItemCommand ( CurrentPage : Home, FlowIdentifier : 2, DiIndicator : DI )
----------------
2019-02-05 02:20:05,365 INFO  execution-log - [Sequence No - 8] Beginning ActionCommand ( LogicalFieldName : New Quote, LogicalFieldValue : Click )
----------------
2019-02-05 02:20:11,054 INFO  execution-log - [Sequence No - 8]	 Command completed.
----------------
2019-02-05 02:20:11,060 INFO  execution-log - 	 Command completed.
----------------
2019-02-05 02:20:11,066 INFO  execution-log -  Beginning PageCommand ( CurrentPage : New Quote, FlowIdentifier : 3, DiIndicator : DI )
----------------
2019-02-05 02:20:11,071 INFO  execution-log - 	 Command completed.
----------------
2019-02-05 02:20:11,076 INFO  execution-log -  Beginning LoadTestDataItemCommand ( CurrentPage : New Quote, FlowIdentifier : 3, DiIndicator : DI )
----------------
2019-02-05 02:20:13,997 INFO  execution-log - [Sequence No - 9] Beginning TestDataCommand ( LogicalFieldName : Account Name, LogicalFieldValue : RANDOMIZE(7,2) )
----------------
2019-02-05 02:20:21,890 INFO  execution-log - [Sequence No - 9]	 Command completed.
----------------
2019-02-05 02:20:22,744 INFO  execution-log - [Sequence No - 11] Beginning TestDataCommand ( LogicalFieldName : First Name, LogicalFieldValue : Jack )
----------------
2019-02-05 02:20:32,993 INFO  execution-log - [Sequence No - 11]	 Command completed.
----------------
2019-02-05 02:20:38,246 INFO  execution-log - [Sequence No - 12] Beginning TestDataCommand ( LogicalFieldName : Last Name, LogicalFieldValue : Smith )
----------------
2019-02-05 02:20:53,824 INFO  execution-log - [Sequence No - 12]	 Command completed.
----------------
2019-02-05 02:21:00,621 INFO  execution-log - [Sequence No - 13] Beginning TestDataCommand ( LogicalFieldName : ContactNumber1, LogicalFieldValue : 654 )
----------------
2019-02-05 02:21:04,847 INFO  execution-log - [Sequence No - 13]	 Command completed.
----------------
2019-02-05 02:21:05,834 INFO  execution-log - [Sequence No - 14] Beginning TestDataCommand ( LogicalFieldName : ContactNumber2, LogicalFieldValue : 321 )
----------------
2019-02-05 02:21:09,263 INFO  execution-log - [Sequence No - 14]	 Command completed.
----------------
2019-02-05 02:21:09,608 INFO  execution-log - [Sequence No - 15] Beginning TestDataCommand ( LogicalFieldName : ContactNumber3, LogicalFieldValue : 6541 )
----------------
2019-02-05 02:21:11,356 INFO  execution-log - [Sequence No - 15]	 Command completed.
----------------
2019-02-05 02:21:11,699 INFO  execution-log - [Sequence No - 16] Beginning TestDataCommand ( LogicalFieldName : Primary Email, LogicalFieldValue : jack.smith@gmail.com )
----------------
2019-02-05 02:21:13,453 INFO  execution-log - [Sequence No - 16]	 Command completed.
----------------
2019-02-05 02:21:13,738 INFO  execution-log - [Sequence No - 17] Beginning TestDataCommand ( LogicalFieldName : Business Started Year, LogicalFieldValue : 2012 )
----------------
2019-02-05 02:21:15,493 INFO  execution-log - [Sequence No - 17]	 Command completed.
----------------
2019-02-05 02:21:15,504 INFO  execution-log - [Sequence No - 18] Beginning ActionCommand ( LogicalFieldName : Select Product, LogicalFieldValue : Click )
----------------
2019-02-05 02:21:20,663 INFO  execution-log - [Sequence No - 18]	 Command completed.
----------------
2019-02-05 02:21:20,672 INFO  execution-log - [Sequence No - 19] Beginning ActionCommand ( LogicalFieldName : Select Product1, LogicalFieldValue : Click )
----------------
2019-02-05 02:21:25,370 INFO  execution-log - [Sequence No - 19]	 Command completed.
----------------
2019-02-05 02:21:25,388 INFO  execution-log - [Sequence No - 20] Beginning ActionCommand ( LogicalFieldName : Contact Name, LogicalFieldValue : Click )
----------------
2019-02-05 02:21:25,570 INFO  execution-log - [Sequence No - 20]	 Command completed.
----------------
2019-02-05 02:21:25,581 INFO  execution-log - [Sequence No - 21] Beginning ActionCommand ( LogicalFieldName : Contact Name Initial Select, LogicalFieldValue : Click )
----------------
2019-02-05 02:21:26,251 INFO  execution-log - [Sequence No - 21]	 Command completed.
----------------
2019-02-05 02:21:26,262 INFO  execution-log - [Sequence No - 22] Beginning ActionCommand ( LogicalFieldName : Industry, LogicalFieldValue : Click )
----------------
2019-02-05 02:21:26,430 INFO  execution-log - [Sequence No - 22]	 Command completed.
----------------
2019-02-05 02:21:26,442 INFO  execution-log - [Sequence No - 23] Beginning ActionCommand ( LogicalFieldName : Industry1, LogicalFieldValue : Click )
----------------
2019-02-05 02:21:26,590 INFO  execution-log - [Sequence No - 23]	 Command completed.
----------------
2019-02-05 02:21:28,887 INFO  execution-log - [Sequence No - 24] Beginning TestDataCommand ( LogicalFieldName : Zip Code, LogicalFieldValue : 53704 )
----------------
2019-02-05 02:21:30,984 INFO  execution-log - [Sequence No - 24]	 Command completed.
----------------
2019-02-05 02:21:30,995 INFO  execution-log - [Sequence No - 25] Beginning ActionCommand ( LogicalFieldName : zipcode click, LogicalFieldValue : Click )
----------------
2019-02-05 02:21:31,416 INFO  execution-log - [Sequence No - 25]	 Command completed.
----------------
2019-02-05 02:21:31,666 INFO  execution-log - [Sequence No - 26] Beginning TestDataCommand ( LogicalFieldName : Street Address, LogicalFieldValue : 123 BLUEJAY LN )
----------------
2019-02-05 02:21:33,555 INFO  execution-log - [Sequence No - 26]	 Command completed.
----------------
2019-02-05 02:21:33,567 INFO  execution-log - [Sequence No - 27] Beginning ActionCommand ( LogicalFieldName : Same as Physical Address, LogicalFieldValue : Click )
----------------
2019-02-05 02:21:33,683 INFO  execution-log - [Sequence No - 27]	 Command completed.
----------------
2019-02-05 02:21:33,695 INFO  execution-log - [Sequence No - 28] Beginning ActionCommand ( LogicalFieldName : Proceed, LogicalFieldValue : Click )
----------------
2019-02-05 02:21:33,848 INFO  execution-log - [Sequence No - 28]	 Command completed.
----------------
2019-02-05 02:21:33,859 INFO  execution-log - 	 Command completed.
----------------
2019-02-05 02:21:33,867 INFO  execution-log -  Beginning PageCommand ( CurrentPage : Insured Info, FlowIdentifier : 4, DiIndicator : DI )
----------------
2019-02-05 02:21:33,875 INFO  execution-log - 	 Command completed.
----------------
2019-02-05 02:21:33,880 INFO  execution-log -  Beginning LoadTestDataItemCommand ( CurrentPage : Insured Info, FlowIdentifier : 4, DiIndicator : DI )
----------------
2019-02-05 02:21:34,120 INFO  execution-log - [Sequence No - 29] Beginning TestDataCommand ( LogicalFieldName : InsuredName, LogicalFieldValue : Smith )
----------------
2019-02-05 02:21:48,758 ERROR execution-log - TC # : 1, Could not set test data for field 'InsuredName'.
----------------
2019-02-05 02:21:56,823 ERROR execution-log - TC # : 1, Could not set test data for field 'InsuredName'.
----------------
2019-02-05 02:21:56,839 ERROR execution-log - TC # : 1, No more iterations to run. Test execution will abort.
----------------
2019-02-05 02:21:56,851 ERROR execution-log - TC # : 1, Framework failed to run the test due to a test configuration error.
	VM.Platform.TestAutomationFramework.Core.Exceptions.WorkflowFailedException: Could not set test data for field 'InsuredName'. ---> VM.Platform.TestAutomationFramework.Core.Exceptions.WorkflowFailedException: no such element: Unable to locate element: {"method":"id","selector":"txtInsuredName"}
  (Session info: chrome=71.0.3578.98)
  (Driver info: chromedriver=2.45.615291 (ec3682e3c9061c10f26ea9e5cdcf3c53f3f74387),platform=Windows NT 10.0.16299 x86_64)
   at VM.Platform.TestAutomationFramework.UIAutomation.Commands.Interactions.TextBoxElementCommand.Execute() in C:\Users\VMQApractice\Desktop\v4Dev_Updated\v4Dev_Updated\VMTestAutomation\Src\Framework.UIAutomation\Commands\Interactions\TextBoxElementCommand.cs:line 39
   at VM.Platform.TestAutomationFramework.UIAutomation.Commands.Interactions.TestDataCommand.SetTestDataInteraction() in C:\Users\VMQApractice\Desktop\v4Dev_Updated\v4Dev_Updated\VMTestAutomation\Src\Framework.UIAutomation\Commands\Interactions\TestDataCommand.cs:line 158
   at VM.Platform.TestAutomationFramework.UIAutomation.Commands.Interactions.TestDataCommand.Execute(TestRunContext context) in C:\Users\VMQApractice\Desktop\v4Dev_Updated\v4Dev_Updated\VMTestAutomation\Src\Framework.UIAutomation\Commands\Interactions\TestDataCommand.cs:line 35
   --- End of inner exception stack trace ---
   at VM.Platform.TestAutomationFramework.UIAutomation.Commands.Interactions.TestDataCommand.Execute(TestRunContext context) in C:\Users\VMQApractice\Desktop\v4Dev_Updated\v4Dev_Updated\VMTestAutomation\Src\Framework.UIAutomation\Commands\Interactions\TestDataCommand.cs:line 44
   at VM.Platform.TestAutomationFramework.Core.Decorators.CommandDecorator.Execute(TestRunContext context) in C:\Users\VMQApractice\Desktop\v4Dev_Updated\v4Dev_Updated\VMTestAutomation\Src\Framework.Core\Decorators\CommandDecorator.cs:line 22
   at VM.Platform.TestAutomationFramework.Core.Decorators.CommandLogger.Execute(TestRunContext context) in C:\Users\VMQApractice\Desktop\v4Dev_Updated\v4Dev_Updated\VMTestAutomation\Src\Framework.Core\Decorators\CommandLogger.cs:line 93
   at VM.Platform.TestAutomationFramework.Core.Decorators.CommandDecorator.Execute(TestRunContext context) in C:\Users\VMQApractice\Desktop\v4Dev_Updated\v4Dev_Updated\VMTestAutomation\Src\Framework.Core\Decorators\CommandDecorator.cs:line 22
   at VM.Platform.TestAutomationFramework.Core.Decorators.CommandErrorHandler.Execute(TestRunContext context) in C:\Users\VMQApractice\Desktop\v4Dev_Updated\v4Dev_Updated\VMTestAutomation\Src\Framework.Core\Decorators\CommandErrorHandler.cs:line 65
   at VM.Platform.TestAutomationFramework.Core.Decorators.CommandDecorator.Execute(TestRunContext context) in C:\Users\VMQApractice\Desktop\v4Dev_Updated\v4Dev_Updated\VMTestAutomation\Src\Framework.Core\Decorators\CommandDecorator.cs:line 22
   at VM.Platform.TestAutomationFramework.Core.Decorators.CommandTimer.Execute(TestRunContext context) in C:\Users\VMQApractice\Desktop\v4Dev_Updated\v4Dev_Updated\VMTestAutomation\Src\Framework.Core\Decorators\CommandTimer.cs:line 26
   at VM.Platform.TestAutomationFramework.Core.Decorators.CommandDecorator.Execute(TestRunContext context) in C:\Users\VMQApractice\Desktop\v4Dev_Updated\v4Dev_Updated\VMTestAutomation\Src\Framework.Core\Decorators\CommandDecorator.cs:line 22
   at VM.Platform.TestAutomationFramework.Core.Decorators.IgnorePagesDecorator.Execute(TestRunContext context) in C:\Users\VMQApractice\Desktop\v4Dev_Updated\v4Dev_Updated\VMTestAutomation\Src\Framework.Core\Decorators\IgnorePagesDecorator.cs:line 24
   at VM.Platform.TestAutomationFramework.UIAutomation.Commands.Workflow.LoadTestDataItemCommand.Execute(TestRunContext context) in C:\Users\VMQApractice\Desktop\v4Dev_Updated\v4Dev_Updated\VMTestAutomation\Src\Framework.UIAutomation\Commands\Workflow\LoadTestDataItemCommand.cs:line 96
   at VM.Platform.TestAutomationFramework.Core.Decorators.CommandDecorator.Execute(TestRunContext context) in C:\Users\VMQApractice\Desktop\v4Dev_Updated\v4Dev_Updated\VMTestAutomation\Src\Framework.Core\Decorators\CommandDecorator.cs:line 22
   at VM.Platform.TestAutomationFramework.Core.Decorators.CommandLogger.Execute(TestRunContext context) in C:\Users\VMQApractice\Desktop\v4Dev_Updated\v4Dev_Updated\VMTestAutomation\Src\Framework.Core\Decorators\CommandLogger.cs:line 93
   at VM.Platform.TestAutomationFramework.Core.Decorators.CommandDecorator.Execute(TestRunContext context) in C:\Users\VMQApractice\Desktop\v4Dev_Updated\v4Dev_Updated\VMTestAutomation\Src\Framework.Core\Decorators\CommandDecorator.cs:line 22
   at VM.Platform.TestAutomationFramework.Core.Decorators.CommandErrorHandler.Execute(TestRunContext context) in C:\Users\VMQApractice\Desktop\v4Dev_Updated\v4Dev_Updated\VMTestAutomation\Src\Framework.Core\Decorators\CommandErrorHandler.cs:line 65
   at VM.Platform.TestAutomationFramework.Core.Decorators.CommandDecorator.Execute(TestRunContext context) in C:\Users\VMQApractice\Desktop\v4Dev_Updated\v4Dev_Updated\VMTestAutomation\Src\Framework.Core\Decorators\CommandDecorator.cs:line 22
   at VM.Platform.TestAutomationFramework.Core.Decorators.CommandTimer.Execute(TestRunContext context) in C:\Users\VMQApractice\Desktop\v4Dev_Updated\v4Dev_Updated\VMTestAutomation\Src\Framework.Core\Decorators\CommandTimer.cs:line 26
   at VM.Platform.TestAutomationFramework.Core.Decorators.CommandDecorator.Execute(TestRunContext context) in C:\Users\VMQApractice\Desktop\v4Dev_Updated\v4Dev_Updated\VMTestAutomation\Src\Framework.Core\Decorators\CommandDecorator.cs:line 22
   at VM.Platform.TestAutomationFramework.Core.Decorators.IgnorePagesDecorator.Execute(TestRunContext context) in C:\Users\VMQApractice\Desktop\v4Dev_Updated\v4Dev_Updated\VMTestAutomation\Src\Framework.Core\Decorators\IgnorePagesDecorator.cs:line 24
   at VM.Platform.TestAutomationFramework.Core.TestCommandRunner.Execute(TestRunContext testRunContext) in C:\Users\VMQApractice\Desktop\v4Dev_Updated\v4Dev_Updated\VMTestAutomation\Src\Framework.Core\TestCommandRunner.cs:line 75
   at VM.Platform.TestAutomationFramework.Core.SingleTestCaseRunner.ExecuteSingleTestCase(Int32 testCaseId, String targetEnvironment, String repositiory, Int32 Retry) in C:\Users\VMQApractice\Desktop\v4Dev_Updated\v4Dev_Updated\VMTestAutomation\Src\Framework.Core\SingleTestCaseRunner.cs:line 167
----------------
2019-02-05 02:22:02,062 INFO  execution-log - Saving captured values to file.
----------------
2019-02-05 02:22:02,072 ERROR execution-log - TC # : 1,  has failed
----------------
