2019-01-28 12:59:19,773 INFO  execution-log - 	Initializing control map with map # MASTER
----------------
2019-01-28 12:59:50,967 INFO  execution-log - Initializing Test Automation
----------------
2019-01-28 12:59:50,983 INFO  execution-log - 	target browser: Chrome
----------------
2019-01-28 12:59:50,983 INFO  execution-log - TC # : 1, Downloading test case from DB
----------------
2019-01-28 12:59:51,014 INFO  execution-log - TC # : 1, Getting test data from DB
----------------
2019-01-28 12:59:51,014 INFO  execution-log - TC # : 1, Getting control map :MASTER from DB
----------------
2019-01-28 12:59:51,030 INFO  execution-log - TC # : 1, Test data retrieval completed
----------------
2019-01-28 12:59:51,030 INFO  execution-log - TC # : 1, Control map retrieval completed
----------------
2019-01-28 12:59:51,046 INFO  execution-log - TC # : 1, Parsing commands
----------------
2019-01-28 12:59:51,061 INFO  execution-log - Loading captured values from persistence.
----------------
2019-01-28 12:59:51,077 INFO  execution-log - TC # : 1, Started executing test case in the VMTESTAPP environment (http://vam-qa.cloudapp.net:6363/pages/login.html)
----------------
2019-01-28 12:59:51,108 INFO  execution-log -  Beginning StartIterationCommand ( Iterations : 1 )
----------------
2019-01-28 12:59:51,124 INFO  execution-log - TC # : 1, Starting iteration #1
----------------
2019-01-28 12:59:51,139 INFO  execution-log - 	 Command completed.
----------------
2019-01-28 12:59:51,155 INFO  execution-log -  Beginning InvokeApplicationCommand ( Target :  )
----------------
2019-01-28 12:59:52,329 INFO  execution-log - 	 Command completed.
----------------
2019-01-28 12:59:52,336 INFO  execution-log -  Beginning PageCommand ( CurrentPage : Login, FlowIdentifier : 1, DiIndicator : DI )
----------------
2019-01-28 12:59:52,342 INFO  execution-log - 	 Command completed.
----------------
2019-01-28 12:59:52,347 INFO  execution-log -  Beginning LoadTestDataItemCommand ( CurrentPage : Login, FlowIdentifier : 1, DiIndicator : DI )
----------------
2019-01-28 12:59:52,365 INFO  execution-log - [Sequence No - 1] Beginning ActionCommand ( LogicalFieldName : User Name, LogicalFieldValue : Click )
----------------
2019-01-28 12:59:54,132 INFO  execution-log - [Sequence No - 1]	 Command completed.
----------------
2019-01-28 12:59:54,159 INFO  execution-log - [Sequence No - 2] Beginning TestDataCommand ( LogicalFieldName : User Name, LogicalFieldValue : Jack )
----------------
2019-01-28 12:59:56,386 ERROR execution-log - TC # : 1, Could not set test data for field 'User Name'.
----------------
2019-01-28 13:00:04,598 ERROR execution-log - TC # : 1, Could not set test data for field 'User Name'.
----------------
2019-01-28 13:00:04,614 ERROR execution-log - TC # : 1, No more iterations to run. Test execution will abort.
----------------
2019-01-28 13:00:04,629 ERROR execution-log - TC # : 1, Framework failed to run the test due to a test configuration error.
	VM.Platform.TestAutomationFramework.Core.Exceptions.WorkflowFailedException: Could not set test data for field 'User Name'. ---> VM.Platform.TestAutomationFramework.Core.Exceptions.WorkflowFailedException: TestData indicator not supported for this element type
   at VM.Platform.TestAutomationFramework.UIAutomation.Commands.Interactions.TestDataCommand.SetTestDataInteraction() in C:\Users\VMQApractice\Desktop\v4Dev_Updated\v4Dev_Updated\VMTestAutomation\Src\Framework.UIAutomation\Commands\Interactions\TestDataCommand.cs:line 145
   at VM.Platform.TestAutomationFramework.UIAutomation.Commands.Interactions.TestDataCommand.Execute(TestRunContext context) in C:\Users\VMQApractice\Desktop\v4Dev_Updated\v4Dev_Updated\VMTestAutomation\Src\Framework.UIAutomation\Commands\Interactions\TestDataCommand.cs:line 35
   --- End of inner exception stack trace ---
   at VM.Platform.TestAutomationFramework.UIAutomation.Commands.Interactions.TestDataCommand.Execute(TestRunContext context) in C:\Users\VMQApractice\Desktop\v4Dev_Updated\v4Dev_Updated\VMTestAutomation\Src\Framework.UIAutomation\Commands\Interactions\TestDataCommand.cs:line 44
   at VM.Platform.TestAutomationFramework.Core.Decorators.CommandDecorator.Execute(TestRunContext context) in C:\Users\VMQApractice\Desktop\v4Dev_Updated\v4Dev_Updated\VMTestAutomation\Src\Framework.Core\Decorators\CommandDecorator.cs:line 22
   at VM.Platform.TestAutomationFramework.Core.Decorators.CommandLogger.Execute(TestRunContext context) in C:\Users\VMQApractice\Desktop\v4Dev_Updated\v4Dev_Updated\VMTestAutomation\Src\Framework.Core\Decorators\CommandLogger.cs:line 93
   at VM.Platform.TestAutomationFramework.Core.Decorators.CommandDecorator.Execute(TestRunContext context) in C:\Users\VMQApractice\Desktop\v4Dev_Updated\v4Dev_Updated\VMTestAutomation\Src\Framework.Core\Decorators\CommandDecorator.cs:line 22
   at VM.Platform.TestAutomationFramework.Core.Decorators.CommandErrorHandler.Execute(TestRunContext context) in C:\Users\VMQApractice\Desktop\v4Dev_Updated\v4Dev_Updated\VMTestAutomation\Src\Framework.Core\Decorators\CommandErrorHandler.cs:line 65
   at VM.Platform.TestAutomationFramework.Core.Decorators.CommandDecorator.Execute(TestRunContext context) in C:\Users\VMQApractice\Desktop\v4Dev_Updated\v4Dev_Updated\VMTestAutomation\Src\Framework.Core\Decorators\CommandDecorator.cs:line 22
   at VM.Platform.TestAutomationFramework.Core.Decorators.CommandTimer.Execute(TestRunContext context) in C:\Users\VMQApractice\Desktop\v4Dev_Updated\v4Dev_Updated\VMTestAutomation\Src\Framework.Core\Decorators\CommandTimer.cs:line 26
   at VM.Platform.TestAutomationFramework.Core.Decorators.CommandDecorator.Execute(TestRunContext context) in C:\Users\VMQApractice\Desktop\v4Dev_Updated\v4Dev_Updated\VMTestAutomation\Src\Framework.Core\Decorators\CommandDecorator.cs:line 22
   at VM.Platform.TestAutomationFramework.Core.Decorators.IgnorePagesDecorator.Execute(TestRunContext context) in C:\Users\VMQApractice\Desktop\v4Dev_Updated\v4Dev_Updated\VMTestAutomation\Src\Framework.Core\Decorators\IgnorePagesDecorator.cs:line 24
   at VM.Platform.TestAutomationFramework.UIAutomation.Commands.Workflow.LoadTestDataItemCommand.Execute(TestRunContext context) in C:\Users\VMQApractice\Desktop\v4Dev_Updated\v4Dev_Updated\VMTestAutomation\Src\Framework.UIAutomation\Commands\Workflow\LoadTestDataItemCommand.cs:line 96
   at VM.Platform.TestAutomationFramework.Core.Decorators.CommandDecorator.Execute(TestRunContext context) in C:\Users\VMQApractice\Desktop\v4Dev_Updated\v4Dev_Updated\VMTestAutomation\Src\Framework.Core\Decorators\CommandDecorator.cs:line 22
   at VM.Platform.TestAutomationFramework.Core.Decorators.CommandLogger.Execute(TestRunContext context) in C:\Users\VMQApractice\Desktop\v4Dev_Updated\v4Dev_Updated\VMTestAutomation\Src\Framework.Core\Decorators\CommandLogger.cs:line 93
   at VM.Platform.TestAutomationFramework.Core.Decorators.CommandDecorator.Execute(TestRunContext context) in C:\Users\VMQApractice\Desktop\v4Dev_Updated\v4Dev_Updated\VMTestAutomation\Src\Framework.Core\Decorators\CommandDecorator.cs:line 22
   at VM.Platform.TestAutomationFramework.Core.Decorators.CommandErrorHandler.Execute(TestRunContext context) in C:\Users\VMQApractice\Desktop\v4Dev_Updated\v4Dev_Updated\VMTestAutomation\Src\Framework.Core\Decorators\CommandErrorHandler.cs:line 65
   at VM.Platform.TestAutomationFramework.Core.Decorators.CommandDecorator.Execute(TestRunContext context) in C:\Users\VMQApractice\Desktop\v4Dev_Updated\v4Dev_Updated\VMTestAutomation\Src\Framework.Core\Decorators\CommandDecorator.cs:line 22
   at VM.Platform.TestAutomationFramework.Core.Decorators.CommandTimer.Execute(TestRunContext context) in C:\Users\VMQApractice\Desktop\v4Dev_Updated\v4Dev_Updated\VMTestAutomation\Src\Framework.Core\Decorators\CommandTimer.cs:line 26
   at VM.Platform.TestAutomationFramework.Core.Decorators.CommandDecorator.Execute(TestRunContext context) in C:\Users\VMQApractice\Desktop\v4Dev_Updated\v4Dev_Updated\VMTestAutomation\Src\Framework.Core\Decorators\CommandDecorator.cs:line 22
   at VM.Platform.TestAutomationFramework.Core.Decorators.IgnorePagesDecorator.Execute(TestRunContext context) in C:\Users\VMQApractice\Desktop\v4Dev_Updated\v4Dev_Updated\VMTestAutomation\Src\Framework.Core\Decorators\IgnorePagesDecorator.cs:line 24
   at VM.Platform.TestAutomationFramework.Core.TestCommandRunner.Execute(TestRunContext testRunContext) in C:\Users\VMQApractice\Desktop\v4Dev_Updated\v4Dev_Updated\VMTestAutomation\Src\Framework.Core\TestCommandRunner.cs:line 75
   at VM.Platform.TestAutomationFramework.Core.SingleTestCaseRunner.ExecuteSingleTestCase(Int32 testCaseId, String targetEnvironment, String repositiory, Int32 Retry) in C:\Users\VMQApractice\Desktop\v4Dev_Updated\v4Dev_Updated\VMTestAutomation\Src\Framework.Core\SingleTestCaseRunner.cs:line 167
----------------
2019-01-28 13:00:05,654 INFO  execution-log - Saving captured values to file.
----------------
2019-01-28 13:00:05,826 ERROR execution-log - TC # : 1,  has failed
----------------
