2018-11-08 21:51:18,191 INFO  execution-log - 	Initializing control map with map # Master
----------------
2018-11-08 21:51:18,193 INFO  execution-log - Initializing Test Automation
----------------
2018-11-08 21:51:18,194 INFO  execution-log - 	target browser: Chrome
----------------
2018-11-08 21:51:18,195 INFO  execution-log - TC # : 2, Downloading test case from DB
----------------
2018-11-08 21:51:18,206 INFO  execution-log - TC # : 2, Getting control map :Master from DB
----------------
2018-11-08 21:51:18,209 INFO  execution-log - TC # : 2, Getting test data from DB
----------------
2018-11-08 21:51:18,211 INFO  execution-log - TC # : 2, Control map retrieval completed
----------------
2018-11-08 21:51:18,218 INFO  execution-log - TC # : 2, Test data retrieval completed
----------------
2018-11-08 21:51:18,220 INFO  execution-log - TC # : 2, Parsing commands
----------------
2018-11-08 21:51:18,221 INFO  execution-log - Loading captured values from persistence.
----------------
2018-11-08 21:51:18,222 INFO  execution-log - TC # : 2, Started executing test case in the HISCOX environment (http://hiscpvt.cloud.hiscox.com/oneshield/index.jsp#gateway)
----------------
2018-11-08 21:51:18,271 INFO  execution-log -  Beginning StartIterationCommand ( Iterations : 1 )
----------------
2018-11-08 21:51:18,272 INFO  execution-log - TC # : 2, Starting iteration #1
----------------
2018-11-08 21:51:18,274 INFO  execution-log - 	 Command completed.
----------------
2018-11-08 21:51:18,275 INFO  execution-log -  Beginning InvokeApplicationCommand ( Target :  )
----------------
2018-11-08 21:51:18,573 INFO  execution-log - 	 Command completed.
----------------
2018-11-08 21:51:18,579 INFO  execution-log -  Beginning PageCommand ( CurrentPage : Login, FlowIdentifier : 1, DiIndicator : DI )
----------------
2018-11-08 21:51:18,581 INFO  execution-log - 	 Command completed.
----------------
2018-11-08 21:51:18,582 INFO  execution-log -  Beginning LoadTestDataItemCommand ( CurrentPage : Login, FlowIdentifier : 1, DiIndicator : DI )
----------------
2018-11-08 21:51:18,604 INFO  execution-log - [Sequence No - 1] Beginning TestDataCommand ( LogicalFieldName : Partner Number, LogicalFieldValue : 0 )
----------------
2018-11-08 21:51:20,392 INFO  execution-log - [Sequence No - 1]	 Command completed.
----------------
2018-11-08 21:51:20,397 INFO  execution-log - [Sequence No - 2] Beginning TestDataCommand ( LogicalFieldName : Username, LogicalFieldValue : karthicuw )
----------------
2018-11-08 21:51:21,713 INFO  execution-log - [Sequence No - 2]	 Command completed.
----------------
2018-11-08 21:51:21,717 INFO  execution-log - [Sequence No - 3] Beginning TestDataCommand ( LogicalFieldName : Password, LogicalFieldValue : Monday!23 )
----------------
2018-11-08 21:51:21,920 INFO  execution-log - [Sequence No - 3]	 Command completed.
----------------
2018-11-08 21:51:21,924 INFO  execution-log - [Sequence No - 4] Beginning TestDataCommand ( LogicalFieldName : Partner Number, LogicalFieldValue : 0 )
----------------
2018-11-08 21:51:22,018 INFO  execution-log - [Sequence No - 4]	 Command completed.
----------------
2018-11-08 21:51:22,022 INFO  execution-log - [Sequence No - 5] Beginning ActionCommand ( LogicalFieldName : Login Page, LogicalFieldValue : Click )
----------------
2018-11-08 21:51:22,162 INFO  execution-log - [Sequence No - 5]	 Command completed.
----------------
2018-11-08 21:51:22,166 INFO  execution-log - [Sequence No - 6] Beginning ActionCommand ( LogicalFieldName : Login Button, LogicalFieldValue : Click )
----------------
2018-11-08 21:51:22,315 INFO  execution-log - [Sequence No - 6]	 Command completed.
----------------
2018-11-08 21:51:22,319 INFO  execution-log - [Sequence No - 7] Beginning TestDataCommand ( LogicalFieldName : Partner Number, LogicalFieldValue : 0 )
----------------
2018-11-08 21:51:22,506 INFO  execution-log - [Sequence No - 7]	 Command completed.
----------------
2018-11-08 21:51:22,507 INFO  execution-log - 	 Command completed.
----------------
2018-11-08 21:51:22,509 INFO  execution-log -  Beginning PageCommand ( CurrentPage : Quotes, FlowIdentifier : 1, DiIndicator : DI )
----------------
2018-11-08 21:51:22,509 INFO  execution-log - 	 Command completed.
----------------
2018-11-08 21:51:22,510 INFO  execution-log -  Beginning LoadTestDataItemCommand ( CurrentPage : Quotes, FlowIdentifier : 1, DiIndicator : DI )
----------------
2018-11-08 21:51:22,516 INFO  execution-log - [Sequence No - 8] Beginning WaitForControlCommand ( LogicalFieldName : Quotes_Link, LogicalFieldValue : True )
----------------
2018-11-08 21:51:23,158 INFO  execution-log - [Sequence No - 8]	 Command completed.
----------------
2018-11-08 21:51:23,162 INFO  execution-log - [Sequence No - 9] Beginning ActionCommand ( LogicalFieldName : Quotes_Link, LogicalFieldValue : Click )
----------------
2018-11-08 21:51:23,430 INFO  execution-log - [Sequence No - 9]	 Command completed.
----------------
2018-11-08 21:51:23,435 INFO  execution-log - [Sequence No - 10] Beginning WaitForControlCommand ( LogicalFieldName : New quote, LogicalFieldValue : True )
----------------
2018-11-08 21:51:25,348 INFO  execution-log - [Sequence No - 10]	 Command completed.
----------------
2018-11-08 21:51:25,352 INFO  execution-log - [Sequence No - 11] Beginning ActionCommand ( LogicalFieldName : New quote, LogicalFieldValue : Click )
----------------
2018-11-08 21:51:25,526 INFO  execution-log - [Sequence No - 11]	 Command completed.
----------------
2018-11-08 21:51:25,531 INFO  execution-log - [Sequence No - 12] Beginning ActionCommand ( LogicalFieldName : Select Producing Agency, LogicalFieldValue : Click-Wait(500) )
----------------
2018-11-08 21:51:27,027 INFO  execution-log - [Sequence No - 12]	 Command completed.
----------------
2018-11-08 21:51:27,031 INFO  execution-log - [Sequence No - 13] Beginning ActionCommand ( LogicalFieldName : Select Agency, LogicalFieldValue : Click )
----------------
2018-11-08 21:51:27,189 INFO  execution-log - [Sequence No - 13]	 Command completed.
----------------
2018-11-08 21:51:27,193 INFO  execution-log - [Sequence No - 14] Beginning WaitForControlCommand ( LogicalFieldName : Producer, LogicalFieldValue : True )
----------------
2018-11-08 21:51:28,858 INFO  execution-log - [Sequence No - 14]	 Command completed.
----------------
2018-11-08 21:51:28,867 INFO  execution-log - [Sequence No - 15] Beginning ActionCommand ( LogicalFieldName : Producer, LogicalFieldValue : Click-Wait(500) )
----------------
2018-11-08 21:51:30,044 INFO  execution-log - [Sequence No - 15]	 Command completed.
----------------
2018-11-08 21:51:30,051 INFO  execution-log - [Sequence No - 16] Beginning TestDataCommand ( LogicalFieldName : Producer, LogicalFieldValue : Agency  Producer )
----------------
2018-11-08 21:51:30,554 INFO  execution-log - [Sequence No - 16]	 Command completed.
----------------
2018-11-08 21:51:30,558 INFO  execution-log - [Sequence No - 17] Beginning TestDataCommand ( LogicalFieldName : First Name, LogicalFieldValue : HISCOX )
----------------
2018-11-08 21:51:30,842 INFO  execution-log - [Sequence No - 17]	 Command completed.
----------------
2018-11-08 21:51:30,846 INFO  execution-log - [Sequence No - 18] Beginning TestDataCommand ( LogicalFieldName : Last Name, LogicalFieldValue : Demo )
----------------
2018-11-08 21:51:31,084 INFO  execution-log - [Sequence No - 18]	 Command completed.
----------------
2018-11-08 21:51:31,088 INFO  execution-log - [Sequence No - 19] Beginning TestDataCommand ( LogicalFieldName : City, LogicalFieldValue : Atlanta )
----------------
2018-11-08 21:51:31,303 INFO  execution-log - [Sequence No - 19]	 Command completed.
----------------
2018-11-08 21:51:31,307 INFO  execution-log - [Sequence No - 20] Beginning TestDataCommand ( LogicalFieldName : State, LogicalFieldValue : Georgia )
----------------
2018-11-08 21:51:31,624 INFO  execution-log - [Sequence No - 20]	 Command completed.
----------------
2018-11-08 21:51:31,628 INFO  execution-log - [Sequence No - 21] Beginning TestDataCommand ( LogicalFieldName : Zip, LogicalFieldValue : 30338 )
----------------
2018-11-08 21:51:31,808 INFO  execution-log - [Sequence No - 21]	 Command completed.
----------------
2018-11-08 21:51:31,813 INFO  execution-log - [Sequence No - 22] Beginning TestDataCommand ( LogicalFieldName : Address Line 1, LogicalFieldValue : 1 Main st )
----------------
2018-11-08 21:51:32,070 INFO  execution-log - [Sequence No - 22]	 Command completed.
----------------
2018-11-08 21:51:32,074 INFO  execution-log - [Sequence No - 23] Beginning TestDataCommand ( LogicalFieldName : Address Line 2, LogicalFieldValue : 1 )
----------------
2018-11-08 21:51:32,179 INFO  execution-log - [Sequence No - 23]	 Command completed.
----------------
2018-11-08 21:51:32,184 INFO  execution-log - [Sequence No - 24] Beginning ActionCommand ( LogicalFieldName : Product line (errors and omissions), LogicalFieldValue : Click )
----------------
2018-11-08 21:51:32,361 INFO  execution-log - [Sequence No - 24]	 Command completed.
----------------
2018-11-08 21:51:32,366 INFO  execution-log - [Sequence No - 25] Beginning ActionCommand ( LogicalFieldName : Customer search, LogicalFieldValue : Click )
----------------
2018-11-08 21:51:32,650 INFO  execution-log - [Sequence No - 25]	 Command completed.
----------------
2018-11-08 21:51:32,651 INFO  execution-log - 	 Command completed.
----------------
2018-11-08 21:51:32,652 INFO  execution-log -  Beginning PageCommand ( CurrentPage : QuoteDetails, FlowIdentifier : 1, DiIndicator : DI )
----------------
2018-11-08 21:51:32,653 INFO  execution-log - 	 Command completed.
----------------
2018-11-08 21:51:32,654 INFO  execution-log -  Beginning LoadTestDataItemCommand ( CurrentPage : QuoteDetails, FlowIdentifier : 1, DiIndicator : DI )
----------------
2018-11-08 21:51:32,671 INFO  execution-log - [Sequence No - 26] Beginning WaitForControlCommand ( LogicalFieldName : Retro-active Date, LogicalFieldValue : True )
----------------
2018-11-08 21:51:39,209 INFO  execution-log - [Sequence No - 26]	 Command completed.
----------------
2018-11-08 21:51:39,214 INFO  execution-log - [Sequence No - 27] Beginning TestDataCommand ( LogicalFieldName : Rating Company, LogicalFieldValue : FDLI Protection Insurance Company )
----------------
2018-11-08 21:51:40,882 INFO  execution-log - [Sequence No - 27]	 Command completed.
----------------
2018-11-08 21:51:40,887 INFO  execution-log - [Sequence No - 28] Beginning TestDataCommand ( LogicalFieldName : Retro-active Date, LogicalFieldValue : 09/11/2018 )
----------------
2018-11-08 21:51:41,059 INFO  execution-log - [Sequence No - 28]	 Command completed.
----------------
2018-11-08 21:51:41,064 INFO  execution-log - [Sequence No - 29] Beginning TestDataCommand ( LogicalFieldName : Professional Liability Gross Sales, LogicalFieldValue : 100000 )
----------------
2018-11-08 21:51:41,221 INFO  execution-log - [Sequence No - 29]	 Command completed.
----------------
2018-11-08 21:51:41,227 INFO  execution-log - [Sequence No - 30] Beginning ActionCommand ( LogicalFieldName : QuoteDetails Page, LogicalFieldValue : Click )
----------------
2018-11-08 21:51:41,347 INFO  execution-log - [Sequence No - 30]	 Command completed.
----------------
2018-11-08 21:51:41,351 INFO  execution-log - [Sequence No - 31] Beginning ActionCommand ( LogicalFieldName : Save Changes, LogicalFieldValue : Click )
----------------
2018-11-08 21:51:41,525 INFO  execution-log - [Sequence No - 31]	 Command completed.
----------------
2018-11-08 21:51:41,530 INFO  execution-log - [Sequence No - 32] Beginning WaitForControlCommand ( LogicalFieldName : Rate Quote, LogicalFieldValue : True )
----------------
2018-11-08 21:51:42,290 INFO  execution-log - [Sequence No - 32]	 Command completed.
----------------
2018-11-08 21:51:42,295 INFO  execution-log - [Sequence No - 33] Beginning ActionCommand ( LogicalFieldName : Rate Quote, LogicalFieldValue : Click-Wait(1000) )
----------------
2018-11-08 21:51:44,449 INFO  execution-log - [Sequence No - 33]	 Command completed.
----------------
2018-11-08 21:51:44,455 INFO  execution-log - [Sequence No - 34] Beginning WaitForControlCommand ( LogicalFieldName : Request Issue, LogicalFieldValue : True )
----------------
2018-11-08 21:51:50,932 INFO  execution-log - [Sequence No - 34]	 Command completed.
----------------
2018-11-08 21:51:50,936 INFO  execution-log - [Sequence No - 35] Beginning ActionCommand ( LogicalFieldName : Request Issue, LogicalFieldValue : Click-Wait(1000) )
----------------
2018-11-08 21:51:53,146 INFO  execution-log - [Sequence No - 35]	 Command completed.
----------------
2018-11-08 21:51:53,152 INFO  execution-log - [Sequence No - 36] Beginning WaitForControlCommand ( LogicalFieldName : Next, LogicalFieldValue : True )
----------------
2018-11-08 21:51:54,039 INFO  execution-log - [Sequence No - 36]	 Command completed.
----------------
2018-11-08 21:51:54,043 INFO  execution-log - [Sequence No - 37] Beginning ActionCommand ( LogicalFieldName : Next, LogicalFieldValue : Click )
----------------
2018-11-08 21:51:54,168 INFO  execution-log - [Sequence No - 37]	 Command completed.
----------------
2018-11-08 21:51:54,169 INFO  execution-log - 	 Command completed.
----------------
2018-11-08 21:51:54,170 INFO  execution-log -  Beginning PageCommand ( CurrentPage : Payment Profile, FlowIdentifier : 1, DiIndicator : DI )
----------------
2018-11-08 21:51:54,171 INFO  execution-log - 	 Command completed.
----------------
2018-11-08 21:51:54,172 INFO  execution-log -  Beginning LoadTestDataItemCommand ( CurrentPage : Payment Profile, FlowIdentifier : 1, DiIndicator : DI )
----------------
2018-11-08 21:51:54,183 INFO  execution-log - [Sequence No - 38] Beginning WaitForControlCommand ( LogicalFieldName : Check Payment, LogicalFieldValue : True )
----------------
2018-11-08 21:51:55,629 INFO  execution-log - [Sequence No - 38]	 Command completed.
----------------
2018-11-08 21:51:55,634 INFO  execution-log - [Sequence No - 39] Beginning ActionCommand ( LogicalFieldName : Check Payment, LogicalFieldValue : Click )
----------------
2018-11-08 21:51:55,837 INFO  execution-log - [Sequence No - 39]	 Command completed.
----------------
2018-11-08 21:51:55,843 INFO  execution-log - [Sequence No - 40] Beginning ActionCommand ( LogicalFieldName : Next, LogicalFieldValue : Click )
----------------
2018-11-08 21:51:56,105 INFO  execution-log - [Sequence No - 40]	 Command completed.
----------------
2018-11-08 21:51:56,106 INFO  execution-log - 	 Command completed.
----------------
2018-11-08 21:51:56,107 INFO  execution-log -  Beginning PageCommand ( CurrentPage : Billing Choices, FlowIdentifier : 1, DiIndicator : DI )
----------------
2018-11-08 21:51:56,108 INFO  execution-log - 	 Command completed.
----------------
2018-11-08 21:51:56,109 INFO  execution-log -  Beginning LoadTestDataItemCommand ( CurrentPage : Billing Choices, FlowIdentifier : 1, DiIndicator : DI )
----------------
2018-11-08 21:51:56,134 INFO  execution-log - [Sequence No - 41] Beginning WaitForControlCommand ( LogicalFieldName : Email Address, LogicalFieldValue : True )
----------------
2018-11-08 21:51:56,228 INFO  execution-log - [Sequence No - 41]	 Command completed.
----------------
2018-11-08 21:51:56,233 INFO  execution-log - [Sequence No - 42] Beginning TestDataCommand ( LogicalFieldName : Email Address, LogicalFieldValue : Abc1@Abc1.com )
----------------
2018-11-08 21:52:00,682 ERROR execution-log - TC # : 2, Could not set test data for field 'Email Address'.
----------------
2018-11-08 21:52:09,145 ERROR execution-log - TC # : 2, Could not set test data for field 'Email Address'.
----------------
2018-11-08 21:52:09,162 ERROR execution-log - TC # : 2, No more iterations to run. Test execution will abort.
----------------
2018-11-08 21:52:09,179 ERROR execution-log - TC # : 2, Framework failed to run the test due to a test configuration error.
	VM.Platform.TestAutomationFramework.Core.Exceptions.WorkflowFailedException: Could not set test data for field 'Email Address'. ---> VM.Platform.TestAutomationFramework.Core.Exceptions.WorkflowFailedException: invalid element state: Element must be user-editable in order to clear it.
  (Session info: chrome=70.0.3538.77)
  (Driver info: chromedriver=2.40.565498 (ea082db3280dd6843ebfb08a625e3eb905c4f5ab),platform=Windows NT 10.0.14393 x86_64)
   at VM.Platform.TestAutomationFramework.UIAutomation.Commands.Interactions.TextBoxElementCommand.Execute() in C:\Users\DasariW\Desktop\VM Framework\v4Dev_Updated\v4Dev_Updated\VMTestAutomation\Src\Framework.UIAutomation\Commands\Interactions\TextBoxElementCommand.cs:line 39
   at VM.Platform.TestAutomationFramework.UIAutomation.Commands.Interactions.TestDataCommand.SetTestDataInteraction() in C:\Users\DasariW\Desktop\VM Framework\v4Dev_Updated\v4Dev_Updated\VMTestAutomation\Src\Framework.UIAutomation\Commands\Interactions\TestDataCommand.cs:line 126
   at VM.Platform.TestAutomationFramework.UIAutomation.Commands.Interactions.TestDataCommand.Execute(TestRunContext context) in C:\Users\DasariW\Desktop\VM Framework\v4Dev_Updated\v4Dev_Updated\VMTestAutomation\Src\Framework.UIAutomation\Commands\Interactions\TestDataCommand.cs:line 35
   --- End of inner exception stack trace ---
   at VM.Platform.TestAutomationFramework.UIAutomation.Commands.Interactions.TestDataCommand.Execute(TestRunContext context) in C:\Users\DasariW\Desktop\VM Framework\v4Dev_Updated\v4Dev_Updated\VMTestAutomation\Src\Framework.UIAutomation\Commands\Interactions\TestDataCommand.cs:line 44
   at VM.Platform.TestAutomationFramework.Core.Decorators.CommandDecorator.Execute(TestRunContext context) in C:\Users\DasariW\Desktop\VM Framework\v4Dev_Updated\v4Dev_Updated\VMTestAutomation\Src\Framework.Core\Decorators\CommandDecorator.cs:line 22
   at VM.Platform.TestAutomationFramework.Core.Decorators.CommandLogger.Execute(TestRunContext context) in C:\Users\DasariW\Desktop\VM Framework\v4Dev_Updated\v4Dev_Updated\VMTestAutomation\Src\Framework.Core\Decorators\CommandLogger.cs:line 93
   at VM.Platform.TestAutomationFramework.Core.Decorators.CommandDecorator.Execute(TestRunContext context) in C:\Users\DasariW\Desktop\VM Framework\v4Dev_Updated\v4Dev_Updated\VMTestAutomation\Src\Framework.Core\Decorators\CommandDecorator.cs:line 22
   at VM.Platform.TestAutomationFramework.Core.Decorators.CommandErrorHandler.Execute(TestRunContext context) in C:\Users\DasariW\Desktop\VM Framework\v4Dev_Updated\v4Dev_Updated\VMTestAutomation\Src\Framework.Core\Decorators\CommandErrorHandler.cs:line 65
   at VM.Platform.TestAutomationFramework.Core.Decorators.CommandDecorator.Execute(TestRunContext context) in C:\Users\DasariW\Desktop\VM Framework\v4Dev_Updated\v4Dev_Updated\VMTestAutomation\Src\Framework.Core\Decorators\CommandDecorator.cs:line 22
   at VM.Platform.TestAutomationFramework.Core.Decorators.CommandTimer.Execute(TestRunContext context) in C:\Users\DasariW\Desktop\VM Framework\v4Dev_Updated\v4Dev_Updated\VMTestAutomation\Src\Framework.Core\Decorators\CommandTimer.cs:line 26
   at VM.Platform.TestAutomationFramework.Core.Decorators.CommandDecorator.Execute(TestRunContext context) in C:\Users\DasariW\Desktop\VM Framework\v4Dev_Updated\v4Dev_Updated\VMTestAutomation\Src\Framework.Core\Decorators\CommandDecorator.cs:line 22
   at VM.Platform.TestAutomationFramework.Core.Decorators.IgnorePagesDecorator.Execute(TestRunContext context) in C:\Users\DasariW\Desktop\VM Framework\v4Dev_Updated\v4Dev_Updated\VMTestAutomation\Src\Framework.Core\Decorators\IgnorePagesDecorator.cs:line 24
   at VM.Platform.TestAutomationFramework.UIAutomation.Commands.Workflow.LoadTestDataItemCommand.Execute(TestRunContext context) in C:\Users\DasariW\Desktop\VM Framework\v4Dev_Updated\v4Dev_Updated\VMTestAutomation\Src\Framework.UIAutomation\Commands\Workflow\LoadTestDataItemCommand.cs:line 96
   at VM.Platform.TestAutomationFramework.Core.Decorators.CommandDecorator.Execute(TestRunContext context) in C:\Users\DasariW\Desktop\VM Framework\v4Dev_Updated\v4Dev_Updated\VMTestAutomation\Src\Framework.Core\Decorators\CommandDecorator.cs:line 22
   at VM.Platform.TestAutomationFramework.Core.Decorators.CommandLogger.Execute(TestRunContext context) in C:\Users\DasariW\Desktop\VM Framework\v4Dev_Updated\v4Dev_Updated\VMTestAutomation\Src\Framework.Core\Decorators\CommandLogger.cs:line 93
   at VM.Platform.TestAutomationFramework.Core.Decorators.CommandDecorator.Execute(TestRunContext context) in C:\Users\DasariW\Desktop\VM Framework\v4Dev_Updated\v4Dev_Updated\VMTestAutomation\Src\Framework.Core\Decorators\CommandDecorator.cs:line 22
   at VM.Platform.TestAutomationFramework.Core.Decorators.CommandErrorHandler.Execute(TestRunContext context) in C:\Users\DasariW\Desktop\VM Framework\v4Dev_Updated\v4Dev_Updated\VMTestAutomation\Src\Framework.Core\Decorators\CommandErrorHandler.cs:line 65
   at VM.Platform.TestAutomationFramework.Core.Decorators.CommandDecorator.Execute(TestRunContext context) in C:\Users\DasariW\Desktop\VM Framework\v4Dev_Updated\v4Dev_Updated\VMTestAutomation\Src\Framework.Core\Decorators\CommandDecorator.cs:line 22
   at VM.Platform.TestAutomationFramework.Core.Decorators.CommandTimer.Execute(TestRunContext context) in C:\Users\DasariW\Desktop\VM Framework\v4Dev_Updated\v4Dev_Updated\VMTestAutomation\Src\Framework.Core\Decorators\CommandTimer.cs:line 26
   at VM.Platform.TestAutomationFramework.Core.Decorators.CommandDecorator.Execute(TestRunContext context) in C:\Users\DasariW\Desktop\VM Framework\v4Dev_Updated\v4Dev_Updated\VMTestAutomation\Src\Framework.Core\Decorators\CommandDecorator.cs:line 22
   at VM.Platform.TestAutomationFramework.Core.Decorators.IgnorePagesDecorator.Execute(TestRunContext context) in C:\Users\DasariW\Desktop\VM Framework\v4Dev_Updated\v4Dev_Updated\VMTestAutomation\Src\Framework.Core\Decorators\IgnorePagesDecorator.cs:line 24
   at VM.Platform.TestAutomationFramework.Core.TestCommandRunner.Execute(TestRunContext testRunContext) in C:\Users\DasariW\Desktop\VM Framework\v4Dev_Updated\v4Dev_Updated\VMTestAutomation\Src\Framework.Core\TestCommandRunner.cs:line 75
   at VM.Platform.TestAutomationFramework.Core.SingleTestCaseRunner.ExecuteSingleTestCase(Int32 testCaseId, String targetEnvironment, String repositiory, Int32 Retry) in C:\Users\DasariW\Desktop\VM Framework\v4Dev_Updated\v4Dev_Updated\VMTestAutomation\Src\Framework.Core\SingleTestCaseRunner.cs:line 167
----------------
2018-11-08 21:52:10,400 INFO  execution-log - Saving captured values to file.
----------------
2018-11-08 21:52:10,401 ERROR execution-log - TC # : 2,  has failed
----------------
