2018-11-16 11:28:10,779 INFO  execution-log - 	Initializing control map with map # Master
----------------
2018-11-16 11:28:10,795 INFO  execution-log - Initializing Test Automation
----------------
2018-11-16 11:28:10,797 INFO  execution-log - 	target browser: Chrome
----------------
2018-11-16 11:28:10,803 INFO  execution-log - TC # : 2, Downloading test case from DB
----------------
2018-11-16 11:28:10,816 INFO  execution-log - TC # : 2, Getting control map :Master from DB
----------------
2018-11-16 11:28:10,818 INFO  execution-log - TC # : 2, Getting test data from DB
----------------
2018-11-16 11:28:10,832 INFO  execution-log - TC # : 2, Control map retrieval completed
----------------
2018-11-16 11:28:10,862 INFO  execution-log - TC # : 2, Test data retrieval completed
----------------
2018-11-16 11:28:10,863 INFO  execution-log - TC # : 2, Parsing commands
----------------
2018-11-16 11:28:10,865 INFO  execution-log - Loading captured values from persistence.
----------------
2018-11-16 11:28:10,869 INFO  execution-log - TC # : 2, Started executing test case in the HISCOX environment (http://hiscpvt.cloud.hiscox.com/oneshield/index.jsp#gateway)
----------------
2018-11-16 11:28:10,947 INFO  execution-log -  Beginning StartIterationCommand ( Iterations : 1 )
----------------
2018-11-16 11:28:10,950 INFO  execution-log - TC # : 2, Starting iteration #1
----------------
2018-11-16 11:28:10,951 INFO  execution-log - 	 Command completed.
----------------
2018-11-16 11:28:10,953 INFO  execution-log -  Beginning InvokeApplicationCommand ( Target :  )
----------------
2018-11-16 11:28:11,363 INFO  execution-log - 	 Command completed.
----------------
2018-11-16 11:28:11,364 INFO  execution-log -  Beginning PageCommand ( CurrentPage : Login, FlowIdentifier : 1, DiIndicator : DI )
----------------
2018-11-16 11:28:11,365 INFO  execution-log - 	 Command completed.
----------------
2018-11-16 11:28:11,366 INFO  execution-log -  Beginning LoadTestDataItemCommand ( CurrentPage : Login, FlowIdentifier : 1, DiIndicator : DI )
----------------
2018-11-16 11:28:11,385 INFO  execution-log - [Sequence No - 1] Beginning TestDataCommand ( LogicalFieldName : Partner Number, LogicalFieldValue : 0 )
----------------
2018-11-16 11:28:13,292 INFO  execution-log - [Sequence No - 1]	 Command completed.
----------------
2018-11-16 11:28:13,296 INFO  execution-log - [Sequence No - 2] Beginning TestDataCommand ( LogicalFieldName : Username, LogicalFieldValue : karthicuw )
----------------
2018-11-16 11:28:13,474 INFO  execution-log - [Sequence No - 2]	 Command completed.
----------------
2018-11-16 11:28:13,478 INFO  execution-log - [Sequence No - 3] Beginning TestDataCommand ( LogicalFieldName : Password, LogicalFieldValue : Monday!23 )
----------------
2018-11-16 11:28:13,641 INFO  execution-log - [Sequence No - 3]	 Command completed.
----------------
2018-11-16 11:28:13,645 INFO  execution-log - [Sequence No - 4] Beginning TestDataCommand ( LogicalFieldName : Partner Number, LogicalFieldValue : 0 )
----------------
2018-11-16 11:28:13,750 INFO  execution-log - [Sequence No - 4]	 Command completed.
----------------
2018-11-16 11:28:13,754 INFO  execution-log - [Sequence No - 5] Beginning ActionCommand ( LogicalFieldName : Login Page, LogicalFieldValue : Click )
----------------
2018-11-16 11:28:13,904 INFO  execution-log - [Sequence No - 5]	 Command completed.
----------------
2018-11-16 11:28:13,908 INFO  execution-log - [Sequence No - 6] Beginning ActionCommand ( LogicalFieldName : Login Button, LogicalFieldValue : Click )
----------------
2018-11-16 11:28:14,115 INFO  execution-log - [Sequence No - 6]	 Command completed.
----------------
2018-11-16 11:28:14,121 INFO  execution-log - [Sequence No - 7] Beginning TestDataCommand ( LogicalFieldName : Partner Number, LogicalFieldValue : 0 )
----------------
2018-11-16 11:28:14,258 INFO  execution-log - [Sequence No - 7]	 Command completed.
----------------
2018-11-16 11:28:14,258 INFO  execution-log - 	 Command completed.
----------------
2018-11-16 11:28:14,259 INFO  execution-log -  Beginning PageCommand ( CurrentPage : Quotes, FlowIdentifier : 1, DiIndicator : DI )
----------------
2018-11-16 11:28:14,260 INFO  execution-log - 	 Command completed.
----------------
2018-11-16 11:28:14,261 INFO  execution-log -  Beginning LoadTestDataItemCommand ( CurrentPage : Quotes, FlowIdentifier : 1, DiIndicator : DI )
----------------
2018-11-16 11:28:14,266 INFO  execution-log - [Sequence No - 8] Beginning WaitForControlCommand ( LogicalFieldName : Quotes_Link, LogicalFieldValue : True )
----------------
2018-11-16 11:28:15,065 INFO  execution-log - [Sequence No - 8]	 Command completed.
----------------
2018-11-16 11:28:15,069 INFO  execution-log - [Sequence No - 9] Beginning ActionCommand ( LogicalFieldName : Quotes_Link, LogicalFieldValue : Click )
----------------
2018-11-16 11:28:15,364 INFO  execution-log - [Sequence No - 9]	 Command completed.
----------------
2018-11-16 11:28:15,373 INFO  execution-log - [Sequence No - 10] Beginning WaitForControlCommand ( LogicalFieldName : New quote, LogicalFieldValue : True )
----------------
2018-11-16 11:28:17,225 INFO  execution-log - [Sequence No - 10]	 Command completed.
----------------
2018-11-16 11:28:17,230 INFO  execution-log - [Sequence No - 11] Beginning ActionCommand ( LogicalFieldName : New quote, LogicalFieldValue : Click )
----------------
2018-11-16 11:28:17,402 INFO  execution-log - [Sequence No - 11]	 Command completed.
----------------
2018-11-16 11:28:17,407 INFO  execution-log - [Sequence No - 12] Beginning ActionCommand ( LogicalFieldName : Select Producing Agency, LogicalFieldValue : Click-Wait(500) )
----------------
2018-11-16 11:28:18,767 INFO  execution-log - [Sequence No - 12]	 Command completed.
----------------
2018-11-16 11:28:18,772 INFO  execution-log - [Sequence No - 13] Beginning ActionCommand ( LogicalFieldName : Select Agency, LogicalFieldValue : Click )
----------------
2018-11-16 11:28:18,947 INFO  execution-log - [Sequence No - 13]	 Command completed.
----------------
2018-11-16 11:28:18,952 INFO  execution-log - [Sequence No - 14] Beginning WaitForControlCommand ( LogicalFieldName : Producer, LogicalFieldValue : True )
----------------
2018-11-16 11:28:20,596 INFO  execution-log - [Sequence No - 14]	 Command completed.
----------------
2018-11-16 11:28:20,600 INFO  execution-log - [Sequence No - 15] Beginning ActionCommand ( LogicalFieldName : Producer, LogicalFieldValue : Click-Wait(500) )
----------------
2018-11-16 11:28:21,743 INFO  execution-log - [Sequence No - 15]	 Command completed.
----------------
2018-11-16 11:28:21,749 INFO  execution-log - [Sequence No - 16] Beginning TestDataCommand ( LogicalFieldName : Producer, LogicalFieldValue : Agency  Producer )
----------------
2018-11-16 11:28:22,279 INFO  execution-log - [Sequence No - 16]	 Command completed.
----------------
2018-11-16 11:28:22,284 INFO  execution-log - [Sequence No - 17] Beginning TestDataCommand ( LogicalFieldName : First Name, LogicalFieldValue : HISCOX )
----------------
2018-11-16 11:28:22,502 INFO  execution-log - [Sequence No - 17]	 Command completed.
----------------
2018-11-16 11:28:22,512 INFO  execution-log - [Sequence No - 18] Beginning TestDataCommand ( LogicalFieldName : Last Name, LogicalFieldValue : Demo )
----------------
2018-11-16 11:28:22,670 INFO  execution-log - [Sequence No - 18]	 Command completed.
----------------
2018-11-16 11:28:22,674 INFO  execution-log - [Sequence No - 19] Beginning TestDataCommand ( LogicalFieldName : City, LogicalFieldValue : Atlanta )
----------------
2018-11-16 11:28:22,902 INFO  execution-log - [Sequence No - 19]	 Command completed.
----------------
2018-11-16 11:28:22,908 INFO  execution-log - [Sequence No - 20] Beginning TestDataCommand ( LogicalFieldName : State, LogicalFieldValue : Georgia )
----------------
2018-11-16 11:28:23,260 INFO  execution-log - [Sequence No - 20]	 Command completed.
----------------
2018-11-16 11:28:23,266 INFO  execution-log - [Sequence No - 21] Beginning TestDataCommand ( LogicalFieldName : Zip, LogicalFieldValue : 30338 )
----------------
2018-11-16 11:28:23,492 INFO  execution-log - [Sequence No - 21]	 Command completed.
----------------
2018-11-16 11:28:23,497 INFO  execution-log - [Sequence No - 22] Beginning TestDataCommand ( LogicalFieldName : Address Line 1, LogicalFieldValue : 1 Main st )
----------------
2018-11-16 11:28:23,795 INFO  execution-log - [Sequence No - 22]	 Command completed.
----------------
2018-11-16 11:28:23,803 INFO  execution-log - [Sequence No - 23] Beginning TestDataCommand ( LogicalFieldName : Address Line 2, LogicalFieldValue : 1 )
----------------
2018-11-16 11:28:23,921 INFO  execution-log - [Sequence No - 23]	 Command completed.
----------------
2018-11-16 11:28:23,926 INFO  execution-log - [Sequence No - 24] Beginning ActionCommand ( LogicalFieldName : Product line (errors and omissions), LogicalFieldValue : Click )
----------------
2018-11-16 11:28:24,118 INFO  execution-log - [Sequence No - 24]	 Command completed.
----------------
2018-11-16 11:28:24,123 INFO  execution-log - [Sequence No - 25] Beginning ActionCommand ( LogicalFieldName : Customer search, LogicalFieldValue : Click )
----------------
2018-11-16 11:28:24,385 INFO  execution-log - [Sequence No - 25]	 Command completed.
----------------
2018-11-16 11:28:24,386 INFO  execution-log - 	 Command completed.
----------------
2018-11-16 11:28:24,387 INFO  execution-log -  Beginning PageCommand ( CurrentPage : QuoteDetails, FlowIdentifier : 1, DiIndicator : DI )
----------------
2018-11-16 11:28:24,388 INFO  execution-log - 	 Command completed.
----------------
2018-11-16 11:28:24,389 INFO  execution-log -  Beginning LoadTestDataItemCommand ( CurrentPage : QuoteDetails, FlowIdentifier : 1, DiIndicator : DI )
----------------
2018-11-16 11:28:24,395 INFO  execution-log - [Sequence No - 26] Beginning WaitForControlCommand ( LogicalFieldName : Retro-active Date, LogicalFieldValue : True )
----------------
2018-11-16 11:28:30,852 INFO  execution-log - [Sequence No - 26]	 Command completed.
----------------
2018-11-16 11:28:30,857 INFO  execution-log - [Sequence No - 27] Beginning TestDataCommand ( LogicalFieldName : Rating Company, LogicalFieldValue : FDLI Protection Insurance Company )
----------------
2018-11-16 11:28:32,468 INFO  execution-log - [Sequence No - 27]	 Command completed.
----------------
2018-11-16 11:28:32,472 INFO  execution-log - [Sequence No - 28] Beginning TestDataCommand ( LogicalFieldName : Retro-active Date, LogicalFieldValue : 09/11/2018 )
----------------
2018-11-16 11:28:32,609 INFO  execution-log - [Sequence No - 28]	 Command completed.
----------------
2018-11-16 11:28:32,613 INFO  execution-log - [Sequence No - 29] Beginning TestDataCommand ( LogicalFieldName : Professional Liability Gross Sales, LogicalFieldValue : 100000 )
----------------
2018-11-16 11:28:32,818 INFO  execution-log - [Sequence No - 29]	 Command completed.
----------------
2018-11-16 11:28:32,822 INFO  execution-log - [Sequence No - 30] Beginning ActionCommand ( LogicalFieldName : QuoteDetails Page, LogicalFieldValue : Click )
----------------
2018-11-16 11:28:33,002 INFO  execution-log - [Sequence No - 30]	 Command completed.
----------------
2018-11-16 11:28:33,006 INFO  execution-log - [Sequence No - 31] Beginning ActionCommand ( LogicalFieldName : Save Changes, LogicalFieldValue : Click )
----------------
2018-11-16 11:28:33,162 INFO  execution-log - [Sequence No - 31]	 Command completed.
----------------
2018-11-16 11:28:33,167 INFO  execution-log - [Sequence No - 32] Beginning WaitForControlCommand ( LogicalFieldName : Rate Quote, LogicalFieldValue : True )
----------------
2018-11-16 11:28:33,950 INFO  execution-log - [Sequence No - 32]	 Command completed.
----------------
2018-11-16 11:28:33,955 INFO  execution-log - [Sequence No - 33] Beginning ActionCommand ( LogicalFieldName : Rate Quote, LogicalFieldValue : Click-Wait(1000) )
----------------
2018-11-16 11:28:36,118 INFO  execution-log - [Sequence No - 33]	 Command completed.
----------------
2018-11-16 11:28:36,123 INFO  execution-log - [Sequence No - 34] Beginning WaitForControlCommand ( LogicalFieldName : Request Issue, LogicalFieldValue : True )
----------------
2018-11-16 11:28:42,676 INFO  execution-log - [Sequence No - 34]	 Command completed.
----------------
2018-11-16 11:28:42,681 INFO  execution-log - [Sequence No - 35] Beginning ActionCommand ( LogicalFieldName : Request Issue, LogicalFieldValue : Click-Wait(1000) )
----------------
2018-11-16 11:28:44,920 INFO  execution-log - [Sequence No - 35]	 Command completed.
----------------
2018-11-16 11:28:44,927 INFO  execution-log - [Sequence No - 36] Beginning WaitForControlCommand ( LogicalFieldName : Next, LogicalFieldValue : True )
----------------
2018-11-16 11:28:45,651 INFO  execution-log - [Sequence No - 36]	 Command completed.
----------------
2018-11-16 11:28:45,658 INFO  execution-log - [Sequence No - 37] Beginning ActionCommand ( LogicalFieldName : Next, LogicalFieldValue : Click )
----------------
2018-11-16 11:28:45,778 INFO  execution-log - [Sequence No - 37]	 Command completed.
----------------
2018-11-16 11:28:45,779 INFO  execution-log - 	 Command completed.
----------------
2018-11-16 11:28:45,780 INFO  execution-log -  Beginning PageCommand ( CurrentPage : Payment Profile, FlowIdentifier : 1, DiIndicator : DI )
----------------
2018-11-16 11:28:45,782 INFO  execution-log - 	 Command completed.
----------------
2018-11-16 11:28:45,783 INFO  execution-log -  Beginning LoadTestDataItemCommand ( CurrentPage : Payment Profile, FlowIdentifier : 1, DiIndicator : DI )
----------------
2018-11-16 11:28:45,792 INFO  execution-log - [Sequence No - 38] Beginning WaitForControlCommand ( LogicalFieldName : Check Payment, LogicalFieldValue : True )
----------------
2018-11-16 11:28:47,338 INFO  execution-log - [Sequence No - 38]	 Command completed.
----------------
2018-11-16 11:28:47,344 INFO  execution-log - [Sequence No - 39] Beginning ActionCommand ( LogicalFieldName : Check Payment, LogicalFieldValue : Click )
----------------
2018-11-16 11:28:47,531 INFO  execution-log - [Sequence No - 39]	 Command completed.
----------------
2018-11-16 11:28:47,536 INFO  execution-log - [Sequence No - 40] Beginning ActionCommand ( LogicalFieldName : Next, LogicalFieldValue : Click-Wait(1000) )
----------------
2018-11-16 11:28:49,823 INFO  execution-log - [Sequence No - 40]	 Command completed.
----------------
2018-11-16 11:28:49,824 INFO  execution-log - 	 Command completed.
----------------
2018-11-16 11:28:49,825 INFO  execution-log -  Beginning PageCommand ( CurrentPage : Billing Choices, FlowIdentifier : 1, DiIndicator : DI )
----------------
2018-11-16 11:28:49,826 INFO  execution-log - 	 Command completed.
----------------
2018-11-16 11:28:49,827 INFO  execution-log -  Beginning LoadTestDataItemCommand ( CurrentPage : Billing Choices, FlowIdentifier : 1, DiIndicator : DI )
----------------
2018-11-16 11:28:49,833 INFO  execution-log - [Sequence No - 41] Beginning WaitForControlCommand ( LogicalFieldName : Email Address, LogicalFieldValue : True )
----------------
2018-11-16 11:28:49,881 INFO  execution-log - [Sequence No - 41]	 Command completed.
----------------
2018-11-16 11:28:49,885 INFO  execution-log - [Sequence No - 42] Beginning ActionCommand ( LogicalFieldName : Email Address, LogicalFieldValue : Click-Wait(2000) )
----------------
2018-11-16 11:28:54,028 INFO  execution-log - [Sequence No - 42]	 Command completed.
----------------
2018-11-16 11:28:54,034 INFO  execution-log - [Sequence No - 43] Beginning TestDataCommand ( LogicalFieldName : Email Address, LogicalFieldValue : EMAILID )
----------------
2018-11-16 11:28:54,348 INFO  execution-log - [Sequence No - 43]	 Command completed.
----------------
2018-11-16 11:28:54,354 INFO  execution-log - [Sequence No - 44] Beginning ActionCommand ( LogicalFieldName : Billing Choices Page, LogicalFieldValue : Click )
----------------
2018-11-16 11:28:54,502 INFO  execution-log - [Sequence No - 44]	 Command completed.
----------------
2018-11-16 11:28:54,506 INFO  execution-log - [Sequence No - 45] Beginning ActionCommand ( LogicalFieldName : Next, LogicalFieldValue : Click-Wait(2000) )
----------------
2018-11-16 11:28:58,679 INFO  execution-log - [Sequence No - 45]	 Command completed.
----------------
2018-11-16 11:28:58,680 INFO  execution-log - 	 Command completed.
----------------
2018-11-16 11:28:58,680 INFO  execution-log -  Beginning PageCommand ( CurrentPage : Quote Bind, FlowIdentifier : 1, DiIndicator : DI )
----------------
2018-11-16 11:28:58,681 INFO  execution-log - 	 Command completed.
----------------
2018-11-16 11:28:58,682 INFO  execution-log -  Beginning LoadTestDataItemCommand ( CurrentPage : Quote Bind, FlowIdentifier : 1, DiIndicator : DI )
----------------
2018-11-16 11:28:58,689 INFO  execution-log - [Sequence No - 46] Beginning WaitForControlCommand ( LogicalFieldName : Bind, LogicalFieldValue : True )
----------------
2018-11-16 11:28:58,733 INFO  execution-log - [Sequence No - 46]	 Command completed.
----------------
2018-11-16 11:28:58,739 INFO  execution-log - [Sequence No - 47] Beginning ActionCommand ( LogicalFieldName : Bind, LogicalFieldValue : Click-Wait(2000) )
----------------
2018-11-16 11:29:02,888 INFO  execution-log - [Sequence No - 47]	 Command completed.
----------------
2018-11-16 11:29:02,889 INFO  execution-log - 	 Command completed.
----------------
2018-11-16 11:29:02,890 INFO  execution-log -  Beginning PageCommand ( CurrentPage : Summary, FlowIdentifier : 1, DiIndicator : DI )
----------------
2018-11-16 11:29:02,891 INFO  execution-log - 	 Command completed.
----------------
2018-11-16 11:29:02,891 INFO  execution-log -  Beginning LoadTestDataItemCommand ( CurrentPage : Summary, FlowIdentifier : 1, DiIndicator : DI )
----------------
2018-11-16 11:29:02,897 INFO  execution-log - [Sequence No - 48] Beginning WaitForControlCommand ( LogicalFieldName : Exit Policy, LogicalFieldValue : True )
----------------
2018-11-16 11:29:07,446 INFO  execution-log - [Sequence No - 48]	 Command completed.
----------------
2018-11-16 11:29:07,450 INFO  execution-log - [Sequence No - 49] Beginning GetControlValueCommand ( LogicalFieldName : Policy#, LogicalFieldValue : {PolicyNumber} )
----------------
2018-11-16 11:29:10,091 ERROR execution-log - TC # : 2, Tried Switch to IFrame, but the Policy# control never appeared.
----------------
2018-11-16 11:29:18,122 ERROR execution-log - TC # : 2, Tried Switch to IFrame, but the Policy# control never appeared.
----------------
2018-11-16 11:29:18,125 ERROR execution-log - TC # : 2, No more iterations to run. Test execution will abort.
----------------
2018-11-16 11:29:18,128 ERROR execution-log - TC # : 2, Framework failed to run the test due to a test configuration error.
	VM.Platform.TestAutomationFramework.Core.Exceptions.WorkflowFailedException: Tried Switch to IFrame, but the Policy# control never appeared. ---> System.Collections.Generic.KeyNotFoundException: The given key was not present in the dictionary.
   at System.Collections.Generic.Dictionary`2.get_Item(TKey key)
   at VM.Platform.TestAutomationFramework.UIAutomation.FrameHandler.TrySwitchToIFrame(TestRunContext context) in C:\Users\DasariW\Desktop\VM Framework\v4Dev_Updated\v4Dev_Updated\VMTestAutomation\Src\Framework.UIAutomation\FrameHandler.cs:line 74
   at VM.Platform.TestAutomationFramework.UIAutomation.FrameHandler..ctor(IUiAdapter uiAdapter, TestRunContext context, String logicalFieldName) in C:\Users\DasariW\Desktop\VM Framework\v4Dev_Updated\v4Dev_Updated\VMTestAutomation\Src\Framework.UIAutomation\FrameHandler.cs:line 26
   --- End of inner exception stack trace ---
   at VM.Platform.TestAutomationFramework.UIAutomation.FrameHandler..ctor(IUiAdapter uiAdapter, TestRunContext context, String logicalFieldName) in C:\Users\DasariW\Desktop\VM Framework\v4Dev_Updated\v4Dev_Updated\VMTestAutomation\Src\Framework.UIAutomation\FrameHandler.cs:line 31
   at VM.Platform.TestAutomationFramework.UIAutomation.Commands.Interactions.GetControlValueCommand.Execute(TestRunContext context) in C:\Users\DasariW\Desktop\VM Framework\v4Dev_Updated\v4Dev_Updated\VMTestAutomation\Src\Framework.UIAutomation\Commands\Interactions\GetControlValueCommand.cs:line 23
   at VM.Platform.TestAutomationFramework.Core.Decorators.CommandDecorator.Execute(TestRunContext context) in C:\Users\DasariW\Desktop\VM Framework\v4Dev_Updated\v4Dev_Updated\VMTestAutomation\Src\Framework.Core\Decorators\CommandDecorator.cs:line 22
   at VM.Platform.TestAutomationFramework.Core.Decorators.CommandLogger.Execute(TestRunContext context) in C:\Users\DasariW\Desktop\VM Framework\v4Dev_Updated\v4Dev_Updated\VMTestAutomation\Src\Framework.Core\Decorators\CommandLogger.cs:line 93
   at VM.Platform.TestAutomationFramework.Core.Decorators.CommandDecorator.Execute(TestRunContext context) in C:\Users\DasariW\Desktop\VM Framework\v4Dev_Updated\v4Dev_Updated\VMTestAutomation\Src\Framework.Core\Decorators\CommandDecorator.cs:line 22
   at VM.Platform.TestAutomationFramework.Core.Decorators.CommandErrorHandler.Execute(TestRunContext context) in C:\Users\DasariW\Desktop\VM Framework\v4Dev_Updated\v4Dev_Updated\VMTestAutomation\Src\Framework.Core\Decorators\CommandErrorHandler.cs:line 65
   at VM.Platform.TestAutomationFramework.Core.Decorators.CommandDecorator.Execute(TestRunContext context) in C:\Users\DasariW\Desktop\VM Framework\v4Dev_Updated\v4Dev_Updated\VMTestAutomation\Src\Framework.Core\Decorators\CommandDecorator.cs:line 22
   at VM.Platform.TestAutomationFramework.Core.Decorators.CommandTimer.Execute(TestRunContext context) in C:\Users\DasariW\Desktop\VM Framework\v4Dev_Updated\v4Dev_Updated\VMTestAutomation\Src\Framework.Core\Decorators\CommandTimer.cs:line 26
   at VM.Platform.TestAutomationFramework.Core.Decorators.CommandDecorator.Execute(TestRunContext context) in C:\Users\DasariW\Desktop\VM Framework\v4Dev_Updated\v4Dev_Updated\VMTestAutomation\Src\Framework.Core\Decorators\CommandDecorator.cs:line 22
   at VM.Platform.TestAutomationFramework.Core.Decorators.IgnorePagesDecorator.Execute(TestRunContext context) in C:\Users\DasariW\Desktop\VM Framework\v4Dev_Updated\v4Dev_Updated\VMTestAutomation\Src\Framework.Core\Decorators\IgnorePagesDecorator.cs:line 24
   at VM.Platform.TestAutomationFramework.UIAutomation.Commands.Workflow.LoadTestDataItemCommand.Execute(TestRunContext context) in C:\Users\DasariW\Desktop\VM Framework\v4Dev_Updated\v4Dev_Updated\VMTestAutomation\Src\Framework.UIAutomation\Commands\Workflow\LoadTestDataItemCommand.cs:line 96
   at VM.Platform.TestAutomationFramework.Core.Decorators.CommandDecorator.Execute(TestRunContext context) in C:\Users\DasariW\Desktop\VM Framework\v4Dev_Updated\v4Dev_Updated\VMTestAutomation\Src\Framework.Core\Decorators\CommandDecorator.cs:line 22
   at VM.Platform.TestAutomationFramework.Core.Decorators.CommandLogger.Execute(TestRunContext context) in C:\Users\DasariW\Desktop\VM Framework\v4Dev_Updated\v4Dev_Updated\VMTestAutomation\Src\Framework.Core\Decorators\CommandLogger.cs:line 93
   at VM.Platform.TestAutomationFramework.Core.Decorators.CommandDecorator.Execute(TestRunContext context) in C:\Users\DasariW\Desktop\VM Framework\v4Dev_Updated\v4Dev_Updated\VMTestAutomation\Src\Framework.Core\Decorators\CommandDecorator.cs:line 22
   at VM.Platform.TestAutomationFramework.Core.Decorators.CommandErrorHandler.Execute(TestRunContext context) in C:\Users\DasariW\Desktop\VM Framework\v4Dev_Updated\v4Dev_Updated\VMTestAutomation\Src\Framework.Core\Decorators\CommandErrorHandler.cs:line 65
   at VM.Platform.TestAutomationFramework.Core.Decorators.CommandDecorator.Execute(TestRunContext context) in C:\Users\DasariW\Desktop\VM Framework\v4Dev_Updated\v4Dev_Updated\VMTestAutomation\Src\Framework.Core\Decorators\CommandDecorator.cs:line 22
   at VM.Platform.TestAutomationFramework.Core.Decorators.CommandTimer.Execute(TestRunContext context) in C:\Users\DasariW\Desktop\VM Framework\v4Dev_Updated\v4Dev_Updated\VMTestAutomation\Src\Framework.Core\Decorators\CommandTimer.cs:line 26
   at VM.Platform.TestAutomationFramework.Core.Decorators.CommandDecorator.Execute(TestRunContext context) in C:\Users\DasariW\Desktop\VM Framework\v4Dev_Updated\v4Dev_Updated\VMTestAutomation\Src\Framework.Core\Decorators\CommandDecorator.cs:line 22
   at VM.Platform.TestAutomationFramework.Core.Decorators.IgnorePagesDecorator.Execute(TestRunContext context) in C:\Users\DasariW\Desktop\VM Framework\v4Dev_Updated\v4Dev_Updated\VMTestAutomation\Src\Framework.Core\Decorators\IgnorePagesDecorator.cs:line 24
   at VM.Platform.TestAutomationFramework.Core.TestCommandRunner.Execute(TestRunContext testRunContext) in C:\Users\DasariW\Desktop\VM Framework\v4Dev_Updated\v4Dev_Updated\VMTestAutomation\Src\Framework.Core\TestCommandRunner.cs:line 75
   at VM.Platform.TestAutomationFramework.Core.SingleTestCaseRunner.ExecuteSingleTestCase(Int32 testCaseId, String targetEnvironment, String repositiory, Int32 Retry) in C:\Users\DasariW\Desktop\VM Framework\v4Dev_Updated\v4Dev_Updated\VMTestAutomation\Src\Framework.Core\SingleTestCaseRunner.cs:line 167
----------------
2018-11-16 11:29:18,160 INFO  execution-log - Saving captured values to file.
----------------
2018-11-16 11:29:18,162 ERROR execution-log - TC # : 2,  has failed
----------------
