2018-11-14 09:17:48,066 INFO  execution-log - 	Initializing control map with map # Master
----------------
2018-11-14 09:17:48,068 INFO  execution-log - Initializing Test Automation
----------------
2018-11-14 09:17:48,068 INFO  execution-log - 	target browser: Chrome
----------------
2018-11-14 09:17:48,069 INFO  execution-log - TC # : 2, Downloading test case from DB
----------------
2018-11-14 09:17:48,075 INFO  execution-log - TC # : 2, Getting control map :Master from DB
----------------
2018-11-14 09:17:48,075 INFO  execution-log - TC # : 2, Getting test data from DB
----------------
2018-11-14 09:17:48,079 INFO  execution-log - TC # : 2, Control map retrieval completed
----------------
2018-11-14 09:17:48,085 INFO  execution-log - TC # : 2, Test data retrieval completed
----------------
2018-11-14 09:17:48,086 INFO  execution-log - TC # : 2, Parsing commands
----------------
2018-11-14 09:17:48,087 INFO  execution-log - Loading captured values from persistence.
----------------
2018-11-14 09:17:48,088 INFO  execution-log - TC # : 2, Started executing test case in the HISCOX environment (http://hiscpvt.cloud.hiscox.com/oneshield/index.jsp#gateway)
----------------
2018-11-14 09:17:48,130 INFO  execution-log -  Beginning StartIterationCommand ( Iterations : 1 )
----------------
2018-11-14 09:17:48,131 INFO  execution-log - TC # : 2, Starting iteration #1
----------------
2018-11-14 09:17:48,132 INFO  execution-log - 	 Command completed.
----------------
2018-11-14 09:17:48,133 INFO  execution-log -  Beginning InvokeApplicationCommand ( Target :  )
----------------
2018-11-14 09:17:48,503 INFO  execution-log - 	 Command completed.
----------------
2018-11-14 09:17:48,505 INFO  execution-log -  Beginning PageCommand ( CurrentPage : Login, FlowIdentifier : 1, DiIndicator : DI )
----------------
2018-11-14 09:17:48,506 INFO  execution-log - 	 Command completed.
----------------
2018-11-14 09:17:48,506 INFO  execution-log -  Beginning LoadTestDataItemCommand ( CurrentPage : Login, FlowIdentifier : 1, DiIndicator : DI )
----------------
2018-11-14 09:17:48,530 INFO  execution-log - [Sequence No - 1] Beginning TestDataCommand ( LogicalFieldName : Partner Number, LogicalFieldValue : 0 )
----------------
2018-11-14 09:17:50,346 INFO  execution-log - [Sequence No - 1]	 Command completed.
----------------
2018-11-14 09:17:50,350 INFO  execution-log - [Sequence No - 2] Beginning TestDataCommand ( LogicalFieldName : Username, LogicalFieldValue : karthicuw )
----------------
2018-11-14 09:17:50,485 INFO  execution-log - [Sequence No - 2]	 Command completed.
----------------
2018-11-14 09:17:50,489 INFO  execution-log - [Sequence No - 3] Beginning TestDataCommand ( LogicalFieldName : Password, LogicalFieldValue : Monday!23 )
----------------
2018-11-14 09:17:50,623 INFO  execution-log - [Sequence No - 3]	 Command completed.
----------------
2018-11-14 09:17:50,628 INFO  execution-log - [Sequence No - 4] Beginning TestDataCommand ( LogicalFieldName : Partner Number, LogicalFieldValue : 0 )
----------------
2018-11-14 09:17:50,718 INFO  execution-log - [Sequence No - 4]	 Command completed.
----------------
2018-11-14 09:17:50,722 INFO  execution-log - [Sequence No - 5] Beginning ActionCommand ( LogicalFieldName : Login Page, LogicalFieldValue : Click )
----------------
2018-11-14 09:17:50,853 INFO  execution-log - [Sequence No - 5]	 Command completed.
----------------
2018-11-14 09:17:50,857 INFO  execution-log - [Sequence No - 6] Beginning ActionCommand ( LogicalFieldName : Login Button, LogicalFieldValue : Click )
----------------
2018-11-14 09:17:51,004 INFO  execution-log - [Sequence No - 6]	 Command completed.
----------------
2018-11-14 09:17:51,008 INFO  execution-log - [Sequence No - 7] Beginning TestDataCommand ( LogicalFieldName : Partner Number, LogicalFieldValue : 0 )
----------------
2018-11-14 09:17:51,117 INFO  execution-log - [Sequence No - 7]	 Command completed.
----------------
2018-11-14 09:17:51,118 INFO  execution-log - 	 Command completed.
----------------
2018-11-14 09:17:51,119 INFO  execution-log -  Beginning PageCommand ( CurrentPage : Quotes, FlowIdentifier : 1, DiIndicator : DI )
----------------
2018-11-14 09:17:51,120 INFO  execution-log - 	 Command completed.
----------------
2018-11-14 09:17:51,121 INFO  execution-log -  Beginning LoadTestDataItemCommand ( CurrentPage : Quotes, FlowIdentifier : 1, DiIndicator : DI )
----------------
2018-11-14 09:17:51,127 INFO  execution-log - [Sequence No - 8] Beginning WaitForControlCommand ( LogicalFieldName : Quotes_Link, LogicalFieldValue : True )
----------------
2018-11-14 09:17:51,987 INFO  execution-log - [Sequence No - 8]	 Command completed.
----------------
2018-11-14 09:17:51,992 INFO  execution-log - [Sequence No - 9] Beginning ActionCommand ( LogicalFieldName : Quotes_Link, LogicalFieldValue : Click )
----------------
2018-11-14 09:17:52,203 INFO  execution-log - [Sequence No - 9]	 Command completed.
----------------
2018-11-14 09:17:52,207 INFO  execution-log - [Sequence No - 10] Beginning WaitForControlCommand ( LogicalFieldName : New quote, LogicalFieldValue : True )
----------------
2018-11-14 09:17:54,101 INFO  execution-log - [Sequence No - 10]	 Command completed.
----------------
2018-11-14 09:17:54,105 INFO  execution-log - [Sequence No - 11] Beginning ActionCommand ( LogicalFieldName : New quote, LogicalFieldValue : Click )
----------------
2018-11-14 09:17:54,314 INFO  execution-log - [Sequence No - 11]	 Command completed.
----------------
2018-11-14 09:17:54,318 INFO  execution-log - [Sequence No - 12] Beginning ActionCommand ( LogicalFieldName : Select Producing Agency, LogicalFieldValue : Click-Wait(500) )
----------------
2018-11-14 09:17:55,676 INFO  execution-log - [Sequence No - 12]	 Command completed.
----------------
2018-11-14 09:17:55,680 INFO  execution-log - [Sequence No - 13] Beginning ActionCommand ( LogicalFieldName : Select Agency, LogicalFieldValue : Click )
----------------
2018-11-14 09:17:55,854 INFO  execution-log - [Sequence No - 13]	 Command completed.
----------------
2018-11-14 09:17:55,859 INFO  execution-log - [Sequence No - 14] Beginning WaitForControlCommand ( LogicalFieldName : Producer, LogicalFieldValue : True )
----------------
2018-11-14 09:17:57,786 INFO  execution-log - [Sequence No - 14]	 Command completed.
----------------
2018-11-14 09:17:57,790 INFO  execution-log - [Sequence No - 15] Beginning ActionCommand ( LogicalFieldName : Producer, LogicalFieldValue : Click-Wait(500) )
----------------
2018-11-14 09:17:58,920 INFO  execution-log - [Sequence No - 15]	 Command completed.
----------------
2018-11-14 09:17:58,924 INFO  execution-log - [Sequence No - 16] Beginning TestDataCommand ( LogicalFieldName : Producer, LogicalFieldValue : Agency  Producer )
----------------
2018-11-14 09:17:59,416 INFO  execution-log - [Sequence No - 16]	 Command completed.
----------------
2018-11-14 09:17:59,421 INFO  execution-log - [Sequence No - 17] Beginning TestDataCommand ( LogicalFieldName : First Name, LogicalFieldValue : HISCOX )
----------------
2018-11-14 09:17:59,637 INFO  execution-log - [Sequence No - 17]	 Command completed.
----------------
2018-11-14 09:17:59,641 INFO  execution-log - [Sequence No - 18] Beginning TestDataCommand ( LogicalFieldName : Last Name, LogicalFieldValue : Demo )
----------------
2018-11-14 09:17:59,804 INFO  execution-log - [Sequence No - 18]	 Command completed.
----------------
2018-11-14 09:17:59,808 INFO  execution-log - [Sequence No - 19] Beginning TestDataCommand ( LogicalFieldName : City, LogicalFieldValue : Atlanta )
----------------
2018-11-14 09:18:00,015 INFO  execution-log - [Sequence No - 19]	 Command completed.
----------------
2018-11-14 09:18:00,019 INFO  execution-log - [Sequence No - 20] Beginning TestDataCommand ( LogicalFieldName : State, LogicalFieldValue : Georgia )
----------------
2018-11-14 09:18:00,345 INFO  execution-log - [Sequence No - 20]	 Command completed.
----------------
2018-11-14 09:18:00,349 INFO  execution-log - [Sequence No - 21] Beginning TestDataCommand ( LogicalFieldName : Zip, LogicalFieldValue : 30338 )
----------------
2018-11-14 09:18:00,525 INFO  execution-log - [Sequence No - 21]	 Command completed.
----------------
2018-11-14 09:18:00,530 INFO  execution-log - [Sequence No - 22] Beginning TestDataCommand ( LogicalFieldName : Address Line 1, LogicalFieldValue : 1 Main st )
----------------
2018-11-14 09:18:00,832 INFO  execution-log - [Sequence No - 22]	 Command completed.
----------------
2018-11-14 09:18:00,837 INFO  execution-log - [Sequence No - 23] Beginning TestDataCommand ( LogicalFieldName : Address Line 2, LogicalFieldValue : 1 )
----------------
2018-11-14 09:18:00,967 INFO  execution-log - [Sequence No - 23]	 Command completed.
----------------
2018-11-14 09:18:00,972 INFO  execution-log - [Sequence No - 24] Beginning ActionCommand ( LogicalFieldName : Product line (errors and omissions), LogicalFieldValue : Click )
----------------
2018-11-14 09:18:01,190 INFO  execution-log - [Sequence No - 24]	 Command completed.
----------------
2018-11-14 09:18:01,195 INFO  execution-log - [Sequence No - 25] Beginning ActionCommand ( LogicalFieldName : Customer search, LogicalFieldValue : Click )
----------------
2018-11-14 09:18:01,466 INFO  execution-log - [Sequence No - 25]	 Command completed.
----------------
2018-11-14 09:18:01,467 INFO  execution-log - 	 Command completed.
----------------
2018-11-14 09:18:01,468 INFO  execution-log -  Beginning PageCommand ( CurrentPage : QuoteDetails, FlowIdentifier : 1, DiIndicator : DI )
----------------
2018-11-14 09:18:01,469 INFO  execution-log - 	 Command completed.
----------------
2018-11-14 09:18:01,470 INFO  execution-log -  Beginning LoadTestDataItemCommand ( CurrentPage : QuoteDetails, FlowIdentifier : 1, DiIndicator : DI )
----------------
2018-11-14 09:18:01,483 INFO  execution-log - [Sequence No - 26] Beginning WaitForControlCommand ( LogicalFieldName : Retro-active Date, LogicalFieldValue : True )
----------------
2018-11-14 09:18:08,204 INFO  execution-log - [Sequence No - 26]	 Command completed.
----------------
2018-11-14 09:18:08,208 INFO  execution-log - [Sequence No - 27] Beginning TestDataCommand ( LogicalFieldName : Rating Company, LogicalFieldValue : FDLI Protection Insurance Company )
----------------
2018-11-14 09:18:09,856 INFO  execution-log - [Sequence No - 27]	 Command completed.
----------------
2018-11-14 09:18:09,861 INFO  execution-log - [Sequence No - 28] Beginning TestDataCommand ( LogicalFieldName : Retro-active Date, LogicalFieldValue : 09/11/2018 )
----------------
2018-11-14 09:18:10,005 INFO  execution-log - [Sequence No - 28]	 Command completed.
----------------
2018-11-14 09:18:10,010 INFO  execution-log - [Sequence No - 29] Beginning TestDataCommand ( LogicalFieldName : Professional Liability Gross Sales, LogicalFieldValue : 100000 )
----------------
2018-11-14 09:18:10,142 INFO  execution-log - [Sequence No - 29]	 Command completed.
----------------
2018-11-14 09:18:10,147 INFO  execution-log - [Sequence No - 30] Beginning ActionCommand ( LogicalFieldName : QuoteDetails Page, LogicalFieldValue : Click )
----------------
2018-11-14 09:18:10,312 INFO  execution-log - [Sequence No - 30]	 Command completed.
----------------
2018-11-14 09:18:10,316 INFO  execution-log - [Sequence No - 31] Beginning ActionCommand ( LogicalFieldName : Save Changes, LogicalFieldValue : Click )
----------------
2018-11-14 09:18:10,458 INFO  execution-log - [Sequence No - 31]	 Command completed.
----------------
2018-11-14 09:18:10,465 INFO  execution-log - [Sequence No - 32] Beginning WaitForControlCommand ( LogicalFieldName : Rate Quote, LogicalFieldValue : True )
----------------
2018-11-14 09:18:11,544 INFO  execution-log - [Sequence No - 32]	 Command completed.
----------------
2018-11-14 09:18:11,548 INFO  execution-log - [Sequence No - 33] Beginning ActionCommand ( LogicalFieldName : Rate Quote, LogicalFieldValue : Click-Wait(1000) )
----------------
2018-11-14 09:18:13,676 INFO  execution-log - [Sequence No - 33]	 Command completed.
----------------
2018-11-14 09:18:13,683 INFO  execution-log - [Sequence No - 34] Beginning WaitForControlCommand ( LogicalFieldName : Request Issue, LogicalFieldValue : True )
----------------
2018-11-14 09:18:20,092 INFO  execution-log - [Sequence No - 34]	 Command completed.
----------------
2018-11-14 09:18:20,097 INFO  execution-log - [Sequence No - 35] Beginning ActionCommand ( LogicalFieldName : Request Issue, LogicalFieldValue : Click-Wait(1000) )
----------------
2018-11-14 09:18:22,245 INFO  execution-log - [Sequence No - 35]	 Command completed.
----------------
2018-11-14 09:18:22,250 INFO  execution-log - [Sequence No - 36] Beginning WaitForControlCommand ( LogicalFieldName : Next, LogicalFieldValue : True )
----------------
2018-11-14 09:18:22,897 INFO  execution-log - [Sequence No - 36]	 Command completed.
----------------
2018-11-14 09:18:22,901 INFO  execution-log - [Sequence No - 37] Beginning ActionCommand ( LogicalFieldName : Next, LogicalFieldValue : Click )
----------------
2018-11-14 09:18:23,034 INFO  execution-log - [Sequence No - 37]	 Command completed.
----------------
2018-11-14 09:18:23,035 INFO  execution-log - 	 Command completed.
----------------
2018-11-14 09:18:23,037 INFO  execution-log -  Beginning PageCommand ( CurrentPage : Payment Profile, FlowIdentifier : 1, DiIndicator : DI )
----------------
2018-11-14 09:18:23,038 INFO  execution-log - 	 Command completed.
----------------
2018-11-14 09:18:23,039 INFO  execution-log -  Beginning LoadTestDataItemCommand ( CurrentPage : Payment Profile, FlowIdentifier : 1, DiIndicator : DI )
----------------
2018-11-14 09:18:23,052 INFO  execution-log - [Sequence No - 38] Beginning WaitForControlCommand ( LogicalFieldName : Check Payment, LogicalFieldValue : True )
----------------
2018-11-14 09:18:24,462 INFO  execution-log - [Sequence No - 38]	 Command completed.
----------------
2018-11-14 09:18:24,466 INFO  execution-log - [Sequence No - 39] Beginning ActionCommand ( LogicalFieldName : Check Payment, LogicalFieldValue : Click )
----------------
2018-11-14 09:18:24,614 INFO  execution-log - [Sequence No - 39]	 Command completed.
----------------
2018-11-14 09:18:24,618 INFO  execution-log - [Sequence No - 40] Beginning ActionCommand ( LogicalFieldName : Next, LogicalFieldValue : Click-Wait(1000) )
----------------
2018-11-14 09:18:26,861 INFO  execution-log - [Sequence No - 40]	 Command completed.
----------------
2018-11-14 09:18:26,862 INFO  execution-log - 	 Command completed.
----------------
2018-11-14 09:18:26,863 INFO  execution-log -  Beginning PageCommand ( CurrentPage : Billing Choices, FlowIdentifier : 1, DiIndicator : DI )
----------------
2018-11-14 09:18:26,864 INFO  execution-log - 	 Command completed.
----------------
2018-11-14 09:18:26,865 INFO  execution-log -  Beginning LoadTestDataItemCommand ( CurrentPage : Billing Choices, FlowIdentifier : 1, DiIndicator : DI )
----------------
2018-11-14 09:18:26,871 INFO  execution-log - [Sequence No - 41] Beginning WaitForControlCommand ( LogicalFieldName : Email Address, LogicalFieldValue : True )
----------------
2018-11-14 09:18:26,916 INFO  execution-log - [Sequence No - 41]	 Command completed.
----------------
2018-11-14 09:18:26,921 INFO  execution-log - [Sequence No - 42] Beginning ActionCommand ( LogicalFieldName : Email Address, LogicalFieldValue : Click-Wait(2000) )
----------------
2018-11-14 09:18:31,046 INFO  execution-log - [Sequence No - 42]	 Command completed.
----------------
2018-11-14 09:18:31,050 INFO  execution-log - [Sequence No - 43] Beginning TestDataCommand ( LogicalFieldName : Email Address, LogicalFieldValue : EMAILID )
----------------
2018-11-14 09:18:31,421 INFO  execution-log - [Sequence No - 43]	 Command completed.
----------------
2018-11-14 09:18:31,424 INFO  execution-log - [Sequence No - 44] Beginning ActionCommand ( LogicalFieldName : Billing Choices Page, LogicalFieldValue : Click )
----------------
2018-11-14 09:18:31,586 INFO  execution-log - [Sequence No - 44]	 Command completed.
----------------
2018-11-14 09:18:31,590 INFO  execution-log - [Sequence No - 45] Beginning ActionCommand ( LogicalFieldName : Next, LogicalFieldValue : Click-Wait(2000) )
----------------
2018-11-14 09:18:35,755 INFO  execution-log - [Sequence No - 45]	 Command completed.
----------------
2018-11-14 09:18:35,756 INFO  execution-log - 	 Command completed.
----------------
2018-11-14 09:18:35,756 INFO  execution-log -  Beginning PageCommand ( CurrentPage : Quote Bind, FlowIdentifier : 1, DiIndicator : DI )
----------------
2018-11-14 09:18:35,757 INFO  execution-log - 	 Command completed.
----------------
2018-11-14 09:18:35,758 INFO  execution-log -  Beginning LoadTestDataItemCommand ( CurrentPage : Quote Bind, FlowIdentifier : 1, DiIndicator : DI )
----------------
2018-11-14 09:18:35,764 INFO  execution-log - [Sequence No - 46] Beginning WaitForControlCommand ( LogicalFieldName : Bind, LogicalFieldValue : True )
----------------
2018-11-14 09:18:35,808 INFO  execution-log - [Sequence No - 46]	 Command completed.
----------------
2018-11-14 09:18:35,812 INFO  execution-log - [Sequence No - 47] Beginning ActionCommand ( LogicalFieldName : Bind, LogicalFieldValue : Click-Wait(2000) )
----------------
2018-11-14 09:18:39,943 INFO  execution-log - [Sequence No - 47]	 Command completed.
----------------
2018-11-14 09:18:39,944 INFO  execution-log - 	 Command completed.
----------------
2018-11-14 09:18:39,945 INFO  execution-log -  Beginning PageCommand ( CurrentPage : Summary, FlowIdentifier : 1, DiIndicator : DI )
----------------
2018-11-14 09:18:39,946 INFO  execution-log - 	 Command completed.
----------------
2018-11-14 09:18:39,947 INFO  execution-log -  Beginning LoadTestDataItemCommand ( CurrentPage : Summary, FlowIdentifier : 1, DiIndicator : DI )
----------------
2018-11-14 09:18:39,952 INFO  execution-log - [Sequence No - 48] Beginning WaitForControlCommand ( LogicalFieldName : Exit Policy, LogicalFieldValue : True )
----------------
2018-11-14 09:18:44,944 INFO  execution-log - [Sequence No - 48]	 Command completed.
----------------
2018-11-14 09:18:44,948 INFO  execution-log - [Sequence No - 49] Beginning GetControlValueCommand ( LogicalFieldName : Policy#, LogicalFieldValue : True )
----------------
2018-11-14 09:18:47,503 ERROR execution-log - TC # : 2, Tried Switch to IFrame, but the Policy# control never appeared.
----------------
2018-11-14 09:18:55,517 ERROR execution-log - TC # : 2, Tried Switch to IFrame, but the Policy# control never appeared.
----------------
2018-11-14 09:18:55,519 ERROR execution-log - TC # : 2, No more iterations to run. Test execution will abort.
----------------
2018-11-14 09:18:55,521 ERROR execution-log - TC # : 2, Framework failed to run the test due to a test configuration error.
	VM.Platform.TestAutomationFramework.Core.Exceptions.WorkflowFailedException: Tried Switch to IFrame, but the Policy# control never appeared. ---> System.Collections.Generic.KeyNotFoundException: The given key was not present in the dictionary.
   at System.Collections.Generic.Dictionary`2.get_Item(TKey key)
   at VM.Platform.TestAutomationFramework.UIAutomation.FrameHandler.TrySwitchToIFrame(TestRunContext context) in C:\Users\DasariW\Desktop\VM Framework\v4Dev_Updated\v4Dev_Updated\VMTestAutomation\Src\Framework.UIAutomation\FrameHandler.cs:line 74
   at VM.Platform.TestAutomationFramework.UIAutomation.FrameHandler..ctor(IUiAdapter uiAdapter, TestRunContext context, String logicalFieldName) in C:\Users\DasariW\Desktop\VM Framework\v4Dev_Updated\v4Dev_Updated\VMTestAutomation\Src\Framework.UIAutomation\FrameHandler.cs:line 26
   --- End of inner exception stack trace ---
   at VM.Platform.TestAutomationFramework.UIAutomation.FrameHandler..ctor(IUiAdapter uiAdapter, TestRunContext context, String logicalFieldName) in C:\Users\DasariW\Desktop\VM Framework\v4Dev_Updated\v4Dev_Updated\VMTestAutomation\Src\Framework.UIAutomation\FrameHandler.cs:line 31
   at VM.Platform.TestAutomationFramework.UIAutomation.Commands.Interactions.GetControlValueCommand.Execute(TestRunContext context) in C:\Users\DasariW\Desktop\VM Framework\v4Dev_Updated\v4Dev_Updated\VMTestAutomation\Src\Framework.UIAutomation\Commands\Interactions\GetControlValueCommand.cs:line 23
   at VM.Platform.TestAutomationFramework.Core.Decorators.CommandDecorator.Execute(TestRunContext context) in C:\Users\DasariW\Desktop\VM Framework\v4Dev_Updated\v4Dev_Updated\VMTestAutomation\Src\Framework.Core\Decorators\CommandDecorator.cs:line 22
   at VM.Platform.TestAutomationFramework.Core.Decorators.CommandLogger.Execute(TestRunContext context) in C:\Users\DasariW\Desktop\VM Framework\v4Dev_Updated\v4Dev_Updated\VMTestAutomation\Src\Framework.Core\Decorators\CommandLogger.cs:line 93
   at VM.Platform.TestAutomationFramework.Core.Decorators.CommandDecorator.Execute(TestRunContext context) in C:\Users\DasariW\Desktop\VM Framework\v4Dev_Updated\v4Dev_Updated\VMTestAutomation\Src\Framework.Core\Decorators\CommandDecorator.cs:line 22
   at VM.Platform.TestAutomationFramework.Core.Decorators.CommandErrorHandler.Execute(TestRunContext context) in C:\Users\DasariW\Desktop\VM Framework\v4Dev_Updated\v4Dev_Updated\VMTestAutomation\Src\Framework.Core\Decorators\CommandErrorHandler.cs:line 65
   at VM.Platform.TestAutomationFramework.Core.Decorators.CommandDecorator.Execute(TestRunContext context) in C:\Users\DasariW\Desktop\VM Framework\v4Dev_Updated\v4Dev_Updated\VMTestAutomation\Src\Framework.Core\Decorators\CommandDecorator.cs:line 22
   at VM.Platform.TestAutomationFramework.Core.Decorators.CommandTimer.Execute(TestRunContext context) in C:\Users\DasariW\Desktop\VM Framework\v4Dev_Updated\v4Dev_Updated\VMTestAutomation\Src\Framework.Core\Decorators\CommandTimer.cs:line 26
   at VM.Platform.TestAutomationFramework.Core.Decorators.CommandDecorator.Execute(TestRunContext context) in C:\Users\DasariW\Desktop\VM Framework\v4Dev_Updated\v4Dev_Updated\VMTestAutomation\Src\Framework.Core\Decorators\CommandDecorator.cs:line 22
   at VM.Platform.TestAutomationFramework.Core.Decorators.IgnorePagesDecorator.Execute(TestRunContext context) in C:\Users\DasariW\Desktop\VM Framework\v4Dev_Updated\v4Dev_Updated\VMTestAutomation\Src\Framework.Core\Decorators\IgnorePagesDecorator.cs:line 24
   at VM.Platform.TestAutomationFramework.UIAutomation.Commands.Workflow.LoadTestDataItemCommand.Execute(TestRunContext context) in C:\Users\DasariW\Desktop\VM Framework\v4Dev_Updated\v4Dev_Updated\VMTestAutomation\Src\Framework.UIAutomation\Commands\Workflow\LoadTestDataItemCommand.cs:line 96
   at VM.Platform.TestAutomationFramework.Core.Decorators.CommandDecorator.Execute(TestRunContext context) in C:\Users\DasariW\Desktop\VM Framework\v4Dev_Updated\v4Dev_Updated\VMTestAutomation\Src\Framework.Core\Decorators\CommandDecorator.cs:line 22
   at VM.Platform.TestAutomationFramework.Core.Decorators.CommandLogger.Execute(TestRunContext context) in C:\Users\DasariW\Desktop\VM Framework\v4Dev_Updated\v4Dev_Updated\VMTestAutomation\Src\Framework.Core\Decorators\CommandLogger.cs:line 93
   at VM.Platform.TestAutomationFramework.Core.Decorators.CommandDecorator.Execute(TestRunContext context) in C:\Users\DasariW\Desktop\VM Framework\v4Dev_Updated\v4Dev_Updated\VMTestAutomation\Src\Framework.Core\Decorators\CommandDecorator.cs:line 22
   at VM.Platform.TestAutomationFramework.Core.Decorators.CommandErrorHandler.Execute(TestRunContext context) in C:\Users\DasariW\Desktop\VM Framework\v4Dev_Updated\v4Dev_Updated\VMTestAutomation\Src\Framework.Core\Decorators\CommandErrorHandler.cs:line 65
   at VM.Platform.TestAutomationFramework.Core.Decorators.CommandDecorator.Execute(TestRunContext context) in C:\Users\DasariW\Desktop\VM Framework\v4Dev_Updated\v4Dev_Updated\VMTestAutomation\Src\Framework.Core\Decorators\CommandDecorator.cs:line 22
   at VM.Platform.TestAutomationFramework.Core.Decorators.CommandTimer.Execute(TestRunContext context) in C:\Users\DasariW\Desktop\VM Framework\v4Dev_Updated\v4Dev_Updated\VMTestAutomation\Src\Framework.Core\Decorators\CommandTimer.cs:line 26
   at VM.Platform.TestAutomationFramework.Core.Decorators.CommandDecorator.Execute(TestRunContext context) in C:\Users\DasariW\Desktop\VM Framework\v4Dev_Updated\v4Dev_Updated\VMTestAutomation\Src\Framework.Core\Decorators\CommandDecorator.cs:line 22
   at VM.Platform.TestAutomationFramework.Core.Decorators.IgnorePagesDecorator.Execute(TestRunContext context) in C:\Users\DasariW\Desktop\VM Framework\v4Dev_Updated\v4Dev_Updated\VMTestAutomation\Src\Framework.Core\Decorators\IgnorePagesDecorator.cs:line 24
   at VM.Platform.TestAutomationFramework.Core.TestCommandRunner.Execute(TestRunContext testRunContext) in C:\Users\DasariW\Desktop\VM Framework\v4Dev_Updated\v4Dev_Updated\VMTestAutomation\Src\Framework.Core\TestCommandRunner.cs:line 75
   at VM.Platform.TestAutomationFramework.Core.SingleTestCaseRunner.ExecuteSingleTestCase(Int32 testCaseId, String targetEnvironment, String repositiory, Int32 Retry) in C:\Users\DasariW\Desktop\VM Framework\v4Dev_Updated\v4Dev_Updated\VMTestAutomation\Src\Framework.Core\SingleTestCaseRunner.cs:line 167
----------------
2018-11-14 09:18:55,532 INFO  execution-log - Saving captured values to file.
----------------
2018-11-14 09:18:55,533 ERROR execution-log - TC # : 2,  has failed
----------------
