2018-11-08 09:22:01,482 INFO  execution-log - 	Initializing control map with map # Master
----------------
2018-11-08 09:22:01,499 INFO  execution-log - Initializing Test Automation
----------------
2018-11-08 09:22:01,501 INFO  execution-log - 	target browser: Chrome
----------------
2018-11-08 09:22:01,506 INFO  execution-log - TC # : 2, Downloading test case from DB
----------------
2018-11-08 09:22:01,527 INFO  execution-log - TC # : 2, Getting control map :Master from DB
----------------
2018-11-08 09:22:01,529 INFO  execution-log - TC # : 2, Getting test data from DB
----------------
2018-11-08 09:22:01,542 INFO  execution-log - TC # : 2, Control map retrieval completed
----------------
2018-11-08 09:22:01,547 INFO  execution-log - TC # : 2, Test data retrieval completed
----------------
2018-11-08 09:22:01,548 INFO  execution-log - TC # : 2, Parsing commands
----------------
2018-11-08 09:22:01,551 WARN  execution-log - Could not find persisted values file PersistedValues.bin. A new file will be created at the end of the test.
----------------
2018-11-08 09:22:01,554 INFO  execution-log - TC # : 2, Started executing test case in the HISCOX environment (http://hiscpvt.cloud.hiscox.com/oneshield/index.jsp#gateway)
----------------
2018-11-08 09:22:01,630 INFO  execution-log -  Beginning StartIterationCommand ( Iterations : 1 )
----------------
2018-11-08 09:22:01,633 INFO  execution-log - TC # : 2, Starting iteration #1
----------------
2018-11-08 09:22:01,634 INFO  execution-log - 	 Command completed.
----------------
2018-11-08 09:22:01,708 INFO  execution-log -  Beginning InvokeApplicationCommand ( Target :  )
----------------
2018-11-08 09:22:02,113 INFO  execution-log - 	 Command completed.
----------------
2018-11-08 09:22:02,115 INFO  execution-log -  Beginning PageCommand ( CurrentPage : Login, FlowIdentifier : 1, DiIndicator : DI )
----------------
2018-11-08 09:22:02,117 INFO  execution-log - 	 Command completed.
----------------
2018-11-08 09:22:02,118 INFO  execution-log -  Beginning LoadTestDataItemCommand ( CurrentPage : Login, FlowIdentifier : 1, DiIndicator : DI )
----------------
2018-11-08 09:22:02,178 INFO  execution-log - [Sequence No - 1] Beginning TestDataCommand ( LogicalFieldName : Partner Number, LogicalFieldValue : 0 )
----------------
2018-11-08 09:22:04,066 INFO  execution-log - [Sequence No - 1]	 Command completed.
----------------
2018-11-08 09:22:04,072 INFO  execution-log - [Sequence No - 2] Beginning TestDataCommand ( LogicalFieldName : Username, LogicalFieldValue : karthicuw )
----------------
2018-11-08 09:22:04,332 INFO  execution-log - [Sequence No - 2]	 Command completed.
----------------
2018-11-08 09:22:04,336 INFO  execution-log - [Sequence No - 3] Beginning TestDataCommand ( LogicalFieldName : Password, LogicalFieldValue : Monday!23 )
----------------
2018-11-08 09:22:04,525 INFO  execution-log - [Sequence No - 3]	 Command completed.
----------------
2018-11-08 09:22:04,530 INFO  execution-log - [Sequence No - 4] Beginning TestDataCommand ( LogicalFieldName : Login Button, LogicalFieldValue : Click )
----------------
2018-11-08 09:22:09,995 ERROR execution-log - TC # : 2, Could not set test data for field 'Login Button'.
----------------
2018-11-08 09:22:18,112 ERROR execution-log - TC # : 2, Could not set test data for field 'Login Button'.
----------------
2018-11-08 09:22:18,140 ERROR execution-log - TC # : 2, No more iterations to run. Test execution will abort.
----------------
2018-11-08 09:22:18,156 ERROR execution-log - TC # : 2, Framework failed to run the test due to a test configuration error.
	VM.Platform.TestAutomationFramework.Core.Exceptions.WorkflowFailedException: Could not set test data for field 'Login Button'. ---> VM.Platform.TestAutomationFramework.Core.Exceptions.WorkflowFailedException: TestData indicator not supported for this element type
   at VM.Platform.TestAutomationFramework.UIAutomation.Commands.Interactions.TestDataCommand.SetTestDataInteraction() in C:\Users\Karthic\Desktop\New folder (2)\v4Dev\v4Dev\GeicoTestAutomation\Src\Framework.UIAutomation\Commands\Interactions\TestDataCommand.cs:line 145
   at VM.Platform.TestAutomationFramework.UIAutomation.Commands.Interactions.TestDataCommand.Execute(TestRunContext context) in C:\Users\Karthic\Desktop\New folder (2)\v4Dev\v4Dev\GeicoTestAutomation\Src\Framework.UIAutomation\Commands\Interactions\TestDataCommand.cs:line 35
   --- End of inner exception stack trace ---
   at VM.Platform.TestAutomationFramework.UIAutomation.Commands.Interactions.TestDataCommand.Execute(TestRunContext context) in C:\Users\Karthic\Desktop\New folder (2)\v4Dev\v4Dev\GeicoTestAutomation\Src\Framework.UIAutomation\Commands\Interactions\TestDataCommand.cs:line 44
   at VM.Platform.TestAutomationFramework.Core.Decorators.CommandDecorator.Execute(TestRunContext context) in C:\Users\Karthic\Desktop\New folder (2)\v4Dev\v4Dev\GeicoTestAutomation\Src\Framework.Core\Decorators\CommandDecorator.cs:line 22
   at VM.Platform.TestAutomationFramework.Core.Decorators.CommandLogger.Execute(TestRunContext context) in C:\Users\Karthic\Desktop\New folder (2)\v4Dev\v4Dev\GeicoTestAutomation\Src\Framework.Core\Decorators\CommandLogger.cs:line 93
   at VM.Platform.TestAutomationFramework.Core.Decorators.CommandDecorator.Execute(TestRunContext context) in C:\Users\Karthic\Desktop\New folder (2)\v4Dev\v4Dev\GeicoTestAutomation\Src\Framework.Core\Decorators\CommandDecorator.cs:line 22
   at VM.Platform.TestAutomationFramework.Core.Decorators.CommandErrorHandler.Execute(TestRunContext context) in C:\Users\Karthic\Desktop\New folder (2)\v4Dev\v4Dev\GeicoTestAutomation\Src\Framework.Core\Decorators\CommandErrorHandler.cs:line 65
   at VM.Platform.TestAutomationFramework.Core.Decorators.CommandDecorator.Execute(TestRunContext context) in C:\Users\Karthic\Desktop\New folder (2)\v4Dev\v4Dev\GeicoTestAutomation\Src\Framework.Core\Decorators\CommandDecorator.cs:line 22
   at VM.Platform.TestAutomationFramework.Core.Decorators.CommandTimer.Execute(TestRunContext context) in C:\Users\Karthic\Desktop\New folder (2)\v4Dev\v4Dev\GeicoTestAutomation\Src\Framework.Core\Decorators\CommandTimer.cs:line 26
   at VM.Platform.TestAutomationFramework.Core.Decorators.CommandDecorator.Execute(TestRunContext context) in C:\Users\Karthic\Desktop\New folder (2)\v4Dev\v4Dev\GeicoTestAutomation\Src\Framework.Core\Decorators\CommandDecorator.cs:line 22
   at VM.Platform.TestAutomationFramework.Core.Decorators.IgnorePagesDecorator.Execute(TestRunContext context) in C:\Users\Karthic\Desktop\New folder (2)\v4Dev\v4Dev\GeicoTestAutomation\Src\Framework.Core\Decorators\IgnorePagesDecorator.cs:line 24
   at VM.Platform.TestAutomationFramework.UIAutomation.Commands.Workflow.LoadTestDataItemCommand.Execute(TestRunContext context) in C:\Users\Karthic\Desktop\New folder (2)\v4Dev\v4Dev\GeicoTestAutomation\Src\Framework.UIAutomation\Commands\Workflow\LoadTestDataItemCommand.cs:line 96
   at VM.Platform.TestAutomationFramework.Core.Decorators.CommandDecorator.Execute(TestRunContext context) in C:\Users\Karthic\Desktop\New folder (2)\v4Dev\v4Dev\GeicoTestAutomation\Src\Framework.Core\Decorators\CommandDecorator.cs:line 22
   at VM.Platform.TestAutomationFramework.Core.Decorators.CommandLogger.Execute(TestRunContext context) in C:\Users\Karthic\Desktop\New folder (2)\v4Dev\v4Dev\GeicoTestAutomation\Src\Framework.Core\Decorators\CommandLogger.cs:line 93
   at VM.Platform.TestAutomationFramework.Core.Decorators.CommandDecorator.Execute(TestRunContext context) in C:\Users\Karthic\Desktop\New folder (2)\v4Dev\v4Dev\GeicoTestAutomation\Src\Framework.Core\Decorators\CommandDecorator.cs:line 22
   at VM.Platform.TestAutomationFramework.Core.Decorators.CommandErrorHandler.Execute(TestRunContext context) in C:\Users\Karthic\Desktop\New folder (2)\v4Dev\v4Dev\GeicoTestAutomation\Src\Framework.Core\Decorators\CommandErrorHandler.cs:line 65
   at VM.Platform.TestAutomationFramework.Core.Decorators.CommandDecorator.Execute(TestRunContext context) in C:\Users\Karthic\Desktop\New folder (2)\v4Dev\v4Dev\GeicoTestAutomation\Src\Framework.Core\Decorators\CommandDecorator.cs:line 22
   at VM.Platform.TestAutomationFramework.Core.Decorators.CommandTimer.Execute(TestRunContext context) in C:\Users\Karthic\Desktop\New folder (2)\v4Dev\v4Dev\GeicoTestAutomation\Src\Framework.Core\Decorators\CommandTimer.cs:line 26
   at VM.Platform.TestAutomationFramework.Core.Decorators.CommandDecorator.Execute(TestRunContext context) in C:\Users\Karthic\Desktop\New folder (2)\v4Dev\v4Dev\GeicoTestAutomation\Src\Framework.Core\Decorators\CommandDecorator.cs:line 22
   at VM.Platform.TestAutomationFramework.Core.Decorators.IgnorePagesDecorator.Execute(TestRunContext context) in C:\Users\Karthic\Desktop\New folder (2)\v4Dev\v4Dev\GeicoTestAutomation\Src\Framework.Core\Decorators\IgnorePagesDecorator.cs:line 24
   at VM.Platform.TestAutomationFramework.Core.TestCommandRunner.Execute(TestRunContext testRunContext) in C:\Users\Karthic\Desktop\New folder (2)\v4Dev\v4Dev\GeicoTestAutomation\Src\Framework.Core\TestCommandRunner.cs:line 75
   at VM.Platform.TestAutomationFramework.Core.SingleTestCaseRunner.ExecuteSingleTestCase(Int32 testCaseId, String targetEnvironment, String repositiory, Int32 Retry) in C:\Users\Karthic\Desktop\New folder (2)\v4Dev\v4Dev\GeicoTestAutomation\Src\Framework.Core\SingleTestCaseRunner.cs:line 167
----------------
2018-11-08 09:22:19,194 INFO  execution-log - Creating new value persistence file PersistedValues.bin
----------------
2018-11-08 09:22:19,347 INFO  execution-log - Saving captured values to file.
----------------
2018-11-08 09:22:19,348 ERROR execution-log - TC # : 2,  has failed
----------------
